[ 50%] [32mBuilding CXX object CMakeFiles/move_robot.dir/src/move_robot.cpp.o[0m
[01m[K/home/om/gazebo_ur/src/robot_controller/src/move_robot.cpp:[m[K In member function ‘[01m[Kvoid TestTrajectory::plan_arm_joint_space()[m[K’:
[01m[K/home/om/gazebo_ur/src/robot_controller/src/move_robot.cpp:65:70:[m[K [01;35m[Kwarning: [m[K‘[01m[Kusing MoveItErrorCode = class moveit::core::MoveItErrorCode[m[K’ is deprecated: Use moveit::core::MoveItErrorCode [[01;35m[K]8;;https://gcc.gnu.org/onlinedocs/gcc/Warning-Options.html#index-Wdeprecated-declarations-Wdeprecated-declarations]8;;[m[K]
   65 |                  moveit::planning_interface::MoveItErrorCode::[01;35m[KSUCCESS[m[K);
      |                                                               [01;35m[K^~~~~~~[m[K

In file included from [01m[K/home/om/gazebo_ur/src/robot_controller/src/move_robot.cpp:1[m[K:
[01m[K/opt/ros/humble/include/moveit/move_group_interface/move_group_interface.h:71:7:[m[K [01;36m[Knote: [m[Kdeclared here
   71 | using [01;36m[KMoveItErrorCode[m[K [[deprecated("Use moveit::core::MoveItErrorCode")]] = moveit::core::MoveItErrorCode;
      |       [01;36m[K^~~~~~~~~~~~~~~[m[K
[01m[K/home/om/gazebo_ur/src/robot_controller/src/move_robot.cpp:64:10:[m[K [01;35m[Kwarning: [m[Kunused variable ‘[01m[Ksuccess_arm[m[K’ [[01;35m[K]8;;https://gcc.gnu.org/onlinedocs/gcc/Warning-Options.html#index-Wunused-variable-Wunused-variable]8;;[m[K]
   64 |     bool [01;35m[Ksuccess_arm[m[K = (move_group_arm.plan(my_plan_arm) ==
      |          [01;35m[K^~~~~~~~~~~[m[K
[100%] [32m[1mLinking CXX executable move_robot[0m
[100%] Built target move_robot
-- Install configuration: ""
-- Installing: /home/om/gazebo_ur/install/robot_controller/lib/robot_controller/move_robot
-- Set runtime path of "/home/om/gazebo_ur/install/robot_controller/lib/robot_controller/move_robot" to ""
-- Up-to-date: /home/om/gazebo_ur/install/robot_controller/share/robot_controller/launch
-- Up-to-date: /home/om/gazebo_ur/install/robot_controller/share/robot_controller/launch/move_robot.launch.py
-- Up-to-date: /home/om/gazebo_ur/install/robot_controller/share/ament_index/resource_index/package_run_dependencies/robot_controller
-- Up-to-date: /home/om/gazebo_ur/install/robot_controller/share/ament_index/resource_index/parent_prefix_path/robot_controller
-- Up-to-date: /home/om/gazebo_ur/install/robot_controller/share/robot_controller/environment/ament_prefix_path.sh
-- Up-to-date: /home/om/gazebo_ur/install/robot_controller/share/robot_controller/environment/ament_prefix_path.dsv
-- Up-to-date: /home/om/gazebo_ur/install/robot_controller/share/robot_controller/environment/path.sh
-- Up-to-date: /home/om/gazebo_ur/install/robot_controller/share/robot_controller/environment/path.dsv
-- Up-to-date: /home/om/gazebo_ur/install/robot_controller/share/robot_controller/local_setup.bash
-- Up-to-date: /home/om/gazebo_ur/install/robot_controller/share/robot_controller/local_setup.sh
-- Up-to-date: /home/om/gazebo_ur/install/robot_controller/share/robot_controller/local_setup.zsh
-- Up-to-date: /home/om/gazebo_ur/install/robot_controller/share/robot_controller/local_setup.dsv
-- Installing: /home/om/gazebo_ur/install/robot_controller/share/robot_controller/package.dsv
-- Up-to-date: /home/om/gazebo_ur/install/robot_controller/share/ament_index/resource_index/packages/robot_controller
-- Up-to-date: /home/om/gazebo_ur/install/robot_controller/share/robot_controller/cmake/robot_controllerConfig.cmake
-- Up-to-date: /home/om/gazebo_ur/install/robot_controller/share/robot_controller/cmake/robot_controllerConfig-version.cmake
-- Up-to-date: /home/om/gazebo_ur/install/robot_controller/share/robot_controller/package.xml
