[ 50%] Built target move_robot
[ 75%] [32mBuilding CXX object CMakeFiles/move_robot_targetpose.dir/src/move_robot_targetpose.cpp.o[0m
[100%] [32m[1mLinking CXX executable move_robot_targetpose[0m
[100%] Built target move_robot_targetpose
-- Install configuration: ""
-- Up-to-date: /home/om/gazebo_ur/install/robot_controller/lib/robot_controller/move_robot
-- Installing: /home/om/gazebo_ur/install/robot_controller/lib/robot_controller/move_robot_targetpose
-- Set runtime path of "/home/om/gazebo_ur/install/robot_controller/lib/robot_controller/move_robot_targetpose" to ""
-- Up-to-date: /home/om/gazebo_ur/install/robot_controller/share/robot_controller/launch
-- Up-to-date: /home/om/gazebo_ur/install/robot_controller/share/robot_controller/launch/move_robot_targetpose.launch.py
-- Up-to-date: /home/om/gazebo_ur/install/robot_controller/share/robot_controller/launch/move_robot.launch.py
-- Up-to-date: /home/om/gazebo_ur/install/robot_controller/share/ament_index/resource_index/package_run_dependencies/robot_controller
-- Up-to-date: /home/om/gazebo_ur/install/robot_controller/share/ament_index/resource_index/parent_prefix_path/robot_controller
-- Up-to-date: /home/om/gazebo_ur/install/robot_controller/share/robot_controller/environment/ament_prefix_path.sh
-- Up-to-date: /home/om/gazebo_ur/install/robot_controller/share/robot_controller/environment/ament_prefix_path.dsv
-- Up-to-date: /home/om/gazebo_ur/install/robot_controller/share/robot_controller/environment/path.sh
-- Up-to-date: /home/om/gazebo_ur/install/robot_controller/share/robot_controller/environment/path.dsv
-- Up-to-date: /home/om/gazebo_ur/install/robot_controller/share/robot_controller/local_setup.bash
-- Up-to-date: /home/om/gazebo_ur/install/robot_controller/share/robot_controller/local_setup.sh
-- Up-to-date: /home/om/gazebo_ur/install/robot_controller/share/robot_controller/local_setup.zsh
-- Up-to-date: /home/om/gazebo_ur/install/robot_controller/share/robot_controller/local_setup.dsv
-- Installing: /home/om/gazebo_ur/install/robot_controller/share/robot_controller/package.dsv
-- Up-to-date: /home/om/gazebo_ur/install/robot_controller/share/ament_index/resource_index/packages/robot_controller
-- Up-to-date: /home/om/gazebo_ur/install/robot_controller/share/robot_controller/cmake/robot_controllerConfig.cmake
-- Up-to-date: /home/om/gazebo_ur/install/robot_controller/share/robot_controller/cmake/robot_controllerConfig-version.cmake
-- Up-to-date: /home/om/gazebo_ur/install/robot_controller/share/robot_controller/package.xml
