[0.013s] Invoking command in '/home/om/gazebo_ur/build/ur_description': CMAKE_PREFIX_PATH=/opt/ros/humble /usr/bin/cmake /home/om/gazebo_ur/src/ur_description -DCMAKE_INSTALL_PREFIX=/home/om/gazebo_ur/install/ur_description
[0.088s] -- The C compiler identification is GNU 11.4.0
[0.147s] -- The CXX compiler identification is GNU 11.4.0
[0.155s] -- Detecting C compiler ABI info
[0.227s] -- Detecting C compiler ABI info - done
[0.235s] -- Check for working C compiler: /usr/bin/cc - skipped
[0.236s] -- Detecting C compile features
[0.236s] -- Detecting C compile features - done
[0.239s] -- Detecting CXX compiler ABI info
[0.320s] -- Detecting CXX compiler ABI info - done
[0.328s] -- Check for working CXX compiler: /usr/bin/c++ - skipped
[0.328s] -- Detecting CXX compile features
[0.329s] -- Detecting CXX compile features - done
[0.329s] [31mCMake Error at CMakeLists.txt:18 (ament_package):
[0.329s]   Unknown CMake command "ament_package".
[0.329s] 
[0.329s] [0m
[0.330s] -- Configuring incomplete, errors occurred!
[0.330s] See also "/home/om/gazebo_ur/build/ur_description/CMakeFiles/CMakeOutput.log".
[0.333s] Invoked command in '/home/om/gazebo_ur/build/ur_description' returned '1': CMAKE_PREFIX_PATH=/opt/ros/humble /usr/bin/cmake /home/om/gazebo_ur/src/ur_description -DCMAKE_INSTALL_PREFIX=/home/om/gazebo_ur/install/ur_description
