[0.080s] DEBUG:colcon:Command line arguments: ['/usr/bin/colcon', 'build']
[0.080s] DEBUG:colcon:Parsed command line arguments: Namespace(log_base=None, log_level=None, verb_name='build', build_base='build', install_base='install', merge_install=False, symlink_install=False, test_result_base=None, continue_on_error=False, executor='parallel', parallel_workers=12, event_handlers=None, ignore_user_meta=False, metas=['./colcon.meta'], base_paths=['.'], packages_ignore=None, packages_ignore_regex=None, paths=None, packages_up_to=None, packages_up_to_regex=None, packages_above=None, packages_above_and_dependencies=None, packages_above_depth=None, packages_select_by_dep=None, packages_skip_by_dep=None, packages_skip_up_to=None, packages_select_build_failed=False, packages_skip_build_finished=False, packages_select_test_failures=False, packages_skip_test_passed=False, packages_select=None, packages_skip=None, packages_select_regex=None, packages_skip_regex=None, packages_start=None, packages_end=None, allow_overriding=[], cmake_args=None, cmake_target=None, cmake_target_skip_unavailable=False, cmake_clean_cache=False, cmake_clean_first=False, cmake_force_configure=False, ament_cmake_args=None, catkin_cmake_args=None, catkin_skip_building_tests=False, verb_parser=<colcon_defaults.argument_parser.defaults.DefaultArgumentsDecorator object at 0x7b79e0ab08e0>, verb_extension=<colcon_core.verb.build.BuildVerb object at 0x7b79e0ca2230>, main=<bound method BuildVerb.main of <colcon_core.verb.build.BuildVerb object at 0x7b79e0ca2230>>)
[0.213s] Level 1:colcon.colcon_core.package_discovery:discover_packages(colcon_meta) check parameters
[0.213s] Level 1:colcon.colcon_core.package_discovery:discover_packages(recursive) check parameters
[0.213s] Level 1:colcon.colcon_core.package_discovery:discover_packages(ignore) check parameters
[0.213s] Level 1:colcon.colcon_core.package_discovery:discover_packages(path) check parameters
[0.213s] Level 1:colcon.colcon_core.package_discovery:discover_packages(colcon_meta) discover
[0.213s] Level 1:colcon.colcon_core.package_discovery:discover_packages(recursive) discover
[0.213s] INFO:colcon.colcon_core.package_discovery:Crawling recursively for packages in '/home/om/gazebo_ur'
[0.213s] Level 1:colcon.colcon_core.package_identification:_identify(.) by extensions ['ignore', 'ignore_ament_install']
[0.213s] Level 1:colcon.colcon_core.package_identification:_identify(.) by extension 'ignore'
[0.213s] Level 1:colcon.colcon_core.package_identification:_identify(.) by extension 'ignore_ament_install'
[0.213s] Level 1:colcon.colcon_core.package_identification:_identify(.) by extensions ['colcon_pkg']
[0.213s] Level 1:colcon.colcon_core.package_identification:_identify(.) by extension 'colcon_pkg'
[0.213s] Level 1:colcon.colcon_core.package_identification:_identify(.) by extensions ['colcon_meta']
[0.213s] Level 1:colcon.colcon_core.package_identification:_identify(.) by extension 'colcon_meta'
[0.213s] Level 1:colcon.colcon_core.package_identification:_identify(.) by extensions ['ros']
[0.213s] Level 1:colcon.colcon_core.package_identification:_identify(.) by extension 'ros'
[0.222s] Level 1:colcon.colcon_core.package_identification:_identify(.) by extensions ['cmake', 'python']
[0.222s] Level 1:colcon.colcon_core.package_identification:_identify(.) by extension 'cmake'
[0.222s] Level 1:colcon.colcon_core.package_identification:_identify(.) by extension 'python'
[0.222s] Level 1:colcon.colcon_core.package_identification:_identify(.) by extensions ['python_setup_py']
[0.222s] Level 1:colcon.colcon_core.package_identification:_identify(.) by extension 'python_setup_py'
[0.222s] Level 1:colcon.colcon_core.package_identification:_identify(build) by extensions ['ignore', 'ignore_ament_install']
[0.223s] Level 1:colcon.colcon_core.package_identification:_identify(build) by extension 'ignore'
[0.223s] Level 1:colcon.colcon_core.package_identification:_identify(build) ignored
[0.223s] Level 1:colcon.colcon_core.package_identification:_identify(install) by extensions ['ignore', 'ignore_ament_install']
[0.223s] Level 1:colcon.colcon_core.package_identification:_identify(install) by extension 'ignore'
[0.223s] Level 1:colcon.colcon_core.package_identification:_identify(install) ignored
[0.223s] Level 1:colcon.colcon_core.package_identification:_identify(log) by extensions ['ignore', 'ignore_ament_install']
[0.223s] Level 1:colcon.colcon_core.package_identification:_identify(log) by extension 'ignore'
[0.223s] Level 1:colcon.colcon_core.package_identification:_identify(log) ignored
[0.223s] Level 1:colcon.colcon_core.package_identification:_identify(src) by extensions ['ignore', 'ignore_ament_install']
[0.223s] Level 1:colcon.colcon_core.package_identification:_identify(src) by extension 'ignore'
[0.223s] Level 1:colcon.colcon_core.package_identification:_identify(src) by extension 'ignore_ament_install'
[0.223s] Level 1:colcon.colcon_core.package_identification:_identify(src) by extensions ['colcon_pkg']
[0.223s] Level 1:colcon.colcon_core.package_identification:_identify(src) by extension 'colcon_pkg'
[0.223s] Level 1:colcon.colcon_core.package_identification:_identify(src) by extensions ['colcon_meta']
[0.223s] Level 1:colcon.colcon_core.package_identification:_identify(src) by extension 'colcon_meta'
[0.223s] Level 1:colcon.colcon_core.package_identification:_identify(src) by extensions ['ros']
[0.223s] Level 1:colcon.colcon_core.package_identification:_identify(src) by extension 'ros'
[0.223s] Level 1:colcon.colcon_core.package_identification:_identify(src) by extensions ['cmake', 'python']
[0.223s] Level 1:colcon.colcon_core.package_identification:_identify(src) by extension 'cmake'
[0.223s] Level 1:colcon.colcon_core.package_identification:_identify(src) by extension 'python'
[0.223s] Level 1:colcon.colcon_core.package_identification:_identify(src) by extensions ['python_setup_py']
[0.223s] Level 1:colcon.colcon_core.package_identification:_identify(src) by extension 'python_setup_py'
[0.224s] Level 1:colcon.colcon_core.package_identification:_identify(src/Universal_Robots_ROS2_Gazebo_Simulation) by extensions ['ignore', 'ignore_ament_install']
[0.224s] Level 1:colcon.colcon_core.package_identification:_identify(src/Universal_Robots_ROS2_Gazebo_Simulation) by extension 'ignore'
[0.224s] Level 1:colcon.colcon_core.package_identification:_identify(src/Universal_Robots_ROS2_Gazebo_Simulation) by extension 'ignore_ament_install'
[0.224s] Level 1:colcon.colcon_core.package_identification:_identify(src/Universal_Robots_ROS2_Gazebo_Simulation) by extensions ['colcon_pkg']
[0.224s] Level 1:colcon.colcon_core.package_identification:_identify(src/Universal_Robots_ROS2_Gazebo_Simulation) by extension 'colcon_pkg'
[0.224s] Level 1:colcon.colcon_core.package_identification:_identify(src/Universal_Robots_ROS2_Gazebo_Simulation) by extensions ['colcon_meta']
[0.224s] Level 1:colcon.colcon_core.package_identification:_identify(src/Universal_Robots_ROS2_Gazebo_Simulation) by extension 'colcon_meta'
[0.224s] Level 1:colcon.colcon_core.package_identification:_identify(src/Universal_Robots_ROS2_Gazebo_Simulation) by extensions ['ros']
[0.224s] Level 1:colcon.colcon_core.package_identification:_identify(src/Universal_Robots_ROS2_Gazebo_Simulation) by extension 'ros'
[0.224s] Level 1:colcon.colcon_core.package_identification:_identify(src/Universal_Robots_ROS2_Gazebo_Simulation) by extensions ['cmake', 'python']
[0.224s] Level 1:colcon.colcon_core.package_identification:_identify(src/Universal_Robots_ROS2_Gazebo_Simulation) by extension 'cmake'
[0.224s] Level 1:colcon.colcon_core.package_identification:_identify(src/Universal_Robots_ROS2_Gazebo_Simulation) by extension 'python'
[0.224s] Level 1:colcon.colcon_core.package_identification:_identify(src/Universal_Robots_ROS2_Gazebo_Simulation) by extensions ['python_setup_py']
[0.224s] Level 1:colcon.colcon_core.package_identification:_identify(src/Universal_Robots_ROS2_Gazebo_Simulation) by extension 'python_setup_py'
[0.224s] Level 1:colcon.colcon_core.package_identification:_identify(src/Universal_Robots_ROS2_Gazebo_Simulation/ur_simulation_gazebo) by extensions ['ignore', 'ignore_ament_install']
[0.224s] Level 1:colcon.colcon_core.package_identification:_identify(src/Universal_Robots_ROS2_Gazebo_Simulation/ur_simulation_gazebo) by extension 'ignore'
[0.224s] Level 1:colcon.colcon_core.package_identification:_identify(src/Universal_Robots_ROS2_Gazebo_Simulation/ur_simulation_gazebo) by extension 'ignore_ament_install'
[0.224s] Level 1:colcon.colcon_core.package_identification:_identify(src/Universal_Robots_ROS2_Gazebo_Simulation/ur_simulation_gazebo) by extensions ['colcon_pkg']
[0.224s] Level 1:colcon.colcon_core.package_identification:_identify(src/Universal_Robots_ROS2_Gazebo_Simulation/ur_simulation_gazebo) by extension 'colcon_pkg'
[0.224s] Level 1:colcon.colcon_core.package_identification:_identify(src/Universal_Robots_ROS2_Gazebo_Simulation/ur_simulation_gazebo) by extensions ['colcon_meta']
[0.224s] Level 1:colcon.colcon_core.package_identification:_identify(src/Universal_Robots_ROS2_Gazebo_Simulation/ur_simulation_gazebo) by extension 'colcon_meta'
[0.224s] Level 1:colcon.colcon_core.package_identification:_identify(src/Universal_Robots_ROS2_Gazebo_Simulation/ur_simulation_gazebo) by extensions ['ros']
[0.224s] Level 1:colcon.colcon_core.package_identification:_identify(src/Universal_Robots_ROS2_Gazebo_Simulation/ur_simulation_gazebo) by extension 'ros'
[0.226s] DEBUG:colcon.colcon_core.package_identification:Package 'src/Universal_Robots_ROS2_Gazebo_Simulation/ur_simulation_gazebo' with type 'ros.ament_cmake' and name 'ur_simulation_gazebo'
[0.226s] Level 1:colcon.colcon_core.package_identification:_identify(src/robot_controller) by extensions ['ignore', 'ignore_ament_install']
[0.226s] Level 1:colcon.colcon_core.package_identification:_identify(src/robot_controller) by extension 'ignore'
[0.226s] Level 1:colcon.colcon_core.package_identification:_identify(src/robot_controller) by extension 'ignore_ament_install'
[0.227s] Level 1:colcon.colcon_core.package_identification:_identify(src/robot_controller) by extensions ['colcon_pkg']
[0.227s] Level 1:colcon.colcon_core.package_identification:_identify(src/robot_controller) by extension 'colcon_pkg'
[0.227s] Level 1:colcon.colcon_core.package_identification:_identify(src/robot_controller) by extensions ['colcon_meta']
[0.227s] Level 1:colcon.colcon_core.package_identification:_identify(src/robot_controller) by extension 'colcon_meta'
[0.227s] Level 1:colcon.colcon_core.package_identification:_identify(src/robot_controller) by extensions ['ros']
[0.227s] Level 1:colcon.colcon_core.package_identification:_identify(src/robot_controller) by extension 'ros'
[0.227s] DEBUG:colcon.colcon_core.package_identification:Package 'src/robot_controller' with type 'ros.ament_cmake' and name 'robot_controller'
[0.227s] Level 1:colcon.colcon_core.package_identification:_identify(src/trac_ik) by extensions ['ignore', 'ignore_ament_install']
[0.227s] Level 1:colcon.colcon_core.package_identification:_identify(src/trac_ik) by extension 'ignore'
[0.227s] Level 1:colcon.colcon_core.package_identification:_identify(src/trac_ik) by extension 'ignore_ament_install'
[0.227s] Level 1:colcon.colcon_core.package_identification:_identify(src/trac_ik) by extensions ['colcon_pkg']
[0.227s] Level 1:colcon.colcon_core.package_identification:_identify(src/trac_ik) by extension 'colcon_pkg'
[0.227s] Level 1:colcon.colcon_core.package_identification:_identify(src/trac_ik) by extensions ['colcon_meta']
[0.227s] Level 1:colcon.colcon_core.package_identification:_identify(src/trac_ik) by extension 'colcon_meta'
[0.228s] Level 1:colcon.colcon_core.package_identification:_identify(src/trac_ik) by extensions ['ros']
[0.228s] Level 1:colcon.colcon_core.package_identification:_identify(src/trac_ik) by extension 'ros'
[0.228s] Level 1:colcon.colcon_core.package_identification:_identify(src/trac_ik) by extensions ['cmake', 'python']
[0.228s] Level 1:colcon.colcon_core.package_identification:_identify(src/trac_ik) by extension 'cmake'
[0.228s] Level 1:colcon.colcon_core.package_identification:_identify(src/trac_ik) by extension 'python'
[0.228s] Level 1:colcon.colcon_core.package_identification:_identify(src/trac_ik) by extensions ['python_setup_py']
[0.228s] Level 1:colcon.colcon_core.package_identification:_identify(src/trac_ik) by extension 'python_setup_py'
[0.228s] Level 1:colcon.colcon_core.package_identification:_identify(src/trac_ik/trac_ik) by extensions ['ignore', 'ignore_ament_install']
[0.228s] Level 1:colcon.colcon_core.package_identification:_identify(src/trac_ik/trac_ik) by extension 'ignore'
[0.228s] Level 1:colcon.colcon_core.package_identification:_identify(src/trac_ik/trac_ik) by extension 'ignore_ament_install'
[0.228s] Level 1:colcon.colcon_core.package_identification:_identify(src/trac_ik/trac_ik) by extensions ['colcon_pkg']
[0.228s] Level 1:colcon.colcon_core.package_identification:_identify(src/trac_ik/trac_ik) by extension 'colcon_pkg'
[0.228s] Level 1:colcon.colcon_core.package_identification:_identify(src/trac_ik/trac_ik) by extensions ['colcon_meta']
[0.228s] Level 1:colcon.colcon_core.package_identification:_identify(src/trac_ik/trac_ik) by extension 'colcon_meta'
[0.228s] Level 1:colcon.colcon_core.package_identification:_identify(src/trac_ik/trac_ik) by extensions ['ros']
[0.228s] Level 1:colcon.colcon_core.package_identification:_identify(src/trac_ik/trac_ik) by extension 'ros'
[0.229s] DEBUG:colcon.colcon_core.package_identification:Package 'src/trac_ik/trac_ik' with type 'ros.ament_cmake' and name 'trac_ik'
[0.229s] Level 1:colcon.colcon_core.package_identification:_identify(src/trac_ik/trac_ik_examples) by extensions ['ignore', 'ignore_ament_install']
[0.229s] Level 1:colcon.colcon_core.package_identification:_identify(src/trac_ik/trac_ik_examples) by extension 'ignore'
[0.229s] Level 1:colcon.colcon_core.package_identification:_identify(src/trac_ik/trac_ik_examples) ignored
[0.229s] Level 1:colcon.colcon_core.package_identification:_identify(src/trac_ik/trac_ik_kinematics_plugin) by extensions ['ignore', 'ignore_ament_install']
[0.229s] Level 1:colcon.colcon_core.package_identification:_identify(src/trac_ik/trac_ik_kinematics_plugin) by extension 'ignore'
[0.229s] Level 1:colcon.colcon_core.package_identification:_identify(src/trac_ik/trac_ik_kinematics_plugin) by extension 'ignore_ament_install'
[0.229s] Level 1:colcon.colcon_core.package_identification:_identify(src/trac_ik/trac_ik_kinematics_plugin) by extensions ['colcon_pkg']
[0.229s] Level 1:colcon.colcon_core.package_identification:_identify(src/trac_ik/trac_ik_kinematics_plugin) by extension 'colcon_pkg'
[0.229s] Level 1:colcon.colcon_core.package_identification:_identify(src/trac_ik/trac_ik_kinematics_plugin) by extensions ['colcon_meta']
[0.229s] Level 1:colcon.colcon_core.package_identification:_identify(src/trac_ik/trac_ik_kinematics_plugin) by extension 'colcon_meta'
[0.229s] Level 1:colcon.colcon_core.package_identification:_identify(src/trac_ik/trac_ik_kinematics_plugin) by extensions ['ros']
[0.229s] Level 1:colcon.colcon_core.package_identification:_identify(src/trac_ik/trac_ik_kinematics_plugin) by extension 'ros'
[0.230s] DEBUG:colcon.colcon_core.package_identification:Package 'src/trac_ik/trac_ik_kinematics_plugin' with type 'ros.ament_cmake' and name 'trac_ik_kinematics_plugin'
[0.230s] Level 1:colcon.colcon_core.package_identification:_identify(src/trac_ik/trac_ik_lib) by extensions ['ignore', 'ignore_ament_install']
[0.230s] Level 1:colcon.colcon_core.package_identification:_identify(src/trac_ik/trac_ik_lib) by extension 'ignore'
[0.230s] Level 1:colcon.colcon_core.package_identification:_identify(src/trac_ik/trac_ik_lib) by extension 'ignore_ament_install'
[0.230s] Level 1:colcon.colcon_core.package_identification:_identify(src/trac_ik/trac_ik_lib) by extensions ['colcon_pkg']
[0.230s] Level 1:colcon.colcon_core.package_identification:_identify(src/trac_ik/trac_ik_lib) by extension 'colcon_pkg'
[0.230s] Level 1:colcon.colcon_core.package_identification:_identify(src/trac_ik/trac_ik_lib) by extensions ['colcon_meta']
[0.230s] Level 1:colcon.colcon_core.package_identification:_identify(src/trac_ik/trac_ik_lib) by extension 'colcon_meta'
[0.230s] Level 1:colcon.colcon_core.package_identification:_identify(src/trac_ik/trac_ik_lib) by extensions ['ros']
[0.230s] Level 1:colcon.colcon_core.package_identification:_identify(src/trac_ik/trac_ik_lib) by extension 'ros'
[0.231s] DEBUG:colcon.colcon_core.package_identification:Package 'src/trac_ik/trac_ik_lib' with type 'ros.ament_cmake' and name 'trac_ik_lib'
[0.231s] Level 1:colcon.colcon_core.package_identification:_identify(src/trac_ik/trac_ik_python) by extensions ['ignore', 'ignore_ament_install']
[0.231s] Level 1:colcon.colcon_core.package_identification:_identify(src/trac_ik/trac_ik_python) by extension 'ignore'
[0.231s] Level 1:colcon.colcon_core.package_identification:_identify(src/trac_ik/trac_ik_python) ignored
[0.231s] Level 1:colcon.colcon_core.package_discovery:discover_packages(recursive) using defaults
[0.231s] Level 1:colcon.colcon_core.package_discovery:discover_packages(ignore) discover
[0.231s] Level 1:colcon.colcon_core.package_discovery:discover_packages(ignore) using defaults
[0.231s] Level 1:colcon.colcon_core.package_discovery:discover_packages(path) discover
[0.231s] Level 1:colcon.colcon_core.package_discovery:discover_packages(path) using defaults
[0.247s] Level 1:colcon.colcon_core.package_discovery:discover_packages(prefix_path) check parameters
[0.247s] Level 1:colcon.colcon_core.package_discovery:discover_packages(prefix_path) discover
[0.248s] DEBUG:colcon.colcon_installed_package_information.package_discovery:Found 4 installed packages in /home/om/gazebo_ur/install
[0.250s] DEBUG:colcon.colcon_installed_package_information.package_discovery:Found 366 installed packages in /opt/ros/humble
[0.259s] Level 1:colcon.colcon_core.package_discovery:discover_packages(prefix_path) using defaults
[0.297s] Level 5:colcon.colcon_core.verb:set package 'robot_controller' build argument 'cmake_args' from command line to 'None'
[0.298s] Level 5:colcon.colcon_core.verb:set package 'robot_controller' build argument 'cmake_target' from command line to 'None'
[0.298s] Level 5:colcon.colcon_core.verb:set package 'robot_controller' build argument 'cmake_target_skip_unavailable' from command line to 'False'
[0.298s] Level 5:colcon.colcon_core.verb:set package 'robot_controller' build argument 'cmake_clean_cache' from command line to 'False'
[0.298s] Level 5:colcon.colcon_core.verb:set package 'robot_controller' build argument 'cmake_clean_first' from command line to 'False'
[0.298s] Level 5:colcon.colcon_core.verb:set package 'robot_controller' build argument 'cmake_force_configure' from command line to 'False'
[0.298s] Level 5:colcon.colcon_core.verb:set package 'robot_controller' build argument 'ament_cmake_args' from command line to 'None'
[0.298s] Level 5:colcon.colcon_core.verb:set package 'robot_controller' build argument 'catkin_cmake_args' from command line to 'None'
[0.298s] Level 5:colcon.colcon_core.verb:set package 'robot_controller' build argument 'catkin_skip_building_tests' from command line to 'False'
[0.298s] DEBUG:colcon.colcon_core.verb:Building package 'robot_controller' with the following arguments: {'ament_cmake_args': None, 'build_base': '/home/om/gazebo_ur/build/robot_controller', 'catkin_cmake_args': None, 'catkin_skip_building_tests': False, 'cmake_args': None, 'cmake_clean_cache': False, 'cmake_clean_first': False, 'cmake_force_configure': False, 'cmake_target': None, 'cmake_target_skip_unavailable': False, 'install_base': '/home/om/gazebo_ur/install/robot_controller', 'merge_install': False, 'path': '/home/om/gazebo_ur/src/robot_controller', 'symlink_install': False, 'test_result_base': None}
[0.298s] Level 5:colcon.colcon_core.verb:set package 'trac_ik_lib' build argument 'cmake_args' from command line to 'None'
[0.298s] Level 5:colcon.colcon_core.verb:set package 'trac_ik_lib' build argument 'cmake_target' from command line to 'None'
[0.298s] Level 5:colcon.colcon_core.verb:set package 'trac_ik_lib' build argument 'cmake_target_skip_unavailable' from command line to 'False'
[0.298s] Level 5:colcon.colcon_core.verb:set package 'trac_ik_lib' build argument 'cmake_clean_cache' from command line to 'False'
[0.298s] Level 5:colcon.colcon_core.verb:set package 'trac_ik_lib' build argument 'cmake_clean_first' from command line to 'False'
[0.298s] Level 5:colcon.colcon_core.verb:set package 'trac_ik_lib' build argument 'cmake_force_configure' from command line to 'False'
[0.298s] Level 5:colcon.colcon_core.verb:set package 'trac_ik_lib' build argument 'ament_cmake_args' from command line to 'None'
[0.298s] Level 5:colcon.colcon_core.verb:set package 'trac_ik_lib' build argument 'catkin_cmake_args' from command line to 'None'
[0.298s] Level 5:colcon.colcon_core.verb:set package 'trac_ik_lib' build argument 'catkin_skip_building_tests' from command line to 'False'
[0.298s] DEBUG:colcon.colcon_core.verb:Building package 'trac_ik_lib' with the following arguments: {'ament_cmake_args': None, 'build_base': '/home/om/gazebo_ur/build/trac_ik_lib', 'catkin_cmake_args': None, 'catkin_skip_building_tests': False, 'cmake_args': None, 'cmake_clean_cache': False, 'cmake_clean_first': False, 'cmake_force_configure': False, 'cmake_target': None, 'cmake_target_skip_unavailable': False, 'install_base': '/home/om/gazebo_ur/install/trac_ik_lib', 'merge_install': False, 'path': '/home/om/gazebo_ur/src/trac_ik/trac_ik_lib', 'symlink_install': False, 'test_result_base': None}
[0.298s] Level 5:colcon.colcon_core.verb:set package 'ur_simulation_gazebo' build argument 'cmake_args' from command line to 'None'
[0.298s] Level 5:colcon.colcon_core.verb:set package 'ur_simulation_gazebo' build argument 'cmake_target' from command line to 'None'
[0.298s] Level 5:colcon.colcon_core.verb:set package 'ur_simulation_gazebo' build argument 'cmake_target_skip_unavailable' from command line to 'False'
[0.298s] Level 5:colcon.colcon_core.verb:set package 'ur_simulation_gazebo' build argument 'cmake_clean_cache' from command line to 'False'
[0.298s] Level 5:colcon.colcon_core.verb:set package 'ur_simulation_gazebo' build argument 'cmake_clean_first' from command line to 'False'
[0.298s] Level 5:colcon.colcon_core.verb:set package 'ur_simulation_gazebo' build argument 'cmake_force_configure' from command line to 'False'
[0.299s] Level 5:colcon.colcon_core.verb:set package 'ur_simulation_gazebo' build argument 'ament_cmake_args' from command line to 'None'
[0.299s] Level 5:colcon.colcon_core.verb:set package 'ur_simulation_gazebo' build argument 'catkin_cmake_args' from command line to 'None'
[0.299s] Level 5:colcon.colcon_core.verb:set package 'ur_simulation_gazebo' build argument 'catkin_skip_building_tests' from command line to 'False'
[0.299s] DEBUG:colcon.colcon_core.verb:Building package 'ur_simulation_gazebo' with the following arguments: {'ament_cmake_args': None, 'build_base': '/home/om/gazebo_ur/build/ur_simulation_gazebo', 'catkin_cmake_args': None, 'catkin_skip_building_tests': False, 'cmake_args': None, 'cmake_clean_cache': False, 'cmake_clean_first': False, 'cmake_force_configure': False, 'cmake_target': None, 'cmake_target_skip_unavailable': False, 'install_base': '/home/om/gazebo_ur/install/ur_simulation_gazebo', 'merge_install': False, 'path': '/home/om/gazebo_ur/src/Universal_Robots_ROS2_Gazebo_Simulation/ur_simulation_gazebo', 'symlink_install': False, 'test_result_base': None}
[0.299s] Level 5:colcon.colcon_core.verb:set package 'trac_ik_kinematics_plugin' build argument 'cmake_args' from command line to 'None'
[0.299s] Level 5:colcon.colcon_core.verb:set package 'trac_ik_kinematics_plugin' build argument 'cmake_target' from command line to 'None'
[0.299s] Level 5:colcon.colcon_core.verb:set package 'trac_ik_kinematics_plugin' build argument 'cmake_target_skip_unavailable' from command line to 'False'
[0.299s] Level 5:colcon.colcon_core.verb:set package 'trac_ik_kinematics_plugin' build argument 'cmake_clean_cache' from command line to 'False'
[0.299s] Level 5:colcon.colcon_core.verb:set package 'trac_ik_kinematics_plugin' build argument 'cmake_clean_first' from command line to 'False'
[0.299s] Level 5:colcon.colcon_core.verb:set package 'trac_ik_kinematics_plugin' build argument 'cmake_force_configure' from command line to 'False'
[0.299s] Level 5:colcon.colcon_core.verb:set package 'trac_ik_kinematics_plugin' build argument 'ament_cmake_args' from command line to 'None'
[0.299s] Level 5:colcon.colcon_core.verb:set package 'trac_ik_kinematics_plugin' build argument 'catkin_cmake_args' from command line to 'None'
[0.299s] Level 5:colcon.colcon_core.verb:set package 'trac_ik_kinematics_plugin' build argument 'catkin_skip_building_tests' from command line to 'False'
[0.299s] DEBUG:colcon.colcon_core.verb:Building package 'trac_ik_kinematics_plugin' with the following arguments: {'ament_cmake_args': None, 'build_base': '/home/om/gazebo_ur/build/trac_ik_kinematics_plugin', 'catkin_cmake_args': None, 'catkin_skip_building_tests': False, 'cmake_args': None, 'cmake_clean_cache': False, 'cmake_clean_first': False, 'cmake_force_configure': False, 'cmake_target': None, 'cmake_target_skip_unavailable': False, 'install_base': '/home/om/gazebo_ur/install/trac_ik_kinematics_plugin', 'merge_install': False, 'path': '/home/om/gazebo_ur/src/trac_ik/trac_ik_kinematics_plugin', 'symlink_install': False, 'test_result_base': None}
[0.299s] Level 5:colcon.colcon_core.verb:set package 'trac_ik' build argument 'cmake_args' from command line to 'None'
[0.299s] Level 5:colcon.colcon_core.verb:set package 'trac_ik' build argument 'cmake_target' from command line to 'None'
[0.299s] Level 5:colcon.colcon_core.verb:set package 'trac_ik' build argument 'cmake_target_skip_unavailable' from command line to 'False'
[0.299s] Level 5:colcon.colcon_core.verb:set package 'trac_ik' build argument 'cmake_clean_cache' from command line to 'False'
[0.299s] Level 5:colcon.colcon_core.verb:set package 'trac_ik' build argument 'cmake_clean_first' from command line to 'False'
[0.299s] Level 5:colcon.colcon_core.verb:set package 'trac_ik' build argument 'cmake_force_configure' from command line to 'False'
[0.299s] Level 5:colcon.colcon_core.verb:set package 'trac_ik' build argument 'ament_cmake_args' from command line to 'None'
[0.299s] Level 5:colcon.colcon_core.verb:set package 'trac_ik' build argument 'catkin_cmake_args' from command line to 'None'
[0.299s] Level 5:colcon.colcon_core.verb:set package 'trac_ik' build argument 'catkin_skip_building_tests' from command line to 'False'
[0.299s] DEBUG:colcon.colcon_core.verb:Building package 'trac_ik' with the following arguments: {'ament_cmake_args': None, 'build_base': '/home/om/gazebo_ur/build/trac_ik', 'catkin_cmake_args': None, 'catkin_skip_building_tests': False, 'cmake_args': None, 'cmake_clean_cache': False, 'cmake_clean_first': False, 'cmake_force_configure': False, 'cmake_target': None, 'cmake_target_skip_unavailable': False, 'install_base': '/home/om/gazebo_ur/install/trac_ik', 'merge_install': False, 'path': '/home/om/gazebo_ur/src/trac_ik/trac_ik', 'symlink_install': False, 'test_result_base': None}
[0.300s] INFO:colcon.colcon_core.executor:Executing jobs using 'parallel' executor
[0.300s] DEBUG:colcon.colcon_parallel_executor.executor.parallel:run_until_complete
[0.301s] INFO:colcon.colcon_ros.task.ament_cmake.build:Building ROS package in '/home/om/gazebo_ur/src/trac_ik/trac_ik_lib' with build type 'ament_cmake'
[0.301s] INFO:colcon.colcon_cmake.task.cmake.build:Building CMake package in '/home/om/gazebo_ur/src/trac_ik/trac_ik_lib'
[0.303s] INFO:colcon.colcon_core.plugin_system:Skipping extension 'colcon_core.shell.bat': Not used on non-Windows systems
[0.303s] INFO:colcon.colcon_core.shell:Skip shell extension 'powershell' for command environment: Not usable outside of PowerShell
[0.303s] DEBUG:colcon.colcon_core.shell:Skip shell extension 'dsv' for command environment
[0.306s] INFO:colcon.colcon_ros.task.ament_cmake.build:Building ROS package in '/home/om/gazebo_ur/src/robot_controller' with build type 'ament_cmake'
[0.306s] INFO:colcon.colcon_cmake.task.cmake.build:Building CMake package in '/home/om/gazebo_ur/src/robot_controller'
[0.306s] INFO:colcon.colcon_core.shell:Skip shell extension 'powershell' for command environment: Not usable outside of PowerShell
[0.306s] DEBUG:colcon.colcon_core.shell:Skip shell extension 'dsv' for command environment
[0.310s] INFO:colcon.colcon_ros.task.ament_cmake.build:Building ROS package in '/home/om/gazebo_ur/src/Universal_Robots_ROS2_Gazebo_Simulation/ur_simulation_gazebo' with build type 'ament_cmake'
[0.310s] INFO:colcon.colcon_cmake.task.cmake.build:Building CMake package in '/home/om/gazebo_ur/src/Universal_Robots_ROS2_Gazebo_Simulation/ur_simulation_gazebo'
[0.310s] INFO:colcon.colcon_core.shell:Skip shell extension 'powershell' for command environment: Not usable outside of PowerShell
[0.310s] DEBUG:colcon.colcon_core.shell:Skip shell extension 'dsv' for command environment
[0.317s] DEBUG:colcon.colcon_core.event_handler.log_command:Invoking command in '/home/om/gazebo_ur/build/trac_ik_lib': CMAKE_PREFIX_PATH=${CMAKE_PREFIX_PATH}:/opt/ros/humble /usr/bin/cmake --build /home/om/gazebo_ur/build/trac_ik_lib -- -j12 -l12
[0.320s] DEBUG:colcon.colcon_core.event_handler.log_command:Invoking command in '/home/om/gazebo_ur/build/robot_controller': CMAKE_PREFIX_PATH=${CMAKE_PREFIX_PATH}:/opt/ros/humble /usr/bin/cmake /home/om/gazebo_ur/src/robot_controller -DCMAKE_INSTALL_PREFIX=/home/om/gazebo_ur/install/robot_controller
[0.322s] DEBUG:colcon.colcon_core.event_handler.log_command:Invoking command in '/home/om/gazebo_ur/build/ur_simulation_gazebo': CMAKE_PREFIX_PATH=${CMAKE_PREFIX_PATH}:/opt/ros/humble /usr/bin/cmake --build /home/om/gazebo_ur/build/ur_simulation_gazebo -- -j12 -l12
[0.361s] DEBUG:colcon.colcon_core.event_handler.log_command:Invoked command in '/home/om/gazebo_ur/build/ur_simulation_gazebo' returned '0': CMAKE_PREFIX_PATH=${CMAKE_PREFIX_PATH}:/opt/ros/humble /usr/bin/cmake --build /home/om/gazebo_ur/build/ur_simulation_gazebo -- -j12 -l12
[0.393s] DEBUG:colcon.colcon_core.event_handler.log_command:Invoking command in '/home/om/gazebo_ur/build/ur_simulation_gazebo': CMAKE_PREFIX_PATH=${CMAKE_PREFIX_PATH}:/opt/ros/humble /usr/bin/cmake --install /home/om/gazebo_ur/build/ur_simulation_gazebo
[0.395s] DEBUG:colcon.colcon_core.event_handler.log_command:Invoked command in '/home/om/gazebo_ur/build/trac_ik_lib' returned '0': CMAKE_PREFIX_PATH=${CMAKE_PREFIX_PATH}:/opt/ros/humble /usr/bin/cmake --build /home/om/gazebo_ur/build/trac_ik_lib -- -j12 -l12
[0.403s] Level 1:colcon.colcon_core.environment:create_environment_scripts_only(ur_simulation_gazebo)
[0.403s] DEBUG:colcon.colcon_core.event_handler.log_command:Invoked command in '/home/om/gazebo_ur/build/ur_simulation_gazebo' returned '0': CMAKE_PREFIX_PATH=${CMAKE_PREFIX_PATH}:/opt/ros/humble /usr/bin/cmake --install /home/om/gazebo_ur/build/ur_simulation_gazebo
[0.405s] Level 1:colcon.colcon_core.environment:checking '/home/om/gazebo_ur/install/ur_simulation_gazebo' for CMake module files
[0.405s] Level 1:colcon.colcon_core.environment:checking '/home/om/gazebo_ur/install/ur_simulation_gazebo' for CMake config files
[0.406s] Level 1:colcon.colcon_core.shell:create_environment_hook('ur_simulation_gazebo', 'cmake_prefix_path')
[0.406s] INFO:colcon.colcon_core.shell:Creating environment hook '/home/om/gazebo_ur/install/ur_simulation_gazebo/share/ur_simulation_gazebo/hook/cmake_prefix_path.ps1'
[0.406s] INFO:colcon.colcon_core.shell:Creating environment descriptor '/home/om/gazebo_ur/install/ur_simulation_gazebo/share/ur_simulation_gazebo/hook/cmake_prefix_path.dsv'
[0.407s] INFO:colcon.colcon_core.shell:Creating environment hook '/home/om/gazebo_ur/install/ur_simulation_gazebo/share/ur_simulation_gazebo/hook/cmake_prefix_path.sh'
[0.407s] Level 1:colcon.colcon_core.environment:checking '/home/om/gazebo_ur/install/ur_simulation_gazebo/bin'
[0.407s] Level 1:colcon.colcon_core.environment:checking '/home/om/gazebo_ur/install/ur_simulation_gazebo/lib/pkgconfig/ur_simulation_gazebo.pc'
[0.408s] Level 1:colcon.colcon_core.environment:checking '/home/om/gazebo_ur/install/ur_simulation_gazebo/lib/python3.10/site-packages'
[0.408s] Level 1:colcon.colcon_core.environment:checking '/home/om/gazebo_ur/install/ur_simulation_gazebo/bin'
[0.408s] INFO:colcon.colcon_core.shell:Creating package script '/home/om/gazebo_ur/install/ur_simulation_gazebo/share/ur_simulation_gazebo/package.ps1'
[0.409s] INFO:colcon.colcon_core.shell:Creating package descriptor '/home/om/gazebo_ur/install/ur_simulation_gazebo/share/ur_simulation_gazebo/package.dsv'
[0.409s] INFO:colcon.colcon_core.shell:Creating package script '/home/om/gazebo_ur/install/ur_simulation_gazebo/share/ur_simulation_gazebo/package.sh'
[0.409s] INFO:colcon.colcon_core.shell:Creating package script '/home/om/gazebo_ur/install/ur_simulation_gazebo/share/ur_simulation_gazebo/package.bash'
[0.410s] INFO:colcon.colcon_core.shell:Creating package script '/home/om/gazebo_ur/install/ur_simulation_gazebo/share/ur_simulation_gazebo/package.zsh'
[0.410s] Level 1:colcon.colcon_core.environment:create_file_with_runtime_dependencies(/home/om/gazebo_ur/install/ur_simulation_gazebo/share/colcon-core/packages/ur_simulation_gazebo)
[0.427s] DEBUG:colcon.colcon_core.event_handler.log_command:Invoking command in '/home/om/gazebo_ur/build/trac_ik_lib': CMAKE_PREFIX_PATH=${CMAKE_PREFIX_PATH}:/opt/ros/humble /usr/bin/cmake --install /home/om/gazebo_ur/build/trac_ik_lib
[0.434s] Level 1:colcon.colcon_core.environment:create_environment_scripts_only(ur_simulation_gazebo)
[0.435s] Level 1:colcon.colcon_core.environment:checking '/home/om/gazebo_ur/install/ur_simulation_gazebo' for CMake module files
[0.435s] Level 1:colcon.colcon_core.environment:checking '/home/om/gazebo_ur/install/ur_simulation_gazebo' for CMake config files
[0.435s] Level 1:colcon.colcon_core.shell:create_environment_hook('ur_simulation_gazebo', 'cmake_prefix_path')
[0.435s] INFO:colcon.colcon_core.shell:Creating environment hook '/home/om/gazebo_ur/install/ur_simulation_gazebo/share/ur_simulation_gazebo/hook/cmake_prefix_path.ps1'
[0.436s] INFO:colcon.colcon_core.shell:Creating environment descriptor '/home/om/gazebo_ur/install/ur_simulation_gazebo/share/ur_simulation_gazebo/hook/cmake_prefix_path.dsv'
[0.437s] INFO:colcon.colcon_core.shell:Creating environment hook '/home/om/gazebo_ur/install/ur_simulation_gazebo/share/ur_simulation_gazebo/hook/cmake_prefix_path.sh'
[0.437s] Level 1:colcon.colcon_core.environment:checking '/home/om/gazebo_ur/install/ur_simulation_gazebo/bin'
[0.438s] Level 1:colcon.colcon_core.environment:checking '/home/om/gazebo_ur/install/ur_simulation_gazebo/lib/pkgconfig/ur_simulation_gazebo.pc'
[0.438s] Level 1:colcon.colcon_core.environment:checking '/home/om/gazebo_ur/install/ur_simulation_gazebo/lib/python3.10/site-packages'
[0.438s] Level 1:colcon.colcon_core.environment:checking '/home/om/gazebo_ur/install/ur_simulation_gazebo/bin'
[0.438s] INFO:colcon.colcon_core.shell:Creating package script '/home/om/gazebo_ur/install/ur_simulation_gazebo/share/ur_simulation_gazebo/package.ps1'
[0.439s] INFO:colcon.colcon_core.shell:Creating package descriptor '/home/om/gazebo_ur/install/ur_simulation_gazebo/share/ur_simulation_gazebo/package.dsv'
[0.440s] INFO:colcon.colcon_core.shell:Creating package script '/home/om/gazebo_ur/install/ur_simulation_gazebo/share/ur_simulation_gazebo/package.sh'
[0.440s] INFO:colcon.colcon_core.shell:Creating package script '/home/om/gazebo_ur/install/ur_simulation_gazebo/share/ur_simulation_gazebo/package.bash'
[0.441s] INFO:colcon.colcon_core.shell:Creating package script '/home/om/gazebo_ur/install/ur_simulation_gazebo/share/ur_simulation_gazebo/package.zsh'
[0.441s] Level 1:colcon.colcon_core.environment:create_file_with_runtime_dependencies(/home/om/gazebo_ur/install/ur_simulation_gazebo/share/colcon-core/packages/ur_simulation_gazebo)
[0.442s] Level 1:colcon.colcon_core.environment:create_environment_scripts_only(trac_ik_lib)
[0.442s] Level 1:colcon.colcon_core.environment:checking '/home/om/gazebo_ur/install/trac_ik_lib' for CMake module files
[0.443s] DEBUG:colcon.colcon_core.event_handler.log_command:Invoked command in '/home/om/gazebo_ur/build/trac_ik_lib' returned '0': CMAKE_PREFIX_PATH=${CMAKE_PREFIX_PATH}:/opt/ros/humble /usr/bin/cmake --install /home/om/gazebo_ur/build/trac_ik_lib
[0.443s] Level 1:colcon.colcon_core.environment:checking '/home/om/gazebo_ur/install/trac_ik_lib' for CMake config files
[0.444s] Level 1:colcon.colcon_core.shell:create_environment_hook('trac_ik_lib', 'cmake_prefix_path')
[0.444s] INFO:colcon.colcon_core.shell:Creating environment hook '/home/om/gazebo_ur/install/trac_ik_lib/share/trac_ik_lib/hook/cmake_prefix_path.ps1'
[0.444s] INFO:colcon.colcon_core.shell:Creating environment descriptor '/home/om/gazebo_ur/install/trac_ik_lib/share/trac_ik_lib/hook/cmake_prefix_path.dsv'
[0.444s] INFO:colcon.colcon_core.shell:Creating environment hook '/home/om/gazebo_ur/install/trac_ik_lib/share/trac_ik_lib/hook/cmake_prefix_path.sh'
[0.445s] Level 1:colcon.colcon_core.environment:checking '/home/om/gazebo_ur/install/trac_ik_lib/lib'
[0.445s] Level 1:colcon.colcon_core.shell:create_environment_hook('trac_ik_lib', 'ld_library_path_lib')
[0.445s] INFO:colcon.colcon_core.shell:Creating environment hook '/home/om/gazebo_ur/install/trac_ik_lib/share/trac_ik_lib/hook/ld_library_path_lib.ps1'
[0.445s] INFO:colcon.colcon_core.shell:Creating environment descriptor '/home/om/gazebo_ur/install/trac_ik_lib/share/trac_ik_lib/hook/ld_library_path_lib.dsv'
[0.445s] INFO:colcon.colcon_core.shell:Creating environment hook '/home/om/gazebo_ur/install/trac_ik_lib/share/trac_ik_lib/hook/ld_library_path_lib.sh'
[0.446s] Level 1:colcon.colcon_core.environment:checking '/home/om/gazebo_ur/install/trac_ik_lib/bin'
[0.446s] Level 1:colcon.colcon_core.environment:checking '/home/om/gazebo_ur/install/trac_ik_lib/lib/pkgconfig/trac_ik_lib.pc'
[0.446s] Level 1:colcon.colcon_core.environment:checking '/home/om/gazebo_ur/install/trac_ik_lib/lib/python3.10/site-packages'
[0.446s] Level 1:colcon.colcon_core.environment:checking '/home/om/gazebo_ur/install/trac_ik_lib/bin'
[0.446s] INFO:colcon.colcon_core.shell:Creating package script '/home/om/gazebo_ur/install/trac_ik_lib/share/trac_ik_lib/package.ps1'
[0.447s] INFO:colcon.colcon_core.shell:Creating package descriptor '/home/om/gazebo_ur/install/trac_ik_lib/share/trac_ik_lib/package.dsv'
[0.447s] INFO:colcon.colcon_core.shell:Creating package script '/home/om/gazebo_ur/install/trac_ik_lib/share/trac_ik_lib/package.sh'
[0.447s] INFO:colcon.colcon_core.shell:Creating package script '/home/om/gazebo_ur/install/trac_ik_lib/share/trac_ik_lib/package.bash'
[0.447s] INFO:colcon.colcon_core.shell:Creating package script '/home/om/gazebo_ur/install/trac_ik_lib/share/trac_ik_lib/package.zsh'
[0.448s] Level 1:colcon.colcon_core.environment:create_file_with_runtime_dependencies(/home/om/gazebo_ur/install/trac_ik_lib/share/colcon-core/packages/trac_ik_lib)
[0.478s] Level 1:colcon.colcon_core.environment:create_environment_scripts_only(trac_ik_lib)
[0.478s] Level 1:colcon.colcon_core.environment:checking '/home/om/gazebo_ur/install/trac_ik_lib' for CMake module files
[0.479s] Level 1:colcon.colcon_core.environment:checking '/home/om/gazebo_ur/install/trac_ik_lib' for CMake config files
[0.479s] Level 1:colcon.colcon_core.shell:create_environment_hook('trac_ik_lib', 'cmake_prefix_path')
[0.479s] INFO:colcon.colcon_core.shell:Creating environment hook '/home/om/gazebo_ur/install/trac_ik_lib/share/trac_ik_lib/hook/cmake_prefix_path.ps1'
[0.479s] INFO:colcon.colcon_core.shell:Creating environment descriptor '/home/om/gazebo_ur/install/trac_ik_lib/share/trac_ik_lib/hook/cmake_prefix_path.dsv'
[0.480s] INFO:colcon.colcon_core.shell:Creating environment hook '/home/om/gazebo_ur/install/trac_ik_lib/share/trac_ik_lib/hook/cmake_prefix_path.sh'
[0.480s] Level 1:colcon.colcon_core.environment:checking '/home/om/gazebo_ur/install/trac_ik_lib/lib'
[0.480s] Level 1:colcon.colcon_core.shell:create_environment_hook('trac_ik_lib', 'ld_library_path_lib')
[0.480s] INFO:colcon.colcon_core.shell:Creating environment hook '/home/om/gazebo_ur/install/trac_ik_lib/share/trac_ik_lib/hook/ld_library_path_lib.ps1'
[0.480s] INFO:colcon.colcon_core.shell:Creating environment descriptor '/home/om/gazebo_ur/install/trac_ik_lib/share/trac_ik_lib/hook/ld_library_path_lib.dsv'
[0.481s] INFO:colcon.colcon_core.shell:Creating environment hook '/home/om/gazebo_ur/install/trac_ik_lib/share/trac_ik_lib/hook/ld_library_path_lib.sh'
[0.481s] Level 1:colcon.colcon_core.environment:checking '/home/om/gazebo_ur/install/trac_ik_lib/bin'
[0.481s] Level 1:colcon.colcon_core.environment:checking '/home/om/gazebo_ur/install/trac_ik_lib/lib/pkgconfig/trac_ik_lib.pc'
[0.481s] Level 1:colcon.colcon_core.environment:checking '/home/om/gazebo_ur/install/trac_ik_lib/lib/python3.10/site-packages'
[0.481s] Level 1:colcon.colcon_core.environment:checking '/home/om/gazebo_ur/install/trac_ik_lib/bin'
[0.482s] INFO:colcon.colcon_core.shell:Creating package script '/home/om/gazebo_ur/install/trac_ik_lib/share/trac_ik_lib/package.ps1'
[0.482s] INFO:colcon.colcon_core.shell:Creating package descriptor '/home/om/gazebo_ur/install/trac_ik_lib/share/trac_ik_lib/package.dsv'
[0.482s] INFO:colcon.colcon_core.shell:Creating package script '/home/om/gazebo_ur/install/trac_ik_lib/share/trac_ik_lib/package.sh'
[0.483s] INFO:colcon.colcon_core.shell:Creating package script '/home/om/gazebo_ur/install/trac_ik_lib/share/trac_ik_lib/package.bash'
[0.483s] INFO:colcon.colcon_core.shell:Creating package script '/home/om/gazebo_ur/install/trac_ik_lib/share/trac_ik_lib/package.zsh'
[0.483s] Level 1:colcon.colcon_core.environment:create_file_with_runtime_dependencies(/home/om/gazebo_ur/install/trac_ik_lib/share/colcon-core/packages/trac_ik_lib)
[0.483s] INFO:colcon.colcon_ros.task.ament_cmake.build:Building ROS package in '/home/om/gazebo_ur/src/trac_ik/trac_ik_kinematics_plugin' with build type 'ament_cmake'
[0.484s] INFO:colcon.colcon_cmake.task.cmake.build:Building CMake package in '/home/om/gazebo_ur/src/trac_ik/trac_ik_kinematics_plugin'
[0.484s] INFO:colcon.colcon_core.shell:Skip shell extension 'powershell' for command environment: Not usable outside of PowerShell
[0.484s] DEBUG:colcon.colcon_core.shell:Skip shell extension 'dsv' for command environment
[0.493s] DEBUG:colcon.colcon_core.event_handler.log_command:Invoking command in '/home/om/gazebo_ur/build/trac_ik_kinematics_plugin': CMAKE_PREFIX_PATH=/home/om/gazebo_ur/install/trac_ik_lib:/home/om/gazebo_ur/install/ur_simulation_gazebo:/home/om/gazebo_ur/install/trac_ik:/home/om/gazebo_ur/install/trac_ik_kinematics_plugin:/opt/ros/humble LD_LIBRARY_PATH=/home/om/gazebo_ur/install/trac_ik_lib/lib:/home/om/gazebo_ur/install/trac_ik_kinematics_plugin/lib:/usr/lib/x86_64-linux-gnu/gazebo-11/plugins:/opt/ros/humble/opt/rviz_ogre_vendor/lib:/opt/ros/humble/lib/x86_64-linux-gnu:/opt/ros/humble/lib /usr/bin/cmake --build /home/om/gazebo_ur/build/trac_ik_kinematics_plugin -- -j12 -l12
[0.588s] DEBUG:colcon.colcon_core.event_handler.log_command:Invoked command in '/home/om/gazebo_ur/build/trac_ik_kinematics_plugin' returned '0': CMAKE_PREFIX_PATH=/home/om/gazebo_ur/install/trac_ik_lib:/home/om/gazebo_ur/install/ur_simulation_gazebo:/home/om/gazebo_ur/install/trac_ik:/home/om/gazebo_ur/install/trac_ik_kinematics_plugin:/opt/ros/humble LD_LIBRARY_PATH=/home/om/gazebo_ur/install/trac_ik_lib/lib:/home/om/gazebo_ur/install/trac_ik_kinematics_plugin/lib:/usr/lib/x86_64-linux-gnu/gazebo-11/plugins:/opt/ros/humble/opt/rviz_ogre_vendor/lib:/opt/ros/humble/lib/x86_64-linux-gnu:/opt/ros/humble/lib /usr/bin/cmake --build /home/om/gazebo_ur/build/trac_ik_kinematics_plugin -- -j12 -l12
[0.615s] DEBUG:colcon.colcon_core.event_handler.log_command:Invoking command in '/home/om/gazebo_ur/build/trac_ik_kinematics_plugin': CMAKE_PREFIX_PATH=/home/om/gazebo_ur/install/trac_ik_lib:/home/om/gazebo_ur/install/ur_simulation_gazebo:/home/om/gazebo_ur/install/trac_ik:/home/om/gazebo_ur/install/trac_ik_kinematics_plugin:/opt/ros/humble LD_LIBRARY_PATH=/home/om/gazebo_ur/install/trac_ik_lib/lib:/home/om/gazebo_ur/install/trac_ik_kinematics_plugin/lib:/usr/lib/x86_64-linux-gnu/gazebo-11/plugins:/opt/ros/humble/opt/rviz_ogre_vendor/lib:/opt/ros/humble/lib/x86_64-linux-gnu:/opt/ros/humble/lib /usr/bin/cmake --install /home/om/gazebo_ur/build/trac_ik_kinematics_plugin
[0.626s] Level 1:colcon.colcon_core.environment:create_environment_scripts_only(trac_ik_kinematics_plugin)
[0.627s] Level 1:colcon.colcon_core.environment:checking '/home/om/gazebo_ur/install/trac_ik_kinematics_plugin' for CMake module files
[0.627s] DEBUG:colcon.colcon_core.event_handler.log_command:Invoked command in '/home/om/gazebo_ur/build/trac_ik_kinematics_plugin' returned '0': CMAKE_PREFIX_PATH=/home/om/gazebo_ur/install/trac_ik_lib:/home/om/gazebo_ur/install/ur_simulation_gazebo:/home/om/gazebo_ur/install/trac_ik:/home/om/gazebo_ur/install/trac_ik_kinematics_plugin:/opt/ros/humble LD_LIBRARY_PATH=/home/om/gazebo_ur/install/trac_ik_lib/lib:/home/om/gazebo_ur/install/trac_ik_kinematics_plugin/lib:/usr/lib/x86_64-linux-gnu/gazebo-11/plugins:/opt/ros/humble/opt/rviz_ogre_vendor/lib:/opt/ros/humble/lib/x86_64-linux-gnu:/opt/ros/humble/lib /usr/bin/cmake --install /home/om/gazebo_ur/build/trac_ik_kinematics_plugin
[0.627s] Level 1:colcon.colcon_core.environment:checking '/home/om/gazebo_ur/install/trac_ik_kinematics_plugin' for CMake config files
[0.627s] Level 1:colcon.colcon_core.shell:create_environment_hook('trac_ik_kinematics_plugin', 'cmake_prefix_path')
[0.628s] INFO:colcon.colcon_core.shell:Creating environment hook '/home/om/gazebo_ur/install/trac_ik_kinematics_plugin/share/trac_ik_kinematics_plugin/hook/cmake_prefix_path.ps1'
[0.628s] INFO:colcon.colcon_core.shell:Creating environment descriptor '/home/om/gazebo_ur/install/trac_ik_kinematics_plugin/share/trac_ik_kinematics_plugin/hook/cmake_prefix_path.dsv'
[0.628s] INFO:colcon.colcon_core.shell:Creating environment hook '/home/om/gazebo_ur/install/trac_ik_kinematics_plugin/share/trac_ik_kinematics_plugin/hook/cmake_prefix_path.sh'
[0.628s] Level 1:colcon.colcon_core.environment:checking '/home/om/gazebo_ur/install/trac_ik_kinematics_plugin/lib'
[0.629s] Level 1:colcon.colcon_core.shell:create_environment_hook('trac_ik_kinematics_plugin', 'ld_library_path_lib')
[0.629s] INFO:colcon.colcon_core.shell:Creating environment hook '/home/om/gazebo_ur/install/trac_ik_kinematics_plugin/share/trac_ik_kinematics_plugin/hook/ld_library_path_lib.ps1'
[0.629s] INFO:colcon.colcon_core.shell:Creating environment descriptor '/home/om/gazebo_ur/install/trac_ik_kinematics_plugin/share/trac_ik_kinematics_plugin/hook/ld_library_path_lib.dsv'
[0.629s] INFO:colcon.colcon_core.shell:Creating environment hook '/home/om/gazebo_ur/install/trac_ik_kinematics_plugin/share/trac_ik_kinematics_plugin/hook/ld_library_path_lib.sh'
[0.629s] Level 1:colcon.colcon_core.environment:checking '/home/om/gazebo_ur/install/trac_ik_kinematics_plugin/bin'
[0.629s] Level 1:colcon.colcon_core.environment:checking '/home/om/gazebo_ur/install/trac_ik_kinematics_plugin/lib/pkgconfig/trac_ik_kinematics_plugin.pc'
[0.630s] Level 1:colcon.colcon_core.environment:checking '/home/om/gazebo_ur/install/trac_ik_kinematics_plugin/lib/python3.10/site-packages'
[0.630s] Level 1:colcon.colcon_core.environment:checking '/home/om/gazebo_ur/install/trac_ik_kinematics_plugin/bin'
[0.630s] INFO:colcon.colcon_core.shell:Creating package script '/home/om/gazebo_ur/install/trac_ik_kinematics_plugin/share/trac_ik_kinematics_plugin/package.ps1'
[0.630s] INFO:colcon.colcon_core.shell:Creating package descriptor '/home/om/gazebo_ur/install/trac_ik_kinematics_plugin/share/trac_ik_kinematics_plugin/package.dsv'
[0.631s] INFO:colcon.colcon_core.shell:Creating package script '/home/om/gazebo_ur/install/trac_ik_kinematics_plugin/share/trac_ik_kinematics_plugin/package.sh'
[0.631s] INFO:colcon.colcon_core.shell:Creating package script '/home/om/gazebo_ur/install/trac_ik_kinematics_plugin/share/trac_ik_kinematics_plugin/package.bash'
[0.631s] INFO:colcon.colcon_core.shell:Creating package script '/home/om/gazebo_ur/install/trac_ik_kinematics_plugin/share/trac_ik_kinematics_plugin/package.zsh'
[0.631s] Level 1:colcon.colcon_core.environment:create_file_with_runtime_dependencies(/home/om/gazebo_ur/install/trac_ik_kinematics_plugin/share/colcon-core/packages/trac_ik_kinematics_plugin)
[0.659s] Level 1:colcon.colcon_core.environment:create_environment_scripts_only(trac_ik_kinematics_plugin)
[0.659s] Level 1:colcon.colcon_core.environment:checking '/home/om/gazebo_ur/install/trac_ik_kinematics_plugin' for CMake module files
[0.659s] Level 1:colcon.colcon_core.environment:checking '/home/om/gazebo_ur/install/trac_ik_kinematics_plugin' for CMake config files
[0.659s] Level 1:colcon.colcon_core.shell:create_environment_hook('trac_ik_kinematics_plugin', 'cmake_prefix_path')
[0.660s] INFO:colcon.colcon_core.shell:Creating environment hook '/home/om/gazebo_ur/install/trac_ik_kinematics_plugin/share/trac_ik_kinematics_plugin/hook/cmake_prefix_path.ps1'
[0.660s] INFO:colcon.colcon_core.shell:Creating environment descriptor '/home/om/gazebo_ur/install/trac_ik_kinematics_plugin/share/trac_ik_kinematics_plugin/hook/cmake_prefix_path.dsv'
[0.660s] INFO:colcon.colcon_core.shell:Creating environment hook '/home/om/gazebo_ur/install/trac_ik_kinematics_plugin/share/trac_ik_kinematics_plugin/hook/cmake_prefix_path.sh'
[0.661s] Level 1:colcon.colcon_core.environment:checking '/home/om/gazebo_ur/install/trac_ik_kinematics_plugin/lib'
[0.661s] Level 1:colcon.colcon_core.shell:create_environment_hook('trac_ik_kinematics_plugin', 'ld_library_path_lib')
[0.661s] INFO:colcon.colcon_core.shell:Creating environment hook '/home/om/gazebo_ur/install/trac_ik_kinematics_plugin/share/trac_ik_kinematics_plugin/hook/ld_library_path_lib.ps1'
[0.661s] INFO:colcon.colcon_core.shell:Creating environment descriptor '/home/om/gazebo_ur/install/trac_ik_kinematics_plugin/share/trac_ik_kinematics_plugin/hook/ld_library_path_lib.dsv'
[0.662s] INFO:colcon.colcon_core.shell:Creating environment hook '/home/om/gazebo_ur/install/trac_ik_kinematics_plugin/share/trac_ik_kinematics_plugin/hook/ld_library_path_lib.sh'
[0.662s] Level 1:colcon.colcon_core.environment:checking '/home/om/gazebo_ur/install/trac_ik_kinematics_plugin/bin'
[0.662s] Level 1:colcon.colcon_core.environment:checking '/home/om/gazebo_ur/install/trac_ik_kinematics_plugin/lib/pkgconfig/trac_ik_kinematics_plugin.pc'
[0.662s] Level 1:colcon.colcon_core.environment:checking '/home/om/gazebo_ur/install/trac_ik_kinematics_plugin/lib/python3.10/site-packages'
[0.662s] Level 1:colcon.colcon_core.environment:checking '/home/om/gazebo_ur/install/trac_ik_kinematics_plugin/bin'
[0.663s] INFO:colcon.colcon_core.shell:Creating package script '/home/om/gazebo_ur/install/trac_ik_kinematics_plugin/share/trac_ik_kinematics_plugin/package.ps1'
[0.663s] INFO:colcon.colcon_core.shell:Creating package descriptor '/home/om/gazebo_ur/install/trac_ik_kinematics_plugin/share/trac_ik_kinematics_plugin/package.dsv'
[0.663s] INFO:colcon.colcon_core.shell:Creating package script '/home/om/gazebo_ur/install/trac_ik_kinematics_plugin/share/trac_ik_kinematics_plugin/package.sh'
[0.664s] INFO:colcon.colcon_core.shell:Creating package script '/home/om/gazebo_ur/install/trac_ik_kinematics_plugin/share/trac_ik_kinematics_plugin/package.bash'
[0.664s] INFO:colcon.colcon_core.shell:Creating package script '/home/om/gazebo_ur/install/trac_ik_kinematics_plugin/share/trac_ik_kinematics_plugin/package.zsh'
[0.664s] Level 1:colcon.colcon_core.environment:create_file_with_runtime_dependencies(/home/om/gazebo_ur/install/trac_ik_kinematics_plugin/share/colcon-core/packages/trac_ik_kinematics_plugin)
[0.665s] INFO:colcon.colcon_ros.task.ament_cmake.build:Building ROS package in '/home/om/gazebo_ur/src/trac_ik/trac_ik' with build type 'ament_cmake'
[0.665s] INFO:colcon.colcon_cmake.task.cmake.build:Building CMake package in '/home/om/gazebo_ur/src/trac_ik/trac_ik'
[0.665s] INFO:colcon.colcon_core.shell:Skip shell extension 'powershell' for command environment: Not usable outside of PowerShell
[0.665s] DEBUG:colcon.colcon_core.shell:Skip shell extension 'dsv' for command environment
[0.679s] DEBUG:colcon.colcon_core.event_handler.log_command:Invoking command in '/home/om/gazebo_ur/build/trac_ik': CMAKE_PREFIX_PATH=/home/om/gazebo_ur/install/trac_ik_kinematics_plugin:/home/om/gazebo_ur/install/trac_ik_lib:/home/om/gazebo_ur/install/ur_simulation_gazebo:/home/om/gazebo_ur/install/trac_ik:/opt/ros/humble /usr/bin/cmake --build /home/om/gazebo_ur/build/trac_ik -- -j12 -l12
[0.729s] DEBUG:colcon.colcon_core.event_handler.log_command:Invoked command in '/home/om/gazebo_ur/build/trac_ik' returned '0': CMAKE_PREFIX_PATH=/home/om/gazebo_ur/install/trac_ik_kinematics_plugin:/home/om/gazebo_ur/install/trac_ik_lib:/home/om/gazebo_ur/install/ur_simulation_gazebo:/home/om/gazebo_ur/install/trac_ik:/opt/ros/humble /usr/bin/cmake --build /home/om/gazebo_ur/build/trac_ik -- -j12 -l12
[0.753s] DEBUG:colcon.colcon_core.event_handler.log_command:Invoking command in '/home/om/gazebo_ur/build/trac_ik': CMAKE_PREFIX_PATH=/home/om/gazebo_ur/install/trac_ik_kinematics_plugin:/home/om/gazebo_ur/install/trac_ik_lib:/home/om/gazebo_ur/install/ur_simulation_gazebo:/home/om/gazebo_ur/install/trac_ik:/opt/ros/humble /usr/bin/cmake --install /home/om/gazebo_ur/build/trac_ik
[0.764s] Level 1:colcon.colcon_core.environment:create_environment_scripts_only(trac_ik)
[0.764s] Level 1:colcon.colcon_core.environment:checking '/home/om/gazebo_ur/install/trac_ik' for CMake module files
[0.764s] DEBUG:colcon.colcon_core.event_handler.log_command:Invoked command in '/home/om/gazebo_ur/build/trac_ik' returned '0': CMAKE_PREFIX_PATH=/home/om/gazebo_ur/install/trac_ik_kinematics_plugin:/home/om/gazebo_ur/install/trac_ik_lib:/home/om/gazebo_ur/install/ur_simulation_gazebo:/home/om/gazebo_ur/install/trac_ik:/opt/ros/humble /usr/bin/cmake --install /home/om/gazebo_ur/build/trac_ik
[0.765s] Level 1:colcon.colcon_core.environment:checking '/home/om/gazebo_ur/install/trac_ik' for CMake config files
[0.765s] Level 1:colcon.colcon_core.shell:create_environment_hook('trac_ik', 'cmake_prefix_path')
[0.765s] INFO:colcon.colcon_core.shell:Creating environment hook '/home/om/gazebo_ur/install/trac_ik/share/trac_ik/hook/cmake_prefix_path.ps1'
[0.765s] INFO:colcon.colcon_core.shell:Creating environment descriptor '/home/om/gazebo_ur/install/trac_ik/share/trac_ik/hook/cmake_prefix_path.dsv'
[0.766s] INFO:colcon.colcon_core.shell:Creating environment hook '/home/om/gazebo_ur/install/trac_ik/share/trac_ik/hook/cmake_prefix_path.sh'
[0.766s] Level 1:colcon.colcon_core.environment:checking '/home/om/gazebo_ur/install/trac_ik/bin'
[0.766s] Level 1:colcon.colcon_core.environment:checking '/home/om/gazebo_ur/install/trac_ik/lib/pkgconfig/trac_ik.pc'
[0.766s] Level 1:colcon.colcon_core.environment:checking '/home/om/gazebo_ur/install/trac_ik/lib/python3.10/site-packages'
[0.766s] Level 1:colcon.colcon_core.environment:checking '/home/om/gazebo_ur/install/trac_ik/bin'
[0.767s] INFO:colcon.colcon_core.shell:Creating package script '/home/om/gazebo_ur/install/trac_ik/share/trac_ik/package.ps1'
[0.767s] INFO:colcon.colcon_core.shell:Creating package descriptor '/home/om/gazebo_ur/install/trac_ik/share/trac_ik/package.dsv'
[0.767s] INFO:colcon.colcon_core.shell:Creating package script '/home/om/gazebo_ur/install/trac_ik/share/trac_ik/package.sh'
[0.767s] INFO:colcon.colcon_core.shell:Creating package script '/home/om/gazebo_ur/install/trac_ik/share/trac_ik/package.bash'
[0.768s] INFO:colcon.colcon_core.shell:Creating package script '/home/om/gazebo_ur/install/trac_ik/share/trac_ik/package.zsh'
[0.768s] Level 1:colcon.colcon_core.environment:create_file_with_runtime_dependencies(/home/om/gazebo_ur/install/trac_ik/share/colcon-core/packages/trac_ik)
[0.792s] Level 1:colcon.colcon_core.environment:create_environment_scripts_only(trac_ik)
[0.792s] Level 1:colcon.colcon_core.environment:checking '/home/om/gazebo_ur/install/trac_ik' for CMake module files
[0.793s] Level 1:colcon.colcon_core.environment:checking '/home/om/gazebo_ur/install/trac_ik' for CMake config files
[0.793s] Level 1:colcon.colcon_core.shell:create_environment_hook('trac_ik', 'cmake_prefix_path')
[0.793s] INFO:colcon.colcon_core.shell:Creating environment hook '/home/om/gazebo_ur/install/trac_ik/share/trac_ik/hook/cmake_prefix_path.ps1'
[0.793s] INFO:colcon.colcon_core.shell:Creating environment descriptor '/home/om/gazebo_ur/install/trac_ik/share/trac_ik/hook/cmake_prefix_path.dsv'
[0.794s] INFO:colcon.colcon_core.shell:Creating environment hook '/home/om/gazebo_ur/install/trac_ik/share/trac_ik/hook/cmake_prefix_path.sh'
[0.794s] Level 1:colcon.colcon_core.environment:checking '/home/om/gazebo_ur/install/trac_ik/bin'
[0.794s] Level 1:colcon.colcon_core.environment:checking '/home/om/gazebo_ur/install/trac_ik/lib/pkgconfig/trac_ik.pc'
[0.794s] Level 1:colcon.colcon_core.environment:checking '/home/om/gazebo_ur/install/trac_ik/lib/python3.10/site-packages'
[0.794s] Level 1:colcon.colcon_core.environment:checking '/home/om/gazebo_ur/install/trac_ik/bin'
[0.795s] INFO:colcon.colcon_core.shell:Creating package script '/home/om/gazebo_ur/install/trac_ik/share/trac_ik/package.ps1'
[0.795s] INFO:colcon.colcon_core.shell:Creating package descriptor '/home/om/gazebo_ur/install/trac_ik/share/trac_ik/package.dsv'
[0.795s] INFO:colcon.colcon_core.shell:Creating package script '/home/om/gazebo_ur/install/trac_ik/share/trac_ik/package.sh'
[0.795s] INFO:colcon.colcon_core.shell:Creating package script '/home/om/gazebo_ur/install/trac_ik/share/trac_ik/package.bash'
[0.796s] INFO:colcon.colcon_core.shell:Creating package script '/home/om/gazebo_ur/install/trac_ik/share/trac_ik/package.zsh'
[0.796s] Level 1:colcon.colcon_core.environment:create_file_with_runtime_dependencies(/home/om/gazebo_ur/install/trac_ik/share/colcon-core/packages/trac_ik)
[3.514s] DEBUG:colcon.colcon_core.event_handler.log_command:Invoked command in '/home/om/gazebo_ur/build/robot_controller' returned '0': CMAKE_PREFIX_PATH=${CMAKE_PREFIX_PATH}:/opt/ros/humble /usr/bin/cmake /home/om/gazebo_ur/src/robot_controller -DCMAKE_INSTALL_PREFIX=/home/om/gazebo_ur/install/robot_controller
[3.516s] DEBUG:colcon.colcon_core.event_handler.log_command:Invoking command in '/home/om/gazebo_ur/build/robot_controller': CMAKE_PREFIX_PATH=${CMAKE_PREFIX_PATH}:/opt/ros/humble /usr/bin/cmake --build /home/om/gazebo_ur/build/robot_controller -- -j12 -l12
[9.809s] DEBUG:colcon.colcon_core.event_handler.log_command:Invoked command in '/home/om/gazebo_ur/build/robot_controller' returned '0': CMAKE_PREFIX_PATH=${CMAKE_PREFIX_PATH}:/opt/ros/humble /usr/bin/cmake --build /home/om/gazebo_ur/build/robot_controller -- -j12 -l12
[9.834s] DEBUG:colcon.colcon_core.event_handler.log_command:Invoking command in '/home/om/gazebo_ur/build/robot_controller': CMAKE_PREFIX_PATH=${CMAKE_PREFIX_PATH}:/opt/ros/humble /usr/bin/cmake --install /home/om/gazebo_ur/build/robot_controller
[9.846s] Level 1:colcon.colcon_core.environment:create_environment_scripts_only(robot_controller)
[9.847s] Level 1:colcon.colcon_core.environment:checking '/home/om/gazebo_ur/install/robot_controller' for CMake module files
[9.847s] DEBUG:colcon.colcon_core.event_handler.log_command:Invoked command in '/home/om/gazebo_ur/build/robot_controller' returned '0': CMAKE_PREFIX_PATH=${CMAKE_PREFIX_PATH}:/opt/ros/humble /usr/bin/cmake --install /home/om/gazebo_ur/build/robot_controller
[9.848s] Level 1:colcon.colcon_core.environment:checking '/home/om/gazebo_ur/install/robot_controller' for CMake config files
[9.848s] Level 1:colcon.colcon_core.shell:create_environment_hook('robot_controller', 'cmake_prefix_path')
[9.848s] INFO:colcon.colcon_core.shell:Creating environment hook '/home/om/gazebo_ur/install/robot_controller/share/robot_controller/hook/cmake_prefix_path.ps1'
[9.849s] INFO:colcon.colcon_core.shell:Creating environment descriptor '/home/om/gazebo_ur/install/robot_controller/share/robot_controller/hook/cmake_prefix_path.dsv'
[9.849s] INFO:colcon.colcon_core.shell:Creating environment hook '/home/om/gazebo_ur/install/robot_controller/share/robot_controller/hook/cmake_prefix_path.sh'
[9.850s] Level 1:colcon.colcon_core.environment:checking '/home/om/gazebo_ur/install/robot_controller/lib'
[9.850s] Level 1:colcon.colcon_core.environment:checking '/home/om/gazebo_ur/install/robot_controller/bin'
[9.850s] Level 1:colcon.colcon_core.environment:checking '/home/om/gazebo_ur/install/robot_controller/lib/pkgconfig/robot_controller.pc'
[9.850s] Level 1:colcon.colcon_core.environment:checking '/home/om/gazebo_ur/install/robot_controller/lib/python3.10/site-packages'
[9.850s] Level 1:colcon.colcon_core.environment:checking '/home/om/gazebo_ur/install/robot_controller/bin'
[9.850s] INFO:colcon.colcon_core.shell:Creating package script '/home/om/gazebo_ur/install/robot_controller/share/robot_controller/package.ps1'
[9.851s] INFO:colcon.colcon_core.shell:Creating package descriptor '/home/om/gazebo_ur/install/robot_controller/share/robot_controller/package.dsv'
[9.851s] INFO:colcon.colcon_core.shell:Creating package script '/home/om/gazebo_ur/install/robot_controller/share/robot_controller/package.sh'
[9.852s] INFO:colcon.colcon_core.shell:Creating package script '/home/om/gazebo_ur/install/robot_controller/share/robot_controller/package.bash'
[9.852s] INFO:colcon.colcon_core.shell:Creating package script '/home/om/gazebo_ur/install/robot_controller/share/robot_controller/package.zsh'
[9.852s] Level 1:colcon.colcon_core.environment:create_file_with_runtime_dependencies(/home/om/gazebo_ur/install/robot_controller/share/colcon-core/packages/robot_controller)
[9.878s] Level 1:colcon.colcon_core.environment:create_environment_scripts_only(robot_controller)
[9.879s] Level 1:colcon.colcon_core.environment:checking '/home/om/gazebo_ur/install/robot_controller' for CMake module files
[9.879s] Level 1:colcon.colcon_core.environment:checking '/home/om/gazebo_ur/install/robot_controller' for CMake config files
[9.879s] Level 1:colcon.colcon_core.shell:create_environment_hook('robot_controller', 'cmake_prefix_path')
[9.880s] INFO:colcon.colcon_core.shell:Creating environment hook '/home/om/gazebo_ur/install/robot_controller/share/robot_controller/hook/cmake_prefix_path.ps1'
[9.880s] INFO:colcon.colcon_core.shell:Creating environment descriptor '/home/om/gazebo_ur/install/robot_controller/share/robot_controller/hook/cmake_prefix_path.dsv'
[9.880s] INFO:colcon.colcon_core.shell:Creating environment hook '/home/om/gazebo_ur/install/robot_controller/share/robot_controller/hook/cmake_prefix_path.sh'
[9.881s] Level 1:colcon.colcon_core.environment:checking '/home/om/gazebo_ur/install/robot_controller/lib'
[9.881s] Level 1:colcon.colcon_core.environment:checking '/home/om/gazebo_ur/install/robot_controller/bin'
[9.881s] Level 1:colcon.colcon_core.environment:checking '/home/om/gazebo_ur/install/robot_controller/lib/pkgconfig/robot_controller.pc'
[9.881s] Level 1:colcon.colcon_core.environment:checking '/home/om/gazebo_ur/install/robot_controller/lib/python3.10/site-packages'
[9.882s] Level 1:colcon.colcon_core.environment:checking '/home/om/gazebo_ur/install/robot_controller/bin'
[9.882s] INFO:colcon.colcon_core.shell:Creating package script '/home/om/gazebo_ur/install/robot_controller/share/robot_controller/package.ps1'
[9.882s] INFO:colcon.colcon_core.shell:Creating package descriptor '/home/om/gazebo_ur/install/robot_controller/share/robot_controller/package.dsv'
[9.883s] INFO:colcon.colcon_core.shell:Creating package script '/home/om/gazebo_ur/install/robot_controller/share/robot_controller/package.sh'
[9.883s] INFO:colcon.colcon_core.shell:Creating package script '/home/om/gazebo_ur/install/robot_controller/share/robot_controller/package.bash'
[9.884s] INFO:colcon.colcon_core.shell:Creating package script '/home/om/gazebo_ur/install/robot_controller/share/robot_controller/package.zsh'
[9.884s] Level 1:colcon.colcon_core.environment:create_file_with_runtime_dependencies(/home/om/gazebo_ur/install/robot_controller/share/colcon-core/packages/robot_controller)
[9.884s] DEBUG:colcon.colcon_parallel_executor.executor.parallel:closing loop
[9.885s] DEBUG:colcon.colcon_parallel_executor.executor.parallel:loop closed
[9.885s] DEBUG:colcon.colcon_parallel_executor.executor.parallel:run_until_complete finished with '0'
[9.885s] DEBUG:colcon.colcon_core.event_reactor:joining thread
[9.889s] INFO:colcon.colcon_core.plugin_system:Skipping extension 'colcon_notification.desktop_notification.terminal_notifier': Not used on non-Darwin systems
[9.889s] INFO:colcon.colcon_core.plugin_system:Skipping extension 'colcon_notification.desktop_notification.win32': Not used on non-Windows systems
[9.889s] INFO:colcon.colcon_notification.desktop_notification:Sending desktop notification using 'notify2'
[9.899s] DEBUG:colcon.colcon_core.event_reactor:joined thread
[9.899s] INFO:colcon.colcon_core.shell:Creating prefix script '/home/om/gazebo_ur/install/local_setup.ps1'
[9.900s] INFO:colcon.colcon_core.shell:Creating prefix util module '/home/om/gazebo_ur/install/_local_setup_util_ps1.py'
[9.901s] INFO:colcon.colcon_core.shell:Creating prefix chain script '/home/om/gazebo_ur/install/setup.ps1'
[9.902s] INFO:colcon.colcon_core.shell:Creating prefix script '/home/om/gazebo_ur/install/local_setup.sh'
[9.902s] INFO:colcon.colcon_core.shell:Creating prefix util module '/home/om/gazebo_ur/install/_local_setup_util_sh.py'
[9.903s] INFO:colcon.colcon_core.shell:Creating prefix chain script '/home/om/gazebo_ur/install/setup.sh'
[9.903s] INFO:colcon.colcon_core.shell:Creating prefix script '/home/om/gazebo_ur/install/local_setup.bash'
[9.904s] INFO:colcon.colcon_core.shell:Creating prefix chain script '/home/om/gazebo_ur/install/setup.bash'
[9.904s] INFO:colcon.colcon_core.shell:Creating prefix script '/home/om/gazebo_ur/install/local_setup.zsh'
[9.905s] INFO:colcon.colcon_core.shell:Creating prefix chain script '/home/om/gazebo_ur/install/setup.zsh'
