[0.017s] Invoking command in '/home/om/gazebo_ur/build/robot_controller': CMAKE_PREFIX_PATH=${CMAKE_PREFIX_PATH}:/home/om/gazebo_ur/install/robot_controller_py:/opt/ros/humble /usr/bin/cmake --build /home/om/gazebo_ur/build/robot_controller -- -j12 -l12
[0.073s] [35m[1mConsolidate compiler generated dependencies of target move_robot_targetpose[0m
[0.090s] [ 50%] Built target move_robot
[0.114s] [100%] Built target move_robot_targetpose
[0.128s] Invoked command in '/home/om/gazebo_ur/build/robot_controller' returned '0': CMAKE_PREFIX_PATH=${CMAKE_PREFIX_PATH}:/home/om/gazebo_ur/install/robot_controller_py:/opt/ros/humble /usr/bin/cmake --build /home/om/gazebo_ur/build/robot_controller -- -j12 -l12
[0.163s] Invoking command in '/home/om/gazebo_ur/build/robot_controller': CMAKE_PREFIX_PATH=${CMAKE_PREFIX_PATH}:/home/om/gazebo_ur/install/robot_controller_py:/opt/ros/humble /usr/bin/cmake --install /home/om/gazebo_ur/build/robot_controller
[0.172s] -- Install configuration: ""
[0.172s] -- Up-to-date: /home/om/gazebo_ur/install/robot_controller/lib/robot_controller/move_robot
[0.172s] -- Up-to-date: /home/om/gazebo_ur/install/robot_controller/lib/robot_controller/move_robot_targetpose
[0.173s] -- Up-to-date: /home/om/gazebo_ur/install/robot_controller/share/robot_controller/launch
[0.173s] -- Up-to-date: /home/om/gazebo_ur/install/robot_controller/share/robot_controller/launch/move_robot_targetpose.launch.py
[0.173s] -- Up-to-date: /home/om/gazebo_ur/install/robot_controller/share/robot_controller/launch/move_robot.launch.py
[0.173s] -- Up-to-date: /home/om/gazebo_ur/install/robot_controller/share/ament_index/resource_index/package_run_dependencies/robot_controller
[0.173s] -- Up-to-date: /home/om/gazebo_ur/install/robot_controller/share/ament_index/resource_index/parent_prefix_path/robot_controller
[0.173s] -- Up-to-date: /home/om/gazebo_ur/install/robot_controller/share/robot_controller/environment/ament_prefix_path.sh
[0.173s] -- Up-to-date: /home/om/gazebo_ur/install/robot_controller/share/robot_controller/environment/ament_prefix_path.dsv
[0.173s] -- Up-to-date: /home/om/gazebo_ur/install/robot_controller/share/robot_controller/environment/path.sh
[0.174s] -- Up-to-date: /home/om/gazebo_ur/install/robot_controller/share/robot_controller/environment/path.dsv
[0.174s] -- Up-to-date: /home/om/gazebo_ur/install/robot_controller/share/robot_controller/local_setup.bash
[0.174s] -- Up-to-date: /home/om/gazebo_ur/install/robot_controller/share/robot_controller/local_setup.sh
[0.174s] -- Up-to-date: /home/om/gazebo_ur/install/robot_controller/share/robot_controller/local_setup.zsh
[0.174s] -- Up-to-date: /home/om/gazebo_ur/install/robot_controller/share/robot_controller/local_setup.dsv
[0.174s] -- Installing: /home/om/gazebo_ur/install/robot_controller/share/robot_controller/package.dsv
[0.174s] -- Up-to-date: /home/om/gazebo_ur/install/robot_controller/share/ament_index/resource_index/packages/robot_controller
[0.174s] -- Up-to-date: /home/om/gazebo_ur/install/robot_controller/share/robot_controller/cmake/robot_controllerConfig.cmake
[0.174s] -- Up-to-date: /home/om/gazebo_ur/install/robot_controller/share/robot_controller/cmake/robot_controllerConfig-version.cmake
[0.174s] -- Up-to-date: /home/om/gazebo_ur/install/robot_controller/share/robot_controller/package.xml
[0.176s] Invoked command in '/home/om/gazebo_ur/build/robot_controller' returned '0': CMAKE_PREFIX_PATH=${CMAKE_PREFIX_PATH}:/home/om/gazebo_ur/install/robot_controller_py:/opt/ros/humble /usr/bin/cmake --install /home/om/gazebo_ur/build/robot_controller
