[0.088s] DEBUG:colcon:Command line arguments: ['/usr/bin/colcon', 'build', '--allow-overriding', 'ur_description', 'ur_moveit_config']
[0.088s] DEBUG:colcon:Parsed command line arguments: Namespace(log_base=None, log_level=None, verb_name='build', build_base='build', install_base='install', merge_install=False, symlink_install=False, test_result_base=None, continue_on_error=False, executor='parallel', parallel_workers=12, event_handlers=None, ignore_user_meta=False, metas=['./colcon.meta'], base_paths=['.'], packages_ignore=None, packages_ignore_regex=None, paths=None, packages_up_to=None, packages_up_to_regex=None, packages_above=None, packages_above_and_dependencies=None, packages_above_depth=None, packages_select_by_dep=None, packages_skip_by_dep=None, packages_skip_up_to=None, packages_select_build_failed=False, packages_skip_build_finished=False, packages_select_test_failures=False, packages_skip_test_passed=False, packages_select=None, packages_skip=None, packages_select_regex=None, packages_skip_regex=None, packages_start=None, packages_end=None, allow_overriding=['ur_description', 'ur_moveit_config'], cmake_args=None, cmake_target=None, cmake_target_skip_unavailable=False, cmake_clean_cache=False, cmake_clean_first=False, cmake_force_configure=False, ament_cmake_args=None, catkin_cmake_args=None, catkin_skip_building_tests=False, verb_parser=<colcon_defaults.argument_parser.defaults.DefaultArgumentsDecorator object at 0x77d9c661cc40>, verb_extension=<colcon_core.verb.build.BuildVerb object at 0x77d9c67aa590>, main=<bound method BuildVerb.main of <colcon_core.verb.build.BuildVerb object at 0x77d9c67aa590>>)
[0.234s] Level 1:colcon.colcon_core.package_discovery:discover_packages(colcon_meta) check parameters
[0.234s] Level 1:colcon.colcon_core.package_discovery:discover_packages(recursive) check parameters
[0.234s] Level 1:colcon.colcon_core.package_discovery:discover_packages(ignore) check parameters
[0.234s] Level 1:colcon.colcon_core.package_discovery:discover_packages(path) check parameters
[0.234s] Level 1:colcon.colcon_core.package_discovery:discover_packages(colcon_meta) discover
[0.234s] Level 1:colcon.colcon_core.package_discovery:discover_packages(recursive) discover
[0.234s] INFO:colcon.colcon_core.package_discovery:Crawling recursively for packages in '/home/om/gazebo_ur'
[0.234s] Level 1:colcon.colcon_core.package_identification:_identify(.) by extensions ['ignore', 'ignore_ament_install']
[0.235s] Level 1:colcon.colcon_core.package_identification:_identify(.) by extension 'ignore'
[0.235s] Level 1:colcon.colcon_core.package_identification:_identify(.) by extension 'ignore_ament_install'
[0.235s] Level 1:colcon.colcon_core.package_identification:_identify(.) by extensions ['colcon_pkg']
[0.235s] Level 1:colcon.colcon_core.package_identification:_identify(.) by extension 'colcon_pkg'
[0.235s] Level 1:colcon.colcon_core.package_identification:_identify(.) by extensions ['colcon_meta']
[0.235s] Level 1:colcon.colcon_core.package_identification:_identify(.) by extension 'colcon_meta'
[0.235s] Level 1:colcon.colcon_core.package_identification:_identify(.) by extensions ['ros']
[0.235s] Level 1:colcon.colcon_core.package_identification:_identify(.) by extension 'ros'
[0.246s] Level 1:colcon.colcon_core.package_identification:_identify(.) by extensions ['cmake', 'python']
[0.246s] Level 1:colcon.colcon_core.package_identification:_identify(.) by extension 'cmake'
[0.246s] Level 1:colcon.colcon_core.package_identification:_identify(.) by extension 'python'
[0.246s] Level 1:colcon.colcon_core.package_identification:_identify(.) by extensions ['python_setup_py']
[0.246s] Level 1:colcon.colcon_core.package_identification:_identify(.) by extension 'python_setup_py'
[0.246s] Level 1:colcon.colcon_core.package_identification:_identify(build) by extensions ['ignore', 'ignore_ament_install']
[0.246s] Level 1:colcon.colcon_core.package_identification:_identify(build) by extension 'ignore'
[0.246s] Level 1:colcon.colcon_core.package_identification:_identify(build) ignored
[0.247s] Level 1:colcon.colcon_core.package_identification:_identify(install) by extensions ['ignore', 'ignore_ament_install']
[0.247s] Level 1:colcon.colcon_core.package_identification:_identify(install) by extension 'ignore'
[0.247s] Level 1:colcon.colcon_core.package_identification:_identify(install) ignored
[0.247s] Level 1:colcon.colcon_core.package_identification:_identify(log) by extensions ['ignore', 'ignore_ament_install']
[0.247s] Level 1:colcon.colcon_core.package_identification:_identify(log) by extension 'ignore'
[0.247s] Level 1:colcon.colcon_core.package_identification:_identify(log) ignored
[0.247s] Level 1:colcon.colcon_core.package_identification:_identify(src) by extensions ['ignore', 'ignore_ament_install']
[0.247s] Level 1:colcon.colcon_core.package_identification:_identify(src) by extension 'ignore'
[0.247s] Level 1:colcon.colcon_core.package_identification:_identify(src) by extension 'ignore_ament_install'
[0.247s] Level 1:colcon.colcon_core.package_identification:_identify(src) by extensions ['colcon_pkg']
[0.247s] Level 1:colcon.colcon_core.package_identification:_identify(src) by extension 'colcon_pkg'
[0.248s] Level 1:colcon.colcon_core.package_identification:_identify(src) by extensions ['colcon_meta']
[0.248s] Level 1:colcon.colcon_core.package_identification:_identify(src) by extension 'colcon_meta'
[0.248s] Level 1:colcon.colcon_core.package_identification:_identify(src) by extensions ['ros']
[0.248s] Level 1:colcon.colcon_core.package_identification:_identify(src) by extension 'ros'
[0.248s] Level 1:colcon.colcon_core.package_identification:_identify(src) by extensions ['cmake', 'python']
[0.248s] Level 1:colcon.colcon_core.package_identification:_identify(src) by extension 'cmake'
[0.248s] Level 1:colcon.colcon_core.package_identification:_identify(src) by extension 'python'
[0.248s] Level 1:colcon.colcon_core.package_identification:_identify(src) by extensions ['python_setup_py']
[0.248s] Level 1:colcon.colcon_core.package_identification:_identify(src) by extension 'python_setup_py'
[0.248s] Level 1:colcon.colcon_core.package_identification:_identify(src/Universal_Robots_ROS2_Gazebo_Simulation) by extensions ['ignore', 'ignore_ament_install']
[0.248s] Level 1:colcon.colcon_core.package_identification:_identify(src/Universal_Robots_ROS2_Gazebo_Simulation) by extension 'ignore'
[0.248s] Level 1:colcon.colcon_core.package_identification:_identify(src/Universal_Robots_ROS2_Gazebo_Simulation) by extension 'ignore_ament_install'
[0.248s] Level 1:colcon.colcon_core.package_identification:_identify(src/Universal_Robots_ROS2_Gazebo_Simulation) by extensions ['colcon_pkg']
[0.248s] Level 1:colcon.colcon_core.package_identification:_identify(src/Universal_Robots_ROS2_Gazebo_Simulation) by extension 'colcon_pkg'
[0.248s] Level 1:colcon.colcon_core.package_identification:_identify(src/Universal_Robots_ROS2_Gazebo_Simulation) by extensions ['colcon_meta']
[0.248s] Level 1:colcon.colcon_core.package_identification:_identify(src/Universal_Robots_ROS2_Gazebo_Simulation) by extension 'colcon_meta'
[0.248s] Level 1:colcon.colcon_core.package_identification:_identify(src/Universal_Robots_ROS2_Gazebo_Simulation) by extensions ['ros']
[0.248s] Level 1:colcon.colcon_core.package_identification:_identify(src/Universal_Robots_ROS2_Gazebo_Simulation) by extension 'ros'
[0.249s] Level 1:colcon.colcon_core.package_identification:_identify(src/Universal_Robots_ROS2_Gazebo_Simulation) by extensions ['cmake', 'python']
[0.249s] Level 1:colcon.colcon_core.package_identification:_identify(src/Universal_Robots_ROS2_Gazebo_Simulation) by extension 'cmake'
[0.249s] Level 1:colcon.colcon_core.package_identification:_identify(src/Universal_Robots_ROS2_Gazebo_Simulation) by extension 'python'
[0.249s] Level 1:colcon.colcon_core.package_identification:_identify(src/Universal_Robots_ROS2_Gazebo_Simulation) by extensions ['python_setup_py']
[0.249s] Level 1:colcon.colcon_core.package_identification:_identify(src/Universal_Robots_ROS2_Gazebo_Simulation) by extension 'python_setup_py'
[0.249s] Level 1:colcon.colcon_core.package_identification:_identify(src/Universal_Robots_ROS2_Gazebo_Simulation/ur_simulation_gazebo) by extensions ['ignore', 'ignore_ament_install']
[0.249s] Level 1:colcon.colcon_core.package_identification:_identify(src/Universal_Robots_ROS2_Gazebo_Simulation/ur_simulation_gazebo) by extension 'ignore'
[0.249s] Level 1:colcon.colcon_core.package_identification:_identify(src/Universal_Robots_ROS2_Gazebo_Simulation/ur_simulation_gazebo) by extension 'ignore_ament_install'
[0.249s] Level 1:colcon.colcon_core.package_identification:_identify(src/Universal_Robots_ROS2_Gazebo_Simulation/ur_simulation_gazebo) by extensions ['colcon_pkg']
[0.249s] Level 1:colcon.colcon_core.package_identification:_identify(src/Universal_Robots_ROS2_Gazebo_Simulation/ur_simulation_gazebo) by extension 'colcon_pkg'
[0.249s] Level 1:colcon.colcon_core.package_identification:_identify(src/Universal_Robots_ROS2_Gazebo_Simulation/ur_simulation_gazebo) by extensions ['colcon_meta']
[0.249s] Level 1:colcon.colcon_core.package_identification:_identify(src/Universal_Robots_ROS2_Gazebo_Simulation/ur_simulation_gazebo) by extension 'colcon_meta'
[0.249s] Level 1:colcon.colcon_core.package_identification:_identify(src/Universal_Robots_ROS2_Gazebo_Simulation/ur_simulation_gazebo) by extensions ['ros']
[0.249s] Level 1:colcon.colcon_core.package_identification:_identify(src/Universal_Robots_ROS2_Gazebo_Simulation/ur_simulation_gazebo) by extension 'ros'
[0.253s] DEBUG:colcon.colcon_core.package_identification:Package 'src/Universal_Robots_ROS2_Gazebo_Simulation/ur_simulation_gazebo' with type 'ros.ament_cmake' and name 'ur_simulation_gazebo'
[0.253s] Level 1:colcon.colcon_core.package_identification:_identify(src/robot_controller) by extensions ['ignore', 'ignore_ament_install']
[0.253s] Level 1:colcon.colcon_core.package_identification:_identify(src/robot_controller) by extension 'ignore'
[0.253s] Level 1:colcon.colcon_core.package_identification:_identify(src/robot_controller) by extension 'ignore_ament_install'
[0.253s] Level 1:colcon.colcon_core.package_identification:_identify(src/robot_controller) by extensions ['colcon_pkg']
[0.253s] Level 1:colcon.colcon_core.package_identification:_identify(src/robot_controller) by extension 'colcon_pkg'
[0.253s] Level 1:colcon.colcon_core.package_identification:_identify(src/robot_controller) by extensions ['colcon_meta']
[0.253s] Level 1:colcon.colcon_core.package_identification:_identify(src/robot_controller) by extension 'colcon_meta'
[0.253s] Level 1:colcon.colcon_core.package_identification:_identify(src/robot_controller) by extensions ['ros']
[0.254s] Level 1:colcon.colcon_core.package_identification:_identify(src/robot_controller) by extension 'ros'
[0.254s] DEBUG:colcon.colcon_core.package_identification:Package 'src/robot_controller' with type 'ros.ament_cmake' and name 'robot_controller'
[0.254s] Level 1:colcon.colcon_core.package_identification:_identify(src/trac_ik) by extensions ['ignore', 'ignore_ament_install']
[0.254s] Level 1:colcon.colcon_core.package_identification:_identify(src/trac_ik) by extension 'ignore'
[0.254s] Level 1:colcon.colcon_core.package_identification:_identify(src/trac_ik) by extension 'ignore_ament_install'
[0.255s] Level 1:colcon.colcon_core.package_identification:_identify(src/trac_ik) by extensions ['colcon_pkg']
[0.255s] Level 1:colcon.colcon_core.package_identification:_identify(src/trac_ik) by extension 'colcon_pkg'
[0.255s] Level 1:colcon.colcon_core.package_identification:_identify(src/trac_ik) by extensions ['colcon_meta']
[0.255s] Level 1:colcon.colcon_core.package_identification:_identify(src/trac_ik) by extension 'colcon_meta'
[0.255s] Level 1:colcon.colcon_core.package_identification:_identify(src/trac_ik) by extensions ['ros']
[0.255s] Level 1:colcon.colcon_core.package_identification:_identify(src/trac_ik) by extension 'ros'
[0.255s] Level 1:colcon.colcon_core.package_identification:_identify(src/trac_ik) by extensions ['cmake', 'python']
[0.255s] Level 1:colcon.colcon_core.package_identification:_identify(src/trac_ik) by extension 'cmake'
[0.255s] Level 1:colcon.colcon_core.package_identification:_identify(src/trac_ik) by extension 'python'
[0.255s] Level 1:colcon.colcon_core.package_identification:_identify(src/trac_ik) by extensions ['python_setup_py']
[0.255s] Level 1:colcon.colcon_core.package_identification:_identify(src/trac_ik) by extension 'python_setup_py'
[0.255s] Level 1:colcon.colcon_core.package_identification:_identify(src/trac_ik/trac_ik) by extensions ['ignore', 'ignore_ament_install']
[0.255s] Level 1:colcon.colcon_core.package_identification:_identify(src/trac_ik/trac_ik) by extension 'ignore'
[0.255s] Level 1:colcon.colcon_core.package_identification:_identify(src/trac_ik/trac_ik) by extension 'ignore_ament_install'
[0.255s] Level 1:colcon.colcon_core.package_identification:_identify(src/trac_ik/trac_ik) by extensions ['colcon_pkg']
[0.255s] Level 1:colcon.colcon_core.package_identification:_identify(src/trac_ik/trac_ik) by extension 'colcon_pkg'
[0.255s] Level 1:colcon.colcon_core.package_identification:_identify(src/trac_ik/trac_ik) by extensions ['colcon_meta']
[0.255s] Level 1:colcon.colcon_core.package_identification:_identify(src/trac_ik/trac_ik) by extension 'colcon_meta'
[0.255s] Level 1:colcon.colcon_core.package_identification:_identify(src/trac_ik/trac_ik) by extensions ['ros']
[0.255s] Level 1:colcon.colcon_core.package_identification:_identify(src/trac_ik/trac_ik) by extension 'ros'
[0.256s] DEBUG:colcon.colcon_core.package_identification:Package 'src/trac_ik/trac_ik' with type 'ros.ament_cmake' and name 'trac_ik'
[0.256s] Level 1:colcon.colcon_core.package_identification:_identify(src/trac_ik/trac_ik_examples) by extensions ['ignore', 'ignore_ament_install']
[0.256s] Level 1:colcon.colcon_core.package_identification:_identify(src/trac_ik/trac_ik_examples) by extension 'ignore'
[0.256s] Level 1:colcon.colcon_core.package_identification:_identify(src/trac_ik/trac_ik_examples) ignored
[0.256s] Level 1:colcon.colcon_core.package_identification:_identify(src/trac_ik/trac_ik_kinematics_plugin) by extensions ['ignore', 'ignore_ament_install']
[0.256s] Level 1:colcon.colcon_core.package_identification:_identify(src/trac_ik/trac_ik_kinematics_plugin) by extension 'ignore'
[0.256s] Level 1:colcon.colcon_core.package_identification:_identify(src/trac_ik/trac_ik_kinematics_plugin) by extension 'ignore_ament_install'
[0.256s] Level 1:colcon.colcon_core.package_identification:_identify(src/trac_ik/trac_ik_kinematics_plugin) by extensions ['colcon_pkg']
[0.256s] Level 1:colcon.colcon_core.package_identification:_identify(src/trac_ik/trac_ik_kinematics_plugin) by extension 'colcon_pkg'
[0.256s] Level 1:colcon.colcon_core.package_identification:_identify(src/trac_ik/trac_ik_kinematics_plugin) by extensions ['colcon_meta']
[0.256s] Level 1:colcon.colcon_core.package_identification:_identify(src/trac_ik/trac_ik_kinematics_plugin) by extension 'colcon_meta'
[0.256s] Level 1:colcon.colcon_core.package_identification:_identify(src/trac_ik/trac_ik_kinematics_plugin) by extensions ['ros']
[0.256s] Level 1:colcon.colcon_core.package_identification:_identify(src/trac_ik/trac_ik_kinematics_plugin) by extension 'ros'
[0.257s] DEBUG:colcon.colcon_core.package_identification:Package 'src/trac_ik/trac_ik_kinematics_plugin' with type 'ros.ament_cmake' and name 'trac_ik_kinematics_plugin'
[0.257s] Level 1:colcon.colcon_core.package_identification:_identify(src/trac_ik/trac_ik_lib) by extensions ['ignore', 'ignore_ament_install']
[0.257s] Level 1:colcon.colcon_core.package_identification:_identify(src/trac_ik/trac_ik_lib) by extension 'ignore'
[0.257s] Level 1:colcon.colcon_core.package_identification:_identify(src/trac_ik/trac_ik_lib) by extension 'ignore_ament_install'
[0.257s] Level 1:colcon.colcon_core.package_identification:_identify(src/trac_ik/trac_ik_lib) by extensions ['colcon_pkg']
[0.257s] Level 1:colcon.colcon_core.package_identification:_identify(src/trac_ik/trac_ik_lib) by extension 'colcon_pkg'
[0.257s] Level 1:colcon.colcon_core.package_identification:_identify(src/trac_ik/trac_ik_lib) by extensions ['colcon_meta']
[0.257s] Level 1:colcon.colcon_core.package_identification:_identify(src/trac_ik/trac_ik_lib) by extension 'colcon_meta'
[0.258s] Level 1:colcon.colcon_core.package_identification:_identify(src/trac_ik/trac_ik_lib) by extensions ['ros']
[0.258s] Level 1:colcon.colcon_core.package_identification:_identify(src/trac_ik/trac_ik_lib) by extension 'ros'
[0.258s] DEBUG:colcon.colcon_core.package_identification:Package 'src/trac_ik/trac_ik_lib' with type 'ros.ament_cmake' and name 'trac_ik_lib'
[0.258s] Level 1:colcon.colcon_core.package_identification:_identify(src/trac_ik/trac_ik_python) by extensions ['ignore', 'ignore_ament_install']
[0.259s] Level 1:colcon.colcon_core.package_identification:_identify(src/trac_ik/trac_ik_python) by extension 'ignore'
[0.259s] Level 1:colcon.colcon_core.package_identification:_identify(src/trac_ik/trac_ik_python) ignored
[0.259s] Level 1:colcon.colcon_core.package_identification:_identify(src/ur_description) by extensions ['ignore', 'ignore_ament_install']
[0.259s] Level 1:colcon.colcon_core.package_identification:_identify(src/ur_description) by extension 'ignore'
[0.259s] Level 1:colcon.colcon_core.package_identification:_identify(src/ur_description) by extension 'ignore_ament_install'
[0.259s] Level 1:colcon.colcon_core.package_identification:_identify(src/ur_description) by extensions ['colcon_pkg']
[0.259s] Level 1:colcon.colcon_core.package_identification:_identify(src/ur_description) by extension 'colcon_pkg'
[0.259s] Level 1:colcon.colcon_core.package_identification:_identify(src/ur_description) by extensions ['colcon_meta']
[0.259s] Level 1:colcon.colcon_core.package_identification:_identify(src/ur_description) by extension 'colcon_meta'
[0.259s] Level 1:colcon.colcon_core.package_identification:_identify(src/ur_description) by extensions ['ros']
[0.259s] Level 1:colcon.colcon_core.package_identification:_identify(src/ur_description) by extension 'ros'
[0.260s] DEBUG:colcon.colcon_core.package_identification:Package 'src/ur_description' with type 'ros.ament_cmake' and name 'ur_description'
[0.260s] Level 1:colcon.colcon_core.package_identification:_identify(src/ur_moveit_config) by extensions ['ignore', 'ignore_ament_install']
[0.260s] Level 1:colcon.colcon_core.package_identification:_identify(src/ur_moveit_config) by extension 'ignore'
[0.260s] Level 1:colcon.colcon_core.package_identification:_identify(src/ur_moveit_config) by extension 'ignore_ament_install'
[0.260s] Level 1:colcon.colcon_core.package_identification:_identify(src/ur_moveit_config) by extensions ['colcon_pkg']
[0.260s] Level 1:colcon.colcon_core.package_identification:_identify(src/ur_moveit_config) by extension 'colcon_pkg'
[0.260s] Level 1:colcon.colcon_core.package_identification:_identify(src/ur_moveit_config) by extensions ['colcon_meta']
[0.260s] Level 1:colcon.colcon_core.package_identification:_identify(src/ur_moveit_config) by extension 'colcon_meta'
[0.260s] Level 1:colcon.colcon_core.package_identification:_identify(src/ur_moveit_config) by extensions ['ros']
[0.260s] Level 1:colcon.colcon_core.package_identification:_identify(src/ur_moveit_config) by extension 'ros'
[0.261s] DEBUG:colcon.colcon_core.package_identification:Package 'src/ur_moveit_config' with type 'ros.ament_cmake' and name 'ur_moveit_config'
[0.261s] Level 1:colcon.colcon_core.package_discovery:discover_packages(recursive) using defaults
[0.261s] Level 1:colcon.colcon_core.package_discovery:discover_packages(ignore) discover
[0.261s] Level 1:colcon.colcon_core.package_discovery:discover_packages(ignore) using defaults
[0.261s] Level 1:colcon.colcon_core.package_discovery:discover_packages(path) discover
[0.261s] Level 1:colcon.colcon_core.package_discovery:discover_packages(path) using defaults
[0.279s] Level 1:colcon.colcon_core.package_discovery:discover_packages(prefix_path) check parameters
[0.279s] Level 1:colcon.colcon_core.package_discovery:discover_packages(prefix_path) discover
[0.281s] DEBUG:colcon.colcon_installed_package_information.package_discovery:Found 8 installed packages in /home/om/gazebo_ur/install
[0.282s] DEBUG:colcon.colcon_installed_package_information.package_discovery:Found 366 installed packages in /opt/ros/humble
[0.292s] Level 1:colcon.colcon_core.package_discovery:discover_packages(prefix_path) using defaults
[0.331s] Level 5:colcon.colcon_core.verb:set package 'robot_controller' build argument 'cmake_args' from command line to 'None'
[0.331s] Level 5:colcon.colcon_core.verb:set package 'robot_controller' build argument 'cmake_target' from command line to 'None'
[0.331s] Level 5:colcon.colcon_core.verb:set package 'robot_controller' build argument 'cmake_target_skip_unavailable' from command line to 'False'
[0.331s] Level 5:colcon.colcon_core.verb:set package 'robot_controller' build argument 'cmake_clean_cache' from command line to 'False'
[0.331s] Level 5:colcon.colcon_core.verb:set package 'robot_controller' build argument 'cmake_clean_first' from command line to 'False'
[0.331s] Level 5:colcon.colcon_core.verb:set package 'robot_controller' build argument 'cmake_force_configure' from command line to 'False'
[0.331s] Level 5:colcon.colcon_core.verb:set package 'robot_controller' build argument 'ament_cmake_args' from command line to 'None'
[0.331s] Level 5:colcon.colcon_core.verb:set package 'robot_controller' build argument 'catkin_cmake_args' from command line to 'None'
[0.331s] Level 5:colcon.colcon_core.verb:set package 'robot_controller' build argument 'catkin_skip_building_tests' from command line to 'False'
[0.331s] DEBUG:colcon.colcon_core.verb:Building package 'robot_controller' with the following arguments: {'ament_cmake_args': None, 'build_base': '/home/om/gazebo_ur/build/robot_controller', 'catkin_cmake_args': None, 'catkin_skip_building_tests': False, 'cmake_args': None, 'cmake_clean_cache': False, 'cmake_clean_first': False, 'cmake_force_configure': False, 'cmake_target': None, 'cmake_target_skip_unavailable': False, 'install_base': '/home/om/gazebo_ur/install/robot_controller', 'merge_install': False, 'path': '/home/om/gazebo_ur/src/robot_controller', 'symlink_install': False, 'test_result_base': None}
[0.332s] Level 5:colcon.colcon_core.verb:set package 'trac_ik_lib' build argument 'cmake_args' from command line to 'None'
[0.332s] Level 5:colcon.colcon_core.verb:set package 'trac_ik_lib' build argument 'cmake_target' from command line to 'None'
[0.332s] Level 5:colcon.colcon_core.verb:set package 'trac_ik_lib' build argument 'cmake_target_skip_unavailable' from command line to 'False'
[0.332s] Level 5:colcon.colcon_core.verb:set package 'trac_ik_lib' build argument 'cmake_clean_cache' from command line to 'False'
[0.332s] Level 5:colcon.colcon_core.verb:set package 'trac_ik_lib' build argument 'cmake_clean_first' from command line to 'False'
[0.332s] Level 5:colcon.colcon_core.verb:set package 'trac_ik_lib' build argument 'cmake_force_configure' from command line to 'False'
[0.332s] Level 5:colcon.colcon_core.verb:set package 'trac_ik_lib' build argument 'ament_cmake_args' from command line to 'None'
[0.332s] Level 5:colcon.colcon_core.verb:set package 'trac_ik_lib' build argument 'catkin_cmake_args' from command line to 'None'
[0.332s] Level 5:colcon.colcon_core.verb:set package 'trac_ik_lib' build argument 'catkin_skip_building_tests' from command line to 'False'
[0.332s] DEBUG:colcon.colcon_core.verb:Building package 'trac_ik_lib' with the following arguments: {'ament_cmake_args': None, 'build_base': '/home/om/gazebo_ur/build/trac_ik_lib', 'catkin_cmake_args': None, 'catkin_skip_building_tests': False, 'cmake_args': None, 'cmake_clean_cache': False, 'cmake_clean_first': False, 'cmake_force_configure': False, 'cmake_target': None, 'cmake_target_skip_unavailable': False, 'install_base': '/home/om/gazebo_ur/install/trac_ik_lib', 'merge_install': False, 'path': '/home/om/gazebo_ur/src/trac_ik/trac_ik_lib', 'symlink_install': False, 'test_result_base': None}
[0.332s] Level 5:colcon.colcon_core.verb:set package 'ur_description' build argument 'cmake_args' from command line to 'None'
[0.332s] Level 5:colcon.colcon_core.verb:set package 'ur_description' build argument 'cmake_target' from command line to 'None'
[0.332s] Level 5:colcon.colcon_core.verb:set package 'ur_description' build argument 'cmake_target_skip_unavailable' from command line to 'False'
[0.332s] Level 5:colcon.colcon_core.verb:set package 'ur_description' build argument 'cmake_clean_cache' from command line to 'False'
[0.332s] Level 5:colcon.colcon_core.verb:set package 'ur_description' build argument 'cmake_clean_first' from command line to 'False'
[0.332s] Level 5:colcon.colcon_core.verb:set package 'ur_description' build argument 'cmake_force_configure' from command line to 'False'
[0.332s] Level 5:colcon.colcon_core.verb:set package 'ur_description' build argument 'ament_cmake_args' from command line to 'None'
[0.332s] Level 5:colcon.colcon_core.verb:set package 'ur_description' build argument 'catkin_cmake_args' from command line to 'None'
[0.332s] Level 5:colcon.colcon_core.verb:set package 'ur_description' build argument 'catkin_skip_building_tests' from command line to 'False'
[0.332s] DEBUG:colcon.colcon_core.verb:Building package 'ur_description' with the following arguments: {'ament_cmake_args': None, 'build_base': '/home/om/gazebo_ur/build/ur_description', 'catkin_cmake_args': None, 'catkin_skip_building_tests': False, 'cmake_args': None, 'cmake_clean_cache': False, 'cmake_clean_first': False, 'cmake_force_configure': False, 'cmake_target': None, 'cmake_target_skip_unavailable': False, 'install_base': '/home/om/gazebo_ur/install/ur_description', 'merge_install': False, 'path': '/home/om/gazebo_ur/src/ur_description', 'symlink_install': False, 'test_result_base': None}
[0.333s] Level 5:colcon.colcon_core.verb:set package 'trac_ik_kinematics_plugin' build argument 'cmake_args' from command line to 'None'
[0.333s] Level 5:colcon.colcon_core.verb:set package 'trac_ik_kinematics_plugin' build argument 'cmake_target' from command line to 'None'
[0.333s] Level 5:colcon.colcon_core.verb:set package 'trac_ik_kinematics_plugin' build argument 'cmake_target_skip_unavailable' from command line to 'False'
[0.333s] Level 5:colcon.colcon_core.verb:set package 'trac_ik_kinematics_plugin' build argument 'cmake_clean_cache' from command line to 'False'
[0.333s] Level 5:colcon.colcon_core.verb:set package 'trac_ik_kinematics_plugin' build argument 'cmake_clean_first' from command line to 'False'
[0.333s] Level 5:colcon.colcon_core.verb:set package 'trac_ik_kinematics_plugin' build argument 'cmake_force_configure' from command line to 'False'
[0.333s] Level 5:colcon.colcon_core.verb:set package 'trac_ik_kinematics_plugin' build argument 'ament_cmake_args' from command line to 'None'
[0.333s] Level 5:colcon.colcon_core.verb:set package 'trac_ik_kinematics_plugin' build argument 'catkin_cmake_args' from command line to 'None'
[0.333s] Level 5:colcon.colcon_core.verb:set package 'trac_ik_kinematics_plugin' build argument 'catkin_skip_building_tests' from command line to 'False'
[0.333s] DEBUG:colcon.colcon_core.verb:Building package 'trac_ik_kinematics_plugin' with the following arguments: {'ament_cmake_args': None, 'build_base': '/home/om/gazebo_ur/build/trac_ik_kinematics_plugin', 'catkin_cmake_args': None, 'catkin_skip_building_tests': False, 'cmake_args': None, 'cmake_clean_cache': False, 'cmake_clean_first': False, 'cmake_force_configure': False, 'cmake_target': None, 'cmake_target_skip_unavailable': False, 'install_base': '/home/om/gazebo_ur/install/trac_ik_kinematics_plugin', 'merge_install': False, 'path': '/home/om/gazebo_ur/src/trac_ik/trac_ik_kinematics_plugin', 'symlink_install': False, 'test_result_base': None}
[0.333s] Level 5:colcon.colcon_core.verb:set package 'trac_ik' build argument 'cmake_args' from command line to 'None'
[0.333s] Level 5:colcon.colcon_core.verb:set package 'trac_ik' build argument 'cmake_target' from command line to 'None'
[0.333s] Level 5:colcon.colcon_core.verb:set package 'trac_ik' build argument 'cmake_target_skip_unavailable' from command line to 'False'
[0.333s] Level 5:colcon.colcon_core.verb:set package 'trac_ik' build argument 'cmake_clean_cache' from command line to 'False'
[0.333s] Level 5:colcon.colcon_core.verb:set package 'trac_ik' build argument 'cmake_clean_first' from command line to 'False'
[0.333s] Level 5:colcon.colcon_core.verb:set package 'trac_ik' build argument 'cmake_force_configure' from command line to 'False'
[0.333s] Level 5:colcon.colcon_core.verb:set package 'trac_ik' build argument 'ament_cmake_args' from command line to 'None'
[0.333s] Level 5:colcon.colcon_core.verb:set package 'trac_ik' build argument 'catkin_cmake_args' from command line to 'None'
[0.333s] Level 5:colcon.colcon_core.verb:set package 'trac_ik' build argument 'catkin_skip_building_tests' from command line to 'False'
[0.333s] DEBUG:colcon.colcon_core.verb:Building package 'trac_ik' with the following arguments: {'ament_cmake_args': None, 'build_base': '/home/om/gazebo_ur/build/trac_ik', 'catkin_cmake_args': None, 'catkin_skip_building_tests': False, 'cmake_args': None, 'cmake_clean_cache': False, 'cmake_clean_first': False, 'cmake_force_configure': False, 'cmake_target': None, 'cmake_target_skip_unavailable': False, 'install_base': '/home/om/gazebo_ur/install/trac_ik', 'merge_install': False, 'path': '/home/om/gazebo_ur/src/trac_ik/trac_ik', 'symlink_install': False, 'test_result_base': None}
[0.334s] Level 5:colcon.colcon_core.verb:set package 'ur_moveit_config' build argument 'cmake_args' from command line to 'None'
[0.334s] Level 5:colcon.colcon_core.verb:set package 'ur_moveit_config' build argument 'cmake_target' from command line to 'None'
[0.334s] Level 5:colcon.colcon_core.verb:set package 'ur_moveit_config' build argument 'cmake_target_skip_unavailable' from command line to 'False'
[0.334s] Level 5:colcon.colcon_core.verb:set package 'ur_moveit_config' build argument 'cmake_clean_cache' from command line to 'False'
[0.334s] Level 5:colcon.colcon_core.verb:set package 'ur_moveit_config' build argument 'cmake_clean_first' from command line to 'False'
[0.334s] Level 5:colcon.colcon_core.verb:set package 'ur_moveit_config' build argument 'cmake_force_configure' from command line to 'False'
[0.334s] Level 5:colcon.colcon_core.verb:set package 'ur_moveit_config' build argument 'ament_cmake_args' from command line to 'None'
[0.334s] Level 5:colcon.colcon_core.verb:set package 'ur_moveit_config' build argument 'catkin_cmake_args' from command line to 'None'
[0.334s] Level 5:colcon.colcon_core.verb:set package 'ur_moveit_config' build argument 'catkin_skip_building_tests' from command line to 'False'
[0.334s] DEBUG:colcon.colcon_core.verb:Building package 'ur_moveit_config' with the following arguments: {'ament_cmake_args': None, 'build_base': '/home/om/gazebo_ur/build/ur_moveit_config', 'catkin_cmake_args': None, 'catkin_skip_building_tests': False, 'cmake_args': None, 'cmake_clean_cache': False, 'cmake_clean_first': False, 'cmake_force_configure': False, 'cmake_target': None, 'cmake_target_skip_unavailable': False, 'install_base': '/home/om/gazebo_ur/install/ur_moveit_config', 'merge_install': False, 'path': '/home/om/gazebo_ur/src/ur_moveit_config', 'symlink_install': False, 'test_result_base': None}
[0.334s] Level 5:colcon.colcon_core.verb:set package 'ur_simulation_gazebo' build argument 'cmake_args' from command line to 'None'
[0.334s] Level 5:colcon.colcon_core.verb:set package 'ur_simulation_gazebo' build argument 'cmake_target' from command line to 'None'
[0.334s] Level 5:colcon.colcon_core.verb:set package 'ur_simulation_gazebo' build argument 'cmake_target_skip_unavailable' from command line to 'False'
[0.334s] Level 5:colcon.colcon_core.verb:set package 'ur_simulation_gazebo' build argument 'cmake_clean_cache' from command line to 'False'
[0.334s] Level 5:colcon.colcon_core.verb:set package 'ur_simulation_gazebo' build argument 'cmake_clean_first' from command line to 'False'
[0.334s] Level 5:colcon.colcon_core.verb:set package 'ur_simulation_gazebo' build argument 'cmake_force_configure' from command line to 'False'
[0.334s] Level 5:colcon.colcon_core.verb:set package 'ur_simulation_gazebo' build argument 'ament_cmake_args' from command line to 'None'
[0.334s] Level 5:colcon.colcon_core.verb:set package 'ur_simulation_gazebo' build argument 'catkin_cmake_args' from command line to 'None'
[0.334s] Level 5:colcon.colcon_core.verb:set package 'ur_simulation_gazebo' build argument 'catkin_skip_building_tests' from command line to 'False'
[0.334s] DEBUG:colcon.colcon_core.verb:Building package 'ur_simulation_gazebo' with the following arguments: {'ament_cmake_args': None, 'build_base': '/home/om/gazebo_ur/build/ur_simulation_gazebo', 'catkin_cmake_args': None, 'catkin_skip_building_tests': False, 'cmake_args': None, 'cmake_clean_cache': False, 'cmake_clean_first': False, 'cmake_force_configure': False, 'cmake_target': None, 'cmake_target_skip_unavailable': False, 'install_base': '/home/om/gazebo_ur/install/ur_simulation_gazebo', 'merge_install': False, 'path': '/home/om/gazebo_ur/src/Universal_Robots_ROS2_Gazebo_Simulation/ur_simulation_gazebo', 'symlink_install': False, 'test_result_base': None}
[0.334s] INFO:colcon.colcon_core.executor:Executing jobs using 'parallel' executor
[0.335s] DEBUG:colcon.colcon_parallel_executor.executor.parallel:run_until_complete
[0.335s] INFO:colcon.colcon_ros.task.ament_cmake.build:Building ROS package in '/home/om/gazebo_ur/src/trac_ik/trac_ik_lib' with build type 'ament_cmake'
[0.336s] INFO:colcon.colcon_cmake.task.cmake.build:Building CMake package in '/home/om/gazebo_ur/src/trac_ik/trac_ik_lib'
[0.337s] INFO:colcon.colcon_core.plugin_system:Skipping extension 'colcon_core.shell.bat': Not used on non-Windows systems
[0.338s] INFO:colcon.colcon_core.shell:Skip shell extension 'powershell' for command environment: Not usable outside of PowerShell
[0.338s] DEBUG:colcon.colcon_core.shell:Skip shell extension 'dsv' for command environment
[0.341s] INFO:colcon.colcon_ros.task.ament_cmake.build:Building ROS package in '/home/om/gazebo_ur/src/ur_description' with build type 'ament_cmake'
[0.341s] INFO:colcon.colcon_cmake.task.cmake.build:Building CMake package in '/home/om/gazebo_ur/src/ur_description'
[0.342s] INFO:colcon.colcon_core.shell:Skip shell extension 'powershell' for command environment: Not usable outside of PowerShell
[0.342s] DEBUG:colcon.colcon_core.shell:Skip shell extension 'dsv' for command environment
[0.345s] INFO:colcon.colcon_ros.task.ament_cmake.build:Building ROS package in '/home/om/gazebo_ur/src/robot_controller' with build type 'ament_cmake'
[0.345s] INFO:colcon.colcon_cmake.task.cmake.build:Building CMake package in '/home/om/gazebo_ur/src/robot_controller'
[0.345s] INFO:colcon.colcon_core.shell:Skip shell extension 'powershell' for command environment: Not usable outside of PowerShell
[0.345s] DEBUG:colcon.colcon_core.shell:Skip shell extension 'dsv' for command environment
[0.354s] DEBUG:colcon.colcon_core.event_handler.log_command:Invoking command in '/home/om/gazebo_ur/build/trac_ik_lib': CMAKE_PREFIX_PATH=${CMAKE_PREFIX_PATH}:/home/om/gazebo_ur/install/robot_controller_py:/opt/ros/humble /usr/bin/cmake --build /home/om/gazebo_ur/build/trac_ik_lib -- -j12 -l12
[0.357s] DEBUG:colcon.colcon_core.event_handler.log_command:Invoking command in '/home/om/gazebo_ur/build/ur_description': CMAKE_PREFIX_PATH=${CMAKE_PREFIX_PATH}:/home/om/gazebo_ur/install/robot_controller_py:/opt/ros/humble /usr/bin/cmake --build /home/om/gazebo_ur/build/ur_description -- -j12 -l12
[0.361s] DEBUG:colcon.colcon_core.event_handler.log_command:Invoking command in '/home/om/gazebo_ur/build/robot_controller': CMAKE_PREFIX_PATH=${CMAKE_PREFIX_PATH}:/home/om/gazebo_ur/install/robot_controller_py:/opt/ros/humble /usr/bin/cmake --build /home/om/gazebo_ur/build/robot_controller -- -j12 -l12
[0.397s] DEBUG:colcon.colcon_core.event_handler.log_command:Invoked command in '/home/om/gazebo_ur/build/ur_description' returned '0': CMAKE_PREFIX_PATH=${CMAKE_PREFIX_PATH}:/home/om/gazebo_ur/install/robot_controller_py:/opt/ros/humble /usr/bin/cmake --build /home/om/gazebo_ur/build/ur_description -- -j12 -l12
[0.416s] WARNING:colcon.colcon_cmake.task.cmake.build:Could not run installation step for package 'ur_description' because it has no 'install' target
[0.416s] Level 1:colcon.colcon_core.environment:create_environment_scripts_only(ur_description)
[0.418s] Level 1:colcon.colcon_core.environment:checking '/home/om/gazebo_ur/install/ur_description' for CMake module files
[0.419s] Level 1:colcon.colcon_core.environment:checking '/home/om/gazebo_ur/install/ur_description' for CMake config files
[0.419s] Level 1:colcon.colcon_core.environment:checking '/home/om/gazebo_ur/install/ur_description/bin'
[0.419s] Level 1:colcon.colcon_core.environment:checking '/home/om/gazebo_ur/install/ur_description/lib/pkgconfig/ur_description.pc'
[0.419s] Level 1:colcon.colcon_core.environment:checking '/home/om/gazebo_ur/install/ur_description/lib/python3.10/site-packages'
[0.420s] Level 1:colcon.colcon_core.environment:checking '/home/om/gazebo_ur/install/ur_description/bin'
[0.420s] INFO:colcon.colcon_core.shell:Creating package script '/home/om/gazebo_ur/install/ur_description/share/ur_description/package.ps1'
[0.420s] INFO:colcon.colcon_core.shell:Creating package descriptor '/home/om/gazebo_ur/install/ur_description/share/ur_description/package.dsv'
[0.421s] INFO:colcon.colcon_core.shell:Creating package script '/home/om/gazebo_ur/install/ur_description/share/ur_description/package.sh'
[0.421s] INFO:colcon.colcon_core.shell:Creating package script '/home/om/gazebo_ur/install/ur_description/share/ur_description/package.bash'
[0.422s] INFO:colcon.colcon_core.shell:Creating package script '/home/om/gazebo_ur/install/ur_description/share/ur_description/package.zsh'
[0.422s] Level 1:colcon.colcon_core.environment:create_file_with_runtime_dependencies(/home/om/gazebo_ur/install/ur_description/share/colcon-core/packages/ur_description)
[0.438s] DEBUG:colcon.colcon_core.event_handler.log_command:Invoked command in '/home/om/gazebo_ur/build/trac_ik_lib' returned '0': CMAKE_PREFIX_PATH=${CMAKE_PREFIX_PATH}:/home/om/gazebo_ur/install/robot_controller_py:/opt/ros/humble /usr/bin/cmake --build /home/om/gazebo_ur/build/trac_ik_lib -- -j12 -l12
[0.441s] Level 1:colcon.colcon_core.environment:create_environment_scripts_only(ur_description)
[0.442s] Level 1:colcon.colcon_core.environment:checking '/home/om/gazebo_ur/install/ur_description' for CMake module files
[0.442s] Level 1:colcon.colcon_core.environment:checking '/home/om/gazebo_ur/install/ur_description' for CMake config files
[0.443s] Level 1:colcon.colcon_core.environment:checking '/home/om/gazebo_ur/install/ur_description/bin'
[0.443s] Level 1:colcon.colcon_core.environment:checking '/home/om/gazebo_ur/install/ur_description/lib/pkgconfig/ur_description.pc'
[0.443s] Level 1:colcon.colcon_core.environment:checking '/home/om/gazebo_ur/install/ur_description/lib/python3.10/site-packages'
[0.443s] Level 1:colcon.colcon_core.environment:checking '/home/om/gazebo_ur/install/ur_description/bin'
[0.443s] INFO:colcon.colcon_core.shell:Creating package script '/home/om/gazebo_ur/install/ur_description/share/ur_description/package.ps1'
[0.444s] INFO:colcon.colcon_core.shell:Creating package descriptor '/home/om/gazebo_ur/install/ur_description/share/ur_description/package.dsv'
[0.444s] INFO:colcon.colcon_core.shell:Creating package script '/home/om/gazebo_ur/install/ur_description/share/ur_description/package.sh'
[0.444s] INFO:colcon.colcon_core.shell:Creating package script '/home/om/gazebo_ur/install/ur_description/share/ur_description/package.bash'
[0.445s] INFO:colcon.colcon_core.shell:Creating package script '/home/om/gazebo_ur/install/ur_description/share/ur_description/package.zsh'
[0.445s] Level 1:colcon.colcon_core.environment:create_file_with_runtime_dependencies(/home/om/gazebo_ur/install/ur_description/share/colcon-core/packages/ur_description)
[0.482s] DEBUG:colcon.colcon_core.event_handler.log_command:Invoking command in '/home/om/gazebo_ur/build/trac_ik_lib': CMAKE_PREFIX_PATH=${CMAKE_PREFIX_PATH}:/home/om/gazebo_ur/install/robot_controller_py:/opt/ros/humble /usr/bin/cmake --install /home/om/gazebo_ur/build/trac_ik_lib
[0.494s] Level 1:colcon.colcon_core.environment:create_environment_scripts_only(trac_ik_lib)
[0.495s] Level 1:colcon.colcon_core.environment:checking '/home/om/gazebo_ur/install/trac_ik_lib' for CMake module files
[0.495s] DEBUG:colcon.colcon_core.event_handler.log_command:Invoked command in '/home/om/gazebo_ur/build/trac_ik_lib' returned '0': CMAKE_PREFIX_PATH=${CMAKE_PREFIX_PATH}:/home/om/gazebo_ur/install/robot_controller_py:/opt/ros/humble /usr/bin/cmake --install /home/om/gazebo_ur/build/trac_ik_lib
[0.496s] Level 1:colcon.colcon_core.environment:checking '/home/om/gazebo_ur/install/trac_ik_lib' for CMake config files
[0.496s] Level 1:colcon.colcon_core.shell:create_environment_hook('trac_ik_lib', 'cmake_prefix_path')
[0.496s] INFO:colcon.colcon_core.shell:Creating environment hook '/home/om/gazebo_ur/install/trac_ik_lib/share/trac_ik_lib/hook/cmake_prefix_path.ps1'
[0.497s] INFO:colcon.colcon_core.shell:Creating environment descriptor '/home/om/gazebo_ur/install/trac_ik_lib/share/trac_ik_lib/hook/cmake_prefix_path.dsv'
[0.497s] INFO:colcon.colcon_core.shell:Creating environment hook '/home/om/gazebo_ur/install/trac_ik_lib/share/trac_ik_lib/hook/cmake_prefix_path.sh'
[0.498s] Level 1:colcon.colcon_core.environment:checking '/home/om/gazebo_ur/install/trac_ik_lib/lib'
[0.498s] Level 1:colcon.colcon_core.shell:create_environment_hook('trac_ik_lib', 'ld_library_path_lib')
[0.498s] INFO:colcon.colcon_core.shell:Creating environment hook '/home/om/gazebo_ur/install/trac_ik_lib/share/trac_ik_lib/hook/ld_library_path_lib.ps1'
[0.498s] INFO:colcon.colcon_core.shell:Creating environment descriptor '/home/om/gazebo_ur/install/trac_ik_lib/share/trac_ik_lib/hook/ld_library_path_lib.dsv'
[0.498s] INFO:colcon.colcon_core.shell:Creating environment hook '/home/om/gazebo_ur/install/trac_ik_lib/share/trac_ik_lib/hook/ld_library_path_lib.sh'
[0.499s] Level 1:colcon.colcon_core.environment:checking '/home/om/gazebo_ur/install/trac_ik_lib/bin'
[0.499s] Level 1:colcon.colcon_core.environment:checking '/home/om/gazebo_ur/install/trac_ik_lib/lib/pkgconfig/trac_ik_lib.pc'
[0.499s] Level 1:colcon.colcon_core.environment:checking '/home/om/gazebo_ur/install/trac_ik_lib/lib/python3.10/site-packages'
[0.499s] Level 1:colcon.colcon_core.environment:checking '/home/om/gazebo_ur/install/trac_ik_lib/bin'
[0.500s] INFO:colcon.colcon_core.shell:Creating package script '/home/om/gazebo_ur/install/trac_ik_lib/share/trac_ik_lib/package.ps1'
[0.500s] INFO:colcon.colcon_core.shell:Creating package descriptor '/home/om/gazebo_ur/install/trac_ik_lib/share/trac_ik_lib/package.dsv'
[0.500s] INFO:colcon.colcon_core.shell:Creating package script '/home/om/gazebo_ur/install/trac_ik_lib/share/trac_ik_lib/package.sh'
[0.501s] INFO:colcon.colcon_core.shell:Creating package script '/home/om/gazebo_ur/install/trac_ik_lib/share/trac_ik_lib/package.bash'
[0.501s] INFO:colcon.colcon_core.shell:Creating package script '/home/om/gazebo_ur/install/trac_ik_lib/share/trac_ik_lib/package.zsh'
[0.501s] Level 1:colcon.colcon_core.environment:create_file_with_runtime_dependencies(/home/om/gazebo_ur/install/trac_ik_lib/share/colcon-core/packages/trac_ik_lib)
[0.536s] Level 1:colcon.colcon_core.environment:create_environment_scripts_only(trac_ik_lib)
[0.536s] Level 1:colcon.colcon_core.environment:checking '/home/om/gazebo_ur/install/trac_ik_lib' for CMake module files
[0.536s] Level 1:colcon.colcon_core.environment:checking '/home/om/gazebo_ur/install/trac_ik_lib' for CMake config files
[0.536s] Level 1:colcon.colcon_core.shell:create_environment_hook('trac_ik_lib', 'cmake_prefix_path')
[0.537s] INFO:colcon.colcon_core.shell:Creating environment hook '/home/om/gazebo_ur/install/trac_ik_lib/share/trac_ik_lib/hook/cmake_prefix_path.ps1'
[0.537s] INFO:colcon.colcon_core.shell:Creating environment descriptor '/home/om/gazebo_ur/install/trac_ik_lib/share/trac_ik_lib/hook/cmake_prefix_path.dsv'
[0.537s] INFO:colcon.colcon_core.shell:Creating environment hook '/home/om/gazebo_ur/install/trac_ik_lib/share/trac_ik_lib/hook/cmake_prefix_path.sh'
[0.538s] Level 1:colcon.colcon_core.environment:checking '/home/om/gazebo_ur/install/trac_ik_lib/lib'
[0.538s] Level 1:colcon.colcon_core.shell:create_environment_hook('trac_ik_lib', 'ld_library_path_lib')
[0.538s] INFO:colcon.colcon_core.shell:Creating environment hook '/home/om/gazebo_ur/install/trac_ik_lib/share/trac_ik_lib/hook/ld_library_path_lib.ps1'
[0.539s] INFO:colcon.colcon_core.shell:Creating environment descriptor '/home/om/gazebo_ur/install/trac_ik_lib/share/trac_ik_lib/hook/ld_library_path_lib.dsv'
[0.539s] INFO:colcon.colcon_core.shell:Creating environment hook '/home/om/gazebo_ur/install/trac_ik_lib/share/trac_ik_lib/hook/ld_library_path_lib.sh'
[0.539s] Level 1:colcon.colcon_core.environment:checking '/home/om/gazebo_ur/install/trac_ik_lib/bin'
[0.539s] Level 1:colcon.colcon_core.environment:checking '/home/om/gazebo_ur/install/trac_ik_lib/lib/pkgconfig/trac_ik_lib.pc'
[0.539s] Level 1:colcon.colcon_core.environment:checking '/home/om/gazebo_ur/install/trac_ik_lib/lib/python3.10/site-packages'
[0.539s] Level 1:colcon.colcon_core.environment:checking '/home/om/gazebo_ur/install/trac_ik_lib/bin'
[0.540s] INFO:colcon.colcon_core.shell:Creating package script '/home/om/gazebo_ur/install/trac_ik_lib/share/trac_ik_lib/package.ps1'
[0.540s] INFO:colcon.colcon_core.shell:Creating package descriptor '/home/om/gazebo_ur/install/trac_ik_lib/share/trac_ik_lib/package.dsv'
[0.540s] INFO:colcon.colcon_core.shell:Creating package script '/home/om/gazebo_ur/install/trac_ik_lib/share/trac_ik_lib/package.sh'
[0.541s] INFO:colcon.colcon_core.shell:Creating package script '/home/om/gazebo_ur/install/trac_ik_lib/share/trac_ik_lib/package.bash'
[0.541s] INFO:colcon.colcon_core.shell:Creating package script '/home/om/gazebo_ur/install/trac_ik_lib/share/trac_ik_lib/package.zsh'
[0.541s] Level 1:colcon.colcon_core.environment:create_file_with_runtime_dependencies(/home/om/gazebo_ur/install/trac_ik_lib/share/colcon-core/packages/trac_ik_lib)
[0.542s] INFO:colcon.colcon_ros.task.ament_cmake.build:Building ROS package in '/home/om/gazebo_ur/src/trac_ik/trac_ik_kinematics_plugin' with build type 'ament_cmake'
[0.542s] INFO:colcon.colcon_cmake.task.cmake.build:Building CMake package in '/home/om/gazebo_ur/src/trac_ik/trac_ik_kinematics_plugin'
[0.542s] INFO:colcon.colcon_core.shell:Skip shell extension 'powershell' for command environment: Not usable outside of PowerShell
[0.542s] DEBUG:colcon.colcon_core.shell:Skip shell extension 'dsv' for command environment
[0.552s] DEBUG:colcon.colcon_core.event_handler.log_command:Invoking command in '/home/om/gazebo_ur/build/trac_ik_kinematics_plugin': CMAKE_PREFIX_PATH=/home/om/gazebo_ur/install/trac_ik_lib:/home/om/gazebo_ur/install/ur_simulation_gazebo:/home/om/gazebo_ur/install/trac_ik:/home/om/gazebo_ur/install/trac_ik_kinematics_plugin:/home/om/gazebo_ur/install/robot_controller:/home/om/gazebo_ur/install/robot_controller_py:/opt/ros/humble LD_LIBRARY_PATH=/home/om/gazebo_ur/install/trac_ik_lib/lib:/home/om/gazebo_ur/install/trac_ik_kinematics_plugin/lib:/usr/lib/x86_64-linux-gnu/gazebo-11/plugins:/opt/ros/humble/opt/rviz_ogre_vendor/lib:/opt/ros/humble/lib/x86_64-linux-gnu:/opt/ros/humble/lib /usr/bin/cmake --build /home/om/gazebo_ur/build/trac_ik_kinematics_plugin -- -j12 -l12
[0.654s] DEBUG:colcon.colcon_core.event_handler.log_command:Invoked command in '/home/om/gazebo_ur/build/trac_ik_kinematics_plugin' returned '0': CMAKE_PREFIX_PATH=/home/om/gazebo_ur/install/trac_ik_lib:/home/om/gazebo_ur/install/ur_simulation_gazebo:/home/om/gazebo_ur/install/trac_ik:/home/om/gazebo_ur/install/trac_ik_kinematics_plugin:/home/om/gazebo_ur/install/robot_controller:/home/om/gazebo_ur/install/robot_controller_py:/opt/ros/humble LD_LIBRARY_PATH=/home/om/gazebo_ur/install/trac_ik_lib/lib:/home/om/gazebo_ur/install/trac_ik_kinematics_plugin/lib:/usr/lib/x86_64-linux-gnu/gazebo-11/plugins:/opt/ros/humble/opt/rviz_ogre_vendor/lib:/opt/ros/humble/lib/x86_64-linux-gnu:/opt/ros/humble/lib /usr/bin/cmake --build /home/om/gazebo_ur/build/trac_ik_kinematics_plugin -- -j12 -l12
[0.682s] DEBUG:colcon.colcon_core.event_handler.log_command:Invoking command in '/home/om/gazebo_ur/build/trac_ik_kinematics_plugin': CMAKE_PREFIX_PATH=/home/om/gazebo_ur/install/trac_ik_lib:/home/om/gazebo_ur/install/ur_simulation_gazebo:/home/om/gazebo_ur/install/trac_ik:/home/om/gazebo_ur/install/trac_ik_kinematics_plugin:/home/om/gazebo_ur/install/robot_controller:/home/om/gazebo_ur/install/robot_controller_py:/opt/ros/humble LD_LIBRARY_PATH=/home/om/gazebo_ur/install/trac_ik_lib/lib:/home/om/gazebo_ur/install/trac_ik_kinematics_plugin/lib:/usr/lib/x86_64-linux-gnu/gazebo-11/plugins:/opt/ros/humble/opt/rviz_ogre_vendor/lib:/opt/ros/humble/lib/x86_64-linux-gnu:/opt/ros/humble/lib /usr/bin/cmake --install /home/om/gazebo_ur/build/trac_ik_kinematics_plugin
[0.694s] Level 1:colcon.colcon_core.environment:create_environment_scripts_only(trac_ik_kinematics_plugin)
[0.695s] DEBUG:colcon.colcon_core.event_handler.log_command:Invoked command in '/home/om/gazebo_ur/build/trac_ik_kinematics_plugin' returned '0': CMAKE_PREFIX_PATH=/home/om/gazebo_ur/install/trac_ik_lib:/home/om/gazebo_ur/install/ur_simulation_gazebo:/home/om/gazebo_ur/install/trac_ik:/home/om/gazebo_ur/install/trac_ik_kinematics_plugin:/home/om/gazebo_ur/install/robot_controller:/home/om/gazebo_ur/install/robot_controller_py:/opt/ros/humble LD_LIBRARY_PATH=/home/om/gazebo_ur/install/trac_ik_lib/lib:/home/om/gazebo_ur/install/trac_ik_kinematics_plugin/lib:/usr/lib/x86_64-linux-gnu/gazebo-11/plugins:/opt/ros/humble/opt/rviz_ogre_vendor/lib:/opt/ros/humble/lib/x86_64-linux-gnu:/opt/ros/humble/lib /usr/bin/cmake --install /home/om/gazebo_ur/build/trac_ik_kinematics_plugin
[0.695s] Level 1:colcon.colcon_core.environment:checking '/home/om/gazebo_ur/install/trac_ik_kinematics_plugin' for CMake module files
[0.695s] Level 1:colcon.colcon_core.environment:checking '/home/om/gazebo_ur/install/trac_ik_kinematics_plugin' for CMake config files
[0.696s] Level 1:colcon.colcon_core.shell:create_environment_hook('trac_ik_kinematics_plugin', 'cmake_prefix_path')
[0.696s] INFO:colcon.colcon_core.shell:Creating environment hook '/home/om/gazebo_ur/install/trac_ik_kinematics_plugin/share/trac_ik_kinematics_plugin/hook/cmake_prefix_path.ps1'
[0.696s] INFO:colcon.colcon_core.shell:Creating environment descriptor '/home/om/gazebo_ur/install/trac_ik_kinematics_plugin/share/trac_ik_kinematics_plugin/hook/cmake_prefix_path.dsv'
[0.697s] INFO:colcon.colcon_core.shell:Creating environment hook '/home/om/gazebo_ur/install/trac_ik_kinematics_plugin/share/trac_ik_kinematics_plugin/hook/cmake_prefix_path.sh'
[0.698s] Level 1:colcon.colcon_core.environment:checking '/home/om/gazebo_ur/install/trac_ik_kinematics_plugin/lib'
[0.698s] Level 1:colcon.colcon_core.shell:create_environment_hook('trac_ik_kinematics_plugin', 'ld_library_path_lib')
[0.699s] INFO:colcon.colcon_core.shell:Creating environment hook '/home/om/gazebo_ur/install/trac_ik_kinematics_plugin/share/trac_ik_kinematics_plugin/hook/ld_library_path_lib.ps1'
[0.699s] INFO:colcon.colcon_core.shell:Creating environment descriptor '/home/om/gazebo_ur/install/trac_ik_kinematics_plugin/share/trac_ik_kinematics_plugin/hook/ld_library_path_lib.dsv'
[0.700s] INFO:colcon.colcon_core.shell:Creating environment hook '/home/om/gazebo_ur/install/trac_ik_kinematics_plugin/share/trac_ik_kinematics_plugin/hook/ld_library_path_lib.sh'
[0.701s] Level 1:colcon.colcon_core.environment:checking '/home/om/gazebo_ur/install/trac_ik_kinematics_plugin/bin'
[0.701s] Level 1:colcon.colcon_core.environment:checking '/home/om/gazebo_ur/install/trac_ik_kinematics_plugin/lib/pkgconfig/trac_ik_kinematics_plugin.pc'
[0.701s] Level 1:colcon.colcon_core.environment:checking '/home/om/gazebo_ur/install/trac_ik_kinematics_plugin/lib/python3.10/site-packages'
[0.702s] Level 1:colcon.colcon_core.environment:checking '/home/om/gazebo_ur/install/trac_ik_kinematics_plugin/bin'
[0.702s] INFO:colcon.colcon_core.shell:Creating package script '/home/om/gazebo_ur/install/trac_ik_kinematics_plugin/share/trac_ik_kinematics_plugin/package.ps1'
[0.703s] INFO:colcon.colcon_core.shell:Creating package descriptor '/home/om/gazebo_ur/install/trac_ik_kinematics_plugin/share/trac_ik_kinematics_plugin/package.dsv'
[0.703s] INFO:colcon.colcon_core.shell:Creating package script '/home/om/gazebo_ur/install/trac_ik_kinematics_plugin/share/trac_ik_kinematics_plugin/package.sh'
[0.704s] INFO:colcon.colcon_core.shell:Creating package script '/home/om/gazebo_ur/install/trac_ik_kinematics_plugin/share/trac_ik_kinematics_plugin/package.bash'
[0.704s] INFO:colcon.colcon_core.shell:Creating package script '/home/om/gazebo_ur/install/trac_ik_kinematics_plugin/share/trac_ik_kinematics_plugin/package.zsh'
[0.704s] Level 1:colcon.colcon_core.environment:create_file_with_runtime_dependencies(/home/om/gazebo_ur/install/trac_ik_kinematics_plugin/share/colcon-core/packages/trac_ik_kinematics_plugin)
[0.735s] Level 1:colcon.colcon_core.environment:create_environment_scripts_only(trac_ik_kinematics_plugin)
[0.735s] Level 1:colcon.colcon_core.environment:checking '/home/om/gazebo_ur/install/trac_ik_kinematics_plugin' for CMake module files
[0.736s] Level 1:colcon.colcon_core.environment:checking '/home/om/gazebo_ur/install/trac_ik_kinematics_plugin' for CMake config files
[0.736s] Level 1:colcon.colcon_core.shell:create_environment_hook('trac_ik_kinematics_plugin', 'cmake_prefix_path')
[0.737s] INFO:colcon.colcon_core.shell:Creating environment hook '/home/om/gazebo_ur/install/trac_ik_kinematics_plugin/share/trac_ik_kinematics_plugin/hook/cmake_prefix_path.ps1'
[0.737s] INFO:colcon.colcon_core.shell:Creating environment descriptor '/home/om/gazebo_ur/install/trac_ik_kinematics_plugin/share/trac_ik_kinematics_plugin/hook/cmake_prefix_path.dsv'
[0.738s] INFO:colcon.colcon_core.shell:Creating environment hook '/home/om/gazebo_ur/install/trac_ik_kinematics_plugin/share/trac_ik_kinematics_plugin/hook/cmake_prefix_path.sh'
[0.738s] Level 1:colcon.colcon_core.environment:checking '/home/om/gazebo_ur/install/trac_ik_kinematics_plugin/lib'
[0.738s] Level 1:colcon.colcon_core.shell:create_environment_hook('trac_ik_kinematics_plugin', 'ld_library_path_lib')
[0.738s] INFO:colcon.colcon_core.shell:Creating environment hook '/home/om/gazebo_ur/install/trac_ik_kinematics_plugin/share/trac_ik_kinematics_plugin/hook/ld_library_path_lib.ps1'
[0.739s] INFO:colcon.colcon_core.shell:Creating environment descriptor '/home/om/gazebo_ur/install/trac_ik_kinematics_plugin/share/trac_ik_kinematics_plugin/hook/ld_library_path_lib.dsv'
[0.739s] INFO:colcon.colcon_core.shell:Creating environment hook '/home/om/gazebo_ur/install/trac_ik_kinematics_plugin/share/trac_ik_kinematics_plugin/hook/ld_library_path_lib.sh'
[0.739s] Level 1:colcon.colcon_core.environment:checking '/home/om/gazebo_ur/install/trac_ik_kinematics_plugin/bin'
[0.739s] Level 1:colcon.colcon_core.environment:checking '/home/om/gazebo_ur/install/trac_ik_kinematics_plugin/lib/pkgconfig/trac_ik_kinematics_plugin.pc'
[0.740s] Level 1:colcon.colcon_core.environment:checking '/home/om/gazebo_ur/install/trac_ik_kinematics_plugin/lib/python3.10/site-packages'
[0.740s] Level 1:colcon.colcon_core.environment:checking '/home/om/gazebo_ur/install/trac_ik_kinematics_plugin/bin'
[0.740s] INFO:colcon.colcon_core.shell:Creating package script '/home/om/gazebo_ur/install/trac_ik_kinematics_plugin/share/trac_ik_kinematics_plugin/package.ps1'
[0.741s] INFO:colcon.colcon_core.shell:Creating package descriptor '/home/om/gazebo_ur/install/trac_ik_kinematics_plugin/share/trac_ik_kinematics_plugin/package.dsv'
[0.741s] INFO:colcon.colcon_core.shell:Creating package script '/home/om/gazebo_ur/install/trac_ik_kinematics_plugin/share/trac_ik_kinematics_plugin/package.sh'
[0.742s] INFO:colcon.colcon_core.shell:Creating package script '/home/om/gazebo_ur/install/trac_ik_kinematics_plugin/share/trac_ik_kinematics_plugin/package.bash'
[0.742s] INFO:colcon.colcon_core.shell:Creating package script '/home/om/gazebo_ur/install/trac_ik_kinematics_plugin/share/trac_ik_kinematics_plugin/package.zsh'
[0.743s] Level 1:colcon.colcon_core.environment:create_file_with_runtime_dependencies(/home/om/gazebo_ur/install/trac_ik_kinematics_plugin/share/colcon-core/packages/trac_ik_kinematics_plugin)
[0.743s] INFO:colcon.colcon_ros.task.ament_cmake.build:Building ROS package in '/home/om/gazebo_ur/src/ur_moveit_config' with build type 'ament_cmake'
[0.743s] INFO:colcon.colcon_cmake.task.cmake.build:Building CMake package in '/home/om/gazebo_ur/src/ur_moveit_config'
[0.743s] INFO:colcon.colcon_core.shell:Skip shell extension 'powershell' for command environment: Not usable outside of PowerShell
[0.744s] DEBUG:colcon.colcon_core.shell:Skip shell extension 'dsv' for command environment
[0.749s] INFO:colcon.colcon_ros.task.ament_cmake.build:Building ROS package in '/home/om/gazebo_ur/src/trac_ik/trac_ik' with build type 'ament_cmake'
[0.749s] INFO:colcon.colcon_cmake.task.cmake.build:Building CMake package in '/home/om/gazebo_ur/src/trac_ik/trac_ik'
[0.749s] INFO:colcon.colcon_core.shell:Skip shell extension 'powershell' for command environment: Not usable outside of PowerShell
[0.749s] DEBUG:colcon.colcon_core.shell:Skip shell extension 'dsv' for command environment
[0.758s] DEBUG:colcon.colcon_core.event_handler.log_command:Invoking command in '/home/om/gazebo_ur/build/ur_moveit_config': CMAKE_PREFIX_PATH=/home/om/gazebo_ur/install/trac_ik_kinematics_plugin:/home/om/gazebo_ur/install/trac_ik_lib:/home/om/gazebo_ur/install/ur_simulation_gazebo:/home/om/gazebo_ur/install/trac_ik:/home/om/gazebo_ur/install/robot_controller:/home/om/gazebo_ur/install/robot_controller_py:/opt/ros/humble /usr/bin/cmake --build /home/om/gazebo_ur/build/ur_moveit_config -- -j12 -l12
[0.764s] DEBUG:colcon.colcon_core.event_handler.log_command:Invoking command in '/home/om/gazebo_ur/build/trac_ik': CMAKE_PREFIX_PATH=/home/om/gazebo_ur/install/trac_ik_kinematics_plugin:/home/om/gazebo_ur/install/trac_ik_lib:/home/om/gazebo_ur/install/ur_simulation_gazebo:/home/om/gazebo_ur/install/trac_ik:/home/om/gazebo_ur/install/robot_controller:/home/om/gazebo_ur/install/robot_controller_py:/opt/ros/humble /usr/bin/cmake --build /home/om/gazebo_ur/build/trac_ik -- -j12 -l12
[0.801s] DEBUG:colcon.colcon_core.event_handler.log_command:Invoked command in '/home/om/gazebo_ur/build/ur_moveit_config' returned '0': CMAKE_PREFIX_PATH=/home/om/gazebo_ur/install/trac_ik_kinematics_plugin:/home/om/gazebo_ur/install/trac_ik_lib:/home/om/gazebo_ur/install/ur_simulation_gazebo:/home/om/gazebo_ur/install/trac_ik:/home/om/gazebo_ur/install/robot_controller:/home/om/gazebo_ur/install/robot_controller_py:/opt/ros/humble /usr/bin/cmake --build /home/om/gazebo_ur/build/ur_moveit_config -- -j12 -l12
[0.808s] DEBUG:colcon.colcon_core.event_handler.log_command:Invoked command in '/home/om/gazebo_ur/build/trac_ik' returned '0': CMAKE_PREFIX_PATH=/home/om/gazebo_ur/install/trac_ik_kinematics_plugin:/home/om/gazebo_ur/install/trac_ik_lib:/home/om/gazebo_ur/install/ur_simulation_gazebo:/home/om/gazebo_ur/install/trac_ik:/home/om/gazebo_ur/install/robot_controller:/home/om/gazebo_ur/install/robot_controller_py:/opt/ros/humble /usr/bin/cmake --build /home/om/gazebo_ur/build/trac_ik -- -j12 -l12
[0.819s] WARNING:colcon.colcon_cmake.task.cmake.build:Could not run installation step for package 'ur_moveit_config' because it has no 'install' target
[0.819s] Level 1:colcon.colcon_core.environment:create_environment_scripts_only(ur_moveit_config)
[0.819s] Level 1:colcon.colcon_core.environment:checking '/home/om/gazebo_ur/install/ur_moveit_config' for CMake module files
[0.820s] Level 1:colcon.colcon_core.environment:checking '/home/om/gazebo_ur/install/ur_moveit_config' for CMake config files
[0.820s] Level 1:colcon.colcon_core.environment:checking '/home/om/gazebo_ur/install/ur_moveit_config/bin'
[0.821s] Level 1:colcon.colcon_core.environment:checking '/home/om/gazebo_ur/install/ur_moveit_config/lib/pkgconfig/ur_moveit_config.pc'
[0.821s] Level 1:colcon.colcon_core.environment:checking '/home/om/gazebo_ur/install/ur_moveit_config/lib/python3.10/site-packages'
[0.821s] Level 1:colcon.colcon_core.environment:checking '/home/om/gazebo_ur/install/ur_moveit_config/bin'
[0.822s] INFO:colcon.colcon_core.shell:Creating package script '/home/om/gazebo_ur/install/ur_moveit_config/share/ur_moveit_config/package.ps1'
[0.822s] INFO:colcon.colcon_core.shell:Creating package descriptor '/home/om/gazebo_ur/install/ur_moveit_config/share/ur_moveit_config/package.dsv'
[0.822s] INFO:colcon.colcon_core.shell:Creating package script '/home/om/gazebo_ur/install/ur_moveit_config/share/ur_moveit_config/package.sh'
[0.823s] INFO:colcon.colcon_core.shell:Creating package script '/home/om/gazebo_ur/install/ur_moveit_config/share/ur_moveit_config/package.bash'
[0.823s] INFO:colcon.colcon_core.shell:Creating package script '/home/om/gazebo_ur/install/ur_moveit_config/share/ur_moveit_config/package.zsh'
[0.823s] Level 1:colcon.colcon_core.environment:create_file_with_runtime_dependencies(/home/om/gazebo_ur/install/ur_moveit_config/share/colcon-core/packages/ur_moveit_config)
[0.835s] DEBUG:colcon.colcon_core.event_handler.log_command:Invoking command in '/home/om/gazebo_ur/build/trac_ik': CMAKE_PREFIX_PATH=/home/om/gazebo_ur/install/trac_ik_kinematics_plugin:/home/om/gazebo_ur/install/trac_ik_lib:/home/om/gazebo_ur/install/ur_simulation_gazebo:/home/om/gazebo_ur/install/trac_ik:/home/om/gazebo_ur/install/robot_controller:/home/om/gazebo_ur/install/robot_controller_py:/opt/ros/humble /usr/bin/cmake --install /home/om/gazebo_ur/build/trac_ik
[0.842s] Level 1:colcon.colcon_core.environment:create_environment_scripts_only(ur_moveit_config)
[0.842s] Level 1:colcon.colcon_core.environment:checking '/home/om/gazebo_ur/install/ur_moveit_config' for CMake module files
[0.843s] Level 1:colcon.colcon_core.environment:checking '/home/om/gazebo_ur/install/ur_moveit_config' for CMake config files
[0.844s] Level 1:colcon.colcon_core.environment:checking '/home/om/gazebo_ur/install/ur_moveit_config/bin'
[0.844s] Level 1:colcon.colcon_core.environment:checking '/home/om/gazebo_ur/install/ur_moveit_config/lib/pkgconfig/ur_moveit_config.pc'
[0.845s] Level 1:colcon.colcon_core.environment:checking '/home/om/gazebo_ur/install/ur_moveit_config/lib/python3.10/site-packages'
[0.845s] Level 1:colcon.colcon_core.environment:checking '/home/om/gazebo_ur/install/ur_moveit_config/bin'
[0.845s] INFO:colcon.colcon_core.shell:Creating package script '/home/om/gazebo_ur/install/ur_moveit_config/share/ur_moveit_config/package.ps1'
[0.846s] INFO:colcon.colcon_core.shell:Creating package descriptor '/home/om/gazebo_ur/install/ur_moveit_config/share/ur_moveit_config/package.dsv'
[0.846s] INFO:colcon.colcon_core.shell:Creating package script '/home/om/gazebo_ur/install/ur_moveit_config/share/ur_moveit_config/package.sh'
[0.847s] INFO:colcon.colcon_core.shell:Creating package script '/home/om/gazebo_ur/install/ur_moveit_config/share/ur_moveit_config/package.bash'
[0.847s] INFO:colcon.colcon_core.shell:Creating package script '/home/om/gazebo_ur/install/ur_moveit_config/share/ur_moveit_config/package.zsh'
[0.847s] Level 1:colcon.colcon_core.environment:create_file_with_runtime_dependencies(/home/om/gazebo_ur/install/ur_moveit_config/share/colcon-core/packages/ur_moveit_config)
[0.848s] INFO:colcon.colcon_ros.task.ament_cmake.build:Building ROS package in '/home/om/gazebo_ur/src/Universal_Robots_ROS2_Gazebo_Simulation/ur_simulation_gazebo' with build type 'ament_cmake'
[0.848s] INFO:colcon.colcon_cmake.task.cmake.build:Building CMake package in '/home/om/gazebo_ur/src/Universal_Robots_ROS2_Gazebo_Simulation/ur_simulation_gazebo'
[0.848s] INFO:colcon.colcon_core.shell:Skip shell extension 'powershell' for command environment: Not usable outside of PowerShell
[0.848s] DEBUG:colcon.colcon_core.shell:Skip shell extension 'dsv' for command environment
[0.854s] Level 1:colcon.colcon_core.environment:create_environment_scripts_only(trac_ik)
[0.854s] Level 1:colcon.colcon_core.environment:checking '/home/om/gazebo_ur/install/trac_ik' for CMake module files
[0.854s] DEBUG:colcon.colcon_core.event_handler.log_command:Invoked command in '/home/om/gazebo_ur/build/trac_ik' returned '0': CMAKE_PREFIX_PATH=/home/om/gazebo_ur/install/trac_ik_kinematics_plugin:/home/om/gazebo_ur/install/trac_ik_lib:/home/om/gazebo_ur/install/ur_simulation_gazebo:/home/om/gazebo_ur/install/trac_ik:/home/om/gazebo_ur/install/robot_controller:/home/om/gazebo_ur/install/robot_controller_py:/opt/ros/humble /usr/bin/cmake --install /home/om/gazebo_ur/build/trac_ik
[0.855s] Level 1:colcon.colcon_core.environment:checking '/home/om/gazebo_ur/install/trac_ik' for CMake config files
[0.855s] Level 1:colcon.colcon_core.shell:create_environment_hook('trac_ik', 'cmake_prefix_path')
[0.855s] INFO:colcon.colcon_core.shell:Creating environment hook '/home/om/gazebo_ur/install/trac_ik/share/trac_ik/hook/cmake_prefix_path.ps1'
[0.856s] INFO:colcon.colcon_core.shell:Creating environment descriptor '/home/om/gazebo_ur/install/trac_ik/share/trac_ik/hook/cmake_prefix_path.dsv'
[0.856s] INFO:colcon.colcon_core.shell:Creating environment hook '/home/om/gazebo_ur/install/trac_ik/share/trac_ik/hook/cmake_prefix_path.sh'
[0.856s] Level 1:colcon.colcon_core.environment:checking '/home/om/gazebo_ur/install/trac_ik/bin'
[0.857s] Level 1:colcon.colcon_core.environment:checking '/home/om/gazebo_ur/install/trac_ik/lib/pkgconfig/trac_ik.pc'
[0.857s] Level 1:colcon.colcon_core.environment:checking '/home/om/gazebo_ur/install/trac_ik/lib/python3.10/site-packages'
[0.857s] Level 1:colcon.colcon_core.environment:checking '/home/om/gazebo_ur/install/trac_ik/bin'
[0.857s] INFO:colcon.colcon_core.shell:Creating package script '/home/om/gazebo_ur/install/trac_ik/share/trac_ik/package.ps1'
[0.858s] INFO:colcon.colcon_core.shell:Creating package descriptor '/home/om/gazebo_ur/install/trac_ik/share/trac_ik/package.dsv'
[0.858s] INFO:colcon.colcon_core.shell:Creating package script '/home/om/gazebo_ur/install/trac_ik/share/trac_ik/package.sh'
[0.858s] INFO:colcon.colcon_core.shell:Creating package script '/home/om/gazebo_ur/install/trac_ik/share/trac_ik/package.bash'
[0.859s] INFO:colcon.colcon_core.shell:Creating package script '/home/om/gazebo_ur/install/trac_ik/share/trac_ik/package.zsh'
[0.859s] Level 1:colcon.colcon_core.environment:create_file_with_runtime_dependencies(/home/om/gazebo_ur/install/trac_ik/share/colcon-core/packages/trac_ik)
[0.863s] DEBUG:colcon.colcon_core.event_handler.log_command:Invoking command in '/home/om/gazebo_ur/build/ur_simulation_gazebo': CMAKE_PREFIX_PATH=/home/om/gazebo_ur/install/trac_ik_kinematics_plugin:/home/om/gazebo_ur/install/trac_ik_lib:/home/om/gazebo_ur/install/ur_simulation_gazebo:/home/om/gazebo_ur/install/trac_ik:/home/om/gazebo_ur/install/robot_controller:/home/om/gazebo_ur/install/robot_controller_py:/opt/ros/humble /usr/bin/cmake --build /home/om/gazebo_ur/build/ur_simulation_gazebo -- -j12 -l12
[0.884s] Level 1:colcon.colcon_core.environment:create_environment_scripts_only(trac_ik)
[0.884s] Level 1:colcon.colcon_core.environment:checking '/home/om/gazebo_ur/install/trac_ik' for CMake module files
[0.885s] Level 1:colcon.colcon_core.environment:checking '/home/om/gazebo_ur/install/trac_ik' for CMake config files
[0.885s] Level 1:colcon.colcon_core.shell:create_environment_hook('trac_ik', 'cmake_prefix_path')
[0.885s] INFO:colcon.colcon_core.shell:Creating environment hook '/home/om/gazebo_ur/install/trac_ik/share/trac_ik/hook/cmake_prefix_path.ps1'
[0.886s] INFO:colcon.colcon_core.shell:Creating environment descriptor '/home/om/gazebo_ur/install/trac_ik/share/trac_ik/hook/cmake_prefix_path.dsv'
[0.886s] INFO:colcon.colcon_core.shell:Creating environment hook '/home/om/gazebo_ur/install/trac_ik/share/trac_ik/hook/cmake_prefix_path.sh'
[0.886s] Level 1:colcon.colcon_core.environment:checking '/home/om/gazebo_ur/install/trac_ik/bin'
[0.887s] Level 1:colcon.colcon_core.environment:checking '/home/om/gazebo_ur/install/trac_ik/lib/pkgconfig/trac_ik.pc'
[0.887s] Level 1:colcon.colcon_core.environment:checking '/home/om/gazebo_ur/install/trac_ik/lib/python3.10/site-packages'
[0.887s] Level 1:colcon.colcon_core.environment:checking '/home/om/gazebo_ur/install/trac_ik/bin'
[0.887s] INFO:colcon.colcon_core.shell:Creating package script '/home/om/gazebo_ur/install/trac_ik/share/trac_ik/package.ps1'
[0.887s] INFO:colcon.colcon_core.shell:Creating package descriptor '/home/om/gazebo_ur/install/trac_ik/share/trac_ik/package.dsv'
[0.888s] INFO:colcon.colcon_core.shell:Creating package script '/home/om/gazebo_ur/install/trac_ik/share/trac_ik/package.sh'
[0.888s] INFO:colcon.colcon_core.shell:Creating package script '/home/om/gazebo_ur/install/trac_ik/share/trac_ik/package.bash'
[0.888s] INFO:colcon.colcon_core.shell:Creating package script '/home/om/gazebo_ur/install/trac_ik/share/trac_ik/package.zsh'
[0.889s] Level 1:colcon.colcon_core.environment:create_file_with_runtime_dependencies(/home/om/gazebo_ur/install/trac_ik/share/colcon-core/packages/trac_ik)
[0.904s] DEBUG:colcon.colcon_core.event_handler.log_command:Invoked command in '/home/om/gazebo_ur/build/ur_simulation_gazebo' returned '0': CMAKE_PREFIX_PATH=/home/om/gazebo_ur/install/trac_ik_kinematics_plugin:/home/om/gazebo_ur/install/trac_ik_lib:/home/om/gazebo_ur/install/ur_simulation_gazebo:/home/om/gazebo_ur/install/trac_ik:/home/om/gazebo_ur/install/robot_controller:/home/om/gazebo_ur/install/robot_controller_py:/opt/ros/humble /usr/bin/cmake --build /home/om/gazebo_ur/build/ur_simulation_gazebo -- -j12 -l12
[0.930s] DEBUG:colcon.colcon_core.event_handler.log_command:Invoking command in '/home/om/gazebo_ur/build/ur_simulation_gazebo': CMAKE_PREFIX_PATH=/home/om/gazebo_ur/install/trac_ik_kinematics_plugin:/home/om/gazebo_ur/install/trac_ik_lib:/home/om/gazebo_ur/install/ur_simulation_gazebo:/home/om/gazebo_ur/install/trac_ik:/home/om/gazebo_ur/install/robot_controller:/home/om/gazebo_ur/install/robot_controller_py:/opt/ros/humble /usr/bin/cmake --install /home/om/gazebo_ur/build/ur_simulation_gazebo
[0.941s] Level 1:colcon.colcon_core.environment:create_environment_scripts_only(ur_simulation_gazebo)
[0.941s] Level 1:colcon.colcon_core.environment:checking '/home/om/gazebo_ur/install/ur_simulation_gazebo' for CMake module files
[0.941s] DEBUG:colcon.colcon_core.event_handler.log_command:Invoked command in '/home/om/gazebo_ur/build/ur_simulation_gazebo' returned '0': CMAKE_PREFIX_PATH=/home/om/gazebo_ur/install/trac_ik_kinematics_plugin:/home/om/gazebo_ur/install/trac_ik_lib:/home/om/gazebo_ur/install/ur_simulation_gazebo:/home/om/gazebo_ur/install/trac_ik:/home/om/gazebo_ur/install/robot_controller:/home/om/gazebo_ur/install/robot_controller_py:/opt/ros/humble /usr/bin/cmake --install /home/om/gazebo_ur/build/ur_simulation_gazebo
[0.942s] Level 1:colcon.colcon_core.environment:checking '/home/om/gazebo_ur/install/ur_simulation_gazebo' for CMake config files
[0.942s] Level 1:colcon.colcon_core.shell:create_environment_hook('ur_simulation_gazebo', 'cmake_prefix_path')
[0.942s] INFO:colcon.colcon_core.shell:Creating environment hook '/home/om/gazebo_ur/install/ur_simulation_gazebo/share/ur_simulation_gazebo/hook/cmake_prefix_path.ps1'
[0.943s] INFO:colcon.colcon_core.shell:Creating environment descriptor '/home/om/gazebo_ur/install/ur_simulation_gazebo/share/ur_simulation_gazebo/hook/cmake_prefix_path.dsv'
[0.943s] INFO:colcon.colcon_core.shell:Creating environment hook '/home/om/gazebo_ur/install/ur_simulation_gazebo/share/ur_simulation_gazebo/hook/cmake_prefix_path.sh'
[0.943s] Level 1:colcon.colcon_core.environment:checking '/home/om/gazebo_ur/install/ur_simulation_gazebo/bin'
[0.943s] Level 1:colcon.colcon_core.environment:checking '/home/om/gazebo_ur/install/ur_simulation_gazebo/lib/pkgconfig/ur_simulation_gazebo.pc'
[0.943s] Level 1:colcon.colcon_core.environment:checking '/home/om/gazebo_ur/install/ur_simulation_gazebo/lib/python3.10/site-packages'
[0.944s] Level 1:colcon.colcon_core.environment:checking '/home/om/gazebo_ur/install/ur_simulation_gazebo/bin'
[0.944s] INFO:colcon.colcon_core.shell:Creating package script '/home/om/gazebo_ur/install/ur_simulation_gazebo/share/ur_simulation_gazebo/package.ps1'
[0.944s] INFO:colcon.colcon_core.shell:Creating package descriptor '/home/om/gazebo_ur/install/ur_simulation_gazebo/share/ur_simulation_gazebo/package.dsv'
[0.945s] INFO:colcon.colcon_core.shell:Creating package script '/home/om/gazebo_ur/install/ur_simulation_gazebo/share/ur_simulation_gazebo/package.sh'
[0.945s] INFO:colcon.colcon_core.shell:Creating package script '/home/om/gazebo_ur/install/ur_simulation_gazebo/share/ur_simulation_gazebo/package.bash'
[0.945s] INFO:colcon.colcon_core.shell:Creating package script '/home/om/gazebo_ur/install/ur_simulation_gazebo/share/ur_simulation_gazebo/package.zsh'
[0.946s] Level 1:colcon.colcon_core.environment:create_file_with_runtime_dependencies(/home/om/gazebo_ur/install/ur_simulation_gazebo/share/colcon-core/packages/ur_simulation_gazebo)
[0.970s] Level 1:colcon.colcon_core.environment:create_environment_scripts_only(ur_simulation_gazebo)
[0.970s] Level 1:colcon.colcon_core.environment:checking '/home/om/gazebo_ur/install/ur_simulation_gazebo' for CMake module files
[0.970s] Level 1:colcon.colcon_core.environment:checking '/home/om/gazebo_ur/install/ur_simulation_gazebo' for CMake config files
[0.970s] Level 1:colcon.colcon_core.shell:create_environment_hook('ur_simulation_gazebo', 'cmake_prefix_path')
[0.971s] INFO:colcon.colcon_core.shell:Creating environment hook '/home/om/gazebo_ur/install/ur_simulation_gazebo/share/ur_simulation_gazebo/hook/cmake_prefix_path.ps1'
[0.972s] INFO:colcon.colcon_core.shell:Creating environment descriptor '/home/om/gazebo_ur/install/ur_simulation_gazebo/share/ur_simulation_gazebo/hook/cmake_prefix_path.dsv'
[0.972s] INFO:colcon.colcon_core.shell:Creating environment hook '/home/om/gazebo_ur/install/ur_simulation_gazebo/share/ur_simulation_gazebo/hook/cmake_prefix_path.sh'
[0.972s] Level 1:colcon.colcon_core.environment:checking '/home/om/gazebo_ur/install/ur_simulation_gazebo/bin'
[0.973s] Level 1:colcon.colcon_core.environment:checking '/home/om/gazebo_ur/install/ur_simulation_gazebo/lib/pkgconfig/ur_simulation_gazebo.pc'
[0.973s] Level 1:colcon.colcon_core.environment:checking '/home/om/gazebo_ur/install/ur_simulation_gazebo/lib/python3.10/site-packages'
[0.973s] Level 1:colcon.colcon_core.environment:checking '/home/om/gazebo_ur/install/ur_simulation_gazebo/bin'
[0.973s] INFO:colcon.colcon_core.shell:Creating package script '/home/om/gazebo_ur/install/ur_simulation_gazebo/share/ur_simulation_gazebo/package.ps1'
[0.974s] INFO:colcon.colcon_core.shell:Creating package descriptor '/home/om/gazebo_ur/install/ur_simulation_gazebo/share/ur_simulation_gazebo/package.dsv'
[0.974s] INFO:colcon.colcon_core.shell:Creating package script '/home/om/gazebo_ur/install/ur_simulation_gazebo/share/ur_simulation_gazebo/package.sh'
[0.975s] INFO:colcon.colcon_core.shell:Creating package script '/home/om/gazebo_ur/install/ur_simulation_gazebo/share/ur_simulation_gazebo/package.bash'
[0.975s] INFO:colcon.colcon_core.shell:Creating package script '/home/om/gazebo_ur/install/ur_simulation_gazebo/share/ur_simulation_gazebo/package.zsh'
[0.975s] Level 1:colcon.colcon_core.environment:create_file_with_runtime_dependencies(/home/om/gazebo_ur/install/ur_simulation_gazebo/share/colcon-core/packages/ur_simulation_gazebo)
[11.500s] DEBUG:colcon.colcon_core.event_handler.log_command:Invoked command in '/home/om/gazebo_ur/build/robot_controller' returned '2': CMAKE_PREFIX_PATH=${CMAKE_PREFIX_PATH}:/home/om/gazebo_ur/install/robot_controller_py:/opt/ros/humble /usr/bin/cmake --build /home/om/gazebo_ur/build/robot_controller -- -j12 -l12
[11.529s] Level 1:colcon.colcon_core.environment:create_environment_scripts_only(robot_controller)
[11.530s] Level 1:colcon.colcon_core.environment:checking '/home/om/gazebo_ur/install/robot_controller' for CMake module files
[11.530s] Level 1:colcon.colcon_core.environment:checking '/home/om/gazebo_ur/install/robot_controller' for CMake config files
[11.530s] Level 1:colcon.colcon_core.shell:create_environment_hook('robot_controller', 'cmake_prefix_path')
[11.530s] INFO:colcon.colcon_core.shell:Creating environment hook '/home/om/gazebo_ur/install/robot_controller/share/robot_controller/hook/cmake_prefix_path.ps1'
[11.531s] INFO:colcon.colcon_core.shell:Creating environment descriptor '/home/om/gazebo_ur/install/robot_controller/share/robot_controller/hook/cmake_prefix_path.dsv'
[11.531s] INFO:colcon.colcon_core.shell:Creating environment hook '/home/om/gazebo_ur/install/robot_controller/share/robot_controller/hook/cmake_prefix_path.sh'
[11.531s] Level 1:colcon.colcon_core.environment:checking '/home/om/gazebo_ur/install/robot_controller/lib'
[11.532s] Level 1:colcon.colcon_core.environment:checking '/home/om/gazebo_ur/install/robot_controller/bin'
[11.532s] Level 1:colcon.colcon_core.environment:checking '/home/om/gazebo_ur/install/robot_controller/lib/pkgconfig/robot_controller.pc'
[11.532s] Level 1:colcon.colcon_core.environment:checking '/home/om/gazebo_ur/install/robot_controller/lib/python3.10/site-packages'
[11.532s] Level 1:colcon.colcon_core.environment:checking '/home/om/gazebo_ur/install/robot_controller/bin'
[11.532s] INFO:colcon.colcon_core.shell:Creating package script '/home/om/gazebo_ur/install/robot_controller/share/robot_controller/package.ps1'
[11.532s] INFO:colcon.colcon_core.shell:Creating package descriptor '/home/om/gazebo_ur/install/robot_controller/share/robot_controller/package.dsv'
[11.533s] INFO:colcon.colcon_core.shell:Creating package script '/home/om/gazebo_ur/install/robot_controller/share/robot_controller/package.sh'
[11.533s] INFO:colcon.colcon_core.shell:Creating package script '/home/om/gazebo_ur/install/robot_controller/share/robot_controller/package.bash'
[11.533s] INFO:colcon.colcon_core.shell:Creating package script '/home/om/gazebo_ur/install/robot_controller/share/robot_controller/package.zsh'
[11.534s] Level 1:colcon.colcon_core.environment:create_file_with_runtime_dependencies(/home/om/gazebo_ur/install/robot_controller/share/colcon-core/packages/robot_controller)
[11.544s] DEBUG:colcon.colcon_parallel_executor.executor.parallel:closing loop
[11.544s] DEBUG:colcon.colcon_parallel_executor.executor.parallel:loop closed
[11.544s] DEBUG:colcon.colcon_parallel_executor.executor.parallel:run_until_complete finished with '2'
[11.544s] DEBUG:colcon.colcon_core.event_reactor:joining thread
[11.549s] INFO:colcon.colcon_core.plugin_system:Skipping extension 'colcon_notification.desktop_notification.terminal_notifier': Not used on non-Darwin systems
[11.549s] INFO:colcon.colcon_core.plugin_system:Skipping extension 'colcon_notification.desktop_notification.win32': Not used on non-Windows systems
[11.549s] INFO:colcon.colcon_notification.desktop_notification:Sending desktop notification using 'notify2'
[11.559s] DEBUG:colcon.colcon_core.event_reactor:joined thread
[11.560s] INFO:colcon.colcon_core.shell:Creating prefix script '/home/om/gazebo_ur/install/local_setup.ps1'
[11.561s] INFO:colcon.colcon_core.shell:Creating prefix util module '/home/om/gazebo_ur/install/_local_setup_util_ps1.py'
[11.562s] INFO:colcon.colcon_core.shell:Creating prefix chain script '/home/om/gazebo_ur/install/setup.ps1'
[11.563s] INFO:colcon.colcon_core.shell:Creating prefix script '/home/om/gazebo_ur/install/local_setup.sh'
[11.563s] INFO:colcon.colcon_core.shell:Creating prefix util module '/home/om/gazebo_ur/install/_local_setup_util_sh.py'
[11.563s] INFO:colcon.colcon_core.shell:Creating prefix chain script '/home/om/gazebo_ur/install/setup.sh'
[11.564s] INFO:colcon.colcon_core.shell:Creating prefix script '/home/om/gazebo_ur/install/local_setup.bash'
[11.565s] INFO:colcon.colcon_core.shell:Creating prefix chain script '/home/om/gazebo_ur/install/setup.bash'
[11.566s] INFO:colcon.colcon_core.shell:Creating prefix script '/home/om/gazebo_ur/install/local_setup.zsh'
[11.566s] INFO:colcon.colcon_core.shell:Creating prefix chain script '/home/om/gazebo_ur/install/setup.zsh'
