[0.012s] Invoking command in '/home/om/gazebo_ur/build/ur_simulation_gazebo': CMAKE_PREFIX_PATH=/home/om/gazebo_ur/install/trac_ik_kinematics_plugin:/home/om/gazebo_ur/install/trac_ik_lib:/home/om/gazebo_ur/install/ur_simulation_gazebo:/home/om/gazebo_ur/install/trac_ik:/home/om/gazebo_ur/install/robot_controller:/home/om/gazebo_ur/install/robot_controller_py:/opt/ros/humble /usr/bin/cmake --build /home/om/gazebo_ur/build/ur_simulation_gazebo -- -j12 -l12
[0.050s] Invoked command in '/home/om/gazebo_ur/build/ur_simulation_gazebo' returned '0': CMAKE_PREFIX_PATH=/home/om/gazebo_ur/install/trac_ik_kinematics_plugin:/home/om/gazebo_ur/install/trac_ik_lib:/home/om/gazebo_ur/install/ur_simulation_gazebo:/home/om/gazebo_ur/install/trac_ik:/home/om/gazebo_ur/install/robot_controller:/home/om/gazebo_ur/install/robot_controller_py:/opt/ros/humble /usr/bin/cmake --build /home/om/gazebo_ur/build/ur_simulation_gazebo -- -j12 -l12
[0.072s] Invoking command in '/home/om/gazebo_ur/build/ur_simulation_gazebo': CMAKE_PREFIX_PATH=/home/om/gazebo_ur/install/trac_ik_kinematics_plugin:/home/om/gazebo_ur/install/trac_ik_lib:/home/om/gazebo_ur/install/ur_simulation_gazebo:/home/om/gazebo_ur/install/trac_ik:/home/om/gazebo_ur/install/robot_controller:/home/om/gazebo_ur/install/robot_controller_py:/opt/ros/humble /usr/bin/cmake --install /home/om/gazebo_ur/build/ur_simulation_gazebo
[0.079s] -- Install configuration: ""
[0.079s] -- Up-to-date: /home/om/gazebo_ur/install/ur_simulation_gazebo/share/ur_simulation_gazebo/config
[0.079s] -- Up-to-date: /home/om/gazebo_ur/install/ur_simulation_gazebo/share/ur_simulation_gazebo/config/ur_controllers.yaml
[0.079s] -- Up-to-date: /home/om/gazebo_ur/install/ur_simulation_gazebo/share/ur_simulation_gazebo/launch
[0.079s] -- Up-to-date: /home/om/gazebo_ur/install/ur_simulation_gazebo/share/ur_simulation_gazebo/launch/ur_sim_control.launch.py
[0.079s] -- Up-to-date: /home/om/gazebo_ur/install/ur_simulation_gazebo/share/ur_simulation_gazebo/launch/ur_sim_moveit.launch.py
[0.079s] -- Up-to-date: /home/om/gazebo_ur/install/ur_simulation_gazebo/share/ur_simulation_gazebo/launch/ur_sim_control.txt
[0.079s] -- Up-to-date: /home/om/gazebo_ur/install/ur_simulation_gazebo/share/ament_index/resource_index/package_run_dependencies/ur_simulation_gazebo
[0.079s] -- Up-to-date: /home/om/gazebo_ur/install/ur_simulation_gazebo/share/ament_index/resource_index/parent_prefix_path/ur_simulation_gazebo
[0.079s] -- Up-to-date: /home/om/gazebo_ur/install/ur_simulation_gazebo/share/ur_simulation_gazebo/environment/ament_prefix_path.sh
[0.079s] -- Up-to-date: /home/om/gazebo_ur/install/ur_simulation_gazebo/share/ur_simulation_gazebo/environment/ament_prefix_path.dsv
[0.080s] -- Up-to-date: /home/om/gazebo_ur/install/ur_simulation_gazebo/share/ur_simulation_gazebo/environment/path.sh
[0.080s] -- Up-to-date: /home/om/gazebo_ur/install/ur_simulation_gazebo/share/ur_simulation_gazebo/environment/path.dsv
[0.080s] -- Up-to-date: /home/om/gazebo_ur/install/ur_simulation_gazebo/share/ur_simulation_gazebo/local_setup.bash
[0.080s] -- Up-to-date: /home/om/gazebo_ur/install/ur_simulation_gazebo/share/ur_simulation_gazebo/local_setup.sh
[0.080s] -- Up-to-date: /home/om/gazebo_ur/install/ur_simulation_gazebo/share/ur_simulation_gazebo/local_setup.zsh
[0.080s] -- Up-to-date: /home/om/gazebo_ur/install/ur_simulation_gazebo/share/ur_simulation_gazebo/local_setup.dsv
[0.080s] -- Installing: /home/om/gazebo_ur/install/ur_simulation_gazebo/share/ur_simulation_gazebo/package.dsv
[0.080s] -- Up-to-date: /home/om/gazebo_ur/install/ur_simulation_gazebo/share/ament_index/resource_index/packages/ur_simulation_gazebo
[0.080s] -- Up-to-date: /home/om/gazebo_ur/install/ur_simulation_gazebo/share/ur_simulation_gazebo/cmake/ur_simulation_gazeboConfig.cmake
[0.080s] -- Up-to-date: /home/om/gazebo_ur/install/ur_simulation_gazebo/share/ur_simulation_gazebo/cmake/ur_simulation_gazeboConfig-version.cmake
[0.080s] -- Up-to-date: /home/om/gazebo_ur/install/ur_simulation_gazebo/share/ur_simulation_gazebo/package.xml
[0.082s] Invoked command in '/home/om/gazebo_ur/build/ur_simulation_gazebo' returned '0': CMAKE_PREFIX_PATH=/home/om/gazebo_ur/install/trac_ik_kinematics_plugin:/home/om/gazebo_ur/install/trac_ik_lib:/home/om/gazebo_ur/install/ur_simulation_gazebo:/home/om/gazebo_ur/install/trac_ik:/home/om/gazebo_ur/install/robot_controller:/home/om/gazebo_ur/install/robot_controller_py:/opt/ros/humble /usr/bin/cmake --install /home/om/gazebo_ur/build/ur_simulation_gazebo
