[ 50%] [32mBuilding CXX object CMakeFiles/trac_ik_lib.dir/src/nlopt_ik.cpp.o[0m
[ 50%] [32mBuilding CXX object CMakeFiles/trac_ik_lib.dir/src/trac_ik.cpp.o[0m
[ 75%] [32m[1mLinking CXX shared library libtrac_ik_lib.so[0m
[100%] Built target trac_ik_lib
-- Install configuration: ""
-- Installing: /home/om/gazebo_ur/install/trac_ik_lib/share/trac_ik_lib/environment/library_path.sh
-- Installing: /home/om/gazebo_ur/install/trac_ik_lib/share/trac_ik_lib/environment/library_path.dsv
-- Installing: /home/om/gazebo_ur/install/trac_ik_lib/include
-- Installing: /home/om/gazebo_ur/install/trac_ik_lib/include/trac_ik
-- Installing: /home/om/gazebo_ur/install/trac_ik_lib/include/trac_ik/math3d.h
-- Installing: /home/om/gazebo_ur/install/trac_ik_lib/include/trac_ik/visibility_control.hpp
-- Installing: /home/om/gazebo_ur/install/trac_ik_lib/include/trac_ik/nlopt_ik.hpp
-- Installing: /home/om/gazebo_ur/install/trac_ik_lib/include/trac_ik/trac_ik.hpp
-- Installing: /home/om/gazebo_ur/install/trac_ik_lib/include/trac_ik/kdl_tl.hpp
-- Installing: /home/om/gazebo_ur/install/trac_ik_lib/include/trac_ik/dual_quaternion.h
-- Installing: /home/om/gazebo_ur/install/trac_ik_lib/lib/libtrac_ik_lib.so
-- Set runtime path of "/home/om/gazebo_ur/install/trac_ik_lib/lib/libtrac_ik_lib.so" to ""
-- Installing: /home/om/gazebo_ur/install/trac_ik_lib/share/ament_index/resource_index/package_run_dependencies/trac_ik_lib
-- Installing: /home/om/gazebo_ur/install/trac_ik_lib/share/ament_index/resource_index/parent_prefix_path/trac_ik_lib
-- Installing: /home/om/gazebo_ur/install/trac_ik_lib/share/trac_ik_lib/environment/ament_prefix_path.sh
-- Installing: /home/om/gazebo_ur/install/trac_ik_lib/share/trac_ik_lib/environment/ament_prefix_path.dsv
-- Installing: /home/om/gazebo_ur/install/trac_ik_lib/share/trac_ik_lib/environment/path.sh
-- Installing: /home/om/gazebo_ur/install/trac_ik_lib/share/trac_ik_lib/environment/path.dsv
-- Installing: /home/om/gazebo_ur/install/trac_ik_lib/share/trac_ik_lib/local_setup.bash
-- Installing: /home/om/gazebo_ur/install/trac_ik_lib/share/trac_ik_lib/local_setup.sh
-- Installing: /home/om/gazebo_ur/install/trac_ik_lib/share/trac_ik_lib/local_setup.zsh
-- Installing: /home/om/gazebo_ur/install/trac_ik_lib/share/trac_ik_lib/local_setup.dsv
-- Installing: /home/om/gazebo_ur/install/trac_ik_lib/share/trac_ik_lib/package.dsv
-- Installing: /home/om/gazebo_ur/install/trac_ik_lib/share/ament_index/resource_index/packages/trac_ik_lib
-- Installing: /home/om/gazebo_ur/install/trac_ik_lib/share/trac_ik_lib/cmake/export_trac_ik_libExport.cmake
-- Installing: /home/om/gazebo_ur/install/trac_ik_lib/share/trac_ik_lib/cmake/export_trac_ik_libExport-noconfig.cmake
-- Installing: /home/om/gazebo_ur/install/trac_ik_lib/share/trac_ik_lib/cmake/ament_cmake_export_targets-extras.cmake
-- Installing: /home/om/gazebo_ur/install/trac_ik_lib/share/trac_ik_lib/cmake/ament_cmake_export_dependencies-extras.cmake
-- Installing: /home/om/gazebo_ur/install/trac_ik_lib/share/trac_ik_lib/cmake/trac_ik_libConfig.cmake
-- Installing: /home/om/gazebo_ur/install/trac_ik_lib/share/trac_ik_lib/cmake/trac_ik_libConfig-version.cmake
-- Installing: /home/om/gazebo_ur/install/trac_ik_lib/share/trac_ik_lib/package.xml
