[0.012s] Invoking command in '/home/om/gazebo_ur/build/trac_ik_lib': CMAKE_PREFIX_PATH=/opt/ros/humble /usr/bin/cmake --build /home/om/gazebo_ur/build/trac_ik_lib -- -j12 -l12
[0.068s] [ 50%] [32mBuilding CXX object CMakeFiles/trac_ik_lib.dir/src/nlopt_ik.cpp.o[0m
[0.068s] [ 50%] [32mBuilding CXX object CMakeFiles/trac_ik_lib.dir/src/trac_ik.cpp.o[0m
[8.115s] [ 75%] [32m[1mLinking CXX shared library libtrac_ik_lib.so[0m
[8.380s] [100%] Built target trac_ik_lib
[8.394s] Invoked command in '/home/om/gazebo_ur/build/trac_ik_lib' returned '0': CMAKE_PREFIX_PATH=/opt/ros/humble /usr/bin/cmake --build /home/om/gazebo_ur/build/trac_ik_lib -- -j12 -l12
[8.425s] Invoking command in '/home/om/gazebo_ur/build/trac_ik_lib': CMAKE_PREFIX_PATH=/opt/ros/humble /usr/bin/cmake --install /home/om/gazebo_ur/build/trac_ik_lib
[8.432s] -- Install configuration: ""
[8.432s] -- Installing: /home/om/gazebo_ur/install/trac_ik_lib/share/trac_ik_lib/environment/library_path.sh
[8.433s] -- Installing: /home/om/gazebo_ur/install/trac_ik_lib/share/trac_ik_lib/environment/library_path.dsv
[8.433s] -- Installing: /home/om/gazebo_ur/install/trac_ik_lib/include
[8.433s] -- Installing: /home/om/gazebo_ur/install/trac_ik_lib/include/trac_ik
[8.433s] -- Installing: /home/om/gazebo_ur/install/trac_ik_lib/include/trac_ik/math3d.h
[8.433s] -- Installing: /home/om/gazebo_ur/install/trac_ik_lib/include/trac_ik/visibility_control.hpp
[8.433s] -- Installing: /home/om/gazebo_ur/install/trac_ik_lib/include/trac_ik/nlopt_ik.hpp
[8.433s] -- Installing: /home/om/gazebo_ur/install/trac_ik_lib/include/trac_ik/trac_ik.hpp
[8.434s] -- Installing: /home/om/gazebo_ur/install/trac_ik_lib/include/trac_ik/kdl_tl.hpp
[8.434s] -- Installing: /home/om/gazebo_ur/install/trac_ik_lib/include/trac_ik/dual_quaternion.h
[8.434s] -- Installing: /home/om/gazebo_ur/install/trac_ik_lib/lib/libtrac_ik_lib.so
[8.441s] -- Set runtime path of "/home/om/gazebo_ur/install/trac_ik_lib/lib/libtrac_ik_lib.so" to ""
[8.441s] -- Installing: /home/om/gazebo_ur/install/trac_ik_lib/share/ament_index/resource_index/package_run_dependencies/trac_ik_lib
[8.441s] -- Installing: /home/om/gazebo_ur/install/trac_ik_lib/share/ament_index/resource_index/parent_prefix_path/trac_ik_lib
[8.441s] -- Installing: /home/om/gazebo_ur/install/trac_ik_lib/share/trac_ik_lib/environment/ament_prefix_path.sh
[8.441s] -- Installing: /home/om/gazebo_ur/install/trac_ik_lib/share/trac_ik_lib/environment/ament_prefix_path.dsv
[8.441s] -- Installing: /home/om/gazebo_ur/install/trac_ik_lib/share/trac_ik_lib/environment/path.sh
[8.442s] -- Installing: /home/om/gazebo_ur/install/trac_ik_lib/share/trac_ik_lib/environment/path.dsv
[8.442s] -- Installing: /home/om/gazebo_ur/install/trac_ik_lib/share/trac_ik_lib/local_setup.bash
[8.442s] -- Installing: /home/om/gazebo_ur/install/trac_ik_lib/share/trac_ik_lib/local_setup.sh
[8.442s] -- Installing: /home/om/gazebo_ur/install/trac_ik_lib/share/trac_ik_lib/local_setup.zsh
[8.442s] -- Installing: /home/om/gazebo_ur/install/trac_ik_lib/share/trac_ik_lib/local_setup.dsv
[8.442s] -- Installing: /home/om/gazebo_ur/install/trac_ik_lib/share/trac_ik_lib/package.dsv
[8.443s] -- Installing: /home/om/gazebo_ur/install/trac_ik_lib/share/ament_index/resource_index/packages/trac_ik_lib
[8.443s] -- Installing: /home/om/gazebo_ur/install/trac_ik_lib/share/trac_ik_lib/cmake/export_trac_ik_libExport.cmake
[8.443s] -- Installing: /home/om/gazebo_ur/install/trac_ik_lib/share/trac_ik_lib/cmake/export_trac_ik_libExport-noconfig.cmake
[8.443s] -- Installing: /home/om/gazebo_ur/install/trac_ik_lib/share/trac_ik_lib/cmake/ament_cmake_export_targets-extras.cmake
[8.443s] -- Installing: /home/om/gazebo_ur/install/trac_ik_lib/share/trac_ik_lib/cmake/ament_cmake_export_dependencies-extras.cmake
[8.443s] -- Installing: /home/om/gazebo_ur/install/trac_ik_lib/share/trac_ik_lib/cmake/trac_ik_libConfig.cmake
[8.444s] -- Installing: /home/om/gazebo_ur/install/trac_ik_lib/share/trac_ik_lib/cmake/trac_ik_libConfig-version.cmake
[8.444s] -- Installing: /home/om/gazebo_ur/install/trac_ik_lib/share/trac_ik_lib/package.xml
[8.446s] Invoked command in '/home/om/gazebo_ur/build/trac_ik_lib' returned '0': CMAKE_PREFIX_PATH=/opt/ros/humble /usr/bin/cmake --install /home/om/gazebo_ur/build/trac_ik_lib
