[0.008s] Invoking command in '/home/om/gazebo_ur/build/trac_ik_examples': AMENT_PREFIX_PATH=/home/om/gazebo_ur/install/trac_ik_lib:${AMENT_PREFIX_PATH} CMAKE_PREFIX_PATH=/home/om/gazebo_ur/install/trac_ik_lib:/opt/ros/humble LD_LIBRARY_PATH=/home/om/gazebo_ur/install/trac_ik_lib/lib:${LD_LIBRARY_PATH} /usr/bin/cmake /home/om/gazebo_ur/src/trac_ik/trac_ik_examples -DCMAKE_INSTALL_PREFIX=/home/om/gazebo_ur/install/trac_ik_examples
[0.020s] -- Found ament_cmake: 1.3.9 (/opt/ros/humble/share/ament_cmake/cmake)
[0.122s] -- Found rclcpp: 16.0.9 (/opt/ros/humble/share/rclcpp/cmake)
[0.163s] -- Found rosidl_generator_c: 3.1.5 (/opt/ros/humble/share/rosidl_generator_c/cmake)
[0.166s] -- Found rosidl_adapter: 3.1.5 (/opt/ros/humble/share/rosidl_adapter/cmake)
[0.171s] -- Found rosidl_generator_cpp: 3.1.5 (/opt/ros/humble/share/rosidl_generator_cpp/cmake)
[0.182s] -- Using all available rosidl_typesupport_c: rosidl_typesupport_fastrtps_c;rosidl_typesupport_introspection_c
[0.196s] -- Using all available rosidl_typesupport_cpp: rosidl_typesupport_fastrtps_cpp;rosidl_typesupport_introspection_cpp
[0.249s] -- Found rmw_implementation_cmake: 6.1.2 (/opt/ros/humble/share/rmw_implementation_cmake/cmake)
[0.250s] -- Found rmw_fastrtps_cpp: 6.2.6 (/opt/ros/humble/share/rmw_fastrtps_cpp/cmake)
[0.373s] -- Using RMW implementation 'rmw_fastrtps_cpp' as default
[0.514s] -- Found trac_ik_lib: 0.1.0 (/home/om/gazebo_ur/install/trac_ik_lib/share/trac_ik_lib/cmake)
[0.516s] -- Found eigen3_cmake_module: 0.1.1 (/opt/ros/humble/share/eigen3_cmake_module/cmake)
[0.517s] -- Ensuring Eigen3 include directory is part of orocos-kdl CMake target
[0.544s] -- Found ament_lint_auto: 0.12.11 (/opt/ros/humble/share/ament_lint_auto/cmake)
[0.602s] -- Added test 'copyright' to check source files copyright and LICENSE
[0.602s] -- Added test 'cppcheck' to perform static code analysis on C / C++ code
[0.603s] -- Configured cppcheck include dirs: 
[0.603s] -- Configured cppcheck exclude dirs and/or files: 
[0.603s] -- Added test 'cpplint' to check C / C++ code against the Google style
[0.603s] -- Configured cpplint exclude dirs and/or files: 
[0.604s] -- Added test 'flake8' to check Python code syntax and style conventions
[0.604s] -- Added test 'lint_cmake' to check CMake code style
[0.604s] -- Added test 'pep257' to check Python code against some of the docstring style conventions in PEP 257
[0.605s] -- Added test 'uncrustify' to check C / C++ code style
[0.605s] -- Configured uncrustify additional arguments: 
[0.605s] -- Added test 'xmllint' to check XML markup files
[0.606s] -- Configuring done
[0.610s] [31mCMake Error at CMakeLists.txt:24 (add_executable):
[0.610s]   Target "ik_tests" links to target "NLopt::nlopt" but the target was not
[0.610s]   found.  Perhaps a find_package() call is missing for an IMPORTED target, or
[0.610s]   an ALIAS target is missing?
[0.610s] 
[0.610s] [0m
[0.615s] -- Generating done
[0.616s] [0mCMake Generate step failed.  Build files cannot be regenerated correctly.[0m
[0.623s] Invoked command in '/home/om/gazebo_ur/build/trac_ik_examples' returned '1': AMENT_PREFIX_PATH=/home/om/gazebo_ur/install/trac_ik_lib:${AMENT_PREFIX_PATH} CMAKE_PREFIX_PATH=/home/om/gazebo_ur/install/trac_ik_lib:/opt/ros/humble LD_LIBRARY_PATH=/home/om/gazebo_ur/install/trac_ik_lib/lib:${LD_LIBRARY_PATH} /usr/bin/cmake /home/om/gazebo_ur/src/trac_ik/trac_ik_examples -DCMAKE_INSTALL_PREFIX=/home/om/gazebo_ur/install/trac_ik_examples
