[0.012s] Invoking command in '/home/om/ur5_gazebo/build/trac_ik': CMAKE_PREFIX_PATH=/home/om/ur5_gazebo/install/trac_ik_kinematics_plugin:/home/om/ur5_gazebo/install/trac_ik_lib:/home/om/ur5_gazebo/install/ur_simulation_gazebo:/home/om/ur5_gazebo/install/ur_moveit_config:/home/om/ur5_gazebo/install/ur_description:/home/om/ur5_gazebo/install/trac_ik:/home/om/ur5_gazebo/install/robot_controller:/opt/ros/humble /usr/bin/cmake /home/om/ur5_gazebo/src/trac_ik/trac_ik -DCMAKE_INSTALL_PREFIX=/home/om/ur5_gazebo/install/trac_ik
[0.074s] -- The C compiler identification is GNU 11.4.0
[0.124s] -- The CXX compiler identification is GNU 11.4.0
[0.131s] -- Detecting C compiler ABI info
[0.192s] -- Detecting C compiler ABI info - done
[0.199s] -- Check for working C compiler: /usr/bin/cc - skipped
[0.199s] -- Detecting C compile features
[0.199s] -- Detecting C compile features - done
[0.202s] -- Detecting CXX compiler ABI info
[0.271s] -- Detecting CXX compiler ABI info - done
[0.279s] -- Check for working CXX compiler: /usr/bin/c++ - skipped
[0.279s] -- Detecting CXX compile features
[0.279s] -- Detecting CXX compile features - done
[0.282s] -- Found ament_cmake: 1.3.9 (/opt/ros/humble/share/ament_cmake/cmake)
[0.406s] -- Found Python3: /usr/bin/python3 (found version "3.10.12") found components: Interpreter 
[0.549s] -- Configuring done
[0.551s] -- Generating done
[0.551s] -- Build files have been written to: /home/om/ur5_gazebo/build/trac_ik
[0.555s] Invoked command in '/home/om/ur5_gazebo/build/trac_ik' returned '0': CMAKE_PREFIX_PATH=/home/om/ur5_gazebo/install/trac_ik_kinematics_plugin:/home/om/ur5_gazebo/install/trac_ik_lib:/home/om/ur5_gazebo/install/ur_simulation_gazebo:/home/om/ur5_gazebo/install/ur_moveit_config:/home/om/ur5_gazebo/install/ur_description:/home/om/ur5_gazebo/install/trac_ik:/home/om/ur5_gazebo/install/robot_controller:/opt/ros/humble /usr/bin/cmake /home/om/ur5_gazebo/src/trac_ik/trac_ik -DCMAKE_INSTALL_PREFIX=/home/om/ur5_gazebo/install/trac_ik
[0.556s] Invoking command in '/home/om/ur5_gazebo/build/trac_ik': CMAKE_PREFIX_PATH=/home/om/ur5_gazebo/install/trac_ik_kinematics_plugin:/home/om/ur5_gazebo/install/trac_ik_lib:/home/om/ur5_gazebo/install/ur_simulation_gazebo:/home/om/ur5_gazebo/install/ur_moveit_config:/home/om/ur5_gazebo/install/ur_description:/home/om/ur5_gazebo/install/trac_ik:/home/om/ur5_gazebo/install/robot_controller:/opt/ros/humble /usr/bin/cmake --build /home/om/ur5_gazebo/build/trac_ik -- -j8 -l8
[0.588s] Invoked command in '/home/om/ur5_gazebo/build/trac_ik' returned '0': CMAKE_PREFIX_PATH=/home/om/ur5_gazebo/install/trac_ik_kinematics_plugin:/home/om/ur5_gazebo/install/trac_ik_lib:/home/om/ur5_gazebo/install/ur_simulation_gazebo:/home/om/ur5_gazebo/install/ur_moveit_config:/home/om/ur5_gazebo/install/ur_description:/home/om/ur5_gazebo/install/trac_ik:/home/om/ur5_gazebo/install/robot_controller:/opt/ros/humble /usr/bin/cmake --build /home/om/ur5_gazebo/build/trac_ik -- -j8 -l8
[0.609s] Invoking command in '/home/om/ur5_gazebo/build/trac_ik': CMAKE_PREFIX_PATH=/home/om/ur5_gazebo/install/trac_ik_kinematics_plugin:/home/om/ur5_gazebo/install/trac_ik_lib:/home/om/ur5_gazebo/install/ur_simulation_gazebo:/home/om/ur5_gazebo/install/ur_moveit_config:/home/om/ur5_gazebo/install/ur_description:/home/om/ur5_gazebo/install/trac_ik:/home/om/ur5_gazebo/install/robot_controller:/opt/ros/humble /usr/bin/cmake --install /home/om/ur5_gazebo/build/trac_ik
[0.615s] -- Install configuration: ""
[0.615s] -- Installing: /home/om/ur5_gazebo/install/trac_ik/share/ament_index/resource_index/package_run_dependencies/trac_ik
[0.615s] -- Installing: /home/om/ur5_gazebo/install/trac_ik/share/ament_index/resource_index/parent_prefix_path/trac_ik
[0.615s] -- Installing: /home/om/ur5_gazebo/install/trac_ik/share/trac_ik/environment/ament_prefix_path.sh
[0.615s] -- Installing: /home/om/ur5_gazebo/install/trac_ik/share/trac_ik/environment/ament_prefix_path.dsv
[0.615s] -- Installing: /home/om/ur5_gazebo/install/trac_ik/share/trac_ik/environment/path.sh
[0.615s] -- Installing: /home/om/ur5_gazebo/install/trac_ik/share/trac_ik/environment/path.dsv
[0.615s] -- Installing: /home/om/ur5_gazebo/install/trac_ik/share/trac_ik/local_setup.bash
[0.615s] -- Installing: /home/om/ur5_gazebo/install/trac_ik/share/trac_ik/local_setup.sh
[0.615s] -- Installing: /home/om/ur5_gazebo/install/trac_ik/share/trac_ik/local_setup.zsh
[0.615s] -- Installing: /home/om/ur5_gazebo/install/trac_ik/share/trac_ik/local_setup.dsv
[0.616s] -- Installing: /home/om/ur5_gazebo/install/trac_ik/share/trac_ik/package.dsv
[0.616s] -- Installing: /home/om/ur5_gazebo/install/trac_ik/share/ament_index/resource_index/packages/trac_ik
[0.616s] -- Installing: /home/om/ur5_gazebo/install/trac_ik/share/trac_ik/cmake/trac_ikConfig.cmake
[0.616s] -- Installing: /home/om/ur5_gazebo/install/trac_ik/share/trac_ik/cmake/trac_ikConfig-version.cmake
[0.616s] -- Installing: /home/om/ur5_gazebo/install/trac_ik/share/trac_ik/package.xml
[0.619s] Invoked command in '/home/om/ur5_gazebo/build/trac_ik' returned '0': CMAKE_PREFIX_PATH=/home/om/ur5_gazebo/install/trac_ik_kinematics_plugin:/home/om/ur5_gazebo/install/trac_ik_lib:/home/om/ur5_gazebo/install/ur_simulation_gazebo:/home/om/ur5_gazebo/install/ur_moveit_config:/home/om/ur5_gazebo/install/ur_description:/home/om/ur5_gazebo/install/trac_ik:/home/om/ur5_gazebo/install/robot_controller:/opt/ros/humble /usr/bin/cmake --install /home/om/ur5_gazebo/build/trac_ik
