running egg_info
creating ../../build/robot_controller_py/robot_controller_py.egg-info
writing ../../build/robot_controller_py/robot_controller_py.egg-info/PKG-INFO
writing dependency_links to ../../build/robot_controller_py/robot_controller_py.egg-info/dependency_links.txt
writing entry points to ../../build/robot_controller_py/robot_controller_py.egg-info/entry_points.txt
writing requirements to ../../build/robot_controller_py/robot_controller_py.egg-info/requires.txt
writing top-level names to ../../build/robot_controller_py/robot_controller_py.egg-info/top_level.txt
writing manifest file '../../build/robot_controller_py/robot_controller_py.egg-info/SOURCES.txt'
reading manifest file '../../build/robot_controller_py/robot_controller_py.egg-info/SOURCES.txt'
writing manifest file '../../build/robot_controller_py/robot_controller_py.egg-info/SOURCES.txt'
running build
running build_py
creating /home/om/gazebo_ur/build/robot_controller_py/build
creating /home/om/gazebo_ur/build/robot_controller_py/build/lib
creating /home/om/gazebo_ur/build/robot_controller_py/build/lib/robot_controller_py
copying robot_controller_py/__init__.py -> /home/om/gazebo_ur/build/robot_controller_py/build/lib/robot_controller_py
copying robot_controller_py/move_robot.py -> /home/om/gazebo_ur/build/robot_controller_py/build/lib/robot_controller_py
running install
running install_lib
creating /home/om/gazebo_ur/install/robot_controller_py/lib/python3.10/site-packages/robot_controller_py
copying /home/om/gazebo_ur/build/robot_controller_py/build/lib/robot_controller_py/__init__.py -> /home/om/gazebo_ur/install/robot_controller_py/lib/python3.10/site-packages/robot_controller_py
copying /home/om/gazebo_ur/build/robot_controller_py/build/lib/robot_controller_py/move_robot.py -> /home/om/gazebo_ur/install/robot_controller_py/lib/python3.10/site-packages/robot_controller_py
byte-compiling /home/om/gazebo_ur/install/robot_controller_py/lib/python3.10/site-packages/robot_controller_py/__init__.py to __init__.cpython-310.pyc
byte-compiling /home/om/gazebo_ur/install/robot_controller_py/lib/python3.10/site-packages/robot_controller_py/move_robot.py to move_robot.cpython-310.pyc
running install_data
creating /home/om/gazebo_ur/install/robot_controller_py/share/ament_index
creating /home/om/gazebo_ur/install/robot_controller_py/share/ament_index/resource_index
creating /home/om/gazebo_ur/install/robot_controller_py/share/ament_index/resource_index/packages
copying resource/robot_controller_py -> /home/om/gazebo_ur/install/robot_controller_py/share/ament_index/resource_index/packages
copying package.xml -> /home/om/gazebo_ur/install/robot_controller_py/share/robot_controller_py
running install_egg_info
Copying ../../build/robot_controller_py/robot_controller_py.egg-info to /home/om/gazebo_ur/install/robot_controller_py/lib/python3.10/site-packages/robot_controller_py-0.0.0-py3.10.egg-info
running install_scripts
writing list of installed files to '/home/om/gazebo_ur/build/robot_controller_py/install.log'
