[0.618s] Invoking command in '/home/om/gazebo_ur/src/robot_controller_py': PYTHONPATH=/home/om/gazebo_ur/build/robot_controller_py/prefix_override:/usr/lib/python3/dist-packages/colcon_core/task/python/colcon_distutils_commands:/home/om/gazebo_ur/install/robot_controller_py/lib/python3.10/site-packages:${PYTHONPATH} /usr/bin/python3 -W ignore:setup.py install is deprecated setup.py egg_info --egg-base ../../build/robot_controller_py build --build-base /home/om/gazebo_ur/build/robot_controller_py/build install --record /home/om/gazebo_ur/build/robot_controller_py/install.log --single-version-externally-managed install_data
[0.819s] running egg_info
[0.820s] creating ../../build/robot_controller_py/robot_controller_py.egg-info
[0.820s] writing ../../build/robot_controller_py/robot_controller_py.egg-info/PKG-INFO
[0.820s] writing dependency_links to ../../build/robot_controller_py/robot_controller_py.egg-info/dependency_links.txt
[0.820s] writing entry points to ../../build/robot_controller_py/robot_controller_py.egg-info/entry_points.txt
[0.820s] writing requirements to ../../build/robot_controller_py/robot_controller_py.egg-info/requires.txt
[0.820s] writing top-level names to ../../build/robot_controller_py/robot_controller_py.egg-info/top_level.txt
[0.820s] writing manifest file '../../build/robot_controller_py/robot_controller_py.egg-info/SOURCES.txt'
[0.821s] reading manifest file '../../build/robot_controller_py/robot_controller_py.egg-info/SOURCES.txt'
[0.822s] writing manifest file '../../build/robot_controller_py/robot_controller_py.egg-info/SOURCES.txt'
[0.822s] running build
[0.822s] running build_py
[0.822s] creating /home/om/gazebo_ur/build/robot_controller_py/build
[0.822s] creating /home/om/gazebo_ur/build/robot_controller_py/build/lib
[0.822s] creating /home/om/gazebo_ur/build/robot_controller_py/build/lib/robot_controller_py
[0.822s] copying robot_controller_py/__init__.py -> /home/om/gazebo_ur/build/robot_controller_py/build/lib/robot_controller_py
[0.822s] copying robot_controller_py/move_robot.py -> /home/om/gazebo_ur/build/robot_controller_py/build/lib/robot_controller_py
[0.823s] running install
[0.823s] running install_lib
[0.823s] creating /home/om/gazebo_ur/install/robot_controller_py/lib/python3.10/site-packages/robot_controller_py
[0.823s] copying /home/om/gazebo_ur/build/robot_controller_py/build/lib/robot_controller_py/__init__.py -> /home/om/gazebo_ur/install/robot_controller_py/lib/python3.10/site-packages/robot_controller_py
[0.824s] copying /home/om/gazebo_ur/build/robot_controller_py/build/lib/robot_controller_py/move_robot.py -> /home/om/gazebo_ur/install/robot_controller_py/lib/python3.10/site-packages/robot_controller_py
[0.824s] byte-compiling /home/om/gazebo_ur/install/robot_controller_py/lib/python3.10/site-packages/robot_controller_py/__init__.py to __init__.cpython-310.pyc
[0.824s] byte-compiling /home/om/gazebo_ur/install/robot_controller_py/lib/python3.10/site-packages/robot_controller_py/move_robot.py to move_robot.cpython-310.pyc
[0.824s] running install_data
[0.824s] creating /home/om/gazebo_ur/install/robot_controller_py/share/ament_index
[0.824s] creating /home/om/gazebo_ur/install/robot_controller_py/share/ament_index/resource_index
[0.824s] creating /home/om/gazebo_ur/install/robot_controller_py/share/ament_index/resource_index/packages
[0.825s] copying resource/robot_controller_py -> /home/om/gazebo_ur/install/robot_controller_py/share/ament_index/resource_index/packages
[0.825s] copying package.xml -> /home/om/gazebo_ur/install/robot_controller_py/share/robot_controller_py
[0.825s] running install_egg_info
[0.826s] Copying ../../build/robot_controller_py/robot_controller_py.egg-info to /home/om/gazebo_ur/install/robot_controller_py/lib/python3.10/site-packages/robot_controller_py-0.0.0-py3.10.egg-info
[0.827s] running install_scripts
[0.843s] writing list of installed files to '/home/om/gazebo_ur/build/robot_controller_py/install.log'
[0.861s] Invoked command in '/home/om/gazebo_ur/src/robot_controller_py' returned '0': PYTHONPATH=/home/om/gazebo_ur/build/robot_controller_py/prefix_override:/usr/lib/python3/dist-packages/colcon_core/task/python/colcon_distutils_commands:/home/om/gazebo_ur/install/robot_controller_py/lib/python3.10/site-packages:${PYTHONPATH} /usr/bin/python3 -W ignore:setup.py install is deprecated setup.py egg_info --egg-base ../../build/robot_controller_py build --build-base /home/om/gazebo_ur/build/robot_controller_py/build install --record /home/om/gazebo_ur/build/robot_controller_py/install.log --single-version-externally-managed install_data
