[0.010s] Invoking command in '/home/om/gazebo_ur/build/trac_ik_lib': CMAKE_PREFIX_PATH=${CMAKE_PREFIX_PATH}:/opt/ros/humble /usr/bin/cmake /home/om/gazebo_ur/src/trac_ik/trac_ik_lib -DCMAKE_INSTALL_PREFIX=/home/om/gazebo_ur/install/trac_ik_lib
[0.022s] -- Found ament_cmake: 1.3.9 (/opt/ros/humble/share/ament_cmake/cmake)
[0.124s] -- Found eigen3_cmake_module: 0.1.1 (/opt/ros/humble/share/eigen3_cmake_module/cmake)
[0.127s] -- Found kdl_parser: 2.6.4 (/opt/ros/humble/share/kdl_parser/cmake)
[0.134s] -- Ensuring Eigen3 include directory is part of orocos-kdl CMake target
[0.185s] -- Found rclcpp: 16.0.9 (/opt/ros/humble/share/rclcpp/cmake)
[0.309s] -- Found rosidl_generator_c: 3.1.5 (/opt/ros/humble/share/rosidl_generator_c/cmake)
[0.333s] -- Found rosidl_adapter: 3.1.5 (/opt/ros/humble/share/rosidl_adapter/cmake)
[0.361s] -- Found rosidl_generator_cpp: 3.1.5 (/opt/ros/humble/share/rosidl_generator_cpp/cmake)
[0.393s] -- Using all available rosidl_typesupport_c: rosidl_typesupport_fastrtps_c;rosidl_typesupport_introspection_c
[0.441s] -- Using all available rosidl_typesupport_cpp: rosidl_typesupport_fastrtps_cpp;rosidl_typesupport_introspection_cpp
[0.602s] -- Found rmw_implementation_cmake: 6.1.2 (/opt/ros/humble/share/rmw_implementation_cmake/cmake)
[0.614s] -- Found rmw_fastrtps_cpp: 6.2.6 (/opt/ros/humble/share/rmw_fastrtps_cpp/cmake)
[0.780s] -- Found OpenSSL: /usr/lib/x86_64-linux-gnu/libcrypto.so (found version "3.0.2")  
[0.818s] -- Found FastRTPS: /opt/ros/humble/include  
[0.885s] -- Using RMW implementation 'rmw_fastrtps_cpp' as default
[0.923s] -- Looking for pthread.h
[0.996s] -- Looking for pthread.h - found
[0.996s] -- Performing Test CMAKE_HAVE_LIBC_PTHREAD
[1.066s] -- Performing Test CMAKE_HAVE_LIBC_PTHREAD - Success
[1.067s] -- Found Threads: TRUE  
[1.266s] -- Found urdf: 2.6.0 (/opt/ros/humble/share/urdf/cmake)
[1.380s] -- Found ament_lint_auto: 0.12.11 (/opt/ros/humble/share/ament_lint_auto/cmake)
[1.534s] -- Added test 'copyright' to check source files copyright and LICENSE
[1.535s] -- Added test 'cpplint' to check C / C++ code against the Google style
[1.535s] -- Configured cpplint exclude dirs and/or files: 
[1.536s] -- Added test 'lint_cmake' to check CMake code style
[1.537s] -- Added test 'xmllint' to check XML markup files
[1.539s] -- Configuring done
[1.549s] -- Generating done
[1.550s] -- Build files have been written to: /home/om/gazebo_ur/build/trac_ik_lib
[1.558s] Invoked command in '/home/om/gazebo_ur/build/trac_ik_lib' returned '0': CMAKE_PREFIX_PATH=${CMAKE_PREFIX_PATH}:/opt/ros/humble /usr/bin/cmake /home/om/gazebo_ur/src/trac_ik/trac_ik_lib -DCMAKE_INSTALL_PREFIX=/home/om/gazebo_ur/install/trac_ik_lib
[1.560s] Invoking command in '/home/om/gazebo_ur/build/trac_ik_lib': CMAKE_PREFIX_PATH=${CMAKE_PREFIX_PATH}:/opt/ros/humble /usr/bin/cmake --build /home/om/gazebo_ur/build/trac_ik_lib -- -j12 -l12
[1.612s] [ 25%] [32mBuilding CXX object CMakeFiles/trac_ik_lib.dir/src/kdl_tl.cpp.o[0m
[1.612s] [ 75%] [32mBuilding CXX object CMakeFiles/trac_ik_lib.dir/src/trac_ik.cpp.o[0m
[1.612s] [ 75%] [32mBuilding CXX object CMakeFiles/trac_ik_lib.dir/src/nlopt_ik.cpp.o[0m
[1.683s] In file included from [01m[K/home/om/gazebo_ur/src/trac_ik/trac_ik_lib/src/nlopt_ik.cpp:30[m[K:
[1.683s] [01m[K/home/om/gazebo_ur/src/trac_ik/trac_ik_lib/include/trac_ik/nlopt_ik.hpp:36:10:[m[K [01;31m[Kfatal error: [m[Knlopt.hpp: No such file or directory
[1.683s]    36 | #include [01;31m[K"nlopt.hpp"[m[K
[1.683s]       |          [01;31m[K^~~~~~~~~~~[m[K
[1.683s] compilation terminated.
[1.684s] gmake[2]: *** [CMakeFiles/trac_ik_lib.dir/build.make:90: CMakeFiles/trac_ik_lib.dir/src/nlopt_ik.cpp.o] Error 1
[1.684s] gmake[2]: *** Waiting for unfinished jobs....
[1.846s] In file included from [01m[K/home/om/gazebo_ur/src/trac_ik/trac_ik_lib/include/trac_ik/trac_ik.hpp:42[m[K,
[1.846s]                  from [01m[K/home/om/gazebo_ur/src/trac_ik/trac_ik_lib/src/trac_ik.cpp:30[m[K:
[1.846s] [01m[K/home/om/gazebo_ur/src/trac_ik/trac_ik_lib/include/trac_ik/nlopt_ik.hpp:36:10:[m[K [01;31m[Kfatal error: [m[Knlopt.hpp: No such file or directory
[1.846s]    36 | #include [01;31m[K"nlopt.hpp"[m[K
[1.846s]       |          [01;31m[K^~~~~~~~~~~[m[K
[1.846s] compilation terminated.
[1.850s] gmake[2]: *** [CMakeFiles/trac_ik_lib.dir/build.make:104: CMakeFiles/trac_ik_lib.dir/src/trac_ik.cpp.o] Error 1
[2.751s] gmake[1]: *** [CMakeFiles/Makefile2:137: CMakeFiles/trac_ik_lib.dir/all] Error 2
[2.752s] gmake: *** [Makefile:146: all] Error 2
[2.754s] Invoked command in '/home/om/gazebo_ur/build/trac_ik_lib' returned '2': CMAKE_PREFIX_PATH=${CMAKE_PREFIX_PATH}:/opt/ros/humble /usr/bin/cmake --build /home/om/gazebo_ur/build/trac_ik_lib -- -j12 -l12
