[0.012s] Invoking command in '/home/om/ur5_gazebo/build/ur_moveit_config': CMAKE_PREFIX_PATH=/home/om/ur5_gazebo/install/trac_ik_kinematics_plugin:/home/om/ur5_gazebo/install/ur_description:/home/om/ur5_gazebo/install/trac_ik_lib:/home/om/ur5_gazebo/install/ur_simulation_gazebo:/home/om/ur5_gazebo/install/ur_moveit_config:/home/om/ur5_gazebo/install/trac_ik:/home/om/ur5_gazebo/install/robot_controller:/opt/ros/humble /usr/bin/cmake /home/om/ur5_gazebo/src/ur_moveit_config -DCMAKE_INSTALL_PREFIX=/home/om/ur5_gazebo/install/ur_moveit_config
[0.077s] -- The C compiler identification is GNU 11.4.0
[0.126s] -- The CXX compiler identification is GNU 11.4.0
[0.134s] -- Detecting C compiler ABI info
[0.198s] -- Detecting C compiler ABI info - done
[0.205s] -- Check for working C compiler: /usr/bin/cc - skipped
[0.205s] -- Detecting C compile features
[0.205s] -- Detecting C compile features - done
[0.208s] -- Detecting CXX compiler ABI info
[0.274s] -- Detecting CXX compiler ABI info - done
[0.281s] -- Check for working CXX compiler: /usr/bin/c++ - skipped
[0.282s] -- Detecting CXX compile features
[0.282s] -- Detecting CXX compile features - done
[0.285s] -- Found ament_cmake: 1.3.9 (/opt/ros/humble/share/ament_cmake/cmake)
[0.409s] -- Found Python3: /usr/bin/python3 (found version "3.10.12") found components: Interpreter 
[0.498s] -- Found ament_lint_auto: 0.12.11 (/opt/ros/humble/share/ament_lint_auto/cmake)
[0.552s] -- Configuring done
[0.554s] -- Generating done
[0.555s] -- Build files have been written to: /home/om/ur5_gazebo/build/ur_moveit_config
[0.561s] Invoked command in '/home/om/ur5_gazebo/build/ur_moveit_config' returned '0': CMAKE_PREFIX_PATH=/home/om/ur5_gazebo/install/trac_ik_kinematics_plugin:/home/om/ur5_gazebo/install/ur_description:/home/om/ur5_gazebo/install/trac_ik_lib:/home/om/ur5_gazebo/install/ur_simulation_gazebo:/home/om/ur5_gazebo/install/ur_moveit_config:/home/om/ur5_gazebo/install/trac_ik:/home/om/ur5_gazebo/install/robot_controller:/opt/ros/humble /usr/bin/cmake /home/om/ur5_gazebo/src/ur_moveit_config -DCMAKE_INSTALL_PREFIX=/home/om/ur5_gazebo/install/ur_moveit_config
[0.561s] Invoking command in '/home/om/ur5_gazebo/build/ur_moveit_config': CMAKE_PREFIX_PATH=/home/om/ur5_gazebo/install/trac_ik_kinematics_plugin:/home/om/ur5_gazebo/install/ur_description:/home/om/ur5_gazebo/install/trac_ik_lib:/home/om/ur5_gazebo/install/ur_simulation_gazebo:/home/om/ur5_gazebo/install/ur_moveit_config:/home/om/ur5_gazebo/install/trac_ik:/home/om/ur5_gazebo/install/robot_controller:/opt/ros/humble /usr/bin/cmake --build /home/om/ur5_gazebo/build/ur_moveit_config -- -j8 -l8
[0.594s] Invoked command in '/home/om/ur5_gazebo/build/ur_moveit_config' returned '0': CMAKE_PREFIX_PATH=/home/om/ur5_gazebo/install/trac_ik_kinematics_plugin:/home/om/ur5_gazebo/install/ur_description:/home/om/ur5_gazebo/install/trac_ik_lib:/home/om/ur5_gazebo/install/ur_simulation_gazebo:/home/om/ur5_gazebo/install/ur_moveit_config:/home/om/ur5_gazebo/install/trac_ik:/home/om/ur5_gazebo/install/robot_controller:/opt/ros/humble /usr/bin/cmake --build /home/om/ur5_gazebo/build/ur_moveit_config -- -j8 -l8
[0.614s] Invoking command in '/home/om/ur5_gazebo/build/ur_moveit_config': CMAKE_PREFIX_PATH=/home/om/ur5_gazebo/install/trac_ik_kinematics_plugin:/home/om/ur5_gazebo/install/ur_description:/home/om/ur5_gazebo/install/trac_ik_lib:/home/om/ur5_gazebo/install/ur_simulation_gazebo:/home/om/ur5_gazebo/install/ur_moveit_config:/home/om/ur5_gazebo/install/trac_ik:/home/om/ur5_gazebo/install/robot_controller:/opt/ros/humble /usr/bin/cmake --install /home/om/ur5_gazebo/build/ur_moveit_config
[0.620s] -- Install configuration: ""
[0.620s] -- Installing: /home/om/ur5_gazebo/install/ur_moveit_config/share/ur_moveit_config/launch
[0.620s] -- Installing: /home/om/ur5_gazebo/install/ur_moveit_config/share/ur_moveit_config/launch/ur_moveit.launch.py
[0.621s] -- Installing: /home/om/ur5_gazebo/install/ur_moveit_config/share/ur_moveit_config/config
[0.621s] -- Installing: /home/om/ur5_gazebo/install/ur_moveit_config/share/ur_moveit_config/config/controllers.yaml
[0.621s] -- Installing: /home/om/ur5_gazebo/install/ur_moveit_config/share/ur_moveit_config/config/joint_limits.yaml
[0.621s] -- Installing: /home/om/ur5_gazebo/install/ur_moveit_config/share/ur_moveit_config/config/ur_servo.yaml
[0.621s] -- Installing: /home/om/ur5_gazebo/install/ur_moveit_config/share/ur_moveit_config/config/ompl_planning.yaml
[0.621s] -- Installing: /home/om/ur5_gazebo/install/ur_moveit_config/share/ur_moveit_config/config/kinematics.yaml
[0.621s] -- Installing: /home/om/ur5_gazebo/install/ur_moveit_config/share/ur_moveit_config/srdf
[0.621s] -- Installing: /home/om/ur5_gazebo/install/ur_moveit_config/share/ur_moveit_config/srdf/ur.srdf.xacro
[0.621s] -- Installing: /home/om/ur5_gazebo/install/ur_moveit_config/share/ur_moveit_config/srdf/ur_macro.srdf.xacro
[0.621s] -- Installing: /home/om/ur5_gazebo/install/ur_moveit_config/share/ur_moveit_config/rviz
[0.621s] -- Installing: /home/om/ur5_gazebo/install/ur_moveit_config/share/ur_moveit_config/rviz/view_robot.rviz
[0.622s] -- Installing: /home/om/ur5_gazebo/install/ur_moveit_config/share/ament_index/resource_index/package_run_dependencies/ur_moveit_config
[0.622s] -- Installing: /home/om/ur5_gazebo/install/ur_moveit_config/share/ament_index/resource_index/parent_prefix_path/ur_moveit_config
[0.622s] -- Installing: /home/om/ur5_gazebo/install/ur_moveit_config/share/ur_moveit_config/environment/ament_prefix_path.sh
[0.622s] -- Installing: /home/om/ur5_gazebo/install/ur_moveit_config/share/ur_moveit_config/environment/ament_prefix_path.dsv
[0.623s] -- Installing: /home/om/ur5_gazebo/install/ur_moveit_config/share/ur_moveit_config/environment/path.sh
[0.623s] -- Installing: /home/om/ur5_gazebo/install/ur_moveit_config/share/ur_moveit_config/environment/path.dsv
[0.623s] -- Installing: /home/om/ur5_gazebo/install/ur_moveit_config/share/ur_moveit_config/local_setup.bash
[0.623s] -- Installing: /home/om/ur5_gazebo/install/ur_moveit_config/share/ur_moveit_config/local_setup.sh
[0.623s] -- Installing: /home/om/ur5_gazebo/install/ur_moveit_config/share/ur_moveit_config/local_setup.zsh
[0.623s] -- Installing: /home/om/ur5_gazebo/install/ur_moveit_config/share/ur_moveit_config/local_setup.dsv
[0.623s] -- Installing: /home/om/ur5_gazebo/install/ur_moveit_config/share/ur_moveit_config/package.dsv
[0.623s] -- Installing: /home/om/ur5_gazebo/install/ur_moveit_config/share/ament_index/resource_index/packages/ur_moveit_config
[0.623s] -- Installing: /home/om/ur5_gazebo/install/ur_moveit_config/share/ur_moveit_config/cmake/ur_moveit_configConfig.cmake
[0.623s] -- Installing: /home/om/ur5_gazebo/install/ur_moveit_config/share/ur_moveit_config/cmake/ur_moveit_configConfig-version.cmake
[0.623s] -- Installing: /home/om/ur5_gazebo/install/ur_moveit_config/share/ur_moveit_config/package.xml
[0.628s] Invoked command in '/home/om/ur5_gazebo/build/ur_moveit_config' returned '0': CMAKE_PREFIX_PATH=/home/om/ur5_gazebo/install/trac_ik_kinematics_plugin:/home/om/ur5_gazebo/install/ur_description:/home/om/ur5_gazebo/install/trac_ik_lib:/home/om/ur5_gazebo/install/ur_simulation_gazebo:/home/om/ur5_gazebo/install/ur_moveit_config:/home/om/ur5_gazebo/install/trac_ik:/home/om/ur5_gazebo/install/robot_controller:/opt/ros/humble /usr/bin/cmake --install /home/om/ur5_gazebo/build/ur_moveit_config
