[0.015s] Invoking command in '/home/om/gazebo_ur/build/robot_controller': CMAKE_PREFIX_PATH=${CMAKE_PREFIX_PATH}:/home/om/gazebo_ur/install/robot_controller_py:/opt/ros/humble /usr/bin/cmake --build /home/om/gazebo_ur/build/robot_controller -- -j12 -l12
[0.084s] [ 75%] [32mBuilding CXX object CMakeFiles/move_robot_targetpose.dir/src/move_robot_targetpose.cpp.o[0m
[0.084s] [ 75%] Built target move_robot
[4.153s] [01m[K/home/om/gazebo_ur/src/robot_controller/src/move_robot_targetpose.cpp:[m[K In member function ‘[01m[Kvoid TestTrajectory::plan_arm_target_pose()[m[K’:
[4.153s] [01m[K/home/om/gazebo_ur/src/robot_controller/src/move_robot_targetpose.cpp:76:106:[m[K [01;35m[Kwarning: [m[K‘[01m[Kusing MoveItErrorCode = class moveit::core::MoveItErrorCode[m[K’ is deprecated: Use moveit::core::MoveItErrorCode [[01;35m[K]8;;https://gcc.gnu.org/onlinedocs/gcc/Warning-Options.html#index-Wdeprecated-declarations-Wdeprecated-declarations]8;;[m[K]
[4.153s]    76 |     bool success_arm = (move_group_arm.plan(my_plan_arm) == moveit::planning_interface::MoveItErrorCode::[01;35m[KSUCCESS[m[K);
[4.154s]       |                                                                                                          [01;35m[K^~~~~~~[m[K
[4.154s] In file included from [01m[K/home/om/gazebo_ur/src/robot_controller/src/move_robot_targetpose.cpp:1[m[K:
[4.154s] [01m[K/opt/ros/humble/include/moveit/move_group_interface/move_group_interface.h:71:7:[m[K [01;36m[Knote: [m[Kdeclared here
[4.154s]    71 | using [01;36m[KMoveItErrorCode[m[K [[deprecated("Use moveit::core::MoveItErrorCode")]] = moveit::core::MoveItErrorCode;
[4.154s]       |       [01;36m[K^~~~~~~~~~~~~~~[m[K
[10.254s] [100%] [32m[1mLinking CXX executable move_robot_targetpose[0m
[10.896s] [100%] Built target move_robot_targetpose
[10.909s] Invoked command in '/home/om/gazebo_ur/build/robot_controller' returned '0': CMAKE_PREFIX_PATH=${CMAKE_PREFIX_PATH}:/home/om/gazebo_ur/install/robot_controller_py:/opt/ros/humble /usr/bin/cmake --build /home/om/gazebo_ur/build/robot_controller -- -j12 -l12
[10.939s] Invoking command in '/home/om/gazebo_ur/build/robot_controller': CMAKE_PREFIX_PATH=${CMAKE_PREFIX_PATH}:/home/om/gazebo_ur/install/robot_controller_py:/opt/ros/humble /usr/bin/cmake --install /home/om/gazebo_ur/build/robot_controller
[10.946s] -- Install configuration: ""
[10.946s] -- Up-to-date: /home/om/gazebo_ur/install/robot_controller/lib/robot_controller/move_robot
[10.947s] -- Installing: /home/om/gazebo_ur/install/robot_controller/lib/robot_controller/move_robot_targetpose
[10.954s] -- Set runtime path of "/home/om/gazebo_ur/install/robot_controller/lib/robot_controller/move_robot_targetpose" to ""
[10.954s] -- Up-to-date: /home/om/gazebo_ur/install/robot_controller/share/robot_controller/launch
[10.955s] -- Up-to-date: /home/om/gazebo_ur/install/robot_controller/share/robot_controller/launch/move_robot_targetpose.launch.py
[10.955s] -- Up-to-date: /home/om/gazebo_ur/install/robot_controller/share/robot_controller/launch/move_robot.launch.py
[10.955s] -- Up-to-date: /home/om/gazebo_ur/install/robot_controller/share/ament_index/resource_index/package_run_dependencies/robot_controller
[10.955s] -- Up-to-date: /home/om/gazebo_ur/install/robot_controller/share/ament_index/resource_index/parent_prefix_path/robot_controller
[10.955s] -- Up-to-date: /home/om/gazebo_ur/install/robot_controller/share/robot_controller/environment/ament_prefix_path.sh
[10.955s] -- Up-to-date: /home/om/gazebo_ur/install/robot_controller/share/robot_controller/environment/ament_prefix_path.dsv
[10.955s] -- Up-to-date: /home/om/gazebo_ur/install/robot_controller/share/robot_controller/environment/path.sh
[10.955s] -- Up-to-date: /home/om/gazebo_ur/install/robot_controller/share/robot_controller/environment/path.dsv
[10.955s] -- Up-to-date: /home/om/gazebo_ur/install/robot_controller/share/robot_controller/local_setup.bash
[10.956s] -- Up-to-date: /home/om/gazebo_ur/install/robot_controller/share/robot_controller/local_setup.sh
[10.956s] -- Up-to-date: /home/om/gazebo_ur/install/robot_controller/share/robot_controller/local_setup.zsh
[10.956s] -- Up-to-date: /home/om/gazebo_ur/install/robot_controller/share/robot_controller/local_setup.dsv
[10.956s] -- Installing: /home/om/gazebo_ur/install/robot_controller/share/robot_controller/package.dsv
[10.956s] -- Up-to-date: /home/om/gazebo_ur/install/robot_controller/share/ament_index/resource_index/packages/robot_controller
[10.956s] -- Up-to-date: /home/om/gazebo_ur/install/robot_controller/share/robot_controller/cmake/robot_controllerConfig.cmake
[10.956s] -- Up-to-date: /home/om/gazebo_ur/install/robot_controller/share/robot_controller/cmake/robot_controllerConfig-version.cmake
[10.956s] -- Up-to-date: /home/om/gazebo_ur/install/robot_controller/share/robot_controller/package.xml
[10.958s] Invoked command in '/home/om/gazebo_ur/build/robot_controller' returned '0': CMAKE_PREFIX_PATH=${CMAKE_PREFIX_PATH}:/home/om/gazebo_ur/install/robot_controller_py:/opt/ros/humble /usr/bin/cmake --install /home/om/gazebo_ur/build/robot_controller
