[0.020s] Invoking command in '/home/om/ur5_gazebo/build/trac_ik_lib': CMAKE_PREFIX_PATH=${CMAKE_PREFIX_PATH}:/opt/ros/humble /usr/bin/cmake /home/om/ur5_gazebo/src/trac_ik/trac_ik_lib -DCMAKE_INSTALL_PREFIX=/home/om/ur5_gazebo/install/trac_ik_lib
[0.082s] -- The C compiler identification is GNU 11.4.0
[0.146s] -- The CXX compiler identification is GNU 11.4.0
[0.154s] -- Detecting C compiler ABI info
[0.233s] -- Detecting C compiler ABI info - done
[0.243s] -- Check for working C compiler: /usr/bin/cc - skipped
[0.243s] -- Detecting C compile features
[0.243s] -- Detecting C compile features - done
[0.247s] -- Detecting CXX compiler ABI info
[0.339s] -- Detecting CXX compiler ABI info - done
[0.348s] -- Check for working CXX compiler: /usr/bin/c++ - skipped
[0.349s] -- Detecting CXX compile features
[0.349s] -- Detecting CXX compile features - done
[0.351s] -- Found ament_cmake: 1.3.9 (/opt/ros/humble/share/ament_cmake/cmake)
[0.516s] -- Found Python3: /usr/bin/python3 (found version "3.10.12") found components: Interpreter 
[0.614s] -- Found rclcpp: 16.0.9 (/opt/ros/humble/share/rclcpp/cmake)
[0.661s] -- Found rosidl_generator_c: 3.1.5 (/opt/ros/humble/share/rosidl_generator_c/cmake)
[0.667s] -- Found rosidl_adapter: 3.1.5 (/opt/ros/humble/share/rosidl_adapter/cmake)
[0.676s] -- Found rosidl_generator_cpp: 3.1.5 (/opt/ros/humble/share/rosidl_generator_cpp/cmake)
[0.693s] -- Using all available rosidl_typesupport_c: rosidl_typesupport_fastrtps_c;rosidl_typesupport_introspection_c
[0.716s] -- Using all available rosidl_typesupport_cpp: rosidl_typesupport_fastrtps_cpp;rosidl_typesupport_introspection_cpp
[0.803s] -- Found rmw_implementation_cmake: 6.1.2 (/opt/ros/humble/share/rmw_implementation_cmake/cmake)
[0.806s] -- Found rmw_fastrtps_cpp: 6.2.6 (/opt/ros/humble/share/rmw_fastrtps_cpp/cmake)
[0.925s] -- Found OpenSSL: /usr/lib/x86_64-linux-gnu/libcrypto.so (found version "3.0.2")  
[0.956s] -- Found FastRTPS: /opt/ros/humble/include  
[1.013s] -- Using RMW implementation 'rmw_fastrtps_cpp' as default
[1.024s] -- Looking for pthread.h
[1.104s] -- Looking for pthread.h - found
[1.104s] -- Performing Test CMAKE_HAVE_LIBC_PTHREAD
[1.186s] -- Performing Test CMAKE_HAVE_LIBC_PTHREAD - Success
[1.187s] -- Found Threads: TRUE  
[1.392s] -- Found geometry_msgs: 4.2.4 (/opt/ros/humble/share/geometry_msgs/cmake)
[1.449s] -- Found kdl_parser: 2.6.4 (/opt/ros/humble/share/kdl_parser/cmake)
[1.462s] -- Found eigen3_cmake_module: 0.1.1 (/opt/ros/humble/share/eigen3_cmake_module/cmake)
[1.464s] -- Found Eigen3: TRUE (found version "3.4.0") 
[1.464s] -- Ensuring Eigen3 include directory is part of orocos-kdl CMake target
[1.468s] -- Found urdf: 2.6.0 (/opt/ros/humble/share/urdf/cmake)
[1.514s] -- Found PkgConfig: /usr/bin/pkg-config (found version "0.29.2") 
[1.515s] -- Checking for module 'eigen3'
[1.536s] --   Found eigen3, version 3.4.0
[1.576s] -- Checking for module 'nlopt'
[1.592s] --   Found nlopt, version 2.7.1
[1.714s] -- Configuring done
[1.725s] -- Generating done
[1.727s] -- Build files have been written to: /home/om/ur5_gazebo/build/trac_ik_lib
[1.739s] Invoked command in '/home/om/ur5_gazebo/build/trac_ik_lib' returned '0': CMAKE_PREFIX_PATH=${CMAKE_PREFIX_PATH}:/opt/ros/humble /usr/bin/cmake /home/om/ur5_gazebo/src/trac_ik/trac_ik_lib -DCMAKE_INSTALL_PREFIX=/home/om/ur5_gazebo/install/trac_ik_lib
[1.741s] Invoking command in '/home/om/ur5_gazebo/build/trac_ik_lib': CMAKE_PREFIX_PATH=${CMAKE_PREFIX_PATH}:/opt/ros/humble /usr/bin/cmake --build /home/om/ur5_gazebo/build/trac_ik_lib -- -j8 -l8
[1.797s] [ 50%] [32mBuilding CXX object CMakeFiles/trac_ik.dir/src/trac_ik.cpp.o[0m
[1.797s] [ 50%] [32mBuilding CXX object CMakeFiles/trac_ik.dir/src/kdl_tl.cpp.o[0m
[1.799s] [ 75%] [32mBuilding CXX object CMakeFiles/trac_ik.dir/src/nlopt_ik.cpp.o[0m
[11.544s] [100%] [32m[1mLinking CXX shared library libtrac_ik.so[0m
[11.890s] [100%] Built target trac_ik
[11.901s] Invoked command in '/home/om/ur5_gazebo/build/trac_ik_lib' returned '0': CMAKE_PREFIX_PATH=${CMAKE_PREFIX_PATH}:/opt/ros/humble /usr/bin/cmake --build /home/om/ur5_gazebo/build/trac_ik_lib -- -j8 -l8
[11.929s] Invoking command in '/home/om/ur5_gazebo/build/trac_ik_lib': CMAKE_PREFIX_PATH=${CMAKE_PREFIX_PATH}:/opt/ros/humble /usr/bin/cmake --install /home/om/ur5_gazebo/build/trac_ik_lib
[11.935s] -- Install configuration: ""
[11.936s] -- Installing: /home/om/ur5_gazebo/install/trac_ik_lib/include
[11.936s] -- Installing: /home/om/ur5_gazebo/install/trac_ik_lib/include/trac_ik
[11.936s] -- Installing: /home/om/ur5_gazebo/install/trac_ik_lib/include/trac_ik/trac_ik.hpp
[11.936s] -- Installing: /home/om/ur5_gazebo/install/trac_ik_lib/include/trac_ik/math3d.h
[11.936s] -- Installing: /home/om/ur5_gazebo/install/trac_ik_lib/include/trac_ik/kdl_tl.hpp
[11.936s] -- Installing: /home/om/ur5_gazebo/install/trac_ik_lib/include/trac_ik/dual_quaternion.h
[11.937s] -- Installing: /home/om/ur5_gazebo/install/trac_ik_lib/include/trac_ik/nlopt_ik.hpp
[11.937s] -- Installing: /home/om/ur5_gazebo/install/trac_ik_lib/lib/libtrac_ik.so
[11.940s] -- Set runtime path of "/home/om/ur5_gazebo/install/trac_ik_lib/lib/libtrac_ik.so" to ""
[11.940s] -- Installing: /home/om/ur5_gazebo/install/trac_ik_lib/share/trac_ik_lib/environment/library_path.sh
[11.940s] -- Installing: /home/om/ur5_gazebo/install/trac_ik_lib/share/trac_ik_lib/environment/library_path.dsv
[11.940s] -- Installing: /home/om/ur5_gazebo/install/trac_ik_lib/share/ament_index/resource_index/package_run_dependencies/trac_ik_lib
[11.940s] -- Installing: /home/om/ur5_gazebo/install/trac_ik_lib/share/ament_index/resource_index/parent_prefix_path/trac_ik_lib
[11.941s] -- Installing: /home/om/ur5_gazebo/install/trac_ik_lib/share/trac_ik_lib/environment/ament_prefix_path.sh
[11.941s] -- Installing: /home/om/ur5_gazebo/install/trac_ik_lib/share/trac_ik_lib/environment/ament_prefix_path.dsv
[11.941s] -- Installing: /home/om/ur5_gazebo/install/trac_ik_lib/share/trac_ik_lib/environment/path.sh
[11.941s] -- Installing: /home/om/ur5_gazebo/install/trac_ik_lib/share/trac_ik_lib/environment/path.dsv
[11.941s] -- Installing: /home/om/ur5_gazebo/install/trac_ik_lib/share/trac_ik_lib/local_setup.bash
[11.941s] -- Installing: /home/om/ur5_gazebo/install/trac_ik_lib/share/trac_ik_lib/local_setup.sh
[11.941s] -- Installing: /home/om/ur5_gazebo/install/trac_ik_lib/share/trac_ik_lib/local_setup.zsh
[11.941s] -- Installing: /home/om/ur5_gazebo/install/trac_ik_lib/share/trac_ik_lib/local_setup.dsv
[11.942s] -- Installing: /home/om/ur5_gazebo/install/trac_ik_lib/share/trac_ik_lib/package.dsv
[11.942s] -- Installing: /home/om/ur5_gazebo/install/trac_ik_lib/share/ament_index/resource_index/packages/trac_ik_lib
[11.942s] -- Installing: /home/om/ur5_gazebo/install/trac_ik_lib/share/trac_ik_lib/cmake/export_trac_ik_libExport.cmake
[11.942s] -- Installing: /home/om/ur5_gazebo/install/trac_ik_lib/share/trac_ik_lib/cmake/export_trac_ik_libExport-noconfig.cmake
[11.942s] -- Installing: /home/om/ur5_gazebo/install/trac_ik_lib/share/trac_ik_lib/cmake/ament_cmake_export_libraries-extras.cmake
[11.942s] -- Installing: /home/om/ur5_gazebo/install/trac_ik_lib/share/trac_ik_lib/cmake/ament_cmake_export_targets-extras.cmake
[11.942s] -- Installing: /home/om/ur5_gazebo/install/trac_ik_lib/share/trac_ik_lib/cmake/ament_cmake_export_dependencies-extras.cmake
[11.942s] -- Installing: /home/om/ur5_gazebo/install/trac_ik_lib/share/trac_ik_lib/cmake/ament_cmake_export_include_directories-extras.cmake
[11.942s] -- Installing: /home/om/ur5_gazebo/install/trac_ik_lib/share/trac_ik_lib/cmake/trac_ik_libConfig.cmake
[11.942s] -- Installing: /home/om/ur5_gazebo/install/trac_ik_lib/share/trac_ik_lib/cmake/trac_ik_libConfig-version.cmake
[11.942s] -- Installing: /home/om/ur5_gazebo/install/trac_ik_lib/share/trac_ik_lib/package.xml
[11.944s] Invoked command in '/home/om/ur5_gazebo/build/trac_ik_lib' returned '0': CMAKE_PREFIX_PATH=${CMAKE_PREFIX_PATH}:/opt/ros/humble /usr/bin/cmake --install /home/om/ur5_gazebo/build/trac_ik_lib
