[0.013s] Invoking command in '/home/om/gazebo_ur/build/ur_simulation_gazebo': CMAKE_PREFIX_PATH=/opt/ros/humble /usr/bin/cmake --build /home/om/gazebo_ur/build/ur_simulation_gazebo -- -j12 -l12
[0.056s] Invoked command in '/home/om/gazebo_ur/build/ur_simulation_gazebo' returned '0': CMAKE_PREFIX_PATH=/opt/ros/humble /usr/bin/cmake --build /home/om/gazebo_ur/build/ur_simulation_gazebo -- -j12 -l12
[0.086s] Invoking command in '/home/om/gazebo_ur/build/ur_simulation_gazebo': CMAKE_PREFIX_PATH=/opt/ros/humble /usr/bin/cmake --install /home/om/gazebo_ur/build/ur_simulation_gazebo
[0.093s] -- Install configuration: ""
[0.094s] -- Up-to-date: /home/om/gazebo_ur/install/ur_simulation_gazebo/share/ur_simulation_gazebo/config
[0.094s] -- Up-to-date: /home/om/gazebo_ur/install/ur_simulation_gazebo/share/ur_simulation_gazebo/config/ur_controllers.yaml
[0.094s] -- Up-to-date: /home/om/gazebo_ur/install/ur_simulation_gazebo/share/ur_simulation_gazebo/launch
[0.094s] -- Up-to-date: /home/om/gazebo_ur/install/ur_simulation_gazebo/share/ur_simulation_gazebo/launch/ur_sim_control.launch.py
[0.095s] -- Up-to-date: /home/om/gazebo_ur/install/ur_simulation_gazebo/share/ur_simulation_gazebo/launch/ur_sim_moveit.launch.py
[0.095s] -- Up-to-date: /home/om/gazebo_ur/install/ur_simulation_gazebo/share/ament_index/resource_index/package_run_dependencies/ur_simulation_gazebo
[0.095s] -- Up-to-date: /home/om/gazebo_ur/install/ur_simulation_gazebo/share/ament_index/resource_index/parent_prefix_path/ur_simulation_gazebo
[0.095s] -- Up-to-date: /home/om/gazebo_ur/install/ur_simulation_gazebo/share/ur_simulation_gazebo/environment/ament_prefix_path.sh
[0.095s] -- Up-to-date: /home/om/gazebo_ur/install/ur_simulation_gazebo/share/ur_simulation_gazebo/environment/ament_prefix_path.dsv
[0.095s] -- Up-to-date: /home/om/gazebo_ur/install/ur_simulation_gazebo/share/ur_simulation_gazebo/environment/path.sh
[0.095s] -- Up-to-date: /home/om/gazebo_ur/install/ur_simulation_gazebo/share/ur_simulation_gazebo/environment/path.dsv
[0.095s] -- Up-to-date: /home/om/gazebo_ur/install/ur_simulation_gazebo/share/ur_simulation_gazebo/local_setup.bash
[0.095s] -- Up-to-date: /home/om/gazebo_ur/install/ur_simulation_gazebo/share/ur_simulation_gazebo/local_setup.sh
[0.095s] -- Up-to-date: /home/om/gazebo_ur/install/ur_simulation_gazebo/share/ur_simulation_gazebo/local_setup.zsh
[0.095s] -- Up-to-date: /home/om/gazebo_ur/install/ur_simulation_gazebo/share/ur_simulation_gazebo/local_setup.dsv
[0.095s] -- Installing: /home/om/gazebo_ur/install/ur_simulation_gazebo/share/ur_simulation_gazebo/package.dsv
[0.095s] -- Up-to-date: /home/om/gazebo_ur/install/ur_simulation_gazebo/share/ament_index/resource_index/packages/ur_simulation_gazebo
[0.095s] -- Up-to-date: /home/om/gazebo_ur/install/ur_simulation_gazebo/share/ur_simulation_gazebo/cmake/ur_simulation_gazeboConfig.cmake
[0.095s] -- Up-to-date: /home/om/gazebo_ur/install/ur_simulation_gazebo/share/ur_simulation_gazebo/cmake/ur_simulation_gazeboConfig-version.cmake
[0.095s] -- Up-to-date: /home/om/gazebo_ur/install/ur_simulation_gazebo/share/ur_simulation_gazebo/package.xml
[0.097s] Invoked command in '/home/om/gazebo_ur/build/ur_simulation_gazebo' returned '0': CMAKE_PREFIX_PATH=/opt/ros/humble /usr/bin/cmake --install /home/om/gazebo_ur/build/ur_simulation_gazebo
