[0.009s] Invoking command in '/home/om/gazebo_ur/build/ur_simulation_gazebo': CMAKE_PREFIX_PATH=/opt/ros/humble /usr/bin/cmake /home/om/gazebo_ur/src/Universal_Robots_ROS2_Gazebo_Simulation/ur_simulation_gazebo -DCMAKE_INSTALL_PREFIX=/home/om/gazebo_ur/install/ur_simulation_gazebo
[0.058s] -- The C compiler identification is GNU 11.4.0
[0.107s] -- The CXX compiler identification is GNU 11.4.0
[0.114s] -- Detecting C compiler ABI info
[0.181s] -- Detecting C compiler ABI info - done
[0.187s] -- Check for working C compiler: /usr/bin/cc - skipped
[0.187s] -- Detecting C compile features
[0.188s] -- Detecting C compile features - done
[0.190s] -- Detecting CXX compiler ABI info
[0.270s] -- Detecting CXX compiler ABI info - done
[0.283s] -- Check for working CXX compiler: /usr/bin/c++ - skipped
[0.283s] -- Detecting CXX compile features
[0.284s] -- Detecting CXX compile features - done
[0.288s] -- Found ament_cmake: 1.3.9 (/opt/ros/humble/share/ament_cmake/cmake)
[0.433s] -- Found Python3: /usr/bin/python3 (found version "3.10.12") found components: Interpreter 
[0.515s] -- Found launch_testing_ament_cmake: 1.0.6 (/opt/ros/humble/share/launch_testing_ament_cmake/cmake)
[0.518s] -- Found python_cmake_module: 0.10.0 (/opt/ros/humble/share/python_cmake_module/cmake)
[0.537s] -- Found PythonInterp: /usr/bin/python3 (found suitable version "3.10.12", minimum required is "3.6") 
[0.548s] -- Found PythonLibs: /usr/lib/x86_64-linux-gnu/libpython3.10.so (found suitable version "3.10.12", minimum required is "3.5") 
[0.548s] -- Using PYTHON_EXECUTABLE: /usr/bin/python3
[0.548s] -- Using PYTHON_INCLUDE_DIRS: /usr/include/python3.10
[0.548s] -- Using PYTHON_LIBRARIES: /usr/lib/x86_64-linux-gnu/libpython3.10.so
[0.568s] -- Found PythonExtra: .so  
[0.571s] -- Found ament_cmake_pytest: 1.3.9 (/opt/ros/humble/share/ament_cmake_pytest/cmake)
[0.625s] -- Configuring done
[0.630s] -- Generating done
[0.632s] -- Build files have been written to: /home/om/gazebo_ur/build/ur_simulation_gazebo
[0.640s] Invoked command in '/home/om/gazebo_ur/build/ur_simulation_gazebo' returned '0': CMAKE_PREFIX_PATH=/opt/ros/humble /usr/bin/cmake /home/om/gazebo_ur/src/Universal_Robots_ROS2_Gazebo_Simulation/ur_simulation_gazebo -DCMAKE_INSTALL_PREFIX=/home/om/gazebo_ur/install/ur_simulation_gazebo
[0.642s] Invoking command in '/home/om/gazebo_ur/build/ur_simulation_gazebo': CMAKE_PREFIX_PATH=/opt/ros/humble /usr/bin/cmake --build /home/om/gazebo_ur/build/ur_simulation_gazebo -- -j12 -l12
[0.679s] Invoked command in '/home/om/gazebo_ur/build/ur_simulation_gazebo' returned '0': CMAKE_PREFIX_PATH=/opt/ros/humble /usr/bin/cmake --build /home/om/gazebo_ur/build/ur_simulation_gazebo -- -j12 -l12
[0.709s] Invoking command in '/home/om/gazebo_ur/build/ur_simulation_gazebo': CMAKE_PREFIX_PATH=/opt/ros/humble /usr/bin/cmake --install /home/om/gazebo_ur/build/ur_simulation_gazebo
[0.720s] -- Install configuration: ""
[0.720s] -- Installing: /home/om/gazebo_ur/install/ur_simulation_gazebo/share/ur_simulation_gazebo/config
[0.720s] -- Installing: /home/om/gazebo_ur/install/ur_simulation_gazebo/share/ur_simulation_gazebo/config/ur_controllers.yaml
[0.720s] -- Installing: /home/om/gazebo_ur/install/ur_simulation_gazebo/share/ur_simulation_gazebo/launch
[0.720s] -- Installing: /home/om/gazebo_ur/install/ur_simulation_gazebo/share/ur_simulation_gazebo/launch/ur_sim_control.launch.py
[0.720s] -- Installing: /home/om/gazebo_ur/install/ur_simulation_gazebo/share/ur_simulation_gazebo/launch/ur_sim_moveit.launch.py
[0.721s] -- Installing: /home/om/gazebo_ur/install/ur_simulation_gazebo/share/ament_index/resource_index/package_run_dependencies/ur_simulation_gazebo
[0.721s] -- Installing: /home/om/gazebo_ur/install/ur_simulation_gazebo/share/ament_index/resource_index/parent_prefix_path/ur_simulation_gazebo
[0.721s] -- Installing: /home/om/gazebo_ur/install/ur_simulation_gazebo/share/ur_simulation_gazebo/environment/ament_prefix_path.sh
[0.721s] -- Installing: /home/om/gazebo_ur/install/ur_simulation_gazebo/share/ur_simulation_gazebo/environment/ament_prefix_path.dsv
[0.721s] -- Installing: /home/om/gazebo_ur/install/ur_simulation_gazebo/share/ur_simulation_gazebo/environment/path.sh
[0.721s] -- Installing: /home/om/gazebo_ur/install/ur_simulation_gazebo/share/ur_simulation_gazebo/environment/path.dsv
[0.721s] -- Installing: /home/om/gazebo_ur/install/ur_simulation_gazebo/share/ur_simulation_gazebo/local_setup.bash
[0.721s] -- Installing: /home/om/gazebo_ur/install/ur_simulation_gazebo/share/ur_simulation_gazebo/local_setup.sh
[0.722s] -- Installing: /home/om/gazebo_ur/install/ur_simulation_gazebo/share/ur_simulation_gazebo/local_setup.zsh
[0.722s] -- Installing: /home/om/gazebo_ur/install/ur_simulation_gazebo/share/ur_simulation_gazebo/local_setup.dsv
[0.722s] -- Installing: /home/om/gazebo_ur/install/ur_simulation_gazebo/share/ur_simulation_gazebo/package.dsv
[0.722s] -- Installing: /home/om/gazebo_ur/install/ur_simulation_gazebo/share/ament_index/resource_index/packages/ur_simulation_gazebo
[0.722s] -- Installing: /home/om/gazebo_ur/install/ur_simulation_gazebo/share/ur_simulation_gazebo/cmake/ur_simulation_gazeboConfig.cmake
[0.722s] -- Installing: /home/om/gazebo_ur/install/ur_simulation_gazebo/share/ur_simulation_gazebo/cmake/ur_simulation_gazeboConfig-version.cmake
[0.722s] -- Installing: /home/om/gazebo_ur/install/ur_simulation_gazebo/share/ur_simulation_gazebo/package.xml
[0.724s] Invoked command in '/home/om/gazebo_ur/build/ur_simulation_gazebo' returned '0': CMAKE_PREFIX_PATH=/opt/ros/humble /usr/bin/cmake --install /home/om/gazebo_ur/build/ur_simulation_gazebo
