[0.012s] Invoking command in '/home/om/gazebo_ur/build/trac_ik_lib': CMAKE_PREFIX_PATH=/opt/ros/humble /usr/bin/cmake --build /home/om/gazebo_ur/build/trac_ik_lib -- -j12 -l12
[0.039s] -- Found ament_cmake: 1.3.9 (/opt/ros/humble/share/ament_cmake/cmake)
[0.145s] -- Found rclcpp: 16.0.9 (/opt/ros/humble/share/rclcpp/cmake)
[0.173s] -- Found rosidl_generator_c: 3.1.5 (/opt/ros/humble/share/rosidl_generator_c/cmake)
[0.175s] -- Found rosidl_adapter: 3.1.5 (/opt/ros/humble/share/rosidl_adapter/cmake)
[0.180s] -- Found rosidl_generator_cpp: 3.1.5 (/opt/ros/humble/share/rosidl_generator_cpp/cmake)
[0.191s] -- Using all available rosidl_typesupport_c: rosidl_typesupport_fastrtps_c;rosidl_typesupport_introspection_c
[0.205s] -- Using all available rosidl_typesupport_cpp: rosidl_typesupport_fastrtps_cpp;rosidl_typesupport_introspection_cpp
[0.258s] -- Found rmw_implementation_cmake: 6.1.2 (/opt/ros/humble/share/rmw_implementation_cmake/cmake)
[0.259s] -- Found rmw_fastrtps_cpp: 6.2.6 (/opt/ros/humble/share/rmw_fastrtps_cpp/cmake)
[0.382s] -- Using RMW implementation 'rmw_fastrtps_cpp' as default
[0.526s] -- Found geometry_msgs: 4.2.4 (/opt/ros/humble/share/geometry_msgs/cmake)
[0.566s] -- Found kdl_parser: 2.6.4 (/opt/ros/humble/share/kdl_parser/cmake)
[0.567s] -- Found eigen3_cmake_module: 0.1.1 (/opt/ros/humble/share/eigen3_cmake_module/cmake)
[0.568s] -- Ensuring Eigen3 include directory is part of orocos-kdl CMake target
[0.569s] -- Found urdf: 2.6.0 (/opt/ros/humble/share/urdf/cmake)
[0.597s] -- Found PkgConfig: /usr/bin/pkg-config (found version "0.29.2") 
[0.598s] -- Checking for module 'eigen3'
[0.614s] --   Found eigen3, version 3.4.0
[0.650s] -- Checking for module 'nlopt'
[0.664s] --   Found nlopt, version 2.7.1
[0.761s] -- Configuring done
[0.773s] -- Generating done
[0.774s] -- Build files have been written to: /home/om/gazebo_ur/build/trac_ik_lib
[0.814s] [ 25%] [32mBuilding CXX object CMakeFiles/trac_ik.dir/src/trac_ik.cpp.o[0m
[0.814s] [ 50%] [32mBuilding CXX object CMakeFiles/trac_ik.dir/src/nlopt_ik.cpp.o[0m
[0.815s] [ 75%] [32mBuilding CXX object CMakeFiles/trac_ik.dir/src/kdl_tl.cpp.o[0m
[7.999s] [100%] [32m[1mLinking CXX shared library libtrac_ik.so[0m
[8.265s] [100%] Built target trac_ik
[8.277s] Invoked command in '/home/om/gazebo_ur/build/trac_ik_lib' returned '0': CMAKE_PREFIX_PATH=/opt/ros/humble /usr/bin/cmake --build /home/om/gazebo_ur/build/trac_ik_lib -- -j12 -l12
[8.308s] Invoking command in '/home/om/gazebo_ur/build/trac_ik_lib': CMAKE_PREFIX_PATH=/opt/ros/humble /usr/bin/cmake --install /home/om/gazebo_ur/build/trac_ik_lib
[8.315s] -- Install configuration: ""
[8.315s] -- Up-to-date: /home/om/gazebo_ur/install/trac_ik_lib/include
[8.315s] -- Up-to-date: /home/om/gazebo_ur/install/trac_ik_lib/include/trac_ik
[8.315s] -- Installing: /home/om/gazebo_ur/install/trac_ik_lib/include/trac_ik/math3d.h
[8.315s] -- Installing: /home/om/gazebo_ur/install/trac_ik_lib/include/trac_ik/nlopt_ik.hpp
[8.315s] -- Installing: /home/om/gazebo_ur/install/trac_ik_lib/include/trac_ik/trac_ik.hpp
[8.315s] -- Installing: /home/om/gazebo_ur/install/trac_ik_lib/include/trac_ik/kdl_tl.hpp
[8.316s] -- Installing: /home/om/gazebo_ur/install/trac_ik_lib/include/trac_ik/dual_quaternion.h
[8.316s] -- Installing: /home/om/gazebo_ur/install/trac_ik_lib/lib/libtrac_ik.so
[8.323s] -- Set runtime path of "/home/om/gazebo_ur/install/trac_ik_lib/lib/libtrac_ik.so" to ""
[8.323s] -- Up-to-date: /home/om/gazebo_ur/install/trac_ik_lib/share/trac_ik_lib/environment/library_path.sh
[8.323s] -- Installing: /home/om/gazebo_ur/install/trac_ik_lib/share/trac_ik_lib/environment/library_path.dsv
[8.323s] -- Installing: /home/om/gazebo_ur/install/trac_ik_lib/share/ament_index/resource_index/package_run_dependencies/trac_ik_lib
[8.324s] -- Up-to-date: /home/om/gazebo_ur/install/trac_ik_lib/share/ament_index/resource_index/parent_prefix_path/trac_ik_lib
[8.324s] -- Up-to-date: /home/om/gazebo_ur/install/trac_ik_lib/share/trac_ik_lib/environment/ament_prefix_path.sh
[8.324s] -- Installing: /home/om/gazebo_ur/install/trac_ik_lib/share/trac_ik_lib/environment/ament_prefix_path.dsv
[8.324s] -- Up-to-date: /home/om/gazebo_ur/install/trac_ik_lib/share/trac_ik_lib/environment/path.sh
[8.324s] -- Installing: /home/om/gazebo_ur/install/trac_ik_lib/share/trac_ik_lib/environment/path.dsv
[8.324s] -- Up-to-date: /home/om/gazebo_ur/install/trac_ik_lib/share/trac_ik_lib/local_setup.bash
[8.324s] -- Up-to-date: /home/om/gazebo_ur/install/trac_ik_lib/share/trac_ik_lib/local_setup.sh
[8.324s] -- Up-to-date: /home/om/gazebo_ur/install/trac_ik_lib/share/trac_ik_lib/local_setup.zsh
[8.324s] -- Installing: /home/om/gazebo_ur/install/trac_ik_lib/share/trac_ik_lib/local_setup.dsv
[8.324s] -- Installing: /home/om/gazebo_ur/install/trac_ik_lib/share/trac_ik_lib/package.dsv
[8.325s] -- Up-to-date: /home/om/gazebo_ur/install/trac_ik_lib/share/ament_index/resource_index/packages/trac_ik_lib
[8.325s] -- Old export file "/home/om/gazebo_ur/install/trac_ik_lib/share/trac_ik_lib/cmake/export_trac_ik_libExport.cmake" will be replaced.  Removing files [/home/om/gazebo_ur/install/trac_ik_lib/share/trac_ik_lib/cmake/export_trac_ik_libExport-noconfig.cmake].
[8.325s] -- Installing: /home/om/gazebo_ur/install/trac_ik_lib/share/trac_ik_lib/cmake/export_trac_ik_libExport.cmake
[8.325s] -- Installing: /home/om/gazebo_ur/install/trac_ik_lib/share/trac_ik_lib/cmake/export_trac_ik_libExport-noconfig.cmake
[8.325s] -- Installing: /home/om/gazebo_ur/install/trac_ik_lib/share/trac_ik_lib/cmake/ament_cmake_export_libraries-extras.cmake
[8.325s] -- Up-to-date: /home/om/gazebo_ur/install/trac_ik_lib/share/trac_ik_lib/cmake/ament_cmake_export_targets-extras.cmake
[8.325s] -- Installing: /home/om/gazebo_ur/install/trac_ik_lib/share/trac_ik_lib/cmake/ament_cmake_export_dependencies-extras.cmake
[8.325s] -- Installing: /home/om/gazebo_ur/install/trac_ik_lib/share/trac_ik_lib/cmake/ament_cmake_export_include_directories-extras.cmake
[8.326s] -- Installing: /home/om/gazebo_ur/install/trac_ik_lib/share/trac_ik_lib/cmake/trac_ik_libConfig.cmake
[8.326s] -- Installing: /home/om/gazebo_ur/install/trac_ik_lib/share/trac_ik_lib/cmake/trac_ik_libConfig-version.cmake
[8.326s] -- Installing: /home/om/gazebo_ur/install/trac_ik_lib/share/trac_ik_lib/package.xml
[8.328s] Invoked command in '/home/om/gazebo_ur/build/trac_ik_lib' returned '0': CMAKE_PREFIX_PATH=/opt/ros/humble /usr/bin/cmake --install /home/om/gazebo_ur/build/trac_ik_lib
