[0.012s] Invoking command in '/home/om/gazebo_ur/build/trac_ik_lib': CMAKE_PREFIX_PATH=/opt/ros/humble /usr/bin/cmake --build /home/om/gazebo_ur/build/trac_ik_lib -- -j12 -l12
[0.040s] -- Found ament_cmake: 1.3.9 (/opt/ros/humble/share/ament_cmake/cmake)
[0.140s] -- Found eigen3_cmake_module: 0.1.1 (/opt/ros/humble/share/eigen3_cmake_module/cmake)
[0.141s] -- Found kdl_parser: 2.6.4 (/opt/ros/humble/share/kdl_parser/cmake)
[0.144s] -- Ensuring Eigen3 include directory is part of orocos-kdl CMake target
[0.155s] -- Found rclcpp: 16.0.9 (/opt/ros/humble/share/rclcpp/cmake)
[0.172s] -- Found rosidl_generator_c: 3.1.5 (/opt/ros/humble/share/rosidl_generator_c/cmake)
[0.175s] -- Found rosidl_adapter: 3.1.5 (/opt/ros/humble/share/rosidl_adapter/cmake)
[0.180s] -- Found rosidl_generator_cpp: 3.1.5 (/opt/ros/humble/share/rosidl_generator_cpp/cmake)
[0.190s] -- Using all available rosidl_typesupport_c: rosidl_typesupport_fastrtps_c;rosidl_typesupport_introspection_c
[0.204s] -- Using all available rosidl_typesupport_cpp: rosidl_typesupport_fastrtps_cpp;rosidl_typesupport_introspection_cpp
[0.256s] -- Found rmw_implementation_cmake: 6.1.2 (/opt/ros/humble/share/rmw_implementation_cmake/cmake)
[0.257s] -- Found rmw_fastrtps_cpp: 6.2.6 (/opt/ros/humble/share/rmw_fastrtps_cpp/cmake)
[0.380s] -- Using RMW implementation 'rmw_fastrtps_cpp' as default
[0.521s] -- Found urdf: 2.6.0 (/opt/ros/humble/share/urdf/cmake)
[0.545s] -- Found ament_lint_auto: 0.12.11 (/opt/ros/humble/share/ament_lint_auto/cmake)
[0.602s] -- Added test 'copyright' to check source files copyright and LICENSE
[0.603s] -- Added test 'cpplint' to check C / C++ code against the Google style
[0.603s] -- Configured cpplint exclude dirs and/or files: 
[0.604s] -- Added test 'lint_cmake' to check CMake code style
[0.605s] -- Added test 'xmllint' to check XML markup files
[0.606s] -- Configuring done
[0.618s] -- Generating done
[0.620s] -- Build files have been written to: /home/om/gazebo_ur/build/trac_ik_lib
[0.649s] [35m[1mConsolidate compiler generated dependencies of target trac_ik_lib[0m
[0.682s] [100%] Built target trac_ik_lib
[0.693s] Invoked command in '/home/om/gazebo_ur/build/trac_ik_lib' returned '0': CMAKE_PREFIX_PATH=/opt/ros/humble /usr/bin/cmake --build /home/om/gazebo_ur/build/trac_ik_lib -- -j12 -l12
[0.724s] Invoking command in '/home/om/gazebo_ur/build/trac_ik_lib': CMAKE_PREFIX_PATH=/opt/ros/humble /usr/bin/cmake --install /home/om/gazebo_ur/build/trac_ik_lib
[0.731s] -- Install configuration: ""
[0.731s] -- Up-to-date: /home/om/gazebo_ur/install/trac_ik_lib/share/trac_ik_lib/environment/library_path.sh
[0.731s] -- Installing: /home/om/gazebo_ur/install/trac_ik_lib/share/trac_ik_lib/environment/library_path.dsv
[0.731s] -- Up-to-date: /home/om/gazebo_ur/install/trac_ik_lib/include
[0.731s] -- Up-to-date: /home/om/gazebo_ur/install/trac_ik_lib/include/trac_ik
[0.731s] -- Up-to-date: /home/om/gazebo_ur/install/trac_ik_lib/include/trac_ik/math3d.h
[0.731s] -- Up-to-date: /home/om/gazebo_ur/install/trac_ik_lib/include/trac_ik/visibility_control.hpp
[0.732s] -- Up-to-date: /home/om/gazebo_ur/install/trac_ik_lib/include/trac_ik/nlopt_ik.hpp
[0.732s] -- Up-to-date: /home/om/gazebo_ur/install/trac_ik_lib/include/trac_ik/trac_ik.hpp
[0.732s] -- Up-to-date: /home/om/gazebo_ur/install/trac_ik_lib/include/trac_ik/kdl_tl.hpp
[0.732s] -- Up-to-date: /home/om/gazebo_ur/install/trac_ik_lib/include/trac_ik/dual_quaternion.h
[0.732s] -- Up-to-date: /home/om/gazebo_ur/install/trac_ik_lib/lib/libtrac_ik_lib.so
[0.732s] -- Up-to-date: /home/om/gazebo_ur/install/trac_ik_lib/share/ament_index/resource_index/package_run_dependencies/trac_ik_lib
[0.732s] -- Up-to-date: /home/om/gazebo_ur/install/trac_ik_lib/share/ament_index/resource_index/parent_prefix_path/trac_ik_lib
[0.732s] -- Up-to-date: /home/om/gazebo_ur/install/trac_ik_lib/share/trac_ik_lib/environment/ament_prefix_path.sh
[0.732s] -- Installing: /home/om/gazebo_ur/install/trac_ik_lib/share/trac_ik_lib/environment/ament_prefix_path.dsv
[0.732s] -- Up-to-date: /home/om/gazebo_ur/install/trac_ik_lib/share/trac_ik_lib/environment/path.sh
[0.732s] -- Installing: /home/om/gazebo_ur/install/trac_ik_lib/share/trac_ik_lib/environment/path.dsv
[0.732s] -- Up-to-date: /home/om/gazebo_ur/install/trac_ik_lib/share/trac_ik_lib/local_setup.bash
[0.732s] -- Up-to-date: /home/om/gazebo_ur/install/trac_ik_lib/share/trac_ik_lib/local_setup.sh
[0.733s] -- Up-to-date: /home/om/gazebo_ur/install/trac_ik_lib/share/trac_ik_lib/local_setup.zsh
[0.733s] -- Installing: /home/om/gazebo_ur/install/trac_ik_lib/share/trac_ik_lib/local_setup.dsv
[0.733s] -- Installing: /home/om/gazebo_ur/install/trac_ik_lib/share/trac_ik_lib/package.dsv
[0.733s] -- Up-to-date: /home/om/gazebo_ur/install/trac_ik_lib/share/ament_index/resource_index/packages/trac_ik_lib
[0.733s] -- Old export file "/home/om/gazebo_ur/install/trac_ik_lib/share/trac_ik_lib/cmake/export_trac_ik_libExport.cmake" will be replaced.  Removing files [/home/om/gazebo_ur/install/trac_ik_lib/share/trac_ik_lib/cmake/export_trac_ik_libExport-noconfig.cmake].
[0.733s] -- Installing: /home/om/gazebo_ur/install/trac_ik_lib/share/trac_ik_lib/cmake/export_trac_ik_libExport.cmake
[0.733s] -- Installing: /home/om/gazebo_ur/install/trac_ik_lib/share/trac_ik_lib/cmake/export_trac_ik_libExport-noconfig.cmake
[0.733s] -- Up-to-date: /home/om/gazebo_ur/install/trac_ik_lib/share/trac_ik_lib/cmake/ament_cmake_export_targets-extras.cmake
[0.733s] -- Up-to-date: /home/om/gazebo_ur/install/trac_ik_lib/share/trac_ik_lib/cmake/ament_cmake_export_dependencies-extras.cmake
[0.733s] -- Up-to-date: /home/om/gazebo_ur/install/trac_ik_lib/share/trac_ik_lib/cmake/trac_ik_libConfig.cmake
[0.734s] -- Up-to-date: /home/om/gazebo_ur/install/trac_ik_lib/share/trac_ik_lib/cmake/trac_ik_libConfig-version.cmake
[0.734s] -- Up-to-date: /home/om/gazebo_ur/install/trac_ik_lib/share/trac_ik_lib/package.xml
[0.735s] Invoked command in '/home/om/gazebo_ur/build/trac_ik_lib' returned '0': CMAKE_PREFIX_PATH=/opt/ros/humble /usr/bin/cmake --install /home/om/gazebo_ur/build/trac_ik_lib
