[0.008s] Invoking command in '/home/om/gazebo_ur/build/trac_ik': AMENT_PREFIX_PATH=/home/om/gazebo_ur/install/trac_ik_lib:${AMENT_PREFIX_PATH} CMAKE_PREFIX_PATH=/home/om/gazebo_ur/install/trac_ik_lib:/opt/ros/humble LD_LIBRARY_PATH=/home/om/gazebo_ur/install/trac_ik_lib/lib:${LD_LIBRARY_PATH} /usr/bin/cmake /home/om/gazebo_ur/src/trac_ik/trac_ik -DCMAKE_INSTALL_PREFIX=/home/om/gazebo_ur/install/trac_ik
[0.092s] -- The C compiler identification is GNU 11.4.0
[0.168s] -- The CXX compiler identification is GNU 11.4.0
[0.176s] -- Detecting C compiler ABI info
[0.246s] -- Detecting C compiler ABI info - done
[0.252s] -- Check for working C compiler: /usr/bin/cc - skipped
[0.253s] -- Detecting C compile features
[0.253s] -- Detecting C compile features - done
[0.256s] -- Detecting CXX compiler ABI info
[0.334s] -- Detecting CXX compiler ABI info - done
[0.344s] -- Check for working CXX compiler: /usr/bin/c++ - skipped
[0.345s] -- Detecting CXX compile features
[0.345s] -- Detecting CXX compile features - done
[0.349s] -- Found ament_cmake: 1.3.9 (/opt/ros/humble/share/ament_cmake/cmake)
[0.487s] -- Found Python3: /usr/bin/python3 (found version "3.10.12") found components: Interpreter 
[0.645s] -- Configuring done
[0.649s] -- Generating done
[0.651s] -- Build files have been written to: /home/om/gazebo_ur/build/trac_ik
[0.657s] Invoked command in '/home/om/gazebo_ur/build/trac_ik' returned '0': AMENT_PREFIX_PATH=/home/om/gazebo_ur/install/trac_ik_lib:${AMENT_PREFIX_PATH} CMAKE_PREFIX_PATH=/home/om/gazebo_ur/install/trac_ik_lib:/opt/ros/humble LD_LIBRARY_PATH=/home/om/gazebo_ur/install/trac_ik_lib/lib:${LD_LIBRARY_PATH} /usr/bin/cmake /home/om/gazebo_ur/src/trac_ik/trac_ik -DCMAKE_INSTALL_PREFIX=/home/om/gazebo_ur/install/trac_ik
[0.659s] Invoking command in '/home/om/gazebo_ur/build/trac_ik': AMENT_PREFIX_PATH=/home/om/gazebo_ur/install/trac_ik_lib:${AMENT_PREFIX_PATH} CMAKE_PREFIX_PATH=/home/om/gazebo_ur/install/trac_ik_lib:/opt/ros/humble LD_LIBRARY_PATH=/home/om/gazebo_ur/install/trac_ik_lib/lib:${LD_LIBRARY_PATH} /usr/bin/cmake --build /home/om/gazebo_ur/build/trac_ik -- -j12 -l12
[0.697s] Invoked command in '/home/om/gazebo_ur/build/trac_ik' returned '0': AMENT_PREFIX_PATH=/home/om/gazebo_ur/install/trac_ik_lib:${AMENT_PREFIX_PATH} CMAKE_PREFIX_PATH=/home/om/gazebo_ur/install/trac_ik_lib:/opt/ros/humble LD_LIBRARY_PATH=/home/om/gazebo_ur/install/trac_ik_lib/lib:${LD_LIBRARY_PATH} /usr/bin/cmake --build /home/om/gazebo_ur/build/trac_ik -- -j12 -l12
[0.721s] Invoking command in '/home/om/gazebo_ur/build/trac_ik': AMENT_PREFIX_PATH=/home/om/gazebo_ur/install/trac_ik_lib:${AMENT_PREFIX_PATH} CMAKE_PREFIX_PATH=/home/om/gazebo_ur/install/trac_ik_lib:/opt/ros/humble LD_LIBRARY_PATH=/home/om/gazebo_ur/install/trac_ik_lib/lib:${LD_LIBRARY_PATH} /usr/bin/cmake --install /home/om/gazebo_ur/build/trac_ik
[0.730s] -- Install configuration: ""
[0.731s] -- Installing: /home/om/gazebo_ur/install/trac_ik/share/ament_index/resource_index/package_run_dependencies/trac_ik
[0.731s] -- Installing: /home/om/gazebo_ur/install/trac_ik/share/ament_index/resource_index/parent_prefix_path/trac_ik
[0.731s] -- Installing: /home/om/gazebo_ur/install/trac_ik/share/trac_ik/environment/ament_prefix_path.sh
[0.731s] -- Installing: /home/om/gazebo_ur/install/trac_ik/share/trac_ik/environment/ament_prefix_path.dsv
[0.732s] -- Installing: /home/om/gazebo_ur/install/trac_ik/share/trac_ik/environment/path.sh
[0.732s] -- Installing: /home/om/gazebo_ur/install/trac_ik/share/trac_ik/environment/path.dsv
[0.732s] -- Installing: /home/om/gazebo_ur/install/trac_ik/share/trac_ik/local_setup.bash
[0.732s] -- Installing: /home/om/gazebo_ur/install/trac_ik/share/trac_ik/local_setup.sh
[0.732s] -- Installing: /home/om/gazebo_ur/install/trac_ik/share/trac_ik/local_setup.zsh
[0.733s] -- Installing: /home/om/gazebo_ur/install/trac_ik/share/trac_ik/local_setup.dsv
[0.733s] -- Installing: /home/om/gazebo_ur/install/trac_ik/share/trac_ik/package.dsv
[0.733s] -- Installing: /home/om/gazebo_ur/install/trac_ik/share/ament_index/resource_index/packages/trac_ik
[0.733s] -- Installing: /home/om/gazebo_ur/install/trac_ik/share/trac_ik/cmake/trac_ikConfig.cmake
[0.733s] -- Installing: /home/om/gazebo_ur/install/trac_ik/share/trac_ik/cmake/trac_ikConfig-version.cmake
[0.733s] -- Installing: /home/om/gazebo_ur/install/trac_ik/share/trac_ik/package.xml
[0.736s] Invoked command in '/home/om/gazebo_ur/build/trac_ik' returned '0': AMENT_PREFIX_PATH=/home/om/gazebo_ur/install/trac_ik_lib:${AMENT_PREFIX_PATH} CMAKE_PREFIX_PATH=/home/om/gazebo_ur/install/trac_ik_lib:/opt/ros/humble LD_LIBRARY_PATH=/home/om/gazebo_ur/install/trac_ik_lib/lib:${LD_LIBRARY_PATH} /usr/bin/cmake --install /home/om/gazebo_ur/build/trac_ik
