[0.013s] Invoking command in '/home/om/gazebo_ur/build/robot_controller': CMAKE_PREFIX_PATH=${CMAKE_PREFIX_PATH}:/opt/ros/humble /usr/bin/cmake /home/om/gazebo_ur/src/robot_controller -DCMAKE_INSTALL_PREFIX=/home/om/gazebo_ur/install/robot_controller
[0.024s] -- Found ament_cmake: 1.3.9 (/opt/ros/humble/share/ament_cmake/cmake)
[0.131s] -- Found rclcpp: 16.0.9 (/opt/ros/humble/share/rclcpp/cmake)
[0.157s] -- Found rosidl_generator_c: 3.1.5 (/opt/ros/humble/share/rosidl_generator_c/cmake)
[0.160s] -- Found rosidl_adapter: 3.1.5 (/opt/ros/humble/share/rosidl_adapter/cmake)
[0.165s] -- Found rosidl_generator_cpp: 3.1.5 (/opt/ros/humble/share/rosidl_generator_cpp/cmake)
[0.175s] -- Using all available rosidl_typesupport_c: rosidl_typesupport_fastrtps_c;rosidl_typesupport_introspection_c
[0.190s] -- Using all available rosidl_typesupport_cpp: rosidl_typesupport_fastrtps_cpp;rosidl_typesupport_introspection_cpp
[0.243s] -- Found rmw_implementation_cmake: 6.1.2 (/opt/ros/humble/share/rmw_implementation_cmake/cmake)
[0.244s] -- Found rmw_fastrtps_cpp: 6.2.6 (/opt/ros/humble/share/rmw_fastrtps_cpp/cmake)
[0.370s] -- Using RMW implementation 'rmw_fastrtps_cpp' as default
[0.524s] -- Found geometry_msgs: 4.2.4 (/opt/ros/humble/share/geometry_msgs/cmake)
[0.563s] -- Found moveit_ros_planning_interface: 2.5.5 (/opt/ros/humble/share/moveit_ros_planning_interface/cmake)
[0.572s] -- Found Boost: /usr/lib/x86_64-linux-gnu/cmake/Boost-1.74.0/BoostConfig.cmake (found version "1.74.0") found components: date_time filesystem program_options system thread 
[1.293s] -- Found Boost: /usr/lib/x86_64-linux-gnu/cmake/Boost-1.74.0/BoostConfig.cmake (found version "1.74.0") found components: chrono date_time filesystem iostreams program_options regex serialization system thread 
[1.300s] -- Found parameter_traits: 0.3.8 (/opt/ros/humble/share/parameter_traits/cmake)
[1.311s] -- Found rclcpp_lifecycle: 16.0.9 (/opt/ros/humble/share/rclcpp_lifecycle/cmake)
[1.350s] -- Found Boost: /usr/lib/x86_64-linux-gnu/cmake/Boost-1.74.0/BoostConfig.cmake (found version "1.74.0") found components: filesystem 
[1.389s] -- library: /usr/lib/x86_64-linux-gnu/libcurl.so
[1.529s] -- Ensuring Eigen3 include directory is part of orocos-kdl CMake target
[1.995s] -- Found Boost: /usr/lib/x86_64-linux-gnu/cmake/Boost-1.74.0/BoostConfig.cmake (found version "1.74.0") found components: system filesystem date_time program_options thread chrono 
[2.482s] -- Found Boost: /usr/lib/x86_64-linux-gnu/cmake/Boost-1.74.0/BoostConfig.cmake (found version "1.74.0") found components: thread system filesystem regex date_time program_options 
[2.703s] -- Found Boost: /usr/lib/x86_64-linux-gnu/cmake/Boost-1.74.0/BoostConfig.cmake (found version "1.74.0") found components: system filesystem date_time program_options thread 
[3.088s] -- Found ament_lint_auto: 0.12.11 (/opt/ros/humble/share/ament_lint_auto/cmake)
[3.163s] -- Added test 'cppcheck' to perform static code analysis on C / C++ code
[3.163s] -- Configured cppcheck include dirs: 
[3.164s] -- Configured cppcheck exclude dirs and/or files: 
[3.164s] -- Added test 'lint_cmake' to check CMake code style
[3.166s] -- Added test 'uncrustify' to check C / C++ code style
[3.166s] -- Configured uncrustify additional arguments: 
[3.166s] -- Added test 'xmllint' to check XML markup files
[3.167s] -- Configuring done
[3.195s] -- Generating done
[3.197s] -- Build files have been written to: /home/om/gazebo_ur/build/robot_controller
[3.207s] Invoked command in '/home/om/gazebo_ur/build/robot_controller' returned '0': CMAKE_PREFIX_PATH=${CMAKE_PREFIX_PATH}:/opt/ros/humble /usr/bin/cmake /home/om/gazebo_ur/src/robot_controller -DCMAKE_INSTALL_PREFIX=/home/om/gazebo_ur/install/robot_controller
[3.209s] Invoking command in '/home/om/gazebo_ur/build/robot_controller': CMAKE_PREFIX_PATH=${CMAKE_PREFIX_PATH}:/opt/ros/humble /usr/bin/cmake --build /home/om/gazebo_ur/build/robot_controller -- -j12 -l12
[3.269s] [ 50%] [32mBuilding CXX object CMakeFiles/move_robot.dir/src/move_robot.cpp.o[0m
[7.059s] [01m[K/home/om/gazebo_ur/src/robot_controller/src/move_robot.cpp:[m[K In function ‘[01m[Kint main(int, char**)[m[K’:
[7.060s] [01m[K/home/om/gazebo_ur/src/robot_controller/src/move_robot.cpp:28:94:[m[K [01;35m[Kwarning: [m[K‘[01m[Kusing MoveItErrorCode = class moveit::core::MoveItErrorCode[m[K’ is deprecated: Use moveit::core::MoveItErrorCode [[01;35m[K]8;;https://gcc.gnu.org/onlinedocs/gcc/Warning-Options.html#index-Wdeprecated-declarations-Wdeprecated-declarations]8;;[m[K]
[7.060s]    28 | plan(my_plan) == moveit::planning_interface::MoveItErrorCode::[01;35m[KSUCCESS[m[K);
[7.060s]       |                                                               [01;35m[K^~~~~~~[m[K
[7.060s] 
[7.060s] In file included from [01m[K/home/om/gazebo_ur/src/robot_controller/src/move_robot.cpp:2[m[K:
[7.060s] [01m[K/opt/ros/humble/include/moveit/move_group_interface/move_group_interface.h:71:7:[m[K [01;36m[Knote: [m[Kdeclared here
[7.060s]    71 | using [01;36m[KMoveItErrorCode[m[K [[deprecated("Use moveit::core::MoveItErrorCode")]] = moveit::core::MoveItErrorCode;
[7.061s]       |       [01;36m[K^~~~~~~~~~~~~~~[m[K
[9.181s] [100%] [32m[1mLinking CXX executable move_robot[0m
[9.491s] [100%] Built target move_robot
[9.502s] Invoked command in '/home/om/gazebo_ur/build/robot_controller' returned '0': CMAKE_PREFIX_PATH=${CMAKE_PREFIX_PATH}:/opt/ros/humble /usr/bin/cmake --build /home/om/gazebo_ur/build/robot_controller -- -j12 -l12
[9.528s] Invoking command in '/home/om/gazebo_ur/build/robot_controller': CMAKE_PREFIX_PATH=${CMAKE_PREFIX_PATH}:/opt/ros/humble /usr/bin/cmake --install /home/om/gazebo_ur/build/robot_controller
[9.535s] -- Install configuration: ""
[9.535s] -- Installing: /home/om/gazebo_ur/install/robot_controller/lib/robot_controller/move_robot
[9.536s] -- Set runtime path of "/home/om/gazebo_ur/install/robot_controller/lib/robot_controller/move_robot" to ""
[9.536s] -- Installing: /home/om/gazebo_ur/install/robot_controller/share/ament_index/resource_index/package_run_dependencies/robot_controller
[9.536s] -- Installing: /home/om/gazebo_ur/install/robot_controller/share/ament_index/resource_index/parent_prefix_path/robot_controller
[9.536s] -- Installing: /home/om/gazebo_ur/install/robot_controller/share/robot_controller/environment/ament_prefix_path.sh
[9.537s] -- Installing: /home/om/gazebo_ur/install/robot_controller/share/robot_controller/environment/ament_prefix_path.dsv
[9.537s] -- Installing: /home/om/gazebo_ur/install/robot_controller/share/robot_controller/environment/path.sh
[9.537s] -- Installing: /home/om/gazebo_ur/install/robot_controller/share/robot_controller/environment/path.dsv
[9.537s] -- Installing: /home/om/gazebo_ur/install/robot_controller/share/robot_controller/local_setup.bash
[9.537s] -- Installing: /home/om/gazebo_ur/install/robot_controller/share/robot_controller/local_setup.sh
[9.537s] -- Installing: /home/om/gazebo_ur/install/robot_controller/share/robot_controller/local_setup.zsh
[9.538s] -- Installing: /home/om/gazebo_ur/install/robot_controller/share/robot_controller/local_setup.dsv
[9.538s] -- Installing: /home/om/gazebo_ur/install/robot_controller/share/robot_controller/package.dsv
[9.538s] -- Installing: /home/om/gazebo_ur/install/robot_controller/share/ament_index/resource_index/packages/robot_controller
[9.538s] -- Installing: /home/om/gazebo_ur/install/robot_controller/share/robot_controller/cmake/robot_controllerConfig.cmake
[9.538s] -- Installing: /home/om/gazebo_ur/install/robot_controller/share/robot_controller/cmake/robot_controllerConfig-version.cmake
[9.538s] -- Installing: /home/om/gazebo_ur/install/robot_controller/share/robot_controller/package.xml
[9.541s] Invoked command in '/home/om/gazebo_ur/build/robot_controller' returned '0': CMAKE_PREFIX_PATH=${CMAKE_PREFIX_PATH}:/opt/ros/humble /usr/bin/cmake --install /home/om/gazebo_ur/build/robot_controller
