[0.010s] Invoking command in '/home/om/ur5_gazebo/build/trac_ik_kinematics_plugin': CMAKE_PREFIX_PATH=/home/om/ur5_gazebo/install/trac_ik_lib:/home/om/ur5_gazebo/install/ur_simulation_gazebo:/home/om/ur5_gazebo/install/ur_moveit_config:/home/om/ur5_gazebo/install/ur_description:/home/om/ur5_gazebo/install/trac_ik:/home/om/ur5_gazebo/install/trac_ik_kinematics_plugin:/home/om/ur5_gazebo/install/robot_controller:/opt/ros/humble LD_LIBRARY_PATH=/home/om/ur5_gazebo/install/trac_ik_lib/lib:/home/om/ur5_gazebo/install/trac_ik_kinematics_plugin/lib:/opt/ros/humble/opt/rviz_ogre_vendor/lib:/opt/ros/humble/lib/x86_64-linux-gnu:/opt/ros/humble/lib /usr/bin/cmake /home/om/ur5_gazebo/src/trac_ik/trac_ik_kinematics_plugin -DCMAKE_INSTALL_PREFIX=/home/om/ur5_gazebo/install/trac_ik_kinematics_plugin
[0.058s] -- The C compiler identification is GNU 11.4.0
[0.110s] -- The CXX compiler identification is GNU 11.4.0
[0.118s] -- Detecting C compiler ABI info
[0.179s] -- Detecting C compiler ABI info - done
[0.185s] -- Check for working C compiler: /usr/bin/cc - skipped
[0.186s] -- Detecting C compile features
[0.186s] -- Detecting C compile features - done
[0.188s] -- Detecting CXX compiler ABI info
[0.254s] -- Detecting CXX compiler ABI info - done
[0.261s] -- Check for working CXX compiler: /usr/bin/c++ - skipped
[0.261s] -- Detecting CXX compile features
[0.262s] -- Detecting CXX compile features - done
[0.265s] -- Found ament_cmake: 1.3.9 (/opt/ros/humble/share/ament_cmake/cmake)
[0.383s] -- Found Python3: /usr/bin/python3 (found version "3.10.12") found components: Interpreter 
[0.463s] -- Found rclcpp: 16.0.9 (/opt/ros/humble/share/rclcpp/cmake)
[0.499s] -- Found rosidl_generator_c: 3.1.5 (/opt/ros/humble/share/rosidl_generator_c/cmake)
[0.504s] -- Found rosidl_adapter: 3.1.5 (/opt/ros/humble/share/rosidl_adapter/cmake)
[0.511s] -- Found rosidl_generator_cpp: 3.1.5 (/opt/ros/humble/share/rosidl_generator_cpp/cmake)
[0.523s] -- Using all available rosidl_typesupport_c: rosidl_typesupport_fastrtps_c;rosidl_typesupport_introspection_c
[0.540s] -- Using all available rosidl_typesupport_cpp: rosidl_typesupport_fastrtps_cpp;rosidl_typesupport_introspection_cpp
[0.604s] -- Found rmw_implementation_cmake: 6.1.2 (/opt/ros/humble/share/rmw_implementation_cmake/cmake)
[0.606s] -- Found rmw_fastrtps_cpp: 6.2.6 (/opt/ros/humble/share/rmw_fastrtps_cpp/cmake)
[0.699s] -- Found OpenSSL: /usr/lib/x86_64-linux-gnu/libcrypto.so (found version "3.0.2")  
[0.723s] -- Found FastRTPS: /opt/ros/humble/include  
[0.764s] -- Using RMW implementation 'rmw_fastrtps_cpp' as default
[0.772s] -- Looking for pthread.h
[0.834s] -- Looking for pthread.h - found
[0.834s] -- Performing Test CMAKE_HAVE_LIBC_PTHREAD
[0.897s] -- Performing Test CMAKE_HAVE_LIBC_PTHREAD - Success
[0.897s] -- Found Threads: TRUE  
[1.036s] -- Found moveit_core: 2.5.5 (/opt/ros/humble/share/moveit_core/cmake)
[1.064s] -- Found Boost: /usr/lib/x86_64-linux-gnu/cmake/Boost-1.74.0/BoostConfig.cmake (found version "1.74.0") found components: chrono date_time filesystem iostreams program_options regex serialization system thread 
[1.074s] -- Found parameter_traits: 0.3.8 (/opt/ros/humble/share/parameter_traits/cmake)
[1.094s] -- Found rclcpp_lifecycle: 16.0.9 (/opt/ros/humble/share/rclcpp_lifecycle/cmake)
[1.136s] -- Found Boost: /usr/lib/x86_64-linux-gnu/cmake/Boost-1.74.0/BoostConfig.cmake (found version "1.74.0") found components: filesystem 
[1.258s] -- library: /usr/lib/x86_64-linux-gnu/libcurl.so
[1.541s] -- Found Eigen3: TRUE (found version "3.4.0") 
[1.541s] -- Ensuring Eigen3 include directory is part of orocos-kdl CMake target
[2.552s] -- Found tf2_kdl: 0.25.7 (/opt/ros/humble/share/tf2_kdl/cmake)
[2.568s] -- Found trac_ik_lib: 2.0.1 (/home/om/ur5_gazebo/install/trac_ik_lib/share/trac_ik_lib/cmake)
[2.656s] -- Configuring done
[2.680s] -- Generating done
[2.682s] -- Build files have been written to: /home/om/ur5_gazebo/build/trac_ik_kinematics_plugin
[2.696s] Invoked command in '/home/om/ur5_gazebo/build/trac_ik_kinematics_plugin' returned '0': CMAKE_PREFIX_PATH=/home/om/ur5_gazebo/install/trac_ik_lib:/home/om/ur5_gazebo/install/ur_simulation_gazebo:/home/om/ur5_gazebo/install/ur_moveit_config:/home/om/ur5_gazebo/install/ur_description:/home/om/ur5_gazebo/install/trac_ik:/home/om/ur5_gazebo/install/trac_ik_kinematics_plugin:/home/om/ur5_gazebo/install/robot_controller:/opt/ros/humble LD_LIBRARY_PATH=/home/om/ur5_gazebo/install/trac_ik_lib/lib:/home/om/ur5_gazebo/install/trac_ik_kinematics_plugin/lib:/opt/ros/humble/opt/rviz_ogre_vendor/lib:/opt/ros/humble/lib/x86_64-linux-gnu:/opt/ros/humble/lib /usr/bin/cmake /home/om/ur5_gazebo/src/trac_ik/trac_ik_kinematics_plugin -DCMAKE_INSTALL_PREFIX=/home/om/ur5_gazebo/install/trac_ik_kinematics_plugin
[2.698s] Invoking command in '/home/om/ur5_gazebo/build/trac_ik_kinematics_plugin': CMAKE_PREFIX_PATH=/home/om/ur5_gazebo/install/trac_ik_lib:/home/om/ur5_gazebo/install/ur_simulation_gazebo:/home/om/ur5_gazebo/install/ur_moveit_config:/home/om/ur5_gazebo/install/ur_description:/home/om/ur5_gazebo/install/trac_ik:/home/om/ur5_gazebo/install/trac_ik_kinematics_plugin:/home/om/ur5_gazebo/install/robot_controller:/opt/ros/humble LD_LIBRARY_PATH=/home/om/ur5_gazebo/install/trac_ik_lib/lib:/home/om/ur5_gazebo/install/trac_ik_kinematics_plugin/lib:/opt/ros/humble/opt/rviz_ogre_vendor/lib:/opt/ros/humble/lib/x86_64-linux-gnu:/opt/ros/humble/lib /usr/bin/cmake --build /home/om/ur5_gazebo/build/trac_ik_kinematics_plugin -- -j8 -l8
[2.742s] [ 33%] [34m[1mRunning `/opt/ros/humble/bin/generate_parameter_library_cpp /home/om/ur5_gazebo/build/trac_ik_kinematics_plugin/trac_ik_kinematics_parameters/include//trac_ik_kinematics_parameters.hpp /home/om/ur5_gazebo/src/trac_ik/trac_ik_kinematics_plugin/src/trac_ik_kinematics_parameters.yaml `[0m
[2.903s] [ 33%] Built target trac_ik_kinematics_parameters
[2.923s] [ 66%] [32mBuilding CXX object CMakeFiles/trac_ik_kinematics_plugin.dir/src/trac_ik_kinematics_plugin.cpp.o[0m
[8.727s] [100%] [32m[1mLinking CXX shared library libtrac_ik_kinematics_plugin.so[0m
[9.044s] [100%] Built target trac_ik_kinematics_plugin
[9.056s] Invoked command in '/home/om/ur5_gazebo/build/trac_ik_kinematics_plugin' returned '0': CMAKE_PREFIX_PATH=/home/om/ur5_gazebo/install/trac_ik_lib:/home/om/ur5_gazebo/install/ur_simulation_gazebo:/home/om/ur5_gazebo/install/ur_moveit_config:/home/om/ur5_gazebo/install/ur_description:/home/om/ur5_gazebo/install/trac_ik:/home/om/ur5_gazebo/install/trac_ik_kinematics_plugin:/home/om/ur5_gazebo/install/robot_controller:/opt/ros/humble LD_LIBRARY_PATH=/home/om/ur5_gazebo/install/trac_ik_lib/lib:/home/om/ur5_gazebo/install/trac_ik_kinematics_plugin/lib:/opt/ros/humble/opt/rviz_ogre_vendor/lib:/opt/ros/humble/lib/x86_64-linux-gnu:/opt/ros/humble/lib /usr/bin/cmake --build /home/om/ur5_gazebo/build/trac_ik_kinematics_plugin -- -j8 -l8
[9.080s] Invoking command in '/home/om/ur5_gazebo/build/trac_ik_kinematics_plugin': CMAKE_PREFIX_PATH=/home/om/ur5_gazebo/install/trac_ik_lib:/home/om/ur5_gazebo/install/ur_simulation_gazebo:/home/om/ur5_gazebo/install/ur_moveit_config:/home/om/ur5_gazebo/install/ur_description:/home/om/ur5_gazebo/install/trac_ik:/home/om/ur5_gazebo/install/trac_ik_kinematics_plugin:/home/om/ur5_gazebo/install/robot_controller:/opt/ros/humble LD_LIBRARY_PATH=/home/om/ur5_gazebo/install/trac_ik_lib/lib:/home/om/ur5_gazebo/install/trac_ik_kinematics_plugin/lib:/opt/ros/humble/opt/rviz_ogre_vendor/lib:/opt/ros/humble/lib/x86_64-linux-gnu:/opt/ros/humble/lib /usr/bin/cmake --install /home/om/ur5_gazebo/build/trac_ik_kinematics_plugin
[9.086s] -- Install configuration: ""
[9.086s] -- Installing: /home/om/ur5_gazebo/install/trac_ik_kinematics_plugin/include/trac_ik_kinematics_parameters
[9.087s] -- Installing: /home/om/ur5_gazebo/install/trac_ik_kinematics_plugin/include/trac_ik_kinematics_parameters/trac_ik_kinematics_parameters.hpp
[9.087s] -- Up-to-date: /home/om/ur5_gazebo/install/trac_ik_kinematics_plugin/include
[9.087s] -- Installing: /home/om/ur5_gazebo/install/trac_ik_kinematics_plugin/include/trac_ik
[9.087s] -- Installing: /home/om/ur5_gazebo/install/trac_ik_kinematics_plugin/include/trac_ik/trac_ik_kinematics_plugin.hpp
[9.087s] -- Installing: /home/om/ur5_gazebo/install/trac_ik_kinematics_plugin/lib/libtrac_ik_kinematics_plugin.so
[9.088s] -- Set runtime path of "/home/om/ur5_gazebo/install/trac_ik_kinematics_plugin/lib/libtrac_ik_kinematics_plugin.so" to ""
[9.088s] -- Installing: /home/om/ur5_gazebo/install/trac_ik_kinematics_plugin/share/trac_ik_kinematics_plugin/trac_ik_kinematics_description.xml
[9.088s] -- Installing: /home/om/ur5_gazebo/install/trac_ik_kinematics_plugin/share/trac_ik_kinematics_plugin/environment/library_path.sh
[9.089s] -- Installing: /home/om/ur5_gazebo/install/trac_ik_kinematics_plugin/share/trac_ik_kinematics_plugin/environment/library_path.dsv
[9.089s] -- Installing: /home/om/ur5_gazebo/install/trac_ik_kinematics_plugin/share/ament_index/resource_index/package_run_dependencies/trac_ik_kinematics_plugin
[9.089s] -- Installing: /home/om/ur5_gazebo/install/trac_ik_kinematics_plugin/share/ament_index/resource_index/parent_prefix_path/trac_ik_kinematics_plugin
[9.089s] -- Installing: /home/om/ur5_gazebo/install/trac_ik_kinematics_plugin/share/trac_ik_kinematics_plugin/environment/ament_prefix_path.sh
[9.089s] -- Installing: /home/om/ur5_gazebo/install/trac_ik_kinematics_plugin/share/trac_ik_kinematics_plugin/environment/ament_prefix_path.dsv
[9.089s] -- Installing: /home/om/ur5_gazebo/install/trac_ik_kinematics_plugin/share/trac_ik_kinematics_plugin/environment/path.sh
[9.089s] -- Installing: /home/om/ur5_gazebo/install/trac_ik_kinematics_plugin/share/trac_ik_kinematics_plugin/environment/path.dsv
[9.089s] -- Installing: /home/om/ur5_gazebo/install/trac_ik_kinematics_plugin/share/trac_ik_kinematics_plugin/local_setup.bash
[9.089s] -- Installing: /home/om/ur5_gazebo/install/trac_ik_kinematics_plugin/share/trac_ik_kinematics_plugin/local_setup.sh
[9.089s] -- Installing: /home/om/ur5_gazebo/install/trac_ik_kinematics_plugin/share/trac_ik_kinematics_plugin/local_setup.zsh
[9.089s] -- Installing: /home/om/ur5_gazebo/install/trac_ik_kinematics_plugin/share/trac_ik_kinematics_plugin/local_setup.dsv
[9.089s] -- Installing: /home/om/ur5_gazebo/install/trac_ik_kinematics_plugin/share/trac_ik_kinematics_plugin/package.dsv
[9.089s] -- Installing: /home/om/ur5_gazebo/install/trac_ik_kinematics_plugin/share/ament_index/resource_index/packages/trac_ik_kinematics_plugin
[9.089s] -- Installing: /home/om/ur5_gazebo/install/trac_ik_kinematics_plugin/share/ament_index/resource_index/moveit_core__pluginlib__plugin/trac_ik_kinematics_plugin
[9.090s] -- Installing: /home/om/ur5_gazebo/install/trac_ik_kinematics_plugin/share/trac_ik_kinematics_plugin/cmake/export_trac_ik_kinematics_pluginExport.cmake
[9.090s] -- Installing: /home/om/ur5_gazebo/install/trac_ik_kinematics_plugin/share/trac_ik_kinematics_plugin/cmake/export_trac_ik_kinematics_pluginExport-noconfig.cmake
[9.090s] -- Installing: /home/om/ur5_gazebo/install/trac_ik_kinematics_plugin/share/trac_ik_kinematics_plugin/cmake/ament_cmake_export_libraries-extras.cmake
[9.090s] -- Installing: /home/om/ur5_gazebo/install/trac_ik_kinematics_plugin/share/trac_ik_kinematics_plugin/cmake/ament_cmake_export_targets-extras.cmake
[9.090s] -- Installing: /home/om/ur5_gazebo/install/trac_ik_kinematics_plugin/share/trac_ik_kinematics_plugin/cmake/ament_cmake_export_dependencies-extras.cmake
[9.090s] -- Installing: /home/om/ur5_gazebo/install/trac_ik_kinematics_plugin/share/trac_ik_kinematics_plugin/cmake/ament_cmake_export_include_directories-extras.cmake
[9.090s] -- Installing: /home/om/ur5_gazebo/install/trac_ik_kinematics_plugin/share/trac_ik_kinematics_plugin/cmake/trac_ik_kinematics_pluginConfig.cmake
[9.090s] -- Installing: /home/om/ur5_gazebo/install/trac_ik_kinematics_plugin/share/trac_ik_kinematics_plugin/cmake/trac_ik_kinematics_pluginConfig-version.cmake
[9.090s] -- Installing: /home/om/ur5_gazebo/install/trac_ik_kinematics_plugin/share/trac_ik_kinematics_plugin/package.xml
[9.093s] Invoked command in '/home/om/ur5_gazebo/build/trac_ik_kinematics_plugin' returned '0': CMAKE_PREFIX_PATH=/home/om/ur5_gazebo/install/trac_ik_lib:/home/om/ur5_gazebo/install/ur_simulation_gazebo:/home/om/ur5_gazebo/install/ur_moveit_config:/home/om/ur5_gazebo/install/ur_description:/home/om/ur5_gazebo/install/trac_ik:/home/om/ur5_gazebo/install/trac_ik_kinematics_plugin:/home/om/ur5_gazebo/install/robot_controller:/opt/ros/humble LD_LIBRARY_PATH=/home/om/ur5_gazebo/install/trac_ik_lib/lib:/home/om/ur5_gazebo/install/trac_ik_kinematics_plugin/lib:/opt/ros/humble/opt/rviz_ogre_vendor/lib:/opt/ros/humble/lib/x86_64-linux-gnu:/opt/ros/humble/lib /usr/bin/cmake --install /home/om/ur5_gazebo/build/trac_ik_kinematics_plugin
