[0.012s] Invoking command in '/home/om/gazebo_ur/build/robot_controller': CMAKE_PREFIX_PATH=/opt/ros/humble /usr/bin/cmake --build /home/om/gazebo_ur/build/robot_controller -- -j12 -l12
[0.038s] -- Found ament_cmake: 1.3.9 (/opt/ros/humble/share/ament_cmake/cmake)
[0.146s] -- Found rclcpp: 16.0.9 (/opt/ros/humble/share/rclcpp/cmake)
[0.173s] -- Found rosidl_generator_c: 3.1.5 (/opt/ros/humble/share/rosidl_generator_c/cmake)
[0.175s] -- Found rosidl_adapter: 3.1.5 (/opt/ros/humble/share/rosidl_adapter/cmake)
[0.180s] -- Found rosidl_generator_cpp: 3.1.5 (/opt/ros/humble/share/rosidl_generator_cpp/cmake)
[0.190s] -- Using all available rosidl_typesupport_c: rosidl_typesupport_fastrtps_c;rosidl_typesupport_introspection_c
[0.204s] -- Using all available rosidl_typesupport_cpp: rosidl_typesupport_fastrtps_cpp;rosidl_typesupport_introspection_cpp
[0.256s] -- Found rmw_implementation_cmake: 6.1.2 (/opt/ros/humble/share/rmw_implementation_cmake/cmake)
[0.257s] -- Found rmw_fastrtps_cpp: 6.2.6 (/opt/ros/humble/share/rmw_fastrtps_cpp/cmake)
[0.386s] -- Using RMW implementation 'rmw_fastrtps_cpp' as default
[0.537s] -- Found moveit_core: 2.5.5 (/opt/ros/humble/share/moveit_core/cmake)
[0.551s] -- Found Boost: /usr/lib/x86_64-linux-gnu/cmake/Boost-1.74.0/BoostConfig.cmake (found version "1.74.0") found components: chrono date_time filesystem iostreams program_options regex serialization system thread 
[0.557s] -- Found parameter_traits: 0.3.8 (/opt/ros/humble/share/parameter_traits/cmake)
[0.569s] -- Found rclcpp_lifecycle: 16.0.9 (/opt/ros/humble/share/rclcpp_lifecycle/cmake)
[0.611s] -- Found Boost: /usr/lib/x86_64-linux-gnu/cmake/Boost-1.74.0/BoostConfig.cmake (found version "1.74.0") found components: filesystem 
[0.691s] -- library: /usr/lib/x86_64-linux-gnu/libcurl.so
[0.970s] -- Ensuring Eigen3 include directory is part of orocos-kdl CMake target
[1.962s] -- Found moveit_ros_planning: 2.5.5 (/opt/ros/humble/share/moveit_ros_planning/cmake)
[1.967s] -- Found Boost: /usr/lib/x86_64-linux-gnu/cmake/Boost-1.74.0/BoostConfig.cmake (found version "1.74.0") found components: system filesystem date_time program_options thread chrono 
[2.358s] -- Found moveit_ros_planning_interface: 2.5.5 (/opt/ros/humble/share/moveit_ros_planning_interface/cmake)
[2.362s] -- Found Boost: /usr/lib/x86_64-linux-gnu/cmake/Boost-1.74.0/BoostConfig.cmake (found version "1.74.0") found components: date_time filesystem program_options system thread 
[2.533s] -- Found Boost: /usr/lib/x86_64-linux-gnu/cmake/Boost-1.74.0/BoostConfig.cmake (found version "1.74.0") found components: thread system filesystem regex date_time program_options 
[2.755s] -- Found Boost: /usr/lib/x86_64-linux-gnu/cmake/Boost-1.74.0/BoostConfig.cmake (found version "1.74.0") found components: system filesystem date_time program_options thread 
[3.141s] -- Found interactive_markers: 2.3.2 (/opt/ros/humble/share/interactive_markers/cmake)
[3.154s] -- Found control_msgs: 4.6.0 (/opt/ros/humble/share/control_msgs/cmake)
[3.350s] -- Found ament_lint_auto: 0.12.11 (/opt/ros/humble/share/ament_lint_auto/cmake)
[3.416s] -- Added test 'copyright' to check source files copyright and LICENSE
[3.417s] -- Added test 'cppcheck' to perform static code analysis on C / C++ code
[3.417s] -- Configured cppcheck include dirs: /home/om/gazebo_ur/src/robot_controller/include
[3.417s] -- Configured cppcheck exclude dirs and/or files: 
[3.418s] -- Added test 'cpplint' to check C / C++ code against the Google style
[3.418s] -- Configured cpplint exclude dirs and/or files: 
[3.419s] -- Added test 'flake8' to check Python code syntax and style conventions
[3.419s] -- Added test 'lint_cmake' to check CMake code style
[3.420s] -- Added test 'pep257' to check Python code against some of the docstring style conventions in PEP 257
[3.421s] -- Added test 'uncrustify' to check C / C++ code style
[3.421s] -- Configured uncrustify additional arguments: 
[3.421s] -- Added test 'xmllint' to check XML markup files
[3.422s] -- Configuring done
[3.463s] -- Generating done
[3.466s] -- Build files have been written to: /home/om/gazebo_ur/build/robot_controller
[3.502s] [35m[1mConsolidate compiler generated dependencies of target move_robot[0m
[3.532s] [ 50%] [32mBuilding CXX object CMakeFiles/move_robot.dir/src/move_robot.cpp.o[0m
[7.422s] [01m[K/home/om/gazebo_ur/src/robot_controller/src/move_robot.cpp:[m[K In member function ‘[01m[Kvoid TestTrajectory::plan_arm_joint_space()[m[K’:
[7.422s] [01m[K/home/om/gazebo_ur/src/robot_controller/src/move_robot.cpp:65:70:[m[K [01;35m[Kwarning: [m[K‘[01m[Kusing MoveItErrorCode = class moveit::core::MoveItErrorCode[m[K’ is deprecated: Use moveit::core::MoveItErrorCode [[01;35m[K]8;;https://gcc.gnu.org/onlinedocs/gcc/Warning-Options.html#index-Wdeprecated-declarations-Wdeprecated-declarations]8;;[m[K]
[7.422s]    65 |                  moveit::planning_interface::MoveItErrorCode::[01;35m[KSUCCESS[m[K);
[7.422s]       |                                                               [01;35m[K^~~~~~~[m[K
[7.422s] 
[7.422s] In file included from [01m[K/home/om/gazebo_ur/src/robot_controller/src/move_robot.cpp:1[m[K:
[7.422s] [01m[K/opt/ros/humble/include/moveit/move_group_interface/move_group_interface.h:71:7:[m[K [01;36m[Knote: [m[Kdeclared here
[7.422s]    71 | using [01;36m[KMoveItErrorCode[m[K [[deprecated("Use moveit::core::MoveItErrorCode")]] = moveit::core::MoveItErrorCode;
[7.423s]       |       [01;36m[K^~~~~~~~~~~~~~~[m[K
[7.423s] [01m[K/home/om/gazebo_ur/src/robot_controller/src/move_robot.cpp:64:10:[m[K [01;35m[Kwarning: [m[Kunused variable ‘[01m[Ksuccess_arm[m[K’ [[01;35m[K]8;;https://gcc.gnu.org/onlinedocs/gcc/Warning-Options.html#index-Wunused-variable-Wunused-variable]8;;[m[K]
[7.423s]    64 |     bool [01;35m[Ksuccess_arm[m[K = (move_group_arm.plan(my_plan_arm) ==
[7.423s]       |          [01;35m[K^~~~~~~~~~~[m[K
[9.706s] [100%] [32m[1mLinking CXX executable move_robot[0m
[10.132s] [100%] Built target move_robot
[10.144s] Invoked command in '/home/om/gazebo_ur/build/robot_controller' returned '0': CMAKE_PREFIX_PATH=/opt/ros/humble /usr/bin/cmake --build /home/om/gazebo_ur/build/robot_controller -- -j12 -l12
[10.170s] Invoking command in '/home/om/gazebo_ur/build/robot_controller': CMAKE_PREFIX_PATH=/opt/ros/humble /usr/bin/cmake --install /home/om/gazebo_ur/build/robot_controller
[10.180s] -- Install configuration: ""
[10.180s] -- Installing: /home/om/gazebo_ur/install/robot_controller/lib/robot_controller/move_robot
[10.182s] -- Set runtime path of "/home/om/gazebo_ur/install/robot_controller/lib/robot_controller/move_robot" to ""
[10.182s] -- Installing: /home/om/gazebo_ur/install/robot_controller/share/robot_controller/launch
[10.182s] -- Installing: /home/om/gazebo_ur/install/robot_controller/share/robot_controller/launch/move_robot.launch.py
[10.182s] -- Installing: /home/om/gazebo_ur/install/robot_controller/share/ament_index/resource_index/package_run_dependencies/robot_controller
[10.182s] -- Installing: /home/om/gazebo_ur/install/robot_controller/share/ament_index/resource_index/parent_prefix_path/robot_controller
[10.182s] -- Up-to-date: /home/om/gazebo_ur/install/robot_controller/share/robot_controller/environment/ament_prefix_path.sh
[10.182s] -- Installing: /home/om/gazebo_ur/install/robot_controller/share/robot_controller/environment/ament_prefix_path.dsv
[10.183s] -- Up-to-date: /home/om/gazebo_ur/install/robot_controller/share/robot_controller/environment/path.sh
[10.183s] -- Installing: /home/om/gazebo_ur/install/robot_controller/share/robot_controller/environment/path.dsv
[10.183s] -- Up-to-date: /home/om/gazebo_ur/install/robot_controller/share/robot_controller/local_setup.bash
[10.183s] -- Up-to-date: /home/om/gazebo_ur/install/robot_controller/share/robot_controller/local_setup.sh
[10.183s] -- Up-to-date: /home/om/gazebo_ur/install/robot_controller/share/robot_controller/local_setup.zsh
[10.183s] -- Installing: /home/om/gazebo_ur/install/robot_controller/share/robot_controller/local_setup.dsv
[10.183s] -- Installing: /home/om/gazebo_ur/install/robot_controller/share/robot_controller/package.dsv
[10.183s] -- Up-to-date: /home/om/gazebo_ur/install/robot_controller/share/ament_index/resource_index/packages/robot_controller
[10.184s] -- Up-to-date: /home/om/gazebo_ur/install/robot_controller/share/robot_controller/cmake/robot_controllerConfig.cmake
[10.184s] -- Up-to-date: /home/om/gazebo_ur/install/robot_controller/share/robot_controller/cmake/robot_controllerConfig-version.cmake
[10.184s] -- Installing: /home/om/gazebo_ur/install/robot_controller/share/robot_controller/package.xml
[10.186s] Invoked command in '/home/om/gazebo_ur/build/robot_controller' returned '0': CMAKE_PREFIX_PATH=/opt/ros/humble /usr/bin/cmake --install /home/om/gazebo_ur/build/robot_controller
