[0.009s] Invoking command in '/home/om/gazebo_ur/build/trac_ik': AMENT_PREFIX_PATH=/home/om/gazebo_ur/install/trac_ik_kinematics_plugin:/home/om/gazebo_ur/install/trac_ik_lib:${AMENT_PREFIX_PATH} CMAKE_PREFIX_PATH=/home/om/gazebo_ur/install/trac_ik_kinematics_plugin:/home/om/gazebo_ur/install/trac_ik_lib:/opt/ros/humble LD_LIBRARY_PATH=/home/om/gazebo_ur/install/trac_ik_kinematics_plugin/lib:/home/om/gazebo_ur/install/trac_ik_lib/lib:${LD_LIBRARY_PATH} /usr/bin/cmake --build /home/om/gazebo_ur/build/trac_ik -- -j12 -l12
[0.052s] Invoked command in '/home/om/gazebo_ur/build/trac_ik' returned '0': AMENT_PREFIX_PATH=/home/om/gazebo_ur/install/trac_ik_kinematics_plugin:/home/om/gazebo_ur/install/trac_ik_lib:${AMENT_PREFIX_PATH} CMAKE_PREFIX_PATH=/home/om/gazebo_ur/install/trac_ik_kinematics_plugin:/home/om/gazebo_ur/install/trac_ik_lib:/opt/ros/humble LD_LIBRARY_PATH=/home/om/gazebo_ur/install/trac_ik_kinematics_plugin/lib:/home/om/gazebo_ur/install/trac_ik_lib/lib:${LD_LIBRARY_PATH} /usr/bin/cmake --build /home/om/gazebo_ur/build/trac_ik -- -j12 -l12
[0.076s] Invoking command in '/home/om/gazebo_ur/build/trac_ik': AMENT_PREFIX_PATH=/home/om/gazebo_ur/install/trac_ik_kinematics_plugin:/home/om/gazebo_ur/install/trac_ik_lib:${AMENT_PREFIX_PATH} CMAKE_PREFIX_PATH=/home/om/gazebo_ur/install/trac_ik_kinematics_plugin:/home/om/gazebo_ur/install/trac_ik_lib:/opt/ros/humble LD_LIBRARY_PATH=/home/om/gazebo_ur/install/trac_ik_kinematics_plugin/lib:/home/om/gazebo_ur/install/trac_ik_lib/lib:${LD_LIBRARY_PATH} /usr/bin/cmake --install /home/om/gazebo_ur/build/trac_ik
[0.085s] -- Install configuration: ""
[0.085s] -- Up-to-date: /home/om/gazebo_ur/install/trac_ik/share/ament_index/resource_index/package_run_dependencies/trac_ik
[0.085s] -- Up-to-date: /home/om/gazebo_ur/install/trac_ik/share/ament_index/resource_index/parent_prefix_path/trac_ik
[0.085s] -- Up-to-date: /home/om/gazebo_ur/install/trac_ik/share/trac_ik/environment/ament_prefix_path.sh
[0.085s] -- Up-to-date: /home/om/gazebo_ur/install/trac_ik/share/trac_ik/environment/ament_prefix_path.dsv
[0.085s] -- Up-to-date: /home/om/gazebo_ur/install/trac_ik/share/trac_ik/environment/path.sh
[0.085s] -- Up-to-date: /home/om/gazebo_ur/install/trac_ik/share/trac_ik/environment/path.dsv
[0.085s] -- Up-to-date: /home/om/gazebo_ur/install/trac_ik/share/trac_ik/local_setup.bash
[0.085s] -- Up-to-date: /home/om/gazebo_ur/install/trac_ik/share/trac_ik/local_setup.sh
[0.086s] -- Up-to-date: /home/om/gazebo_ur/install/trac_ik/share/trac_ik/local_setup.zsh
[0.086s] -- Up-to-date: /home/om/gazebo_ur/install/trac_ik/share/trac_ik/local_setup.dsv
[0.086s] -- Installing: /home/om/gazebo_ur/install/trac_ik/share/trac_ik/package.dsv
[0.086s] -- Up-to-date: /home/om/gazebo_ur/install/trac_ik/share/ament_index/resource_index/packages/trac_ik
[0.086s] -- Up-to-date: /home/om/gazebo_ur/install/trac_ik/share/trac_ik/cmake/trac_ikConfig.cmake
[0.086s] -- Up-to-date: /home/om/gazebo_ur/install/trac_ik/share/trac_ik/cmake/trac_ikConfig-version.cmake
[0.086s] -- Up-to-date: /home/om/gazebo_ur/install/trac_ik/share/trac_ik/package.xml
[0.089s] Invoked command in '/home/om/gazebo_ur/build/trac_ik' returned '0': AMENT_PREFIX_PATH=/home/om/gazebo_ur/install/trac_ik_kinematics_plugin:/home/om/gazebo_ur/install/trac_ik_lib:${AMENT_PREFIX_PATH} CMAKE_PREFIX_PATH=/home/om/gazebo_ur/install/trac_ik_kinematics_plugin:/home/om/gazebo_ur/install/trac_ik_lib:/opt/ros/humble LD_LIBRARY_PATH=/home/om/gazebo_ur/install/trac_ik_kinematics_plugin/lib:/home/om/gazebo_ur/install/trac_ik_lib/lib:${LD_LIBRARY_PATH} /usr/bin/cmake --install /home/om/gazebo_ur/build/trac_ik
