[0.010s] Invoking command in '/home/om/gazebo_ur/build/trac_ik_lib': CMAKE_PREFIX_PATH=/opt/ros/humble /usr/bin/cmake --build /home/om/gazebo_ur/build/trac_ik_lib -- -j12 -l12
[0.037s] -- Found ament_cmake: 1.3.9 (/opt/ros/humble/share/ament_cmake/cmake)
[0.136s] -- Found eigen3_cmake_module: 0.1.1 (/opt/ros/humble/share/eigen3_cmake_module/cmake)
[0.137s] -- Found kdl_parser: 2.6.4 (/opt/ros/humble/share/kdl_parser/cmake)
[0.140s] -- Ensuring Eigen3 include directory is part of orocos-kdl CMake target
[0.151s] -- Found rclcpp: 16.0.9 (/opt/ros/humble/share/rclcpp/cmake)
[0.168s] -- Found rosidl_generator_c: 3.1.5 (/opt/ros/humble/share/rosidl_generator_c/cmake)
[0.170s] -- Found rosidl_adapter: 3.1.5 (/opt/ros/humble/share/rosidl_adapter/cmake)
[0.175s] -- Found rosidl_generator_cpp: 3.1.5 (/opt/ros/humble/share/rosidl_generator_cpp/cmake)
[0.184s] -- Using all available rosidl_typesupport_c: rosidl_typesupport_fastrtps_c;rosidl_typesupport_introspection_c
[0.198s] -- Using all available rosidl_typesupport_cpp: rosidl_typesupport_fastrtps_cpp;rosidl_typesupport_introspection_cpp
[0.248s] -- Found rmw_implementation_cmake: 6.1.2 (/opt/ros/humble/share/rmw_implementation_cmake/cmake)
[0.250s] -- Found rmw_fastrtps_cpp: 6.2.6 (/opt/ros/humble/share/rmw_fastrtps_cpp/cmake)
[0.369s] -- Using RMW implementation 'rmw_fastrtps_cpp' as default
[0.507s] -- Found urdf: 2.6.0 (/opt/ros/humble/share/urdf/cmake)
[0.530s] -- Found ament_lint_auto: 0.12.11 (/opt/ros/humble/share/ament_lint_auto/cmake)
[0.586s] -- Added test 'copyright' to check source files copyright and LICENSE
[0.587s] -- Added test 'cpplint' to check C / C++ code against the Google style
[0.587s] -- Configured cpplint exclude dirs and/or files: 
[0.588s] -- Added test 'lint_cmake' to check CMake code style
[0.588s] -- Added test 'xmllint' to check XML markup files
[0.589s] -- Configuring done
[0.599s] -- Generating done
[0.600s] -- Build files have been written to: /home/om/gazebo_ur/build/trac_ik_lib
[0.629s] [35m[1mConsolidate compiler generated dependencies of target trac_ik_lib[0m
[0.655s] [ 25%] [32mBuilding CXX object CMakeFiles/trac_ik_lib.dir/src/kdl_tl.cpp.o[0m
[0.657s] [ 75%] [32mBuilding CXX object CMakeFiles/trac_ik_lib.dir/src/nlopt_ik.cpp.o[0m
[0.657s] [ 75%] [32mBuilding CXX object CMakeFiles/trac_ik_lib.dir/src/trac_ik.cpp.o[0m
[8.333s] [100%] [32m[1mLinking CXX shared library libtrac_ik_lib.so[0m
[8.578s] [100%] Built target trac_ik_lib
[8.592s] Invoked command in '/home/om/gazebo_ur/build/trac_ik_lib' returned '0': CMAKE_PREFIX_PATH=/opt/ros/humble /usr/bin/cmake --build /home/om/gazebo_ur/build/trac_ik_lib -- -j12 -l12
[8.623s] Invoking command in '/home/om/gazebo_ur/build/trac_ik_lib': CMAKE_PREFIX_PATH=/opt/ros/humble /usr/bin/cmake --install /home/om/gazebo_ur/build/trac_ik_lib
[8.629s] -- Install configuration: ""
[8.629s] -- Up-to-date: /home/om/gazebo_ur/install/trac_ik_lib/share/trac_ik_lib/environment/library_path.sh
[8.629s] -- Installing: /home/om/gazebo_ur/install/trac_ik_lib/share/trac_ik_lib/environment/library_path.dsv
[8.629s] -- Up-to-date: /home/om/gazebo_ur/install/trac_ik_lib/include
[8.629s] -- Up-to-date: /home/om/gazebo_ur/install/trac_ik_lib/include/trac_ik
[8.630s] -- Installing: /home/om/gazebo_ur/install/trac_ik_lib/include/trac_ik/math3d.h
[8.630s] -- Installing: /home/om/gazebo_ur/install/trac_ik_lib/include/trac_ik/visibility_control.hpp
[8.630s] -- Installing: /home/om/gazebo_ur/install/trac_ik_lib/include/trac_ik/nlopt_ik.hpp
[8.630s] -- Installing: /home/om/gazebo_ur/install/trac_ik_lib/include/trac_ik/trac_ik.hpp
[8.630s] -- Installing: /home/om/gazebo_ur/install/trac_ik_lib/include/trac_ik/kdl_tl.hpp
[8.630s] -- Installing: /home/om/gazebo_ur/install/trac_ik_lib/include/trac_ik/dual_quaternion.h
[8.630s] -- Installing: /home/om/gazebo_ur/install/trac_ik_lib/lib/libtrac_ik_lib.so
[8.636s] -- Set runtime path of "/home/om/gazebo_ur/install/trac_ik_lib/lib/libtrac_ik_lib.so" to ""
[8.636s] -- Up-to-date: /home/om/gazebo_ur/install/trac_ik_lib/share/ament_index/resource_index/package_run_dependencies/trac_ik_lib
[8.636s] -- Up-to-date: /home/om/gazebo_ur/install/trac_ik_lib/share/ament_index/resource_index/parent_prefix_path/trac_ik_lib
[8.636s] -- Up-to-date: /home/om/gazebo_ur/install/trac_ik_lib/share/trac_ik_lib/environment/ament_prefix_path.sh
[8.637s] -- Installing: /home/om/gazebo_ur/install/trac_ik_lib/share/trac_ik_lib/environment/ament_prefix_path.dsv
[8.637s] -- Up-to-date: /home/om/gazebo_ur/install/trac_ik_lib/share/trac_ik_lib/environment/path.sh
[8.637s] -- Installing: /home/om/gazebo_ur/install/trac_ik_lib/share/trac_ik_lib/environment/path.dsv
[8.637s] -- Up-to-date: /home/om/gazebo_ur/install/trac_ik_lib/share/trac_ik_lib/local_setup.bash
[8.637s] -- Up-to-date: /home/om/gazebo_ur/install/trac_ik_lib/share/trac_ik_lib/local_setup.sh
[8.637s] -- Up-to-date: /home/om/gazebo_ur/install/trac_ik_lib/share/trac_ik_lib/local_setup.zsh
[8.637s] -- Installing: /home/om/gazebo_ur/install/trac_ik_lib/share/trac_ik_lib/local_setup.dsv
[8.637s] -- Installing: /home/om/gazebo_ur/install/trac_ik_lib/share/trac_ik_lib/package.dsv
[8.637s] -- Up-to-date: /home/om/gazebo_ur/install/trac_ik_lib/share/ament_index/resource_index/packages/trac_ik_lib
[8.637s] -- Up-to-date: /home/om/gazebo_ur/install/trac_ik_lib/share/trac_ik_lib/cmake/export_trac_ik_libExport.cmake
[8.637s] -- Up-to-date: /home/om/gazebo_ur/install/trac_ik_lib/share/trac_ik_lib/cmake/export_trac_ik_libExport-noconfig.cmake
[8.637s] -- Up-to-date: /home/om/gazebo_ur/install/trac_ik_lib/share/trac_ik_lib/cmake/ament_cmake_export_targets-extras.cmake
[8.638s] -- Up-to-date: /home/om/gazebo_ur/install/trac_ik_lib/share/trac_ik_lib/cmake/ament_cmake_export_dependencies-extras.cmake
[8.638s] -- Up-to-date: /home/om/gazebo_ur/install/trac_ik_lib/share/trac_ik_lib/cmake/trac_ik_libConfig.cmake
[8.638s] -- Up-to-date: /home/om/gazebo_ur/install/trac_ik_lib/share/trac_ik_lib/cmake/trac_ik_libConfig-version.cmake
[8.638s] -- Installing: /home/om/gazebo_ur/install/trac_ik_lib/share/trac_ik_lib/package.xml
[8.640s] Invoked command in '/home/om/gazebo_ur/build/trac_ik_lib' returned '0': CMAKE_PREFIX_PATH=/opt/ros/humble /usr/bin/cmake --install /home/om/gazebo_ur/build/trac_ik_lib
