[0.084s] DEBUG:colcon:Command line arguments: ['/usr/bin/colcon', 'build', '--allow-overriding', 'ur_description', 'ur_moveit_config']
[0.084s] DEBUG:colcon:Parsed command line arguments: Namespace(log_base=None, log_level=None, verb_name='build', build_base='build', install_base='install', merge_install=False, symlink_install=False, test_result_base=None, continue_on_error=False, executor='parallel', parallel_workers=12, event_handlers=None, ignore_user_meta=False, metas=['./colcon.meta'], base_paths=['.'], packages_ignore=None, packages_ignore_regex=None, paths=None, packages_up_to=None, packages_up_to_regex=None, packages_above=None, packages_above_and_dependencies=None, packages_above_depth=None, packages_select_by_dep=None, packages_skip_by_dep=None, packages_skip_up_to=None, packages_select_build_failed=False, packages_skip_build_finished=False, packages_select_test_failures=False, packages_skip_test_passed=False, packages_select=None, packages_skip=None, packages_select_regex=None, packages_skip_regex=None, packages_start=None, packages_end=None, allow_overriding=['ur_description', 'ur_moveit_config'], cmake_args=None, cmake_target=None, cmake_target_skip_unavailable=False, cmake_clean_cache=False, cmake_clean_first=False, cmake_force_configure=False, ament_cmake_args=None, catkin_cmake_args=None, catkin_skip_building_tests=False, verb_parser=<colcon_defaults.argument_parser.defaults.DefaultArgumentsDecorator object at 0x74f8ff6f8c40>, verb_extension=<colcon_core.verb.build.BuildVerb object at 0x74f8ff8aa590>, main=<bound method BuildVerb.main of <colcon_core.verb.build.BuildVerb object at 0x74f8ff8aa590>>)
[0.220s] Level 1:colcon.colcon_core.package_discovery:discover_packages(colcon_meta) check parameters
[0.220s] Level 1:colcon.colcon_core.package_discovery:discover_packages(recursive) check parameters
[0.220s] Level 1:colcon.colcon_core.package_discovery:discover_packages(ignore) check parameters
[0.220s] Level 1:colcon.colcon_core.package_discovery:discover_packages(path) check parameters
[0.220s] Level 1:colcon.colcon_core.package_discovery:discover_packages(colcon_meta) discover
[0.220s] Level 1:colcon.colcon_core.package_discovery:discover_packages(recursive) discover
[0.220s] INFO:colcon.colcon_core.package_discovery:Crawling recursively for packages in '/home/om/gazebo_ur'
[0.220s] Level 1:colcon.colcon_core.package_identification:_identify(.) by extensions ['ignore', 'ignore_ament_install']
[0.221s] Level 1:colcon.colcon_core.package_identification:_identify(.) by extension 'ignore'
[0.221s] Level 1:colcon.colcon_core.package_identification:_identify(.) by extension 'ignore_ament_install'
[0.221s] Level 1:colcon.colcon_core.package_identification:_identify(.) by extensions ['colcon_pkg']
[0.221s] Level 1:colcon.colcon_core.package_identification:_identify(.) by extension 'colcon_pkg'
[0.221s] Level 1:colcon.colcon_core.package_identification:_identify(.) by extensions ['colcon_meta']
[0.221s] Level 1:colcon.colcon_core.package_identification:_identify(.) by extension 'colcon_meta'
[0.221s] Level 1:colcon.colcon_core.package_identification:_identify(.) by extensions ['ros']
[0.221s] Level 1:colcon.colcon_core.package_identification:_identify(.) by extension 'ros'
[0.230s] Level 1:colcon.colcon_core.package_identification:_identify(.) by extensions ['cmake', 'python']
[0.230s] Level 1:colcon.colcon_core.package_identification:_identify(.) by extension 'cmake'
[0.230s] Level 1:colcon.colcon_core.package_identification:_identify(.) by extension 'python'
[0.230s] Level 1:colcon.colcon_core.package_identification:_identify(.) by extensions ['python_setup_py']
[0.230s] Level 1:colcon.colcon_core.package_identification:_identify(.) by extension 'python_setup_py'
[0.230s] Level 1:colcon.colcon_core.package_identification:_identify(build) by extensions ['ignore', 'ignore_ament_install']
[0.230s] Level 1:colcon.colcon_core.package_identification:_identify(build) by extension 'ignore'
[0.230s] Level 1:colcon.colcon_core.package_identification:_identify(build) ignored
[0.230s] Level 1:colcon.colcon_core.package_identification:_identify(install) by extensions ['ignore', 'ignore_ament_install']
[0.230s] Level 1:colcon.colcon_core.package_identification:_identify(install) by extension 'ignore'
[0.230s] Level 1:colcon.colcon_core.package_identification:_identify(install) ignored
[0.231s] Level 1:colcon.colcon_core.package_identification:_identify(log) by extensions ['ignore', 'ignore_ament_install']
[0.231s] Level 1:colcon.colcon_core.package_identification:_identify(log) by extension 'ignore'
[0.231s] Level 1:colcon.colcon_core.package_identification:_identify(log) ignored
[0.231s] Level 1:colcon.colcon_core.package_identification:_identify(src) by extensions ['ignore', 'ignore_ament_install']
[0.231s] Level 1:colcon.colcon_core.package_identification:_identify(src) by extension 'ignore'
[0.231s] Level 1:colcon.colcon_core.package_identification:_identify(src) by extension 'ignore_ament_install'
[0.231s] Level 1:colcon.colcon_core.package_identification:_identify(src) by extensions ['colcon_pkg']
[0.231s] Level 1:colcon.colcon_core.package_identification:_identify(src) by extension 'colcon_pkg'
[0.231s] Level 1:colcon.colcon_core.package_identification:_identify(src) by extensions ['colcon_meta']
[0.231s] Level 1:colcon.colcon_core.package_identification:_identify(src) by extension 'colcon_meta'
[0.231s] Level 1:colcon.colcon_core.package_identification:_identify(src) by extensions ['ros']
[0.231s] Level 1:colcon.colcon_core.package_identification:_identify(src) by extension 'ros'
[0.231s] Level 1:colcon.colcon_core.package_identification:_identify(src) by extensions ['cmake', 'python']
[0.231s] Level 1:colcon.colcon_core.package_identification:_identify(src) by extension 'cmake'
[0.231s] Level 1:colcon.colcon_core.package_identification:_identify(src) by extension 'python'
[0.231s] Level 1:colcon.colcon_core.package_identification:_identify(src) by extensions ['python_setup_py']
[0.231s] Level 1:colcon.colcon_core.package_identification:_identify(src) by extension 'python_setup_py'
[0.231s] Level 1:colcon.colcon_core.package_identification:_identify(src/Universal_Robots_ROS2_Gazebo_Simulation) by extensions ['ignore', 'ignore_ament_install']
[0.231s] Level 1:colcon.colcon_core.package_identification:_identify(src/Universal_Robots_ROS2_Gazebo_Simulation) by extension 'ignore'
[0.231s] Level 1:colcon.colcon_core.package_identification:_identify(src/Universal_Robots_ROS2_Gazebo_Simulation) by extension 'ignore_ament_install'
[0.231s] Level 1:colcon.colcon_core.package_identification:_identify(src/Universal_Robots_ROS2_Gazebo_Simulation) by extensions ['colcon_pkg']
[0.231s] Level 1:colcon.colcon_core.package_identification:_identify(src/Universal_Robots_ROS2_Gazebo_Simulation) by extension 'colcon_pkg'
[0.232s] Level 1:colcon.colcon_core.package_identification:_identify(src/Universal_Robots_ROS2_Gazebo_Simulation) by extensions ['colcon_meta']
[0.232s] Level 1:colcon.colcon_core.package_identification:_identify(src/Universal_Robots_ROS2_Gazebo_Simulation) by extension 'colcon_meta'
[0.232s] Level 1:colcon.colcon_core.package_identification:_identify(src/Universal_Robots_ROS2_Gazebo_Simulation) by extensions ['ros']
[0.232s] Level 1:colcon.colcon_core.package_identification:_identify(src/Universal_Robots_ROS2_Gazebo_Simulation) by extension 'ros'
[0.232s] Level 1:colcon.colcon_core.package_identification:_identify(src/Universal_Robots_ROS2_Gazebo_Simulation) by extensions ['cmake', 'python']
[0.232s] Level 1:colcon.colcon_core.package_identification:_identify(src/Universal_Robots_ROS2_Gazebo_Simulation) by extension 'cmake'
[0.232s] Level 1:colcon.colcon_core.package_identification:_identify(src/Universal_Robots_ROS2_Gazebo_Simulation) by extension 'python'
[0.232s] Level 1:colcon.colcon_core.package_identification:_identify(src/Universal_Robots_ROS2_Gazebo_Simulation) by extensions ['python_setup_py']
[0.232s] Level 1:colcon.colcon_core.package_identification:_identify(src/Universal_Robots_ROS2_Gazebo_Simulation) by extension 'python_setup_py'
[0.232s] Level 1:colcon.colcon_core.package_identification:_identify(src/Universal_Robots_ROS2_Gazebo_Simulation/ur_simulation_gazebo) by extensions ['ignore', 'ignore_ament_install']
[0.232s] Level 1:colcon.colcon_core.package_identification:_identify(src/Universal_Robots_ROS2_Gazebo_Simulation/ur_simulation_gazebo) by extension 'ignore'
[0.232s] Level 1:colcon.colcon_core.package_identification:_identify(src/Universal_Robots_ROS2_Gazebo_Simulation/ur_simulation_gazebo) by extension 'ignore_ament_install'
[0.232s] Level 1:colcon.colcon_core.package_identification:_identify(src/Universal_Robots_ROS2_Gazebo_Simulation/ur_simulation_gazebo) by extensions ['colcon_pkg']
[0.232s] Level 1:colcon.colcon_core.package_identification:_identify(src/Universal_Robots_ROS2_Gazebo_Simulation/ur_simulation_gazebo) by extension 'colcon_pkg'
[0.232s] Level 1:colcon.colcon_core.package_identification:_identify(src/Universal_Robots_ROS2_Gazebo_Simulation/ur_simulation_gazebo) by extensions ['colcon_meta']
[0.232s] Level 1:colcon.colcon_core.package_identification:_identify(src/Universal_Robots_ROS2_Gazebo_Simulation/ur_simulation_gazebo) by extension 'colcon_meta'
[0.232s] Level 1:colcon.colcon_core.package_identification:_identify(src/Universal_Robots_ROS2_Gazebo_Simulation/ur_simulation_gazebo) by extensions ['ros']
[0.232s] Level 1:colcon.colcon_core.package_identification:_identify(src/Universal_Robots_ROS2_Gazebo_Simulation/ur_simulation_gazebo) by extension 'ros'
[0.234s] DEBUG:colcon.colcon_core.package_identification:Package 'src/Universal_Robots_ROS2_Gazebo_Simulation/ur_simulation_gazebo' with type 'ros.ament_cmake' and name 'ur_simulation_gazebo'
[0.234s] Level 1:colcon.colcon_core.package_identification:_identify(src/robot_controller) by extensions ['ignore', 'ignore_ament_install']
[0.235s] Level 1:colcon.colcon_core.package_identification:_identify(src/robot_controller) by extension 'ignore'
[0.235s] Level 1:colcon.colcon_core.package_identification:_identify(src/robot_controller) by extension 'ignore_ament_install'
[0.235s] Level 1:colcon.colcon_core.package_identification:_identify(src/robot_controller) by extensions ['colcon_pkg']
[0.235s] Level 1:colcon.colcon_core.package_identification:_identify(src/robot_controller) by extension 'colcon_pkg'
[0.235s] Level 1:colcon.colcon_core.package_identification:_identify(src/robot_controller) by extensions ['colcon_meta']
[0.235s] Level 1:colcon.colcon_core.package_identification:_identify(src/robot_controller) by extension 'colcon_meta'
[0.235s] Level 1:colcon.colcon_core.package_identification:_identify(src/robot_controller) by extensions ['ros']
[0.235s] Level 1:colcon.colcon_core.package_identification:_identify(src/robot_controller) by extension 'ros'
[0.236s] DEBUG:colcon.colcon_core.package_identification:Package 'src/robot_controller' with type 'ros.ament_cmake' and name 'robot_controller'
[0.236s] Level 1:colcon.colcon_core.package_identification:_identify(src/trac_ik) by extensions ['ignore', 'ignore_ament_install']
[0.236s] Level 1:colcon.colcon_core.package_identification:_identify(src/trac_ik) by extension 'ignore'
[0.236s] Level 1:colcon.colcon_core.package_identification:_identify(src/trac_ik) by extension 'ignore_ament_install'
[0.236s] Level 1:colcon.colcon_core.package_identification:_identify(src/trac_ik) by extensions ['colcon_pkg']
[0.236s] Level 1:colcon.colcon_core.package_identification:_identify(src/trac_ik) by extension 'colcon_pkg'
[0.236s] Level 1:colcon.colcon_core.package_identification:_identify(src/trac_ik) by extensions ['colcon_meta']
[0.236s] Level 1:colcon.colcon_core.package_identification:_identify(src/trac_ik) by extension 'colcon_meta'
[0.236s] Level 1:colcon.colcon_core.package_identification:_identify(src/trac_ik) by extensions ['ros']
[0.236s] Level 1:colcon.colcon_core.package_identification:_identify(src/trac_ik) by extension 'ros'
[0.236s] Level 1:colcon.colcon_core.package_identification:_identify(src/trac_ik) by extensions ['cmake', 'python']
[0.236s] Level 1:colcon.colcon_core.package_identification:_identify(src/trac_ik) by extension 'cmake'
[0.236s] Level 1:colcon.colcon_core.package_identification:_identify(src/trac_ik) by extension 'python'
[0.236s] Level 1:colcon.colcon_core.package_identification:_identify(src/trac_ik) by extensions ['python_setup_py']
[0.236s] Level 1:colcon.colcon_core.package_identification:_identify(src/trac_ik) by extension 'python_setup_py'
[0.236s] Level 1:colcon.colcon_core.package_identification:_identify(src/trac_ik/trac_ik) by extensions ['ignore', 'ignore_ament_install']
[0.236s] Level 1:colcon.colcon_core.package_identification:_identify(src/trac_ik/trac_ik) by extension 'ignore'
[0.236s] Level 1:colcon.colcon_core.package_identification:_identify(src/trac_ik/trac_ik) by extension 'ignore_ament_install'
[0.236s] Level 1:colcon.colcon_core.package_identification:_identify(src/trac_ik/trac_ik) by extensions ['colcon_pkg']
[0.236s] Level 1:colcon.colcon_core.package_identification:_identify(src/trac_ik/trac_ik) by extension 'colcon_pkg'
[0.236s] Level 1:colcon.colcon_core.package_identification:_identify(src/trac_ik/trac_ik) by extensions ['colcon_meta']
[0.236s] Level 1:colcon.colcon_core.package_identification:_identify(src/trac_ik/trac_ik) by extension 'colcon_meta'
[0.236s] Level 1:colcon.colcon_core.package_identification:_identify(src/trac_ik/trac_ik) by extensions ['ros']
[0.237s] Level 1:colcon.colcon_core.package_identification:_identify(src/trac_ik/trac_ik) by extension 'ros'
[0.237s] DEBUG:colcon.colcon_core.package_identification:Package 'src/trac_ik/trac_ik' with type 'ros.ament_cmake' and name 'trac_ik'
[0.237s] Level 1:colcon.colcon_core.package_identification:_identify(src/trac_ik/trac_ik_examples) by extensions ['ignore', 'ignore_ament_install']
[0.237s] Level 1:colcon.colcon_core.package_identification:_identify(src/trac_ik/trac_ik_examples) by extension 'ignore'
[0.237s] Level 1:colcon.colcon_core.package_identification:_identify(src/trac_ik/trac_ik_examples) ignored
[0.237s] Level 1:colcon.colcon_core.package_identification:_identify(src/trac_ik/trac_ik_kinematics_plugin) by extensions ['ignore', 'ignore_ament_install']
[0.237s] Level 1:colcon.colcon_core.package_identification:_identify(src/trac_ik/trac_ik_kinematics_plugin) by extension 'ignore'
[0.237s] Level 1:colcon.colcon_core.package_identification:_identify(src/trac_ik/trac_ik_kinematics_plugin) by extension 'ignore_ament_install'
[0.237s] Level 1:colcon.colcon_core.package_identification:_identify(src/trac_ik/trac_ik_kinematics_plugin) by extensions ['colcon_pkg']
[0.238s] Level 1:colcon.colcon_core.package_identification:_identify(src/trac_ik/trac_ik_kinematics_plugin) by extension 'colcon_pkg'
[0.238s] Level 1:colcon.colcon_core.package_identification:_identify(src/trac_ik/trac_ik_kinematics_plugin) by extensions ['colcon_meta']
[0.238s] Level 1:colcon.colcon_core.package_identification:_identify(src/trac_ik/trac_ik_kinematics_plugin) by extension 'colcon_meta'
[0.238s] Level 1:colcon.colcon_core.package_identification:_identify(src/trac_ik/trac_ik_kinematics_plugin) by extensions ['ros']
[0.238s] Level 1:colcon.colcon_core.package_identification:_identify(src/trac_ik/trac_ik_kinematics_plugin) by extension 'ros'
[0.238s] DEBUG:colcon.colcon_core.package_identification:Package 'src/trac_ik/trac_ik_kinematics_plugin' with type 'ros.ament_cmake' and name 'trac_ik_kinematics_plugin'
[0.239s] Level 1:colcon.colcon_core.package_identification:_identify(src/trac_ik/trac_ik_lib) by extensions ['ignore', 'ignore_ament_install']
[0.239s] Level 1:colcon.colcon_core.package_identification:_identify(src/trac_ik/trac_ik_lib) by extension 'ignore'
[0.239s] Level 1:colcon.colcon_core.package_identification:_identify(src/trac_ik/trac_ik_lib) by extension 'ignore_ament_install'
[0.239s] Level 1:colcon.colcon_core.package_identification:_identify(src/trac_ik/trac_ik_lib) by extensions ['colcon_pkg']
[0.239s] Level 1:colcon.colcon_core.package_identification:_identify(src/trac_ik/trac_ik_lib) by extension 'colcon_pkg'
[0.239s] Level 1:colcon.colcon_core.package_identification:_identify(src/trac_ik/trac_ik_lib) by extensions ['colcon_meta']
[0.239s] Level 1:colcon.colcon_core.package_identification:_identify(src/trac_ik/trac_ik_lib) by extension 'colcon_meta'
[0.239s] Level 1:colcon.colcon_core.package_identification:_identify(src/trac_ik/trac_ik_lib) by extensions ['ros']
[0.239s] Level 1:colcon.colcon_core.package_identification:_identify(src/trac_ik/trac_ik_lib) by extension 'ros'
[0.240s] DEBUG:colcon.colcon_core.package_identification:Package 'src/trac_ik/trac_ik_lib' with type 'ros.ament_cmake' and name 'trac_ik_lib'
[0.240s] Level 1:colcon.colcon_core.package_identification:_identify(src/trac_ik/trac_ik_python) by extensions ['ignore', 'ignore_ament_install']
[0.240s] Level 1:colcon.colcon_core.package_identification:_identify(src/trac_ik/trac_ik_python) by extension 'ignore'
[0.240s] Level 1:colcon.colcon_core.package_identification:_identify(src/trac_ik/trac_ik_python) ignored
[0.240s] Level 1:colcon.colcon_core.package_identification:_identify(src/ur_description) by extensions ['ignore', 'ignore_ament_install']
[0.240s] Level 1:colcon.colcon_core.package_identification:_identify(src/ur_description) by extension 'ignore'
[0.240s] Level 1:colcon.colcon_core.package_identification:_identify(src/ur_description) by extension 'ignore_ament_install'
[0.240s] Level 1:colcon.colcon_core.package_identification:_identify(src/ur_description) by extensions ['colcon_pkg']
[0.240s] Level 1:colcon.colcon_core.package_identification:_identify(src/ur_description) by extension 'colcon_pkg'
[0.240s] Level 1:colcon.colcon_core.package_identification:_identify(src/ur_description) by extensions ['colcon_meta']
[0.240s] Level 1:colcon.colcon_core.package_identification:_identify(src/ur_description) by extension 'colcon_meta'
[0.240s] Level 1:colcon.colcon_core.package_identification:_identify(src/ur_description) by extensions ['ros']
[0.240s] Level 1:colcon.colcon_core.package_identification:_identify(src/ur_description) by extension 'ros'
[0.241s] DEBUG:colcon.colcon_core.package_identification:Package 'src/ur_description' with type 'ros.ament_cmake' and name 'ur_description'
[0.241s] Level 1:colcon.colcon_core.package_identification:_identify(src/ur_moveit_config) by extensions ['ignore', 'ignore_ament_install']
[0.241s] Level 1:colcon.colcon_core.package_identification:_identify(src/ur_moveit_config) by extension 'ignore'
[0.241s] Level 1:colcon.colcon_core.package_identification:_identify(src/ur_moveit_config) by extension 'ignore_ament_install'
[0.241s] Level 1:colcon.colcon_core.package_identification:_identify(src/ur_moveit_config) by extensions ['colcon_pkg']
[0.241s] Level 1:colcon.colcon_core.package_identification:_identify(src/ur_moveit_config) by extension 'colcon_pkg'
[0.241s] Level 1:colcon.colcon_core.package_identification:_identify(src/ur_moveit_config) by extensions ['colcon_meta']
[0.241s] Level 1:colcon.colcon_core.package_identification:_identify(src/ur_moveit_config) by extension 'colcon_meta'
[0.241s] Level 1:colcon.colcon_core.package_identification:_identify(src/ur_moveit_config) by extensions ['ros']
[0.241s] Level 1:colcon.colcon_core.package_identification:_identify(src/ur_moveit_config) by extension 'ros'
[0.242s] DEBUG:colcon.colcon_core.package_identification:Package 'src/ur_moveit_config' with type 'ros.ament_cmake' and name 'ur_moveit_config'
[0.242s] Level 1:colcon.colcon_core.package_discovery:discover_packages(recursive) using defaults
[0.242s] Level 1:colcon.colcon_core.package_discovery:discover_packages(ignore) discover
[0.242s] Level 1:colcon.colcon_core.package_discovery:discover_packages(ignore) using defaults
[0.242s] Level 1:colcon.colcon_core.package_discovery:discover_packages(path) discover
[0.242s] Level 1:colcon.colcon_core.package_discovery:discover_packages(path) using defaults
[0.259s] Level 1:colcon.colcon_core.package_discovery:discover_packages(prefix_path) check parameters
[0.259s] Level 1:colcon.colcon_core.package_discovery:discover_packages(prefix_path) discover
[0.260s] DEBUG:colcon.colcon_installed_package_information.package_discovery:Found 8 installed packages in /home/om/gazebo_ur/install
[0.262s] DEBUG:colcon.colcon_installed_package_information.package_discovery:Found 366 installed packages in /opt/ros/humble
[0.271s] Level 1:colcon.colcon_core.package_discovery:discover_packages(prefix_path) using defaults
[0.310s] Level 5:colcon.colcon_core.verb:set package 'robot_controller' build argument 'cmake_args' from command line to 'None'
[0.310s] Level 5:colcon.colcon_core.verb:set package 'robot_controller' build argument 'cmake_target' from command line to 'None'
[0.310s] Level 5:colcon.colcon_core.verb:set package 'robot_controller' build argument 'cmake_target_skip_unavailable' from command line to 'False'
[0.310s] Level 5:colcon.colcon_core.verb:set package 'robot_controller' build argument 'cmake_clean_cache' from command line to 'False'
[0.310s] Level 5:colcon.colcon_core.verb:set package 'robot_controller' build argument 'cmake_clean_first' from command line to 'False'
[0.310s] Level 5:colcon.colcon_core.verb:set package 'robot_controller' build argument 'cmake_force_configure' from command line to 'False'
[0.310s] Level 5:colcon.colcon_core.verb:set package 'robot_controller' build argument 'ament_cmake_args' from command line to 'None'
[0.310s] Level 5:colcon.colcon_core.verb:set package 'robot_controller' build argument 'catkin_cmake_args' from command line to 'None'
[0.310s] Level 5:colcon.colcon_core.verb:set package 'robot_controller' build argument 'catkin_skip_building_tests' from command line to 'False'
[0.310s] DEBUG:colcon.colcon_core.verb:Building package 'robot_controller' with the following arguments: {'ament_cmake_args': None, 'build_base': '/home/om/gazebo_ur/build/robot_controller', 'catkin_cmake_args': None, 'catkin_skip_building_tests': False, 'cmake_args': None, 'cmake_clean_cache': False, 'cmake_clean_first': False, 'cmake_force_configure': False, 'cmake_target': None, 'cmake_target_skip_unavailable': False, 'install_base': '/home/om/gazebo_ur/install/robot_controller', 'merge_install': False, 'path': '/home/om/gazebo_ur/src/robot_controller', 'symlink_install': False, 'test_result_base': None}
[0.311s] Level 5:colcon.colcon_core.verb:set package 'trac_ik_lib' build argument 'cmake_args' from command line to 'None'
[0.311s] Level 5:colcon.colcon_core.verb:set package 'trac_ik_lib' build argument 'cmake_target' from command line to 'None'
[0.311s] Level 5:colcon.colcon_core.verb:set package 'trac_ik_lib' build argument 'cmake_target_skip_unavailable' from command line to 'False'
[0.311s] Level 5:colcon.colcon_core.verb:set package 'trac_ik_lib' build argument 'cmake_clean_cache' from command line to 'False'
[0.311s] Level 5:colcon.colcon_core.verb:set package 'trac_ik_lib' build argument 'cmake_clean_first' from command line to 'False'
[0.311s] Level 5:colcon.colcon_core.verb:set package 'trac_ik_lib' build argument 'cmake_force_configure' from command line to 'False'
[0.311s] Level 5:colcon.colcon_core.verb:set package 'trac_ik_lib' build argument 'ament_cmake_args' from command line to 'None'
[0.311s] Level 5:colcon.colcon_core.verb:set package 'trac_ik_lib' build argument 'catkin_cmake_args' from command line to 'None'
[0.311s] Level 5:colcon.colcon_core.verb:set package 'trac_ik_lib' build argument 'catkin_skip_building_tests' from command line to 'False'
[0.311s] DEBUG:colcon.colcon_core.verb:Building package 'trac_ik_lib' with the following arguments: {'ament_cmake_args': None, 'build_base': '/home/om/gazebo_ur/build/trac_ik_lib', 'catkin_cmake_args': None, 'catkin_skip_building_tests': False, 'cmake_args': None, 'cmake_clean_cache': False, 'cmake_clean_first': False, 'cmake_force_configure': False, 'cmake_target': None, 'cmake_target_skip_unavailable': False, 'install_base': '/home/om/gazebo_ur/install/trac_ik_lib', 'merge_install': False, 'path': '/home/om/gazebo_ur/src/trac_ik/trac_ik_lib', 'symlink_install': False, 'test_result_base': None}
[0.311s] Level 5:colcon.colcon_core.verb:set package 'ur_description' build argument 'cmake_args' from command line to 'None'
[0.311s] Level 5:colcon.colcon_core.verb:set package 'ur_description' build argument 'cmake_target' from command line to 'None'
[0.311s] Level 5:colcon.colcon_core.verb:set package 'ur_description' build argument 'cmake_target_skip_unavailable' from command line to 'False'
[0.311s] Level 5:colcon.colcon_core.verb:set package 'ur_description' build argument 'cmake_clean_cache' from command line to 'False'
[0.311s] Level 5:colcon.colcon_core.verb:set package 'ur_description' build argument 'cmake_clean_first' from command line to 'False'
[0.311s] Level 5:colcon.colcon_core.verb:set package 'ur_description' build argument 'cmake_force_configure' from command line to 'False'
[0.311s] Level 5:colcon.colcon_core.verb:set package 'ur_description' build argument 'ament_cmake_args' from command line to 'None'
[0.311s] Level 5:colcon.colcon_core.verb:set package 'ur_description' build argument 'catkin_cmake_args' from command line to 'None'
[0.311s] Level 5:colcon.colcon_core.verb:set package 'ur_description' build argument 'catkin_skip_building_tests' from command line to 'False'
[0.311s] DEBUG:colcon.colcon_core.verb:Building package 'ur_description' with the following arguments: {'ament_cmake_args': None, 'build_base': '/home/om/gazebo_ur/build/ur_description', 'catkin_cmake_args': None, 'catkin_skip_building_tests': False, 'cmake_args': None, 'cmake_clean_cache': False, 'cmake_clean_first': False, 'cmake_force_configure': False, 'cmake_target': None, 'cmake_target_skip_unavailable': False, 'install_base': '/home/om/gazebo_ur/install/ur_description', 'merge_install': False, 'path': '/home/om/gazebo_ur/src/ur_description', 'symlink_install': False, 'test_result_base': None}
[0.312s] Level 5:colcon.colcon_core.verb:set package 'trac_ik_kinematics_plugin' build argument 'cmake_args' from command line to 'None'
[0.312s] Level 5:colcon.colcon_core.verb:set package 'trac_ik_kinematics_plugin' build argument 'cmake_target' from command line to 'None'
[0.312s] Level 5:colcon.colcon_core.verb:set package 'trac_ik_kinematics_plugin' build argument 'cmake_target_skip_unavailable' from command line to 'False'
[0.312s] Level 5:colcon.colcon_core.verb:set package 'trac_ik_kinematics_plugin' build argument 'cmake_clean_cache' from command line to 'False'
[0.312s] Level 5:colcon.colcon_core.verb:set package 'trac_ik_kinematics_plugin' build argument 'cmake_clean_first' from command line to 'False'
[0.312s] Level 5:colcon.colcon_core.verb:set package 'trac_ik_kinematics_plugin' build argument 'cmake_force_configure' from command line to 'False'
[0.312s] Level 5:colcon.colcon_core.verb:set package 'trac_ik_kinematics_plugin' build argument 'ament_cmake_args' from command line to 'None'
[0.312s] Level 5:colcon.colcon_core.verb:set package 'trac_ik_kinematics_plugin' build argument 'catkin_cmake_args' from command line to 'None'
[0.312s] Level 5:colcon.colcon_core.verb:set package 'trac_ik_kinematics_plugin' build argument 'catkin_skip_building_tests' from command line to 'False'
[0.312s] DEBUG:colcon.colcon_core.verb:Building package 'trac_ik_kinematics_plugin' with the following arguments: {'ament_cmake_args': None, 'build_base': '/home/om/gazebo_ur/build/trac_ik_kinematics_plugin', 'catkin_cmake_args': None, 'catkin_skip_building_tests': False, 'cmake_args': None, 'cmake_clean_cache': False, 'cmake_clean_first': False, 'cmake_force_configure': False, 'cmake_target': None, 'cmake_target_skip_unavailable': False, 'install_base': '/home/om/gazebo_ur/install/trac_ik_kinematics_plugin', 'merge_install': False, 'path': '/home/om/gazebo_ur/src/trac_ik/trac_ik_kinematics_plugin', 'symlink_install': False, 'test_result_base': None}
[0.312s] Level 5:colcon.colcon_core.verb:set package 'trac_ik' build argument 'cmake_args' from command line to 'None'
[0.312s] Level 5:colcon.colcon_core.verb:set package 'trac_ik' build argument 'cmake_target' from command line to 'None'
[0.312s] Level 5:colcon.colcon_core.verb:set package 'trac_ik' build argument 'cmake_target_skip_unavailable' from command line to 'False'
[0.312s] Level 5:colcon.colcon_core.verb:set package 'trac_ik' build argument 'cmake_clean_cache' from command line to 'False'
[0.312s] Level 5:colcon.colcon_core.verb:set package 'trac_ik' build argument 'cmake_clean_first' from command line to 'False'
[0.312s] Level 5:colcon.colcon_core.verb:set package 'trac_ik' build argument 'cmake_force_configure' from command line to 'False'
[0.312s] Level 5:colcon.colcon_core.verb:set package 'trac_ik' build argument 'ament_cmake_args' from command line to 'None'
[0.312s] Level 5:colcon.colcon_core.verb:set package 'trac_ik' build argument 'catkin_cmake_args' from command line to 'None'
[0.312s] Level 5:colcon.colcon_core.verb:set package 'trac_ik' build argument 'catkin_skip_building_tests' from command line to 'False'
[0.312s] DEBUG:colcon.colcon_core.verb:Building package 'trac_ik' with the following arguments: {'ament_cmake_args': None, 'build_base': '/home/om/gazebo_ur/build/trac_ik', 'catkin_cmake_args': None, 'catkin_skip_building_tests': False, 'cmake_args': None, 'cmake_clean_cache': False, 'cmake_clean_first': False, 'cmake_force_configure': False, 'cmake_target': None, 'cmake_target_skip_unavailable': False, 'install_base': '/home/om/gazebo_ur/install/trac_ik', 'merge_install': False, 'path': '/home/om/gazebo_ur/src/trac_ik/trac_ik', 'symlink_install': False, 'test_result_base': None}
[0.313s] Level 5:colcon.colcon_core.verb:set package 'ur_moveit_config' build argument 'cmake_args' from command line to 'None'
[0.313s] Level 5:colcon.colcon_core.verb:set package 'ur_moveit_config' build argument 'cmake_target' from command line to 'None'
[0.313s] Level 5:colcon.colcon_core.verb:set package 'ur_moveit_config' build argument 'cmake_target_skip_unavailable' from command line to 'False'
[0.313s] Level 5:colcon.colcon_core.verb:set package 'ur_moveit_config' build argument 'cmake_clean_cache' from command line to 'False'
[0.313s] Level 5:colcon.colcon_core.verb:set package 'ur_moveit_config' build argument 'cmake_clean_first' from command line to 'False'
[0.313s] Level 5:colcon.colcon_core.verb:set package 'ur_moveit_config' build argument 'cmake_force_configure' from command line to 'False'
[0.313s] Level 5:colcon.colcon_core.verb:set package 'ur_moveit_config' build argument 'ament_cmake_args' from command line to 'None'
[0.313s] Level 5:colcon.colcon_core.verb:set package 'ur_moveit_config' build argument 'catkin_cmake_args' from command line to 'None'
[0.313s] Level 5:colcon.colcon_core.verb:set package 'ur_moveit_config' build argument 'catkin_skip_building_tests' from command line to 'False'
[0.313s] DEBUG:colcon.colcon_core.verb:Building package 'ur_moveit_config' with the following arguments: {'ament_cmake_args': None, 'build_base': '/home/om/gazebo_ur/build/ur_moveit_config', 'catkin_cmake_args': None, 'catkin_skip_building_tests': False, 'cmake_args': None, 'cmake_clean_cache': False, 'cmake_clean_first': False, 'cmake_force_configure': False, 'cmake_target': None, 'cmake_target_skip_unavailable': False, 'install_base': '/home/om/gazebo_ur/install/ur_moveit_config', 'merge_install': False, 'path': '/home/om/gazebo_ur/src/ur_moveit_config', 'symlink_install': False, 'test_result_base': None}
[0.313s] Level 5:colcon.colcon_core.verb:set package 'ur_simulation_gazebo' build argument 'cmake_args' from command line to 'None'
[0.313s] Level 5:colcon.colcon_core.verb:set package 'ur_simulation_gazebo' build argument 'cmake_target' from command line to 'None'
[0.313s] Level 5:colcon.colcon_core.verb:set package 'ur_simulation_gazebo' build argument 'cmake_target_skip_unavailable' from command line to 'False'
[0.313s] Level 5:colcon.colcon_core.verb:set package 'ur_simulation_gazebo' build argument 'cmake_clean_cache' from command line to 'False'
[0.313s] Level 5:colcon.colcon_core.verb:set package 'ur_simulation_gazebo' build argument 'cmake_clean_first' from command line to 'False'
[0.313s] Level 5:colcon.colcon_core.verb:set package 'ur_simulation_gazebo' build argument 'cmake_force_configure' from command line to 'False'
[0.313s] Level 5:colcon.colcon_core.verb:set package 'ur_simulation_gazebo' build argument 'ament_cmake_args' from command line to 'None'
[0.313s] Level 5:colcon.colcon_core.verb:set package 'ur_simulation_gazebo' build argument 'catkin_cmake_args' from command line to 'None'
[0.313s] Level 5:colcon.colcon_core.verb:set package 'ur_simulation_gazebo' build argument 'catkin_skip_building_tests' from command line to 'False'
[0.313s] DEBUG:colcon.colcon_core.verb:Building package 'ur_simulation_gazebo' with the following arguments: {'ament_cmake_args': None, 'build_base': '/home/om/gazebo_ur/build/ur_simulation_gazebo', 'catkin_cmake_args': None, 'catkin_skip_building_tests': False, 'cmake_args': None, 'cmake_clean_cache': False, 'cmake_clean_first': False, 'cmake_force_configure': False, 'cmake_target': None, 'cmake_target_skip_unavailable': False, 'install_base': '/home/om/gazebo_ur/install/ur_simulation_gazebo', 'merge_install': False, 'path': '/home/om/gazebo_ur/src/Universal_Robots_ROS2_Gazebo_Simulation/ur_simulation_gazebo', 'symlink_install': False, 'test_result_base': None}
[0.313s] INFO:colcon.colcon_core.executor:Executing jobs using 'parallel' executor
[0.314s] DEBUG:colcon.colcon_parallel_executor.executor.parallel:run_until_complete
[0.315s] INFO:colcon.colcon_ros.task.ament_cmake.build:Building ROS package in '/home/om/gazebo_ur/src/trac_ik/trac_ik_lib' with build type 'ament_cmake'
[0.315s] INFO:colcon.colcon_cmake.task.cmake.build:Building CMake package in '/home/om/gazebo_ur/src/trac_ik/trac_ik_lib'
[0.317s] INFO:colcon.colcon_core.plugin_system:Skipping extension 'colcon_core.shell.bat': Not used on non-Windows systems
[0.317s] INFO:colcon.colcon_core.shell:Skip shell extension 'powershell' for command environment: Not usable outside of PowerShell
[0.317s] DEBUG:colcon.colcon_core.shell:Skip shell extension 'dsv' for command environment
[0.320s] INFO:colcon.colcon_ros.task.ament_cmake.build:Building ROS package in '/home/om/gazebo_ur/src/ur_description' with build type 'ament_cmake'
[0.321s] INFO:colcon.colcon_cmake.task.cmake.build:Building CMake package in '/home/om/gazebo_ur/src/ur_description'
[0.321s] INFO:colcon.colcon_core.shell:Skip shell extension 'powershell' for command environment: Not usable outside of PowerShell
[0.321s] DEBUG:colcon.colcon_core.shell:Skip shell extension 'dsv' for command environment
[0.324s] INFO:colcon.colcon_ros.task.ament_cmake.build:Building ROS package in '/home/om/gazebo_ur/src/robot_controller' with build type 'ament_cmake'
[0.324s] INFO:colcon.colcon_cmake.task.cmake.build:Building CMake package in '/home/om/gazebo_ur/src/robot_controller'
[0.324s] INFO:colcon.colcon_core.shell:Skip shell extension 'powershell' for command environment: Not usable outside of PowerShell
[0.324s] DEBUG:colcon.colcon_core.shell:Skip shell extension 'dsv' for command environment
[0.332s] DEBUG:colcon.colcon_core.event_handler.log_command:Invoking command in '/home/om/gazebo_ur/build/trac_ik_lib': CMAKE_PREFIX_PATH=${CMAKE_PREFIX_PATH}:/home/om/gazebo_ur/install/robot_controller_py:/opt/ros/humble /usr/bin/cmake --build /home/om/gazebo_ur/build/trac_ik_lib -- -j12 -l12
[0.335s] DEBUG:colcon.colcon_core.event_handler.log_command:Invoking command in '/home/om/gazebo_ur/build/ur_description': CMAKE_PREFIX_PATH=${CMAKE_PREFIX_PATH}:/home/om/gazebo_ur/install/robot_controller_py:/opt/ros/humble /usr/bin/cmake --build /home/om/gazebo_ur/build/ur_description -- -j12 -l12
[0.338s] DEBUG:colcon.colcon_core.event_handler.log_command:Invoking command in '/home/om/gazebo_ur/build/robot_controller': CMAKE_PREFIX_PATH=${CMAKE_PREFIX_PATH}:/home/om/gazebo_ur/install/robot_controller_py:/opt/ros/humble /usr/bin/cmake --build /home/om/gazebo_ur/build/robot_controller -- -j12 -l12
[0.372s] DEBUG:colcon.colcon_core.event_handler.log_command:Invoked command in '/home/om/gazebo_ur/build/ur_description' returned '0': CMAKE_PREFIX_PATH=${CMAKE_PREFIX_PATH}:/home/om/gazebo_ur/install/robot_controller_py:/opt/ros/humble /usr/bin/cmake --build /home/om/gazebo_ur/build/ur_description -- -j12 -l12
[0.388s] WARNING:colcon.colcon_cmake.task.cmake.build:Could not run installation step for package 'ur_description' because it has no 'install' target
[0.388s] Level 1:colcon.colcon_core.environment:create_environment_scripts_only(ur_description)
[0.390s] Level 1:colcon.colcon_core.environment:checking '/home/om/gazebo_ur/install/ur_description' for CMake module files
[0.390s] Level 1:colcon.colcon_core.environment:checking '/home/om/gazebo_ur/install/ur_description' for CMake config files
[0.391s] Level 1:colcon.colcon_core.environment:checking '/home/om/gazebo_ur/install/ur_description/bin'
[0.391s] Level 1:colcon.colcon_core.environment:checking '/home/om/gazebo_ur/install/ur_description/lib/pkgconfig/ur_description.pc'
[0.391s] Level 1:colcon.colcon_core.environment:checking '/home/om/gazebo_ur/install/ur_description/lib/python3.10/site-packages'
[0.392s] Level 1:colcon.colcon_core.environment:checking '/home/om/gazebo_ur/install/ur_description/bin'
[0.392s] INFO:colcon.colcon_core.shell:Creating package script '/home/om/gazebo_ur/install/ur_description/share/ur_description/package.ps1'
[0.392s] INFO:colcon.colcon_core.shell:Creating package descriptor '/home/om/gazebo_ur/install/ur_description/share/ur_description/package.dsv'
[0.393s] INFO:colcon.colcon_core.shell:Creating package script '/home/om/gazebo_ur/install/ur_description/share/ur_description/package.sh'
[0.393s] INFO:colcon.colcon_core.shell:Creating package script '/home/om/gazebo_ur/install/ur_description/share/ur_description/package.bash'
[0.394s] INFO:colcon.colcon_core.shell:Creating package script '/home/om/gazebo_ur/install/ur_description/share/ur_description/package.zsh'
[0.394s] Level 1:colcon.colcon_core.environment:create_file_with_runtime_dependencies(/home/om/gazebo_ur/install/ur_description/share/colcon-core/packages/ur_description)
[0.403s] DEBUG:colcon.colcon_core.event_handler.log_command:Invoked command in '/home/om/gazebo_ur/build/trac_ik_lib' returned '0': CMAKE_PREFIX_PATH=${CMAKE_PREFIX_PATH}:/home/om/gazebo_ur/install/robot_controller_py:/opt/ros/humble /usr/bin/cmake --build /home/om/gazebo_ur/build/trac_ik_lib -- -j12 -l12
[0.412s] Level 1:colcon.colcon_core.environment:create_environment_scripts_only(ur_description)
[0.413s] Level 1:colcon.colcon_core.environment:checking '/home/om/gazebo_ur/install/ur_description' for CMake module files
[0.413s] Level 1:colcon.colcon_core.environment:checking '/home/om/gazebo_ur/install/ur_description' for CMake config files
[0.413s] Level 1:colcon.colcon_core.environment:checking '/home/om/gazebo_ur/install/ur_description/bin'
[0.413s] Level 1:colcon.colcon_core.environment:checking '/home/om/gazebo_ur/install/ur_description/lib/pkgconfig/ur_description.pc'
[0.414s] Level 1:colcon.colcon_core.environment:checking '/home/om/gazebo_ur/install/ur_description/lib/python3.10/site-packages'
[0.414s] Level 1:colcon.colcon_core.environment:checking '/home/om/gazebo_ur/install/ur_description/bin'
[0.414s] INFO:colcon.colcon_core.shell:Creating package script '/home/om/gazebo_ur/install/ur_description/share/ur_description/package.ps1'
[0.415s] INFO:colcon.colcon_core.shell:Creating package descriptor '/home/om/gazebo_ur/install/ur_description/share/ur_description/package.dsv'
[0.415s] INFO:colcon.colcon_core.shell:Creating package script '/home/om/gazebo_ur/install/ur_description/share/ur_description/package.sh'
[0.415s] INFO:colcon.colcon_core.shell:Creating package script '/home/om/gazebo_ur/install/ur_description/share/ur_description/package.bash'
[0.415s] INFO:colcon.colcon_core.shell:Creating package script '/home/om/gazebo_ur/install/ur_description/share/ur_description/package.zsh'
[0.416s] Level 1:colcon.colcon_core.environment:create_file_with_runtime_dependencies(/home/om/gazebo_ur/install/ur_description/share/colcon-core/packages/ur_description)
[0.417s] DEBUG:colcon.colcon_core.event_handler.log_command:Invoked command in '/home/om/gazebo_ur/build/robot_controller' returned '0': CMAKE_PREFIX_PATH=${CMAKE_PREFIX_PATH}:/home/om/gazebo_ur/install/robot_controller_py:/opt/ros/humble /usr/bin/cmake --build /home/om/gazebo_ur/build/robot_controller -- -j12 -l12
[0.446s] DEBUG:colcon.colcon_core.event_handler.log_command:Invoking command in '/home/om/gazebo_ur/build/trac_ik_lib': CMAKE_PREFIX_PATH=${CMAKE_PREFIX_PATH}:/home/om/gazebo_ur/install/robot_controller_py:/opt/ros/humble /usr/bin/cmake --install /home/om/gazebo_ur/build/trac_ik_lib
[0.448s] DEBUG:colcon.colcon_core.event_handler.log_command:Invoking command in '/home/om/gazebo_ur/build/robot_controller': CMAKE_PREFIX_PATH=${CMAKE_PREFIX_PATH}:/home/om/gazebo_ur/install/robot_controller_py:/opt/ros/humble /usr/bin/cmake --install /home/om/gazebo_ur/build/robot_controller
[0.457s] Level 1:colcon.colcon_core.environment:create_environment_scripts_only(trac_ik_lib)
[0.458s] Level 1:colcon.colcon_core.environment:checking '/home/om/gazebo_ur/install/trac_ik_lib' for CMake module files
[0.458s] Level 1:colcon.colcon_core.environment:checking '/home/om/gazebo_ur/install/trac_ik_lib' for CMake config files
[0.459s] Level 1:colcon.colcon_core.shell:create_environment_hook('trac_ik_lib', 'cmake_prefix_path')
[0.459s] INFO:colcon.colcon_core.shell:Creating environment hook '/home/om/gazebo_ur/install/trac_ik_lib/share/trac_ik_lib/hook/cmake_prefix_path.ps1'
[0.460s] DEBUG:colcon.colcon_core.event_handler.log_command:Invoked command in '/home/om/gazebo_ur/build/trac_ik_lib' returned '0': CMAKE_PREFIX_PATH=${CMAKE_PREFIX_PATH}:/home/om/gazebo_ur/install/robot_controller_py:/opt/ros/humble /usr/bin/cmake --install /home/om/gazebo_ur/build/trac_ik_lib
[0.460s] INFO:colcon.colcon_core.shell:Creating environment descriptor '/home/om/gazebo_ur/install/trac_ik_lib/share/trac_ik_lib/hook/cmake_prefix_path.dsv'
[0.461s] INFO:colcon.colcon_core.shell:Creating environment hook '/home/om/gazebo_ur/install/trac_ik_lib/share/trac_ik_lib/hook/cmake_prefix_path.sh'
[0.461s] Level 1:colcon.colcon_core.environment:checking '/home/om/gazebo_ur/install/trac_ik_lib/lib'
[0.462s] Level 1:colcon.colcon_core.shell:create_environment_hook('trac_ik_lib', 'ld_library_path_lib')
[0.462s] INFO:colcon.colcon_core.shell:Creating environment hook '/home/om/gazebo_ur/install/trac_ik_lib/share/trac_ik_lib/hook/ld_library_path_lib.ps1'
[0.462s] INFO:colcon.colcon_core.shell:Creating environment descriptor '/home/om/gazebo_ur/install/trac_ik_lib/share/trac_ik_lib/hook/ld_library_path_lib.dsv'
[0.462s] INFO:colcon.colcon_core.shell:Creating environment hook '/home/om/gazebo_ur/install/trac_ik_lib/share/trac_ik_lib/hook/ld_library_path_lib.sh'
[0.462s] Level 1:colcon.colcon_core.environment:checking '/home/om/gazebo_ur/install/trac_ik_lib/bin'
[0.463s] Level 1:colcon.colcon_core.environment:checking '/home/om/gazebo_ur/install/trac_ik_lib/lib/pkgconfig/trac_ik_lib.pc'
[0.463s] Level 1:colcon.colcon_core.environment:checking '/home/om/gazebo_ur/install/trac_ik_lib/lib/python3.10/site-packages'
[0.463s] Level 1:colcon.colcon_core.environment:checking '/home/om/gazebo_ur/install/trac_ik_lib/bin'
[0.463s] INFO:colcon.colcon_core.shell:Creating package script '/home/om/gazebo_ur/install/trac_ik_lib/share/trac_ik_lib/package.ps1'
[0.463s] INFO:colcon.colcon_core.shell:Creating package descriptor '/home/om/gazebo_ur/install/trac_ik_lib/share/trac_ik_lib/package.dsv'
[0.464s] INFO:colcon.colcon_core.shell:Creating package script '/home/om/gazebo_ur/install/trac_ik_lib/share/trac_ik_lib/package.sh'
[0.464s] INFO:colcon.colcon_core.shell:Creating package script '/home/om/gazebo_ur/install/trac_ik_lib/share/trac_ik_lib/package.bash'
[0.464s] INFO:colcon.colcon_core.shell:Creating package script '/home/om/gazebo_ur/install/trac_ik_lib/share/trac_ik_lib/package.zsh'
[0.465s] Level 1:colcon.colcon_core.environment:create_file_with_runtime_dependencies(/home/om/gazebo_ur/install/trac_ik_lib/share/colcon-core/packages/trac_ik_lib)
[0.466s] Level 1:colcon.colcon_core.environment:create_environment_scripts_only(robot_controller)
[0.466s] Level 1:colcon.colcon_core.environment:checking '/home/om/gazebo_ur/install/robot_controller' for CMake module files
[0.467s] DEBUG:colcon.colcon_core.event_handler.log_command:Invoked command in '/home/om/gazebo_ur/build/robot_controller' returned '0': CMAKE_PREFIX_PATH=${CMAKE_PREFIX_PATH}:/home/om/gazebo_ur/install/robot_controller_py:/opt/ros/humble /usr/bin/cmake --install /home/om/gazebo_ur/build/robot_controller
[0.467s] Level 1:colcon.colcon_core.environment:checking '/home/om/gazebo_ur/install/robot_controller' for CMake config files
[0.467s] Level 1:colcon.colcon_core.shell:create_environment_hook('robot_controller', 'cmake_prefix_path')
[0.467s] INFO:colcon.colcon_core.shell:Creating environment hook '/home/om/gazebo_ur/install/robot_controller/share/robot_controller/hook/cmake_prefix_path.ps1'
[0.467s] INFO:colcon.colcon_core.shell:Creating environment descriptor '/home/om/gazebo_ur/install/robot_controller/share/robot_controller/hook/cmake_prefix_path.dsv'
[0.468s] INFO:colcon.colcon_core.shell:Creating environment hook '/home/om/gazebo_ur/install/robot_controller/share/robot_controller/hook/cmake_prefix_path.sh'
[0.468s] Level 1:colcon.colcon_core.environment:checking '/home/om/gazebo_ur/install/robot_controller/lib'
[0.468s] Level 1:colcon.colcon_core.environment:checking '/home/om/gazebo_ur/install/robot_controller/bin'
[0.468s] Level 1:colcon.colcon_core.environment:checking '/home/om/gazebo_ur/install/robot_controller/lib/pkgconfig/robot_controller.pc'
[0.468s] Level 1:colcon.colcon_core.environment:checking '/home/om/gazebo_ur/install/robot_controller/lib/python3.10/site-packages'
[0.469s] Level 1:colcon.colcon_core.environment:checking '/home/om/gazebo_ur/install/robot_controller/bin'
[0.469s] INFO:colcon.colcon_core.shell:Creating package script '/home/om/gazebo_ur/install/robot_controller/share/robot_controller/package.ps1'
[0.469s] INFO:colcon.colcon_core.shell:Creating package descriptor '/home/om/gazebo_ur/install/robot_controller/share/robot_controller/package.dsv'
[0.469s] INFO:colcon.colcon_core.shell:Creating package script '/home/om/gazebo_ur/install/robot_controller/share/robot_controller/package.sh'
[0.470s] INFO:colcon.colcon_core.shell:Creating package script '/home/om/gazebo_ur/install/robot_controller/share/robot_controller/package.bash'
[0.470s] INFO:colcon.colcon_core.shell:Creating package script '/home/om/gazebo_ur/install/robot_controller/share/robot_controller/package.zsh'
[0.470s] Level 1:colcon.colcon_core.environment:create_file_with_runtime_dependencies(/home/om/gazebo_ur/install/robot_controller/share/colcon-core/packages/robot_controller)
[0.496s] Level 1:colcon.colcon_core.environment:create_environment_scripts_only(trac_ik_lib)
[0.496s] Level 1:colcon.colcon_core.environment:checking '/home/om/gazebo_ur/install/trac_ik_lib' for CMake module files
[0.497s] Level 1:colcon.colcon_core.environment:checking '/home/om/gazebo_ur/install/trac_ik_lib' for CMake config files
[0.497s] Level 1:colcon.colcon_core.shell:create_environment_hook('trac_ik_lib', 'cmake_prefix_path')
[0.497s] INFO:colcon.colcon_core.shell:Creating environment hook '/home/om/gazebo_ur/install/trac_ik_lib/share/trac_ik_lib/hook/cmake_prefix_path.ps1'
[0.498s] INFO:colcon.colcon_core.shell:Creating environment descriptor '/home/om/gazebo_ur/install/trac_ik_lib/share/trac_ik_lib/hook/cmake_prefix_path.dsv'
[0.498s] INFO:colcon.colcon_core.shell:Creating environment hook '/home/om/gazebo_ur/install/trac_ik_lib/share/trac_ik_lib/hook/cmake_prefix_path.sh'
[0.498s] Level 1:colcon.colcon_core.environment:checking '/home/om/gazebo_ur/install/trac_ik_lib/lib'
[0.498s] Level 1:colcon.colcon_core.shell:create_environment_hook('trac_ik_lib', 'ld_library_path_lib')
[0.499s] INFO:colcon.colcon_core.shell:Creating environment hook '/home/om/gazebo_ur/install/trac_ik_lib/share/trac_ik_lib/hook/ld_library_path_lib.ps1'
[0.499s] INFO:colcon.colcon_core.shell:Creating environment descriptor '/home/om/gazebo_ur/install/trac_ik_lib/share/trac_ik_lib/hook/ld_library_path_lib.dsv'
[0.499s] INFO:colcon.colcon_core.shell:Creating environment hook '/home/om/gazebo_ur/install/trac_ik_lib/share/trac_ik_lib/hook/ld_library_path_lib.sh'
[0.500s] Level 1:colcon.colcon_core.environment:checking '/home/om/gazebo_ur/install/trac_ik_lib/bin'
[0.500s] Level 1:colcon.colcon_core.environment:checking '/home/om/gazebo_ur/install/trac_ik_lib/lib/pkgconfig/trac_ik_lib.pc'
[0.500s] Level 1:colcon.colcon_core.environment:checking '/home/om/gazebo_ur/install/trac_ik_lib/lib/python3.10/site-packages'
[0.500s] Level 1:colcon.colcon_core.environment:checking '/home/om/gazebo_ur/install/trac_ik_lib/bin'
[0.500s] INFO:colcon.colcon_core.shell:Creating package script '/home/om/gazebo_ur/install/trac_ik_lib/share/trac_ik_lib/package.ps1'
[0.501s] INFO:colcon.colcon_core.shell:Creating package descriptor '/home/om/gazebo_ur/install/trac_ik_lib/share/trac_ik_lib/package.dsv'
[0.501s] INFO:colcon.colcon_core.shell:Creating package script '/home/om/gazebo_ur/install/trac_ik_lib/share/trac_ik_lib/package.sh'
[0.502s] INFO:colcon.colcon_core.shell:Creating package script '/home/om/gazebo_ur/install/trac_ik_lib/share/trac_ik_lib/package.bash'
[0.502s] INFO:colcon.colcon_core.shell:Creating package script '/home/om/gazebo_ur/install/trac_ik_lib/share/trac_ik_lib/package.zsh'
[0.502s] Level 1:colcon.colcon_core.environment:create_file_with_runtime_dependencies(/home/om/gazebo_ur/install/trac_ik_lib/share/colcon-core/packages/trac_ik_lib)
[0.503s] INFO:colcon.colcon_ros.task.ament_cmake.build:Building ROS package in '/home/om/gazebo_ur/src/trac_ik/trac_ik_kinematics_plugin' with build type 'ament_cmake'
[0.503s] INFO:colcon.colcon_cmake.task.cmake.build:Building CMake package in '/home/om/gazebo_ur/src/trac_ik/trac_ik_kinematics_plugin'
[0.503s] INFO:colcon.colcon_core.shell:Skip shell extension 'powershell' for command environment: Not usable outside of PowerShell
[0.503s] DEBUG:colcon.colcon_core.shell:Skip shell extension 'dsv' for command environment
[0.507s] Level 1:colcon.colcon_core.environment:create_environment_scripts_only(robot_controller)
[0.507s] Level 1:colcon.colcon_core.environment:checking '/home/om/gazebo_ur/install/robot_controller' for CMake module files
[0.507s] Level 1:colcon.colcon_core.environment:checking '/home/om/gazebo_ur/install/robot_controller' for CMake config files
[0.507s] Level 1:colcon.colcon_core.shell:create_environment_hook('robot_controller', 'cmake_prefix_path')
[0.508s] INFO:colcon.colcon_core.shell:Creating environment hook '/home/om/gazebo_ur/install/robot_controller/share/robot_controller/hook/cmake_prefix_path.ps1'
[0.508s] INFO:colcon.colcon_core.shell:Creating environment descriptor '/home/om/gazebo_ur/install/robot_controller/share/robot_controller/hook/cmake_prefix_path.dsv'
[0.508s] INFO:colcon.colcon_core.shell:Creating environment hook '/home/om/gazebo_ur/install/robot_controller/share/robot_controller/hook/cmake_prefix_path.sh'
[0.509s] Level 1:colcon.colcon_core.environment:checking '/home/om/gazebo_ur/install/robot_controller/lib'
[0.509s] Level 1:colcon.colcon_core.environment:checking '/home/om/gazebo_ur/install/robot_controller/bin'
[0.509s] Level 1:colcon.colcon_core.environment:checking '/home/om/gazebo_ur/install/robot_controller/lib/pkgconfig/robot_controller.pc'
[0.509s] Level 1:colcon.colcon_core.environment:checking '/home/om/gazebo_ur/install/robot_controller/lib/python3.10/site-packages'
[0.509s] Level 1:colcon.colcon_core.environment:checking '/home/om/gazebo_ur/install/robot_controller/bin'
[0.509s] INFO:colcon.colcon_core.shell:Creating package script '/home/om/gazebo_ur/install/robot_controller/share/robot_controller/package.ps1'
[0.510s] INFO:colcon.colcon_core.shell:Creating package descriptor '/home/om/gazebo_ur/install/robot_controller/share/robot_controller/package.dsv'
[0.510s] INFO:colcon.colcon_core.shell:Creating package script '/home/om/gazebo_ur/install/robot_controller/share/robot_controller/package.sh'
[0.511s] INFO:colcon.colcon_core.shell:Creating package script '/home/om/gazebo_ur/install/robot_controller/share/robot_controller/package.bash'
[0.511s] INFO:colcon.colcon_core.shell:Creating package script '/home/om/gazebo_ur/install/robot_controller/share/robot_controller/package.zsh'
[0.511s] Level 1:colcon.colcon_core.environment:create_file_with_runtime_dependencies(/home/om/gazebo_ur/install/robot_controller/share/colcon-core/packages/robot_controller)
[0.515s] DEBUG:colcon.colcon_core.event_handler.log_command:Invoking command in '/home/om/gazebo_ur/build/trac_ik_kinematics_plugin': CMAKE_PREFIX_PATH=/home/om/gazebo_ur/install/trac_ik_lib:/home/om/gazebo_ur/install/ur_simulation_gazebo:/home/om/gazebo_ur/install/trac_ik:/home/om/gazebo_ur/install/trac_ik_kinematics_plugin:/home/om/gazebo_ur/install/robot_controller:/home/om/gazebo_ur/install/robot_controller_py:/opt/ros/humble LD_LIBRARY_PATH=/home/om/gazebo_ur/install/trac_ik_lib/lib:/home/om/gazebo_ur/install/trac_ik_kinematics_plugin/lib:/usr/lib/x86_64-linux-gnu/gazebo-11/plugins:/opt/ros/humble/opt/rviz_ogre_vendor/lib:/opt/ros/humble/lib/x86_64-linux-gnu:/opt/ros/humble/lib /usr/bin/cmake --build /home/om/gazebo_ur/build/trac_ik_kinematics_plugin -- -j12 -l12
[0.606s] DEBUG:colcon.colcon_core.event_handler.log_command:Invoked command in '/home/om/gazebo_ur/build/trac_ik_kinematics_plugin' returned '0': CMAKE_PREFIX_PATH=/home/om/gazebo_ur/install/trac_ik_lib:/home/om/gazebo_ur/install/ur_simulation_gazebo:/home/om/gazebo_ur/install/trac_ik:/home/om/gazebo_ur/install/trac_ik_kinematics_plugin:/home/om/gazebo_ur/install/robot_controller:/home/om/gazebo_ur/install/robot_controller_py:/opt/ros/humble LD_LIBRARY_PATH=/home/om/gazebo_ur/install/trac_ik_lib/lib:/home/om/gazebo_ur/install/trac_ik_kinematics_plugin/lib:/usr/lib/x86_64-linux-gnu/gazebo-11/plugins:/opt/ros/humble/opt/rviz_ogre_vendor/lib:/opt/ros/humble/lib/x86_64-linux-gnu:/opt/ros/humble/lib /usr/bin/cmake --build /home/om/gazebo_ur/build/trac_ik_kinematics_plugin -- -j12 -l12
[0.633s] DEBUG:colcon.colcon_core.event_handler.log_command:Invoking command in '/home/om/gazebo_ur/build/trac_ik_kinematics_plugin': CMAKE_PREFIX_PATH=/home/om/gazebo_ur/install/trac_ik_lib:/home/om/gazebo_ur/install/ur_simulation_gazebo:/home/om/gazebo_ur/install/trac_ik:/home/om/gazebo_ur/install/trac_ik_kinematics_plugin:/home/om/gazebo_ur/install/robot_controller:/home/om/gazebo_ur/install/robot_controller_py:/opt/ros/humble LD_LIBRARY_PATH=/home/om/gazebo_ur/install/trac_ik_lib/lib:/home/om/gazebo_ur/install/trac_ik_kinematics_plugin/lib:/usr/lib/x86_64-linux-gnu/gazebo-11/plugins:/opt/ros/humble/opt/rviz_ogre_vendor/lib:/opt/ros/humble/lib/x86_64-linux-gnu:/opt/ros/humble/lib /usr/bin/cmake --install /home/om/gazebo_ur/build/trac_ik_kinematics_plugin
[0.643s] Level 1:colcon.colcon_core.environment:create_environment_scripts_only(trac_ik_kinematics_plugin)
[0.643s] Level 1:colcon.colcon_core.environment:checking '/home/om/gazebo_ur/install/trac_ik_kinematics_plugin' for CMake module files
[0.644s] DEBUG:colcon.colcon_core.event_handler.log_command:Invoked command in '/home/om/gazebo_ur/build/trac_ik_kinematics_plugin' returned '0': CMAKE_PREFIX_PATH=/home/om/gazebo_ur/install/trac_ik_lib:/home/om/gazebo_ur/install/ur_simulation_gazebo:/home/om/gazebo_ur/install/trac_ik:/home/om/gazebo_ur/install/trac_ik_kinematics_plugin:/home/om/gazebo_ur/install/robot_controller:/home/om/gazebo_ur/install/robot_controller_py:/opt/ros/humble LD_LIBRARY_PATH=/home/om/gazebo_ur/install/trac_ik_lib/lib:/home/om/gazebo_ur/install/trac_ik_kinematics_plugin/lib:/usr/lib/x86_64-linux-gnu/gazebo-11/plugins:/opt/ros/humble/opt/rviz_ogre_vendor/lib:/opt/ros/humble/lib/x86_64-linux-gnu:/opt/ros/humble/lib /usr/bin/cmake --install /home/om/gazebo_ur/build/trac_ik_kinematics_plugin
[0.644s] Level 1:colcon.colcon_core.environment:checking '/home/om/gazebo_ur/install/trac_ik_kinematics_plugin' for CMake config files
[0.644s] Level 1:colcon.colcon_core.shell:create_environment_hook('trac_ik_kinematics_plugin', 'cmake_prefix_path')
[0.644s] INFO:colcon.colcon_core.shell:Creating environment hook '/home/om/gazebo_ur/install/trac_ik_kinematics_plugin/share/trac_ik_kinematics_plugin/hook/cmake_prefix_path.ps1'
[0.645s] INFO:colcon.colcon_core.shell:Creating environment descriptor '/home/om/gazebo_ur/install/trac_ik_kinematics_plugin/share/trac_ik_kinematics_plugin/hook/cmake_prefix_path.dsv'
[0.645s] INFO:colcon.colcon_core.shell:Creating environment hook '/home/om/gazebo_ur/install/trac_ik_kinematics_plugin/share/trac_ik_kinematics_plugin/hook/cmake_prefix_path.sh'
[0.645s] Level 1:colcon.colcon_core.environment:checking '/home/om/gazebo_ur/install/trac_ik_kinematics_plugin/lib'
[0.645s] Level 1:colcon.colcon_core.shell:create_environment_hook('trac_ik_kinematics_plugin', 'ld_library_path_lib')
[0.645s] INFO:colcon.colcon_core.shell:Creating environment hook '/home/om/gazebo_ur/install/trac_ik_kinematics_plugin/share/trac_ik_kinematics_plugin/hook/ld_library_path_lib.ps1'
[0.646s] INFO:colcon.colcon_core.shell:Creating environment descriptor '/home/om/gazebo_ur/install/trac_ik_kinematics_plugin/share/trac_ik_kinematics_plugin/hook/ld_library_path_lib.dsv'
[0.646s] INFO:colcon.colcon_core.shell:Creating environment hook '/home/om/gazebo_ur/install/trac_ik_kinematics_plugin/share/trac_ik_kinematics_plugin/hook/ld_library_path_lib.sh'
[0.646s] Level 1:colcon.colcon_core.environment:checking '/home/om/gazebo_ur/install/trac_ik_kinematics_plugin/bin'
[0.646s] Level 1:colcon.colcon_core.environment:checking '/home/om/gazebo_ur/install/trac_ik_kinematics_plugin/lib/pkgconfig/trac_ik_kinematics_plugin.pc'
[0.646s] Level 1:colcon.colcon_core.environment:checking '/home/om/gazebo_ur/install/trac_ik_kinematics_plugin/lib/python3.10/site-packages'
[0.647s] Level 1:colcon.colcon_core.environment:checking '/home/om/gazebo_ur/install/trac_ik_kinematics_plugin/bin'
[0.647s] INFO:colcon.colcon_core.shell:Creating package script '/home/om/gazebo_ur/install/trac_ik_kinematics_plugin/share/trac_ik_kinematics_plugin/package.ps1'
[0.647s] INFO:colcon.colcon_core.shell:Creating package descriptor '/home/om/gazebo_ur/install/trac_ik_kinematics_plugin/share/trac_ik_kinematics_plugin/package.dsv'
[0.647s] INFO:colcon.colcon_core.shell:Creating package script '/home/om/gazebo_ur/install/trac_ik_kinematics_plugin/share/trac_ik_kinematics_plugin/package.sh'
[0.648s] INFO:colcon.colcon_core.shell:Creating package script '/home/om/gazebo_ur/install/trac_ik_kinematics_plugin/share/trac_ik_kinematics_plugin/package.bash'
[0.648s] INFO:colcon.colcon_core.shell:Creating package script '/home/om/gazebo_ur/install/trac_ik_kinematics_plugin/share/trac_ik_kinematics_plugin/package.zsh'
[0.648s] Level 1:colcon.colcon_core.environment:create_file_with_runtime_dependencies(/home/om/gazebo_ur/install/trac_ik_kinematics_plugin/share/colcon-core/packages/trac_ik_kinematics_plugin)
[0.675s] Level 1:colcon.colcon_core.environment:create_environment_scripts_only(trac_ik_kinematics_plugin)
[0.675s] Level 1:colcon.colcon_core.environment:checking '/home/om/gazebo_ur/install/trac_ik_kinematics_plugin' for CMake module files
[0.676s] Level 1:colcon.colcon_core.environment:checking '/home/om/gazebo_ur/install/trac_ik_kinematics_plugin' for CMake config files
[0.676s] Level 1:colcon.colcon_core.shell:create_environment_hook('trac_ik_kinematics_plugin', 'cmake_prefix_path')
[0.676s] INFO:colcon.colcon_core.shell:Creating environment hook '/home/om/gazebo_ur/install/trac_ik_kinematics_plugin/share/trac_ik_kinematics_plugin/hook/cmake_prefix_path.ps1'
[0.676s] INFO:colcon.colcon_core.shell:Creating environment descriptor '/home/om/gazebo_ur/install/trac_ik_kinematics_plugin/share/trac_ik_kinematics_plugin/hook/cmake_prefix_path.dsv'
[0.677s] INFO:colcon.colcon_core.shell:Creating environment hook '/home/om/gazebo_ur/install/trac_ik_kinematics_plugin/share/trac_ik_kinematics_plugin/hook/cmake_prefix_path.sh'
[0.677s] Level 1:colcon.colcon_core.environment:checking '/home/om/gazebo_ur/install/trac_ik_kinematics_plugin/lib'
[0.677s] Level 1:colcon.colcon_core.shell:create_environment_hook('trac_ik_kinematics_plugin', 'ld_library_path_lib')
[0.677s] INFO:colcon.colcon_core.shell:Creating environment hook '/home/om/gazebo_ur/install/trac_ik_kinematics_plugin/share/trac_ik_kinematics_plugin/hook/ld_library_path_lib.ps1'
[0.678s] INFO:colcon.colcon_core.shell:Creating environment descriptor '/home/om/gazebo_ur/install/trac_ik_kinematics_plugin/share/trac_ik_kinematics_plugin/hook/ld_library_path_lib.dsv'
[0.678s] INFO:colcon.colcon_core.shell:Creating environment hook '/home/om/gazebo_ur/install/trac_ik_kinematics_plugin/share/trac_ik_kinematics_plugin/hook/ld_library_path_lib.sh'
[0.678s] Level 1:colcon.colcon_core.environment:checking '/home/om/gazebo_ur/install/trac_ik_kinematics_plugin/bin'
[0.678s] Level 1:colcon.colcon_core.environment:checking '/home/om/gazebo_ur/install/trac_ik_kinematics_plugin/lib/pkgconfig/trac_ik_kinematics_plugin.pc'
[0.679s] Level 1:colcon.colcon_core.environment:checking '/home/om/gazebo_ur/install/trac_ik_kinematics_plugin/lib/python3.10/site-packages'
[0.679s] Level 1:colcon.colcon_core.environment:checking '/home/om/gazebo_ur/install/trac_ik_kinematics_plugin/bin'
[0.679s] INFO:colcon.colcon_core.shell:Creating package script '/home/om/gazebo_ur/install/trac_ik_kinematics_plugin/share/trac_ik_kinematics_plugin/package.ps1'
[0.679s] INFO:colcon.colcon_core.shell:Creating package descriptor '/home/om/gazebo_ur/install/trac_ik_kinematics_plugin/share/trac_ik_kinematics_plugin/package.dsv'
[0.680s] INFO:colcon.colcon_core.shell:Creating package script '/home/om/gazebo_ur/install/trac_ik_kinematics_plugin/share/trac_ik_kinematics_plugin/package.sh'
[0.680s] INFO:colcon.colcon_core.shell:Creating package script '/home/om/gazebo_ur/install/trac_ik_kinematics_plugin/share/trac_ik_kinematics_plugin/package.bash'
[0.681s] INFO:colcon.colcon_core.shell:Creating package script '/home/om/gazebo_ur/install/trac_ik_kinematics_plugin/share/trac_ik_kinematics_plugin/package.zsh'
[0.681s] Level 1:colcon.colcon_core.environment:create_file_with_runtime_dependencies(/home/om/gazebo_ur/install/trac_ik_kinematics_plugin/share/colcon-core/packages/trac_ik_kinematics_plugin)
[0.681s] INFO:colcon.colcon_ros.task.ament_cmake.build:Building ROS package in '/home/om/gazebo_ur/src/ur_moveit_config' with build type 'ament_cmake'
[0.682s] INFO:colcon.colcon_cmake.task.cmake.build:Building CMake package in '/home/om/gazebo_ur/src/ur_moveit_config'
[0.682s] INFO:colcon.colcon_core.shell:Skip shell extension 'powershell' for command environment: Not usable outside of PowerShell
[0.682s] DEBUG:colcon.colcon_core.shell:Skip shell extension 'dsv' for command environment
[0.685s] INFO:colcon.colcon_ros.task.ament_cmake.build:Building ROS package in '/home/om/gazebo_ur/src/trac_ik/trac_ik' with build type 'ament_cmake'
[0.686s] INFO:colcon.colcon_cmake.task.cmake.build:Building CMake package in '/home/om/gazebo_ur/src/trac_ik/trac_ik'
[0.686s] INFO:colcon.colcon_core.shell:Skip shell extension 'powershell' for command environment: Not usable outside of PowerShell
[0.686s] DEBUG:colcon.colcon_core.shell:Skip shell extension 'dsv' for command environment
[0.694s] DEBUG:colcon.colcon_core.event_handler.log_command:Invoking command in '/home/om/gazebo_ur/build/ur_moveit_config': CMAKE_PREFIX_PATH=/home/om/gazebo_ur/install/trac_ik_kinematics_plugin:/home/om/gazebo_ur/install/trac_ik_lib:/home/om/gazebo_ur/install/ur_simulation_gazebo:/home/om/gazebo_ur/install/trac_ik:/home/om/gazebo_ur/install/robot_controller:/home/om/gazebo_ur/install/robot_controller_py:/opt/ros/humble /usr/bin/cmake --build /home/om/gazebo_ur/build/ur_moveit_config -- -j12 -l12
[0.697s] DEBUG:colcon.colcon_core.event_handler.log_command:Invoking command in '/home/om/gazebo_ur/build/trac_ik': CMAKE_PREFIX_PATH=/home/om/gazebo_ur/install/trac_ik_kinematics_plugin:/home/om/gazebo_ur/install/trac_ik_lib:/home/om/gazebo_ur/install/ur_simulation_gazebo:/home/om/gazebo_ur/install/trac_ik:/home/om/gazebo_ur/install/robot_controller:/home/om/gazebo_ur/install/robot_controller_py:/opt/ros/humble /usr/bin/cmake --build /home/om/gazebo_ur/build/trac_ik -- -j12 -l12
[0.734s] DEBUG:colcon.colcon_core.event_handler.log_command:Invoked command in '/home/om/gazebo_ur/build/ur_moveit_config' returned '0': CMAKE_PREFIX_PATH=/home/om/gazebo_ur/install/trac_ik_kinematics_plugin:/home/om/gazebo_ur/install/trac_ik_lib:/home/om/gazebo_ur/install/ur_simulation_gazebo:/home/om/gazebo_ur/install/trac_ik:/home/om/gazebo_ur/install/robot_controller:/home/om/gazebo_ur/install/robot_controller_py:/opt/ros/humble /usr/bin/cmake --build /home/om/gazebo_ur/build/ur_moveit_config -- -j12 -l12
[0.737s] DEBUG:colcon.colcon_core.event_handler.log_command:Invoked command in '/home/om/gazebo_ur/build/trac_ik' returned '0': CMAKE_PREFIX_PATH=/home/om/gazebo_ur/install/trac_ik_kinematics_plugin:/home/om/gazebo_ur/install/trac_ik_lib:/home/om/gazebo_ur/install/ur_simulation_gazebo:/home/om/gazebo_ur/install/trac_ik:/home/om/gazebo_ur/install/robot_controller:/home/om/gazebo_ur/install/robot_controller_py:/opt/ros/humble /usr/bin/cmake --build /home/om/gazebo_ur/build/trac_ik -- -j12 -l12
[0.753s] WARNING:colcon.colcon_cmake.task.cmake.build:Could not run installation step for package 'ur_moveit_config' because it has no 'install' target
[0.753s] Level 1:colcon.colcon_core.environment:create_environment_scripts_only(ur_moveit_config)
[0.754s] Level 1:colcon.colcon_core.environment:checking '/home/om/gazebo_ur/install/ur_moveit_config' for CMake module files
[0.754s] Level 1:colcon.colcon_core.environment:checking '/home/om/gazebo_ur/install/ur_moveit_config' for CMake config files
[0.754s] Level 1:colcon.colcon_core.environment:checking '/home/om/gazebo_ur/install/ur_moveit_config/bin'
[0.754s] Level 1:colcon.colcon_core.environment:checking '/home/om/gazebo_ur/install/ur_moveit_config/lib/pkgconfig/ur_moveit_config.pc'
[0.755s] Level 1:colcon.colcon_core.environment:checking '/home/om/gazebo_ur/install/ur_moveit_config/lib/python3.10/site-packages'
[0.755s] Level 1:colcon.colcon_core.environment:checking '/home/om/gazebo_ur/install/ur_moveit_config/bin'
[0.755s] INFO:colcon.colcon_core.shell:Creating package script '/home/om/gazebo_ur/install/ur_moveit_config/share/ur_moveit_config/package.ps1'
[0.755s] INFO:colcon.colcon_core.shell:Creating package descriptor '/home/om/gazebo_ur/install/ur_moveit_config/share/ur_moveit_config/package.dsv'
[0.756s] INFO:colcon.colcon_core.shell:Creating package script '/home/om/gazebo_ur/install/ur_moveit_config/share/ur_moveit_config/package.sh'
[0.756s] INFO:colcon.colcon_core.shell:Creating package script '/home/om/gazebo_ur/install/ur_moveit_config/share/ur_moveit_config/package.bash'
[0.756s] INFO:colcon.colcon_core.shell:Creating package script '/home/om/gazebo_ur/install/ur_moveit_config/share/ur_moveit_config/package.zsh'
[0.757s] Level 1:colcon.colcon_core.environment:create_file_with_runtime_dependencies(/home/om/gazebo_ur/install/ur_moveit_config/share/colcon-core/packages/ur_moveit_config)
[0.761s] DEBUG:colcon.colcon_core.event_handler.log_command:Invoking command in '/home/om/gazebo_ur/build/trac_ik': CMAKE_PREFIX_PATH=/home/om/gazebo_ur/install/trac_ik_kinematics_plugin:/home/om/gazebo_ur/install/trac_ik_lib:/home/om/gazebo_ur/install/ur_simulation_gazebo:/home/om/gazebo_ur/install/trac_ik:/home/om/gazebo_ur/install/robot_controller:/home/om/gazebo_ur/install/robot_controller_py:/opt/ros/humble /usr/bin/cmake --install /home/om/gazebo_ur/build/trac_ik
[0.769s] Level 1:colcon.colcon_core.environment:create_environment_scripts_only(trac_ik)
[0.770s] Level 1:colcon.colcon_core.environment:checking '/home/om/gazebo_ur/install/trac_ik' for CMake module files
[0.770s] DEBUG:colcon.colcon_core.event_handler.log_command:Invoked command in '/home/om/gazebo_ur/build/trac_ik' returned '0': CMAKE_PREFIX_PATH=/home/om/gazebo_ur/install/trac_ik_kinematics_plugin:/home/om/gazebo_ur/install/trac_ik_lib:/home/om/gazebo_ur/install/ur_simulation_gazebo:/home/om/gazebo_ur/install/trac_ik:/home/om/gazebo_ur/install/robot_controller:/home/om/gazebo_ur/install/robot_controller_py:/opt/ros/humble /usr/bin/cmake --install /home/om/gazebo_ur/build/trac_ik
[0.771s] Level 1:colcon.colcon_core.environment:checking '/home/om/gazebo_ur/install/trac_ik' for CMake config files
[0.771s] Level 1:colcon.colcon_core.shell:create_environment_hook('trac_ik', 'cmake_prefix_path')
[0.771s] INFO:colcon.colcon_core.shell:Creating environment hook '/home/om/gazebo_ur/install/trac_ik/share/trac_ik/hook/cmake_prefix_path.ps1'
[0.772s] INFO:colcon.colcon_core.shell:Creating environment descriptor '/home/om/gazebo_ur/install/trac_ik/share/trac_ik/hook/cmake_prefix_path.dsv'
[0.772s] INFO:colcon.colcon_core.shell:Creating environment hook '/home/om/gazebo_ur/install/trac_ik/share/trac_ik/hook/cmake_prefix_path.sh'
[0.772s] Level 1:colcon.colcon_core.environment:checking '/home/om/gazebo_ur/install/trac_ik/bin'
[0.772s] Level 1:colcon.colcon_core.environment:checking '/home/om/gazebo_ur/install/trac_ik/lib/pkgconfig/trac_ik.pc'
[0.773s] Level 1:colcon.colcon_core.environment:checking '/home/om/gazebo_ur/install/trac_ik/lib/python3.10/site-packages'
[0.773s] Level 1:colcon.colcon_core.environment:checking '/home/om/gazebo_ur/install/trac_ik/bin'
[0.773s] INFO:colcon.colcon_core.shell:Creating package script '/home/om/gazebo_ur/install/trac_ik/share/trac_ik/package.ps1'
[0.773s] INFO:colcon.colcon_core.shell:Creating package descriptor '/home/om/gazebo_ur/install/trac_ik/share/trac_ik/package.dsv'
[0.774s] INFO:colcon.colcon_core.shell:Creating package script '/home/om/gazebo_ur/install/trac_ik/share/trac_ik/package.sh'
[0.774s] INFO:colcon.colcon_core.shell:Creating package script '/home/om/gazebo_ur/install/trac_ik/share/trac_ik/package.bash'
[0.774s] INFO:colcon.colcon_core.shell:Creating package script '/home/om/gazebo_ur/install/trac_ik/share/trac_ik/package.zsh'
[0.774s] Level 1:colcon.colcon_core.environment:create_file_with_runtime_dependencies(/home/om/gazebo_ur/install/trac_ik/share/colcon-core/packages/trac_ik)
[0.776s] Level 1:colcon.colcon_core.environment:create_environment_scripts_only(ur_moveit_config)
[0.776s] Level 1:colcon.colcon_core.environment:checking '/home/om/gazebo_ur/install/ur_moveit_config' for CMake module files
[0.776s] Level 1:colcon.colcon_core.environment:checking '/home/om/gazebo_ur/install/ur_moveit_config' for CMake config files
[0.776s] Level 1:colcon.colcon_core.environment:checking '/home/om/gazebo_ur/install/ur_moveit_config/bin'
[0.776s] Level 1:colcon.colcon_core.environment:checking '/home/om/gazebo_ur/install/ur_moveit_config/lib/pkgconfig/ur_moveit_config.pc'
[0.777s] Level 1:colcon.colcon_core.environment:checking '/home/om/gazebo_ur/install/ur_moveit_config/lib/python3.10/site-packages'
[0.777s] Level 1:colcon.colcon_core.environment:checking '/home/om/gazebo_ur/install/ur_moveit_config/bin'
[0.777s] INFO:colcon.colcon_core.shell:Creating package script '/home/om/gazebo_ur/install/ur_moveit_config/share/ur_moveit_config/package.ps1'
[0.777s] INFO:colcon.colcon_core.shell:Creating package descriptor '/home/om/gazebo_ur/install/ur_moveit_config/share/ur_moveit_config/package.dsv'
[0.777s] INFO:colcon.colcon_core.shell:Creating package script '/home/om/gazebo_ur/install/ur_moveit_config/share/ur_moveit_config/package.sh'
[0.777s] INFO:colcon.colcon_core.shell:Creating package script '/home/om/gazebo_ur/install/ur_moveit_config/share/ur_moveit_config/package.bash'
[0.778s] INFO:colcon.colcon_core.shell:Creating package script '/home/om/gazebo_ur/install/ur_moveit_config/share/ur_moveit_config/package.zsh'
[0.778s] Level 1:colcon.colcon_core.environment:create_file_with_runtime_dependencies(/home/om/gazebo_ur/install/ur_moveit_config/share/colcon-core/packages/ur_moveit_config)
[0.778s] INFO:colcon.colcon_ros.task.ament_cmake.build:Building ROS package in '/home/om/gazebo_ur/src/Universal_Robots_ROS2_Gazebo_Simulation/ur_simulation_gazebo' with build type 'ament_cmake'
[0.778s] INFO:colcon.colcon_cmake.task.cmake.build:Building CMake package in '/home/om/gazebo_ur/src/Universal_Robots_ROS2_Gazebo_Simulation/ur_simulation_gazebo'
[0.779s] INFO:colcon.colcon_core.shell:Skip shell extension 'powershell' for command environment: Not usable outside of PowerShell
[0.779s] DEBUG:colcon.colcon_core.shell:Skip shell extension 'dsv' for command environment
[0.792s] DEBUG:colcon.colcon_core.event_handler.log_command:Invoking command in '/home/om/gazebo_ur/build/ur_simulation_gazebo': CMAKE_PREFIX_PATH=/home/om/gazebo_ur/install/trac_ik_kinematics_plugin:/home/om/gazebo_ur/install/trac_ik_lib:/home/om/gazebo_ur/install/ur_simulation_gazebo:/home/om/gazebo_ur/install/trac_ik:/home/om/gazebo_ur/install/robot_controller:/home/om/gazebo_ur/install/robot_controller_py:/opt/ros/humble /usr/bin/cmake --build /home/om/gazebo_ur/build/ur_simulation_gazebo -- -j12 -l12
[0.798s] Level 1:colcon.colcon_core.environment:create_environment_scripts_only(trac_ik)
[0.798s] Level 1:colcon.colcon_core.environment:checking '/home/om/gazebo_ur/install/trac_ik' for CMake module files
[0.799s] Level 1:colcon.colcon_core.environment:checking '/home/om/gazebo_ur/install/trac_ik' for CMake config files
[0.799s] Level 1:colcon.colcon_core.shell:create_environment_hook('trac_ik', 'cmake_prefix_path')
[0.799s] INFO:colcon.colcon_core.shell:Creating environment hook '/home/om/gazebo_ur/install/trac_ik/share/trac_ik/hook/cmake_prefix_path.ps1'
[0.799s] INFO:colcon.colcon_core.shell:Creating environment descriptor '/home/om/gazebo_ur/install/trac_ik/share/trac_ik/hook/cmake_prefix_path.dsv'
[0.800s] INFO:colcon.colcon_core.shell:Creating environment hook '/home/om/gazebo_ur/install/trac_ik/share/trac_ik/hook/cmake_prefix_path.sh'
[0.800s] Level 1:colcon.colcon_core.environment:checking '/home/om/gazebo_ur/install/trac_ik/bin'
[0.800s] Level 1:colcon.colcon_core.environment:checking '/home/om/gazebo_ur/install/trac_ik/lib/pkgconfig/trac_ik.pc'
[0.800s] Level 1:colcon.colcon_core.environment:checking '/home/om/gazebo_ur/install/trac_ik/lib/python3.10/site-packages'
[0.801s] Level 1:colcon.colcon_core.environment:checking '/home/om/gazebo_ur/install/trac_ik/bin'
[0.801s] INFO:colcon.colcon_core.shell:Creating package script '/home/om/gazebo_ur/install/trac_ik/share/trac_ik/package.ps1'
[0.801s] INFO:colcon.colcon_core.shell:Creating package descriptor '/home/om/gazebo_ur/install/trac_ik/share/trac_ik/package.dsv'
[0.801s] INFO:colcon.colcon_core.shell:Creating package script '/home/om/gazebo_ur/install/trac_ik/share/trac_ik/package.sh'
[0.802s] INFO:colcon.colcon_core.shell:Creating package script '/home/om/gazebo_ur/install/trac_ik/share/trac_ik/package.bash'
[0.802s] INFO:colcon.colcon_core.shell:Creating package script '/home/om/gazebo_ur/install/trac_ik/share/trac_ik/package.zsh'
[0.802s] Level 1:colcon.colcon_core.environment:create_file_with_runtime_dependencies(/home/om/gazebo_ur/install/trac_ik/share/colcon-core/packages/trac_ik)
[0.829s] DEBUG:colcon.colcon_core.event_handler.log_command:Invoked command in '/home/om/gazebo_ur/build/ur_simulation_gazebo' returned '0': CMAKE_PREFIX_PATH=/home/om/gazebo_ur/install/trac_ik_kinematics_plugin:/home/om/gazebo_ur/install/trac_ik_lib:/home/om/gazebo_ur/install/ur_simulation_gazebo:/home/om/gazebo_ur/install/trac_ik:/home/om/gazebo_ur/install/robot_controller:/home/om/gazebo_ur/install/robot_controller_py:/opt/ros/humble /usr/bin/cmake --build /home/om/gazebo_ur/build/ur_simulation_gazebo -- -j12 -l12
[0.852s] DEBUG:colcon.colcon_core.event_handler.log_command:Invoking command in '/home/om/gazebo_ur/build/ur_simulation_gazebo': CMAKE_PREFIX_PATH=/home/om/gazebo_ur/install/trac_ik_kinematics_plugin:/home/om/gazebo_ur/install/trac_ik_lib:/home/om/gazebo_ur/install/ur_simulation_gazebo:/home/om/gazebo_ur/install/trac_ik:/home/om/gazebo_ur/install/robot_controller:/home/om/gazebo_ur/install/robot_controller_py:/opt/ros/humble /usr/bin/cmake --install /home/om/gazebo_ur/build/ur_simulation_gazebo
[0.861s] Level 1:colcon.colcon_core.environment:create_environment_scripts_only(ur_simulation_gazebo)
[0.862s] Level 1:colcon.colcon_core.environment:checking '/home/om/gazebo_ur/install/ur_simulation_gazebo' for CMake module files
[0.862s] DEBUG:colcon.colcon_core.event_handler.log_command:Invoked command in '/home/om/gazebo_ur/build/ur_simulation_gazebo' returned '0': CMAKE_PREFIX_PATH=/home/om/gazebo_ur/install/trac_ik_kinematics_plugin:/home/om/gazebo_ur/install/trac_ik_lib:/home/om/gazebo_ur/install/ur_simulation_gazebo:/home/om/gazebo_ur/install/trac_ik:/home/om/gazebo_ur/install/robot_controller:/home/om/gazebo_ur/install/robot_controller_py:/opt/ros/humble /usr/bin/cmake --install /home/om/gazebo_ur/build/ur_simulation_gazebo
[0.862s] Level 1:colcon.colcon_core.environment:checking '/home/om/gazebo_ur/install/ur_simulation_gazebo' for CMake config files
[0.863s] Level 1:colcon.colcon_core.shell:create_environment_hook('ur_simulation_gazebo', 'cmake_prefix_path')
[0.863s] INFO:colcon.colcon_core.shell:Creating environment hook '/home/om/gazebo_ur/install/ur_simulation_gazebo/share/ur_simulation_gazebo/hook/cmake_prefix_path.ps1'
[0.863s] INFO:colcon.colcon_core.shell:Creating environment descriptor '/home/om/gazebo_ur/install/ur_simulation_gazebo/share/ur_simulation_gazebo/hook/cmake_prefix_path.dsv'
[0.863s] INFO:colcon.colcon_core.shell:Creating environment hook '/home/om/gazebo_ur/install/ur_simulation_gazebo/share/ur_simulation_gazebo/hook/cmake_prefix_path.sh'
[0.864s] Level 1:colcon.colcon_core.environment:checking '/home/om/gazebo_ur/install/ur_simulation_gazebo/bin'
[0.864s] Level 1:colcon.colcon_core.environment:checking '/home/om/gazebo_ur/install/ur_simulation_gazebo/lib/pkgconfig/ur_simulation_gazebo.pc'
[0.864s] Level 1:colcon.colcon_core.environment:checking '/home/om/gazebo_ur/install/ur_simulation_gazebo/lib/python3.10/site-packages'
[0.864s] Level 1:colcon.colcon_core.environment:checking '/home/om/gazebo_ur/install/ur_simulation_gazebo/bin'
[0.864s] INFO:colcon.colcon_core.shell:Creating package script '/home/om/gazebo_ur/install/ur_simulation_gazebo/share/ur_simulation_gazebo/package.ps1'
[0.865s] INFO:colcon.colcon_core.shell:Creating package descriptor '/home/om/gazebo_ur/install/ur_simulation_gazebo/share/ur_simulation_gazebo/package.dsv'
[0.865s] INFO:colcon.colcon_core.shell:Creating package script '/home/om/gazebo_ur/install/ur_simulation_gazebo/share/ur_simulation_gazebo/package.sh'
[0.865s] INFO:colcon.colcon_core.shell:Creating package script '/home/om/gazebo_ur/install/ur_simulation_gazebo/share/ur_simulation_gazebo/package.bash'
[0.865s] INFO:colcon.colcon_core.shell:Creating package script '/home/om/gazebo_ur/install/ur_simulation_gazebo/share/ur_simulation_gazebo/package.zsh'
[0.866s] Level 1:colcon.colcon_core.environment:create_file_with_runtime_dependencies(/home/om/gazebo_ur/install/ur_simulation_gazebo/share/colcon-core/packages/ur_simulation_gazebo)
[0.889s] Level 1:colcon.colcon_core.environment:create_environment_scripts_only(ur_simulation_gazebo)
[0.889s] Level 1:colcon.colcon_core.environment:checking '/home/om/gazebo_ur/install/ur_simulation_gazebo' for CMake module files
[0.889s] Level 1:colcon.colcon_core.environment:checking '/home/om/gazebo_ur/install/ur_simulation_gazebo' for CMake config files
[0.890s] Level 1:colcon.colcon_core.shell:create_environment_hook('ur_simulation_gazebo', 'cmake_prefix_path')
[0.890s] INFO:colcon.colcon_core.shell:Creating environment hook '/home/om/gazebo_ur/install/ur_simulation_gazebo/share/ur_simulation_gazebo/hook/cmake_prefix_path.ps1'
[0.890s] INFO:colcon.colcon_core.shell:Creating environment descriptor '/home/om/gazebo_ur/install/ur_simulation_gazebo/share/ur_simulation_gazebo/hook/cmake_prefix_path.dsv'
[0.890s] INFO:colcon.colcon_core.shell:Creating environment hook '/home/om/gazebo_ur/install/ur_simulation_gazebo/share/ur_simulation_gazebo/hook/cmake_prefix_path.sh'
[0.891s] Level 1:colcon.colcon_core.environment:checking '/home/om/gazebo_ur/install/ur_simulation_gazebo/bin'
[0.891s] Level 1:colcon.colcon_core.environment:checking '/home/om/gazebo_ur/install/ur_simulation_gazebo/lib/pkgconfig/ur_simulation_gazebo.pc'
[0.891s] Level 1:colcon.colcon_core.environment:checking '/home/om/gazebo_ur/install/ur_simulation_gazebo/lib/python3.10/site-packages'
[0.891s] Level 1:colcon.colcon_core.environment:checking '/home/om/gazebo_ur/install/ur_simulation_gazebo/bin'
[0.891s] INFO:colcon.colcon_core.shell:Creating package script '/home/om/gazebo_ur/install/ur_simulation_gazebo/share/ur_simulation_gazebo/package.ps1'
[0.892s] INFO:colcon.colcon_core.shell:Creating package descriptor '/home/om/gazebo_ur/install/ur_simulation_gazebo/share/ur_simulation_gazebo/package.dsv'
[0.892s] INFO:colcon.colcon_core.shell:Creating package script '/home/om/gazebo_ur/install/ur_simulation_gazebo/share/ur_simulation_gazebo/package.sh'
[0.892s] INFO:colcon.colcon_core.shell:Creating package script '/home/om/gazebo_ur/install/ur_simulation_gazebo/share/ur_simulation_gazebo/package.bash'
[0.893s] INFO:colcon.colcon_core.shell:Creating package script '/home/om/gazebo_ur/install/ur_simulation_gazebo/share/ur_simulation_gazebo/package.zsh'
[0.893s] Level 1:colcon.colcon_core.environment:create_file_with_runtime_dependencies(/home/om/gazebo_ur/install/ur_simulation_gazebo/share/colcon-core/packages/ur_simulation_gazebo)
[0.893s] DEBUG:colcon.colcon_parallel_executor.executor.parallel:closing loop
[0.893s] DEBUG:colcon.colcon_parallel_executor.executor.parallel:loop closed
[0.893s] DEBUG:colcon.colcon_parallel_executor.executor.parallel:run_until_complete finished with '0'
[0.893s] DEBUG:colcon.colcon_core.event_reactor:joining thread
[0.898s] INFO:colcon.colcon_core.plugin_system:Skipping extension 'colcon_notification.desktop_notification.terminal_notifier': Not used on non-Darwin systems
[0.898s] INFO:colcon.colcon_core.plugin_system:Skipping extension 'colcon_notification.desktop_notification.win32': Not used on non-Windows systems
[0.898s] INFO:colcon.colcon_notification.desktop_notification:Sending desktop notification using 'notify2'
[0.906s] DEBUG:colcon.colcon_core.event_reactor:joined thread
[0.906s] INFO:colcon.colcon_core.shell:Creating prefix script '/home/om/gazebo_ur/install/local_setup.ps1'
[0.907s] INFO:colcon.colcon_core.shell:Creating prefix util module '/home/om/gazebo_ur/install/_local_setup_util_ps1.py'
[0.908s] INFO:colcon.colcon_core.shell:Creating prefix chain script '/home/om/gazebo_ur/install/setup.ps1'
[0.909s] INFO:colcon.colcon_core.shell:Creating prefix script '/home/om/gazebo_ur/install/local_setup.sh'
[0.909s] INFO:colcon.colcon_core.shell:Creating prefix util module '/home/om/gazebo_ur/install/_local_setup_util_sh.py'
[0.910s] INFO:colcon.colcon_core.shell:Creating prefix chain script '/home/om/gazebo_ur/install/setup.sh'
[0.911s] INFO:colcon.colcon_core.shell:Creating prefix script '/home/om/gazebo_ur/install/local_setup.bash'
[0.911s] INFO:colcon.colcon_core.shell:Creating prefix chain script '/home/om/gazebo_ur/install/setup.bash'
[0.912s] INFO:colcon.colcon_core.shell:Creating prefix script '/home/om/gazebo_ur/install/local_setup.zsh'
[0.912s] INFO:colcon.colcon_core.shell:Creating prefix chain script '/home/om/gazebo_ur/install/setup.zsh'
