[0.114s] DEBUG:colcon:Command line arguments: ['/usr/bin/colcon', 'build']
[0.114s] DEBUG:colcon:Parsed command line arguments: Namespace(log_base=None, log_level=None, verb_name='build', build_base='build', install_base='install', merge_install=False, symlink_install=False, test_result_base=None, continue_on_error=False, executor='parallel', parallel_workers=8, event_handlers=None, ignore_user_meta=False, metas=['./colcon.meta'], base_paths=['.'], packages_ignore=None, packages_ignore_regex=None, paths=None, packages_up_to=None, packages_up_to_regex=None, packages_above=None, packages_above_and_dependencies=None, packages_above_depth=None, packages_select_by_dep=None, packages_skip_by_dep=None, packages_skip_up_to=None, packages_select_build_failed=False, packages_skip_build_finished=False, packages_select_test_failures=False, packages_skip_test_passed=False, packages_select=None, packages_skip=None, packages_select_regex=None, packages_skip_regex=None, packages_start=None, packages_end=None, allow_overriding=[], cmake_args=None, cmake_target=None, cmake_target_skip_unavailable=False, cmake_clean_cache=False, cmake_clean_first=False, cmake_force_configure=False, ament_cmake_args=None, catkin_cmake_args=None, catkin_skip_building_tests=False, verb_parser=<colcon_defaults.argument_parser.defaults.DefaultArgumentsDecorator object at 0x7a66b1e44310>, verb_extension=<colcon_core.verb.build.BuildVerb object at 0x7a66b1fbd990>, main=<bound method BuildVerb.main of <colcon_core.verb.build.BuildVerb object at 0x7a66b1fbd990>>)
[0.290s] Level 1:colcon.colcon_core.package_discovery:discover_packages(colcon_meta) check parameters
[0.290s] Level 1:colcon.colcon_core.package_discovery:discover_packages(recursive) check parameters
[0.290s] Level 1:colcon.colcon_core.package_discovery:discover_packages(ignore) check parameters
[0.290s] Level 1:colcon.colcon_core.package_discovery:discover_packages(path) check parameters
[0.290s] Level 1:colcon.colcon_core.package_discovery:discover_packages(colcon_meta) discover
[0.290s] Level 1:colcon.colcon_core.package_discovery:discover_packages(recursive) discover
[0.290s] INFO:colcon.colcon_core.package_discovery:Crawling recursively for packages in '/home/om/ur5_gazebo'
[0.290s] Level 1:colcon.colcon_core.package_identification:_identify(.) by extensions ['ignore', 'ignore_ament_install']
[0.290s] Level 1:colcon.colcon_core.package_identification:_identify(.) by extension 'ignore'
[0.290s] Level 1:colcon.colcon_core.package_identification:_identify(.) by extension 'ignore_ament_install'
[0.290s] Level 1:colcon.colcon_core.package_identification:_identify(.) by extensions ['colcon_pkg']
[0.290s] Level 1:colcon.colcon_core.package_identification:_identify(.) by extension 'colcon_pkg'
[0.290s] Level 1:colcon.colcon_core.package_identification:_identify(.) by extensions ['colcon_meta']
[0.291s] Level 1:colcon.colcon_core.package_identification:_identify(.) by extension 'colcon_meta'
[0.291s] Level 1:colcon.colcon_core.package_identification:_identify(.) by extensions ['ros']
[0.291s] Level 1:colcon.colcon_core.package_identification:_identify(.) by extension 'ros'
[0.303s] Level 1:colcon.colcon_core.package_identification:_identify(.) by extensions ['cmake', 'python']
[0.304s] Level 1:colcon.colcon_core.package_identification:_identify(.) by extension 'cmake'
[0.304s] Level 1:colcon.colcon_core.package_identification:_identify(.) by extension 'python'
[0.304s] Level 1:colcon.colcon_core.package_identification:_identify(.) by extensions ['python_setup_py']
[0.304s] Level 1:colcon.colcon_core.package_identification:_identify(.) by extension 'python_setup_py'
[0.304s] Level 1:colcon.colcon_core.package_identification:_identify(build) by extensions ['ignore', 'ignore_ament_install']
[0.304s] Level 1:colcon.colcon_core.package_identification:_identify(build) by extension 'ignore'
[0.304s] Level 1:colcon.colcon_core.package_identification:_identify(build) ignored
[0.304s] Level 1:colcon.colcon_core.package_identification:_identify(install) by extensions ['ignore', 'ignore_ament_install']
[0.304s] Level 1:colcon.colcon_core.package_identification:_identify(install) by extension 'ignore'
[0.304s] Level 1:colcon.colcon_core.package_identification:_identify(install) ignored
[0.304s] Level 1:colcon.colcon_core.package_identification:_identify(log) by extensions ['ignore', 'ignore_ament_install']
[0.304s] Level 1:colcon.colcon_core.package_identification:_identify(log) by extension 'ignore'
[0.305s] Level 1:colcon.colcon_core.package_identification:_identify(log) ignored
[0.305s] Level 1:colcon.colcon_core.package_identification:_identify(src) by extensions ['ignore', 'ignore_ament_install']
[0.305s] Level 1:colcon.colcon_core.package_identification:_identify(src) by extension 'ignore'
[0.305s] Level 1:colcon.colcon_core.package_identification:_identify(src) by extension 'ignore_ament_install'
[0.305s] Level 1:colcon.colcon_core.package_identification:_identify(src) by extensions ['colcon_pkg']
[0.305s] Level 1:colcon.colcon_core.package_identification:_identify(src) by extension 'colcon_pkg'
[0.305s] Level 1:colcon.colcon_core.package_identification:_identify(src) by extensions ['colcon_meta']
[0.305s] Level 1:colcon.colcon_core.package_identification:_identify(src) by extension 'colcon_meta'
[0.305s] Level 1:colcon.colcon_core.package_identification:_identify(src) by extensions ['ros']
[0.305s] Level 1:colcon.colcon_core.package_identification:_identify(src) by extension 'ros'
[0.305s] Level 1:colcon.colcon_core.package_identification:_identify(src) by extensions ['cmake', 'python']
[0.305s] Level 1:colcon.colcon_core.package_identification:_identify(src) by extension 'cmake'
[0.305s] Level 1:colcon.colcon_core.package_identification:_identify(src) by extension 'python'
[0.305s] Level 1:colcon.colcon_core.package_identification:_identify(src) by extensions ['python_setup_py']
[0.305s] Level 1:colcon.colcon_core.package_identification:_identify(src) by extension 'python_setup_py'
[0.305s] Level 1:colcon.colcon_core.package_identification:_identify(src/Universal_Robots_ROS2_Gazebo_Simulation) by extensions ['ignore', 'ignore_ament_install']
[0.305s] Level 1:colcon.colcon_core.package_identification:_identify(src/Universal_Robots_ROS2_Gazebo_Simulation) by extension 'ignore'
[0.306s] Level 1:colcon.colcon_core.package_identification:_identify(src/Universal_Robots_ROS2_Gazebo_Simulation) by extension 'ignore_ament_install'
[0.306s] Level 1:colcon.colcon_core.package_identification:_identify(src/Universal_Robots_ROS2_Gazebo_Simulation) by extensions ['colcon_pkg']
[0.306s] Level 1:colcon.colcon_core.package_identification:_identify(src/Universal_Robots_ROS2_Gazebo_Simulation) by extension 'colcon_pkg'
[0.306s] Level 1:colcon.colcon_core.package_identification:_identify(src/Universal_Robots_ROS2_Gazebo_Simulation) by extensions ['colcon_meta']
[0.306s] Level 1:colcon.colcon_core.package_identification:_identify(src/Universal_Robots_ROS2_Gazebo_Simulation) by extension 'colcon_meta'
[0.306s] Level 1:colcon.colcon_core.package_identification:_identify(src/Universal_Robots_ROS2_Gazebo_Simulation) by extensions ['ros']
[0.306s] Level 1:colcon.colcon_core.package_identification:_identify(src/Universal_Robots_ROS2_Gazebo_Simulation) by extension 'ros'
[0.306s] Level 1:colcon.colcon_core.package_identification:_identify(src/Universal_Robots_ROS2_Gazebo_Simulation) by extensions ['cmake', 'python']
[0.306s] Level 1:colcon.colcon_core.package_identification:_identify(src/Universal_Robots_ROS2_Gazebo_Simulation) by extension 'cmake'
[0.306s] Level 1:colcon.colcon_core.package_identification:_identify(src/Universal_Robots_ROS2_Gazebo_Simulation) by extension 'python'
[0.306s] Level 1:colcon.colcon_core.package_identification:_identify(src/Universal_Robots_ROS2_Gazebo_Simulation) by extensions ['python_setup_py']
[0.306s] Level 1:colcon.colcon_core.package_identification:_identify(src/Universal_Robots_ROS2_Gazebo_Simulation) by extension 'python_setup_py'
[0.306s] Level 1:colcon.colcon_core.package_identification:_identify(src/Universal_Robots_ROS2_Gazebo_Simulation/ur_simulation_gazebo) by extensions ['ignore', 'ignore_ament_install']
[0.306s] Level 1:colcon.colcon_core.package_identification:_identify(src/Universal_Robots_ROS2_Gazebo_Simulation/ur_simulation_gazebo) by extension 'ignore'
[0.306s] Level 1:colcon.colcon_core.package_identification:_identify(src/Universal_Robots_ROS2_Gazebo_Simulation/ur_simulation_gazebo) by extension 'ignore_ament_install'
[0.306s] Level 1:colcon.colcon_core.package_identification:_identify(src/Universal_Robots_ROS2_Gazebo_Simulation/ur_simulation_gazebo) by extensions ['colcon_pkg']
[0.306s] Level 1:colcon.colcon_core.package_identification:_identify(src/Universal_Robots_ROS2_Gazebo_Simulation/ur_simulation_gazebo) by extension 'colcon_pkg'
[0.306s] Level 1:colcon.colcon_core.package_identification:_identify(src/Universal_Robots_ROS2_Gazebo_Simulation/ur_simulation_gazebo) by extensions ['colcon_meta']
[0.306s] Level 1:colcon.colcon_core.package_identification:_identify(src/Universal_Robots_ROS2_Gazebo_Simulation/ur_simulation_gazebo) by extension 'colcon_meta'
[0.307s] Level 1:colcon.colcon_core.package_identification:_identify(src/Universal_Robots_ROS2_Gazebo_Simulation/ur_simulation_gazebo) by extensions ['ros']
[0.307s] Level 1:colcon.colcon_core.package_identification:_identify(src/Universal_Robots_ROS2_Gazebo_Simulation/ur_simulation_gazebo) by extension 'ros'
[0.310s] DEBUG:colcon.colcon_core.package_identification:Package 'src/Universal_Robots_ROS2_Gazebo_Simulation/ur_simulation_gazebo' with type 'ros.ament_cmake' and name 'ur_simulation_gazebo'
[0.310s] Level 1:colcon.colcon_core.package_identification:_identify(src/robot_controller) by extensions ['ignore', 'ignore_ament_install']
[0.310s] Level 1:colcon.colcon_core.package_identification:_identify(src/robot_controller) by extension 'ignore'
[0.310s] Level 1:colcon.colcon_core.package_identification:_identify(src/robot_controller) by extension 'ignore_ament_install'
[0.310s] Level 1:colcon.colcon_core.package_identification:_identify(src/robot_controller) by extensions ['colcon_pkg']
[0.310s] Level 1:colcon.colcon_core.package_identification:_identify(src/robot_controller) by extension 'colcon_pkg'
[0.310s] Level 1:colcon.colcon_core.package_identification:_identify(src/robot_controller) by extensions ['colcon_meta']
[0.310s] Level 1:colcon.colcon_core.package_identification:_identify(src/robot_controller) by extension 'colcon_meta'
[0.310s] Level 1:colcon.colcon_core.package_identification:_identify(src/robot_controller) by extensions ['ros']
[0.310s] Level 1:colcon.colcon_core.package_identification:_identify(src/robot_controller) by extension 'ros'
[0.311s] DEBUG:colcon.colcon_core.package_identification:Package 'src/robot_controller' with type 'ros.ament_cmake' and name 'robot_controller'
[0.311s] Level 1:colcon.colcon_core.package_identification:_identify(src/trac_ik) by extensions ['ignore', 'ignore_ament_install']
[0.311s] Level 1:colcon.colcon_core.package_identification:_identify(src/trac_ik) by extension 'ignore'
[0.312s] Level 1:colcon.colcon_core.package_identification:_identify(src/trac_ik) by extension 'ignore_ament_install'
[0.312s] Level 1:colcon.colcon_core.package_identification:_identify(src/trac_ik) by extensions ['colcon_pkg']
[0.312s] Level 1:colcon.colcon_core.package_identification:_identify(src/trac_ik) by extension 'colcon_pkg'
[0.312s] Level 1:colcon.colcon_core.package_identification:_identify(src/trac_ik) by extensions ['colcon_meta']
[0.312s] Level 1:colcon.colcon_core.package_identification:_identify(src/trac_ik) by extension 'colcon_meta'
[0.312s] Level 1:colcon.colcon_core.package_identification:_identify(src/trac_ik) by extensions ['ros']
[0.312s] Level 1:colcon.colcon_core.package_identification:_identify(src/trac_ik) by extension 'ros'
[0.312s] Level 1:colcon.colcon_core.package_identification:_identify(src/trac_ik) by extensions ['cmake', 'python']
[0.312s] Level 1:colcon.colcon_core.package_identification:_identify(src/trac_ik) by extension 'cmake'
[0.312s] Level 1:colcon.colcon_core.package_identification:_identify(src/trac_ik) by extension 'python'
[0.312s] Level 1:colcon.colcon_core.package_identification:_identify(src/trac_ik) by extensions ['python_setup_py']
[0.312s] Level 1:colcon.colcon_core.package_identification:_identify(src/trac_ik) by extension 'python_setup_py'
[0.312s] Level 1:colcon.colcon_core.package_identification:_identify(src/trac_ik/trac_ik) by extensions ['ignore', 'ignore_ament_install']
[0.312s] Level 1:colcon.colcon_core.package_identification:_identify(src/trac_ik/trac_ik) by extension 'ignore'
[0.312s] Level 1:colcon.colcon_core.package_identification:_identify(src/trac_ik/trac_ik) by extension 'ignore_ament_install'
[0.312s] Level 1:colcon.colcon_core.package_identification:_identify(src/trac_ik/trac_ik) by extensions ['colcon_pkg']
[0.312s] Level 1:colcon.colcon_core.package_identification:_identify(src/trac_ik/trac_ik) by extension 'colcon_pkg'
[0.312s] Level 1:colcon.colcon_core.package_identification:_identify(src/trac_ik/trac_ik) by extensions ['colcon_meta']
[0.312s] Level 1:colcon.colcon_core.package_identification:_identify(src/trac_ik/trac_ik) by extension 'colcon_meta'
[0.312s] Level 1:colcon.colcon_core.package_identification:_identify(src/trac_ik/trac_ik) by extensions ['ros']
[0.313s] Level 1:colcon.colcon_core.package_identification:_identify(src/trac_ik/trac_ik) by extension 'ros'
[0.313s] DEBUG:colcon.colcon_core.package_identification:Package 'src/trac_ik/trac_ik' with type 'ros.ament_cmake' and name 'trac_ik'
[0.314s] Level 1:colcon.colcon_core.package_identification:_identify(src/trac_ik/trac_ik_examples) by extensions ['ignore', 'ignore_ament_install']
[0.314s] Level 1:colcon.colcon_core.package_identification:_identify(src/trac_ik/trac_ik_examples) by extension 'ignore'
[0.314s] Level 1:colcon.colcon_core.package_identification:_identify(src/trac_ik/trac_ik_examples) ignored
[0.314s] Level 1:colcon.colcon_core.package_identification:_identify(src/trac_ik/trac_ik_kinematics_plugin) by extensions ['ignore', 'ignore_ament_install']
[0.314s] Level 1:colcon.colcon_core.package_identification:_identify(src/trac_ik/trac_ik_kinematics_plugin) by extension 'ignore'
[0.314s] Level 1:colcon.colcon_core.package_identification:_identify(src/trac_ik/trac_ik_kinematics_plugin) by extension 'ignore_ament_install'
[0.314s] Level 1:colcon.colcon_core.package_identification:_identify(src/trac_ik/trac_ik_kinematics_plugin) by extensions ['colcon_pkg']
[0.314s] Level 1:colcon.colcon_core.package_identification:_identify(src/trac_ik/trac_ik_kinematics_plugin) by extension 'colcon_pkg'
[0.314s] Level 1:colcon.colcon_core.package_identification:_identify(src/trac_ik/trac_ik_kinematics_plugin) by extensions ['colcon_meta']
[0.314s] Level 1:colcon.colcon_core.package_identification:_identify(src/trac_ik/trac_ik_kinematics_plugin) by extension 'colcon_meta'
[0.314s] Level 1:colcon.colcon_core.package_identification:_identify(src/trac_ik/trac_ik_kinematics_plugin) by extensions ['ros']
[0.314s] Level 1:colcon.colcon_core.package_identification:_identify(src/trac_ik/trac_ik_kinematics_plugin) by extension 'ros'
[0.315s] DEBUG:colcon.colcon_core.package_identification:Package 'src/trac_ik/trac_ik_kinematics_plugin' with type 'ros.ament_cmake' and name 'trac_ik_kinematics_plugin'
[0.315s] Level 1:colcon.colcon_core.package_identification:_identify(src/trac_ik/trac_ik_lib) by extensions ['ignore', 'ignore_ament_install']
[0.316s] Level 1:colcon.colcon_core.package_identification:_identify(src/trac_ik/trac_ik_lib) by extension 'ignore'
[0.316s] Level 1:colcon.colcon_core.package_identification:_identify(src/trac_ik/trac_ik_lib) by extension 'ignore_ament_install'
[0.316s] Level 1:colcon.colcon_core.package_identification:_identify(src/trac_ik/trac_ik_lib) by extensions ['colcon_pkg']
[0.316s] Level 1:colcon.colcon_core.package_identification:_identify(src/trac_ik/trac_ik_lib) by extension 'colcon_pkg'
[0.316s] Level 1:colcon.colcon_core.package_identification:_identify(src/trac_ik/trac_ik_lib) by extensions ['colcon_meta']
[0.316s] Level 1:colcon.colcon_core.package_identification:_identify(src/trac_ik/trac_ik_lib) by extension 'colcon_meta'
[0.316s] Level 1:colcon.colcon_core.package_identification:_identify(src/trac_ik/trac_ik_lib) by extensions ['ros']
[0.316s] Level 1:colcon.colcon_core.package_identification:_identify(src/trac_ik/trac_ik_lib) by extension 'ros'
[0.317s] DEBUG:colcon.colcon_core.package_identification:Package 'src/trac_ik/trac_ik_lib' with type 'ros.ament_cmake' and name 'trac_ik_lib'
[0.317s] Level 1:colcon.colcon_core.package_identification:_identify(src/trac_ik/trac_ik_python) by extensions ['ignore', 'ignore_ament_install']
[0.317s] Level 1:colcon.colcon_core.package_identification:_identify(src/trac_ik/trac_ik_python) by extension 'ignore'
[0.317s] Level 1:colcon.colcon_core.package_identification:_identify(src/trac_ik/trac_ik_python) ignored
[0.317s] Level 1:colcon.colcon_core.package_identification:_identify(src/ur_description) by extensions ['ignore', 'ignore_ament_install']
[0.318s] Level 1:colcon.colcon_core.package_identification:_identify(src/ur_description) by extension 'ignore'
[0.318s] Level 1:colcon.colcon_core.package_identification:_identify(src/ur_description) by extension 'ignore_ament_install'
[0.318s] Level 1:colcon.colcon_core.package_identification:_identify(src/ur_description) by extensions ['colcon_pkg']
[0.318s] Level 1:colcon.colcon_core.package_identification:_identify(src/ur_description) by extension 'colcon_pkg'
[0.318s] Level 1:colcon.colcon_core.package_identification:_identify(src/ur_description) by extensions ['colcon_meta']
[0.318s] Level 1:colcon.colcon_core.package_identification:_identify(src/ur_description) by extension 'colcon_meta'
[0.318s] Level 1:colcon.colcon_core.package_identification:_identify(src/ur_description) by extensions ['ros']
[0.318s] Level 1:colcon.colcon_core.package_identification:_identify(src/ur_description) by extension 'ros'
[0.319s] DEBUG:colcon.colcon_core.package_identification:Package 'src/ur_description' with type 'ros.ament_cmake' and name 'ur_description'
[0.319s] Level 1:colcon.colcon_core.package_identification:_identify(src/ur_moveit_config) by extensions ['ignore', 'ignore_ament_install']
[0.319s] Level 1:colcon.colcon_core.package_identification:_identify(src/ur_moveit_config) by extension 'ignore'
[0.319s] Level 1:colcon.colcon_core.package_identification:_identify(src/ur_moveit_config) by extension 'ignore_ament_install'
[0.319s] Level 1:colcon.colcon_core.package_identification:_identify(src/ur_moveit_config) by extensions ['colcon_pkg']
[0.319s] Level 1:colcon.colcon_core.package_identification:_identify(src/ur_moveit_config) by extension 'colcon_pkg'
[0.319s] Level 1:colcon.colcon_core.package_identification:_identify(src/ur_moveit_config) by extensions ['colcon_meta']
[0.319s] Level 1:colcon.colcon_core.package_identification:_identify(src/ur_moveit_config) by extension 'colcon_meta'
[0.319s] Level 1:colcon.colcon_core.package_identification:_identify(src/ur_moveit_config) by extensions ['ros']
[0.319s] Level 1:colcon.colcon_core.package_identification:_identify(src/ur_moveit_config) by extension 'ros'
[0.320s] DEBUG:colcon.colcon_core.package_identification:Package 'src/ur_moveit_config' with type 'ros.ament_cmake' and name 'ur_moveit_config'
[0.320s] Level 1:colcon.colcon_core.package_discovery:discover_packages(recursive) using defaults
[0.320s] Level 1:colcon.colcon_core.package_discovery:discover_packages(ignore) discover
[0.320s] Level 1:colcon.colcon_core.package_discovery:discover_packages(ignore) using defaults
[0.320s] Level 1:colcon.colcon_core.package_discovery:discover_packages(path) discover
[0.320s] Level 1:colcon.colcon_core.package_discovery:discover_packages(path) using defaults
[0.344s] Level 1:colcon.colcon_core.package_discovery:discover_packages(prefix_path) check parameters
[0.344s] Level 1:colcon.colcon_core.package_discovery:discover_packages(prefix_path) discover
[0.345s] WARNING:colcon.colcon_ros.prefix_path.ament:The path '/home/om/ur5_gazebo/install/ur_simulation_gazebo' in the environment variable AMENT_PREFIX_PATH doesn't exist
[0.345s] WARNING:colcon.colcon_ros.prefix_path.ament:The path '/home/om/ur5_gazebo/install/ur_moveit_config' in the environment variable AMENT_PREFIX_PATH doesn't exist
[0.345s] WARNING:colcon.colcon_ros.prefix_path.ament:The path '/home/om/ur5_gazebo/install/ur_description' in the environment variable AMENT_PREFIX_PATH doesn't exist
[0.345s] WARNING:colcon.colcon_ros.prefix_path.ament:The path '/home/om/ur5_gazebo/install/trac_ik' in the environment variable AMENT_PREFIX_PATH doesn't exist
[0.345s] WARNING:colcon.colcon_ros.prefix_path.ament:The path '/home/om/ur5_gazebo/install/trac_ik_kinematics_plugin' in the environment variable AMENT_PREFIX_PATH doesn't exist
[0.345s] WARNING:colcon.colcon_ros.prefix_path.ament:The path '/home/om/ur5_gazebo/install/trac_ik_lib' in the environment variable AMENT_PREFIX_PATH doesn't exist
[0.345s] WARNING:colcon.colcon_ros.prefix_path.ament:The path '/home/om/ur5_gazebo/install/robot_controller' in the environment variable AMENT_PREFIX_PATH doesn't exist
[0.345s] WARNING:colcon.colcon_ros.prefix_path.catkin:The path '/home/om/ur5_gazebo/install/ur_simulation_gazebo' in the environment variable CMAKE_PREFIX_PATH doesn't exist
[0.345s] WARNING:colcon.colcon_ros.prefix_path.catkin:The path '/home/om/ur5_gazebo/install/ur_moveit_config' in the environment variable CMAKE_PREFIX_PATH doesn't exist
[0.345s] WARNING:colcon.colcon_ros.prefix_path.catkin:The path '/home/om/ur5_gazebo/install/ur_description' in the environment variable CMAKE_PREFIX_PATH doesn't exist
[0.345s] WARNING:colcon.colcon_ros.prefix_path.catkin:The path '/home/om/ur5_gazebo/install/trac_ik' in the environment variable CMAKE_PREFIX_PATH doesn't exist
[0.345s] WARNING:colcon.colcon_ros.prefix_path.catkin:The path '/home/om/ur5_gazebo/install/trac_ik_kinematics_plugin' in the environment variable CMAKE_PREFIX_PATH doesn't exist
[0.345s] WARNING:colcon.colcon_ros.prefix_path.catkin:The path '/home/om/ur5_gazebo/install/trac_ik_lib' in the environment variable CMAKE_PREFIX_PATH doesn't exist
[0.345s] WARNING:colcon.colcon_ros.prefix_path.catkin:The path '/home/om/ur5_gazebo/install/robot_controller' in the environment variable CMAKE_PREFIX_PATH doesn't exist
[0.346s] DEBUG:colcon.colcon_installed_package_information.package_discovery:Found 0 installed packages in /home/om/ur5_gazebo/install
[0.347s] DEBUG:colcon.colcon_installed_package_information.package_discovery:Found 325 installed packages in /opt/ros/humble
[0.350s] Level 1:colcon.colcon_core.package_discovery:discover_packages(prefix_path) using defaults
[0.410s] Level 5:colcon.colcon_core.verb:set package 'robot_controller' build argument 'cmake_args' from command line to 'None'
[0.410s] Level 5:colcon.colcon_core.verb:set package 'robot_controller' build argument 'cmake_target' from command line to 'None'
[0.411s] Level 5:colcon.colcon_core.verb:set package 'robot_controller' build argument 'cmake_target_skip_unavailable' from command line to 'False'
[0.411s] Level 5:colcon.colcon_core.verb:set package 'robot_controller' build argument 'cmake_clean_cache' from command line to 'False'
[0.411s] Level 5:colcon.colcon_core.verb:set package 'robot_controller' build argument 'cmake_clean_first' from command line to 'False'
[0.411s] Level 5:colcon.colcon_core.verb:set package 'robot_controller' build argument 'cmake_force_configure' from command line to 'False'
[0.411s] Level 5:colcon.colcon_core.verb:set package 'robot_controller' build argument 'ament_cmake_args' from command line to 'None'
[0.411s] Level 5:colcon.colcon_core.verb:set package 'robot_controller' build argument 'catkin_cmake_args' from command line to 'None'
[0.411s] Level 5:colcon.colcon_core.verb:set package 'robot_controller' build argument 'catkin_skip_building_tests' from command line to 'False'
[0.411s] DEBUG:colcon.colcon_core.verb:Building package 'robot_controller' with the following arguments: {'ament_cmake_args': None, 'build_base': '/home/om/ur5_gazebo/build/robot_controller', 'catkin_cmake_args': None, 'catkin_skip_building_tests': False, 'cmake_args': None, 'cmake_clean_cache': False, 'cmake_clean_first': False, 'cmake_force_configure': False, 'cmake_target': None, 'cmake_target_skip_unavailable': False, 'install_base': '/home/om/ur5_gazebo/install/robot_controller', 'merge_install': False, 'path': '/home/om/ur5_gazebo/src/robot_controller', 'symlink_install': False, 'test_result_base': None}
[0.411s] Level 5:colcon.colcon_core.verb:set package 'trac_ik_lib' build argument 'cmake_args' from command line to 'None'
[0.411s] Level 5:colcon.colcon_core.verb:set package 'trac_ik_lib' build argument 'cmake_target' from command line to 'None'
[0.411s] Level 5:colcon.colcon_core.verb:set package 'trac_ik_lib' build argument 'cmake_target_skip_unavailable' from command line to 'False'
[0.411s] Level 5:colcon.colcon_core.verb:set package 'trac_ik_lib' build argument 'cmake_clean_cache' from command line to 'False'
[0.411s] Level 5:colcon.colcon_core.verb:set package 'trac_ik_lib' build argument 'cmake_clean_first' from command line to 'False'
[0.411s] Level 5:colcon.colcon_core.verb:set package 'trac_ik_lib' build argument 'cmake_force_configure' from command line to 'False'
[0.411s] Level 5:colcon.colcon_core.verb:set package 'trac_ik_lib' build argument 'ament_cmake_args' from command line to 'None'
[0.411s] Level 5:colcon.colcon_core.verb:set package 'trac_ik_lib' build argument 'catkin_cmake_args' from command line to 'None'
[0.411s] Level 5:colcon.colcon_core.verb:set package 'trac_ik_lib' build argument 'catkin_skip_building_tests' from command line to 'False'
[0.411s] DEBUG:colcon.colcon_core.verb:Building package 'trac_ik_lib' with the following arguments: {'ament_cmake_args': None, 'build_base': '/home/om/ur5_gazebo/build/trac_ik_lib', 'catkin_cmake_args': None, 'catkin_skip_building_tests': False, 'cmake_args': None, 'cmake_clean_cache': False, 'cmake_clean_first': False, 'cmake_force_configure': False, 'cmake_target': None, 'cmake_target_skip_unavailable': False, 'install_base': '/home/om/ur5_gazebo/install/trac_ik_lib', 'merge_install': False, 'path': '/home/om/ur5_gazebo/src/trac_ik/trac_ik_lib', 'symlink_install': False, 'test_result_base': None}
[0.412s] Level 5:colcon.colcon_core.verb:set package 'ur_description' build argument 'cmake_args' from command line to 'None'
[0.412s] Level 5:colcon.colcon_core.verb:set package 'ur_description' build argument 'cmake_target' from command line to 'None'
[0.412s] Level 5:colcon.colcon_core.verb:set package 'ur_description' build argument 'cmake_target_skip_unavailable' from command line to 'False'
[0.412s] Level 5:colcon.colcon_core.verb:set package 'ur_description' build argument 'cmake_clean_cache' from command line to 'False'
[0.412s] Level 5:colcon.colcon_core.verb:set package 'ur_description' build argument 'cmake_clean_first' from command line to 'False'
[0.412s] Level 5:colcon.colcon_core.verb:set package 'ur_description' build argument 'cmake_force_configure' from command line to 'False'
[0.412s] Level 5:colcon.colcon_core.verb:set package 'ur_description' build argument 'ament_cmake_args' from command line to 'None'
[0.412s] Level 5:colcon.colcon_core.verb:set package 'ur_description' build argument 'catkin_cmake_args' from command line to 'None'
[0.412s] Level 5:colcon.colcon_core.verb:set package 'ur_description' build argument 'catkin_skip_building_tests' from command line to 'False'
[0.412s] DEBUG:colcon.colcon_core.verb:Building package 'ur_description' with the following arguments: {'ament_cmake_args': None, 'build_base': '/home/om/ur5_gazebo/build/ur_description', 'catkin_cmake_args': None, 'catkin_skip_building_tests': False, 'cmake_args': None, 'cmake_clean_cache': False, 'cmake_clean_first': False, 'cmake_force_configure': False, 'cmake_target': None, 'cmake_target_skip_unavailable': False, 'install_base': '/home/om/ur5_gazebo/install/ur_description', 'merge_install': False, 'path': '/home/om/ur5_gazebo/src/ur_description', 'symlink_install': False, 'test_result_base': None}
[0.412s] Level 5:colcon.colcon_core.verb:set package 'trac_ik_kinematics_plugin' build argument 'cmake_args' from command line to 'None'
[0.412s] Level 5:colcon.colcon_core.verb:set package 'trac_ik_kinematics_plugin' build argument 'cmake_target' from command line to 'None'
[0.412s] Level 5:colcon.colcon_core.verb:set package 'trac_ik_kinematics_plugin' build argument 'cmake_target_skip_unavailable' from command line to 'False'
[0.412s] Level 5:colcon.colcon_core.verb:set package 'trac_ik_kinematics_plugin' build argument 'cmake_clean_cache' from command line to 'False'
[0.412s] Level 5:colcon.colcon_core.verb:set package 'trac_ik_kinematics_plugin' build argument 'cmake_clean_first' from command line to 'False'
[0.412s] Level 5:colcon.colcon_core.verb:set package 'trac_ik_kinematics_plugin' build argument 'cmake_force_configure' from command line to 'False'
[0.413s] Level 5:colcon.colcon_core.verb:set package 'trac_ik_kinematics_plugin' build argument 'ament_cmake_args' from command line to 'None'
[0.413s] Level 5:colcon.colcon_core.verb:set package 'trac_ik_kinematics_plugin' build argument 'catkin_cmake_args' from command line to 'None'
[0.413s] Level 5:colcon.colcon_core.verb:set package 'trac_ik_kinematics_plugin' build argument 'catkin_skip_building_tests' from command line to 'False'
[0.413s] DEBUG:colcon.colcon_core.verb:Building package 'trac_ik_kinematics_plugin' with the following arguments: {'ament_cmake_args': None, 'build_base': '/home/om/ur5_gazebo/build/trac_ik_kinematics_plugin', 'catkin_cmake_args': None, 'catkin_skip_building_tests': False, 'cmake_args': None, 'cmake_clean_cache': False, 'cmake_clean_first': False, 'cmake_force_configure': False, 'cmake_target': None, 'cmake_target_skip_unavailable': False, 'install_base': '/home/om/ur5_gazebo/install/trac_ik_kinematics_plugin', 'merge_install': False, 'path': '/home/om/ur5_gazebo/src/trac_ik/trac_ik_kinematics_plugin', 'symlink_install': False, 'test_result_base': None}
[0.413s] Level 5:colcon.colcon_core.verb:set package 'trac_ik' build argument 'cmake_args' from command line to 'None'
[0.413s] Level 5:colcon.colcon_core.verb:set package 'trac_ik' build argument 'cmake_target' from command line to 'None'
[0.413s] Level 5:colcon.colcon_core.verb:set package 'trac_ik' build argument 'cmake_target_skip_unavailable' from command line to 'False'
[0.413s] Level 5:colcon.colcon_core.verb:set package 'trac_ik' build argument 'cmake_clean_cache' from command line to 'False'
[0.413s] Level 5:colcon.colcon_core.verb:set package 'trac_ik' build argument 'cmake_clean_first' from command line to 'False'
[0.413s] Level 5:colcon.colcon_core.verb:set package 'trac_ik' build argument 'cmake_force_configure' from command line to 'False'
[0.413s] Level 5:colcon.colcon_core.verb:set package 'trac_ik' build argument 'ament_cmake_args' from command line to 'None'
[0.413s] Level 5:colcon.colcon_core.verb:set package 'trac_ik' build argument 'catkin_cmake_args' from command line to 'None'
[0.413s] Level 5:colcon.colcon_core.verb:set package 'trac_ik' build argument 'catkin_skip_building_tests' from command line to 'False'
[0.413s] DEBUG:colcon.colcon_core.verb:Building package 'trac_ik' with the following arguments: {'ament_cmake_args': None, 'build_base': '/home/om/ur5_gazebo/build/trac_ik', 'catkin_cmake_args': None, 'catkin_skip_building_tests': False, 'cmake_args': None, 'cmake_clean_cache': False, 'cmake_clean_first': False, 'cmake_force_configure': False, 'cmake_target': None, 'cmake_target_skip_unavailable': False, 'install_base': '/home/om/ur5_gazebo/install/trac_ik', 'merge_install': False, 'path': '/home/om/ur5_gazebo/src/trac_ik/trac_ik', 'symlink_install': False, 'test_result_base': None}
[0.414s] Level 5:colcon.colcon_core.verb:set package 'ur_moveit_config' build argument 'cmake_args' from command line to 'None'
[0.414s] Level 5:colcon.colcon_core.verb:set package 'ur_moveit_config' build argument 'cmake_target' from command line to 'None'
[0.414s] Level 5:colcon.colcon_core.verb:set package 'ur_moveit_config' build argument 'cmake_target_skip_unavailable' from command line to 'False'
[0.414s] Level 5:colcon.colcon_core.verb:set package 'ur_moveit_config' build argument 'cmake_clean_cache' from command line to 'False'
[0.414s] Level 5:colcon.colcon_core.verb:set package 'ur_moveit_config' build argument 'cmake_clean_first' from command line to 'False'
[0.414s] Level 5:colcon.colcon_core.verb:set package 'ur_moveit_config' build argument 'cmake_force_configure' from command line to 'False'
[0.414s] Level 5:colcon.colcon_core.verb:set package 'ur_moveit_config' build argument 'ament_cmake_args' from command line to 'None'
[0.414s] Level 5:colcon.colcon_core.verb:set package 'ur_moveit_config' build argument 'catkin_cmake_args' from command line to 'None'
[0.414s] Level 5:colcon.colcon_core.verb:set package 'ur_moveit_config' build argument 'catkin_skip_building_tests' from command line to 'False'
[0.414s] DEBUG:colcon.colcon_core.verb:Building package 'ur_moveit_config' with the following arguments: {'ament_cmake_args': None, 'build_base': '/home/om/ur5_gazebo/build/ur_moveit_config', 'catkin_cmake_args': None, 'catkin_skip_building_tests': False, 'cmake_args': None, 'cmake_clean_cache': False, 'cmake_clean_first': False, 'cmake_force_configure': False, 'cmake_target': None, 'cmake_target_skip_unavailable': False, 'install_base': '/home/om/ur5_gazebo/install/ur_moveit_config', 'merge_install': False, 'path': '/home/om/ur5_gazebo/src/ur_moveit_config', 'symlink_install': False, 'test_result_base': None}
[0.414s] Level 5:colcon.colcon_core.verb:set package 'ur_simulation_gazebo' build argument 'cmake_args' from command line to 'None'
[0.414s] Level 5:colcon.colcon_core.verb:set package 'ur_simulation_gazebo' build argument 'cmake_target' from command line to 'None'
[0.414s] Level 5:colcon.colcon_core.verb:set package 'ur_simulation_gazebo' build argument 'cmake_target_skip_unavailable' from command line to 'False'
[0.414s] Level 5:colcon.colcon_core.verb:set package 'ur_simulation_gazebo' build argument 'cmake_clean_cache' from command line to 'False'
[0.414s] Level 5:colcon.colcon_core.verb:set package 'ur_simulation_gazebo' build argument 'cmake_clean_first' from command line to 'False'
[0.414s] Level 5:colcon.colcon_core.verb:set package 'ur_simulation_gazebo' build argument 'cmake_force_configure' from command line to 'False'
[0.414s] Level 5:colcon.colcon_core.verb:set package 'ur_simulation_gazebo' build argument 'ament_cmake_args' from command line to 'None'
[0.414s] Level 5:colcon.colcon_core.verb:set package 'ur_simulation_gazebo' build argument 'catkin_cmake_args' from command line to 'None'
[0.414s] Level 5:colcon.colcon_core.verb:set package 'ur_simulation_gazebo' build argument 'catkin_skip_building_tests' from command line to 'False'
[0.414s] DEBUG:colcon.colcon_core.verb:Building package 'ur_simulation_gazebo' with the following arguments: {'ament_cmake_args': None, 'build_base': '/home/om/ur5_gazebo/build/ur_simulation_gazebo', 'catkin_cmake_args': None, 'catkin_skip_building_tests': False, 'cmake_args': None, 'cmake_clean_cache': False, 'cmake_clean_first': False, 'cmake_force_configure': False, 'cmake_target': None, 'cmake_target_skip_unavailable': False, 'install_base': '/home/om/ur5_gazebo/install/ur_simulation_gazebo', 'merge_install': False, 'path': '/home/om/ur5_gazebo/src/Universal_Robots_ROS2_Gazebo_Simulation/ur_simulation_gazebo', 'symlink_install': False, 'test_result_base': None}
[0.415s] INFO:colcon.colcon_core.executor:Executing jobs using 'parallel' executor
[0.416s] DEBUG:colcon.colcon_parallel_executor.executor.parallel:run_until_complete
[0.416s] INFO:colcon.colcon_ros.task.ament_cmake.build:Building ROS package in '/home/om/ur5_gazebo/src/trac_ik/trac_ik_lib' with build type 'ament_cmake'
[0.416s] INFO:colcon.colcon_cmake.task.cmake.build:Building CMake package in '/home/om/ur5_gazebo/src/trac_ik/trac_ik_lib'
[0.420s] INFO:colcon.colcon_core.plugin_system:Skipping extension 'colcon_core.shell.bat': Not used on non-Windows systems
[0.420s] INFO:colcon.colcon_core.shell:Skip shell extension 'powershell' for command environment: Not usable outside of PowerShell
[0.420s] DEBUG:colcon.colcon_core.shell:Skip shell extension 'dsv' for command environment
[0.424s] INFO:colcon.colcon_ros.task.ament_cmake.build:Building ROS package in '/home/om/ur5_gazebo/src/ur_description' with build type 'ament_cmake'
[0.424s] INFO:colcon.colcon_cmake.task.cmake.build:Building CMake package in '/home/om/ur5_gazebo/src/ur_description'
[0.425s] INFO:colcon.colcon_core.shell:Skip shell extension 'powershell' for command environment: Not usable outside of PowerShell
[0.425s] DEBUG:colcon.colcon_core.shell:Skip shell extension 'dsv' for command environment
[0.428s] INFO:colcon.colcon_ros.task.ament_cmake.build:Building ROS package in '/home/om/ur5_gazebo/src/robot_controller' with build type 'ament_cmake'
[0.428s] INFO:colcon.colcon_cmake.task.cmake.build:Building CMake package in '/home/om/ur5_gazebo/src/robot_controller'
[0.428s] INFO:colcon.colcon_core.shell:Skip shell extension 'powershell' for command environment: Not usable outside of PowerShell
[0.428s] DEBUG:colcon.colcon_core.shell:Skip shell extension 'dsv' for command environment
[0.437s] DEBUG:colcon.colcon_core.event_handler.log_command:Invoking command in '/home/om/ur5_gazebo/build/trac_ik_lib': CMAKE_PREFIX_PATH=${CMAKE_PREFIX_PATH}:/opt/ros/humble /usr/bin/cmake /home/om/ur5_gazebo/src/trac_ik/trac_ik_lib -DCMAKE_INSTALL_PREFIX=/home/om/ur5_gazebo/install/trac_ik_lib
[0.439s] DEBUG:colcon.colcon_core.event_handler.log_command:Invoking command in '/home/om/ur5_gazebo/build/ur_description': CMAKE_PREFIX_PATH=${CMAKE_PREFIX_PATH}:/opt/ros/humble /usr/bin/cmake /home/om/ur5_gazebo/src/ur_description -DCMAKE_INSTALL_PREFIX=/home/om/ur5_gazebo/install/ur_description
[0.444s] DEBUG:colcon.colcon_core.event_handler.log_command:Invoking command in '/home/om/ur5_gazebo/build/robot_controller': CMAKE_PREFIX_PATH=${CMAKE_PREFIX_PATH}:/opt/ros/humble /usr/bin/cmake /home/om/ur5_gazebo/src/robot_controller -DCMAKE_INSTALL_PREFIX=/home/om/ur5_gazebo/install/robot_controller
[1.200s] DEBUG:colcon.colcon_core.event_handler.log_command:Invoked command in '/home/om/ur5_gazebo/build/ur_description' returned '0': CMAKE_PREFIX_PATH=${CMAKE_PREFIX_PATH}:/opt/ros/humble /usr/bin/cmake /home/om/ur5_gazebo/src/ur_description -DCMAKE_INSTALL_PREFIX=/home/om/ur5_gazebo/install/ur_description
[1.202s] DEBUG:colcon.colcon_core.event_handler.log_command:Invoking command in '/home/om/ur5_gazebo/build/ur_description': CMAKE_PREFIX_PATH=${CMAKE_PREFIX_PATH}:/opt/ros/humble /usr/bin/cmake --build /home/om/ur5_gazebo/build/ur_description -- -j8 -l8
[1.244s] DEBUG:colcon.colcon_core.event_handler.log_command:Invoked command in '/home/om/ur5_gazebo/build/ur_description' returned '0': CMAKE_PREFIX_PATH=${CMAKE_PREFIX_PATH}:/opt/ros/humble /usr/bin/cmake --build /home/om/ur5_gazebo/build/ur_description -- -j8 -l8
[1.281s] DEBUG:colcon.colcon_core.event_handler.log_command:Invoking command in '/home/om/ur5_gazebo/build/ur_description': CMAKE_PREFIX_PATH=${CMAKE_PREFIX_PATH}:/opt/ros/humble /usr/bin/cmake --install /home/om/ur5_gazebo/build/ur_description
[1.409s] Level 1:colcon.colcon_core.environment:create_environment_scripts_only(ur_description)
[1.409s] DEBUG:colcon.colcon_core.event_handler.log_command:Invoked command in '/home/om/ur5_gazebo/build/ur_description' returned '0': CMAKE_PREFIX_PATH=${CMAKE_PREFIX_PATH}:/opt/ros/humble /usr/bin/cmake --install /home/om/ur5_gazebo/build/ur_description
[1.411s] Level 1:colcon.colcon_core.environment:checking '/home/om/ur5_gazebo/install/ur_description' for CMake module files
[1.412s] Level 1:colcon.colcon_core.environment:checking '/home/om/ur5_gazebo/install/ur_description' for CMake config files
[1.413s] Level 1:colcon.colcon_core.shell:create_environment_hook('ur_description', 'cmake_prefix_path')
[1.413s] INFO:colcon.colcon_core.shell:Creating environment hook '/home/om/ur5_gazebo/install/ur_description/share/ur_description/hook/cmake_prefix_path.ps1'
[1.414s] INFO:colcon.colcon_core.shell:Creating environment descriptor '/home/om/ur5_gazebo/install/ur_description/share/ur_description/hook/cmake_prefix_path.dsv'
[1.414s] INFO:colcon.colcon_core.shell:Creating environment hook '/home/om/ur5_gazebo/install/ur_description/share/ur_description/hook/cmake_prefix_path.sh'
[1.415s] Level 1:colcon.colcon_core.environment:checking '/home/om/ur5_gazebo/install/ur_description/bin'
[1.415s] Level 1:colcon.colcon_core.environment:checking '/home/om/ur5_gazebo/install/ur_description/lib/pkgconfig/ur_description.pc'
[1.415s] Level 1:colcon.colcon_core.environment:checking '/home/om/ur5_gazebo/install/ur_description/lib/python3.10/site-packages'
[1.415s] Level 1:colcon.colcon_core.environment:checking '/home/om/ur5_gazebo/install/ur_description/bin'
[1.416s] INFO:colcon.colcon_core.shell:Creating package script '/home/om/ur5_gazebo/install/ur_description/share/ur_description/package.ps1'
[1.417s] INFO:colcon.colcon_core.shell:Creating package descriptor '/home/om/ur5_gazebo/install/ur_description/share/ur_description/package.dsv'
[1.417s] INFO:colcon.colcon_core.shell:Creating package script '/home/om/ur5_gazebo/install/ur_description/share/ur_description/package.sh'
[1.418s] INFO:colcon.colcon_core.shell:Creating package script '/home/om/ur5_gazebo/install/ur_description/share/ur_description/package.bash'
[1.419s] INFO:colcon.colcon_core.shell:Creating package script '/home/om/ur5_gazebo/install/ur_description/share/ur_description/package.zsh'
[1.420s] Level 1:colcon.colcon_core.environment:create_file_with_runtime_dependencies(/home/om/ur5_gazebo/install/ur_description/share/colcon-core/packages/ur_description)
[1.442s] Level 1:colcon.colcon_core.environment:create_environment_scripts_only(ur_description)
[1.443s] Level 1:colcon.colcon_core.environment:checking '/home/om/ur5_gazebo/install/ur_description' for CMake module files
[1.443s] Level 1:colcon.colcon_core.environment:checking '/home/om/ur5_gazebo/install/ur_description' for CMake config files
[1.443s] Level 1:colcon.colcon_core.shell:create_environment_hook('ur_description', 'cmake_prefix_path')
[1.444s] INFO:colcon.colcon_core.shell:Creating environment hook '/home/om/ur5_gazebo/install/ur_description/share/ur_description/hook/cmake_prefix_path.ps1'
[1.444s] INFO:colcon.colcon_core.shell:Creating environment descriptor '/home/om/ur5_gazebo/install/ur_description/share/ur_description/hook/cmake_prefix_path.dsv'
[1.445s] INFO:colcon.colcon_core.shell:Creating environment hook '/home/om/ur5_gazebo/install/ur_description/share/ur_description/hook/cmake_prefix_path.sh'
[1.445s] Level 1:colcon.colcon_core.environment:checking '/home/om/ur5_gazebo/install/ur_description/bin'
[1.445s] Level 1:colcon.colcon_core.environment:checking '/home/om/ur5_gazebo/install/ur_description/lib/pkgconfig/ur_description.pc'
[1.446s] Level 1:colcon.colcon_core.environment:checking '/home/om/ur5_gazebo/install/ur_description/lib/python3.10/site-packages'
[1.446s] Level 1:colcon.colcon_core.environment:checking '/home/om/ur5_gazebo/install/ur_description/bin'
[1.446s] INFO:colcon.colcon_core.shell:Creating package script '/home/om/ur5_gazebo/install/ur_description/share/ur_description/package.ps1'
[1.447s] INFO:colcon.colcon_core.shell:Creating package descriptor '/home/om/ur5_gazebo/install/ur_description/share/ur_description/package.dsv'
[1.447s] INFO:colcon.colcon_core.shell:Creating package script '/home/om/ur5_gazebo/install/ur_description/share/ur_description/package.sh'
[1.448s] INFO:colcon.colcon_core.shell:Creating package script '/home/om/ur5_gazebo/install/ur_description/share/ur_description/package.bash'
[1.448s] INFO:colcon.colcon_core.shell:Creating package script '/home/om/ur5_gazebo/install/ur_description/share/ur_description/package.zsh'
[1.448s] Level 1:colcon.colcon_core.environment:create_file_with_runtime_dependencies(/home/om/ur5_gazebo/install/ur_description/share/colcon-core/packages/ur_description)
[2.156s] DEBUG:colcon.colcon_core.event_handler.log_command:Invoked command in '/home/om/ur5_gazebo/build/trac_ik_lib' returned '0': CMAKE_PREFIX_PATH=${CMAKE_PREFIX_PATH}:/opt/ros/humble /usr/bin/cmake /home/om/ur5_gazebo/src/trac_ik/trac_ik_lib -DCMAKE_INSTALL_PREFIX=/home/om/ur5_gazebo/install/trac_ik_lib
[2.158s] DEBUG:colcon.colcon_core.event_handler.log_command:Invoking command in '/home/om/ur5_gazebo/build/trac_ik_lib': CMAKE_PREFIX_PATH=${CMAKE_PREFIX_PATH}:/opt/ros/humble /usr/bin/cmake --build /home/om/ur5_gazebo/build/trac_ik_lib -- -j8 -l8
[6.273s] DEBUG:colcon.colcon_core.event_handler.log_command:Invoked command in '/home/om/ur5_gazebo/build/robot_controller' returned '0': CMAKE_PREFIX_PATH=${CMAKE_PREFIX_PATH}:/opt/ros/humble /usr/bin/cmake /home/om/ur5_gazebo/src/robot_controller -DCMAKE_INSTALL_PREFIX=/home/om/ur5_gazebo/install/robot_controller
[6.274s] DEBUG:colcon.colcon_core.event_handler.log_command:Invoking command in '/home/om/ur5_gazebo/build/robot_controller': CMAKE_PREFIX_PATH=${CMAKE_PREFIX_PATH}:/opt/ros/humble /usr/bin/cmake --build /home/om/ur5_gazebo/build/robot_controller -- -j8 -l8
[12.318s] DEBUG:colcon.colcon_core.event_handler.log_command:Invoked command in '/home/om/ur5_gazebo/build/trac_ik_lib' returned '0': CMAKE_PREFIX_PATH=${CMAKE_PREFIX_PATH}:/opt/ros/humble /usr/bin/cmake --build /home/om/ur5_gazebo/build/trac_ik_lib -- -j8 -l8
[12.346s] DEBUG:colcon.colcon_core.event_handler.log_command:Invoking command in '/home/om/ur5_gazebo/build/trac_ik_lib': CMAKE_PREFIX_PATH=${CMAKE_PREFIX_PATH}:/opt/ros/humble /usr/bin/cmake --install /home/om/ur5_gazebo/build/trac_ik_lib
[12.361s] Level 1:colcon.colcon_core.environment:create_environment_scripts_only(trac_ik_lib)
[12.361s] DEBUG:colcon.colcon_core.event_handler.log_command:Invoked command in '/home/om/ur5_gazebo/build/trac_ik_lib' returned '0': CMAKE_PREFIX_PATH=${CMAKE_PREFIX_PATH}:/opt/ros/humble /usr/bin/cmake --install /home/om/ur5_gazebo/build/trac_ik_lib
[12.361s] Level 1:colcon.colcon_core.environment:checking '/home/om/ur5_gazebo/install/trac_ik_lib' for CMake module files
[12.362s] Level 1:colcon.colcon_core.environment:checking '/home/om/ur5_gazebo/install/trac_ik_lib' for CMake config files
[12.362s] Level 1:colcon.colcon_core.shell:create_environment_hook('trac_ik_lib', 'cmake_prefix_path')
[12.362s] INFO:colcon.colcon_core.shell:Creating environment hook '/home/om/ur5_gazebo/install/trac_ik_lib/share/trac_ik_lib/hook/cmake_prefix_path.ps1'
[12.363s] INFO:colcon.colcon_core.shell:Creating environment descriptor '/home/om/ur5_gazebo/install/trac_ik_lib/share/trac_ik_lib/hook/cmake_prefix_path.dsv'
[12.363s] INFO:colcon.colcon_core.shell:Creating environment hook '/home/om/ur5_gazebo/install/trac_ik_lib/share/trac_ik_lib/hook/cmake_prefix_path.sh'
[12.364s] Level 1:colcon.colcon_core.environment:checking '/home/om/ur5_gazebo/install/trac_ik_lib/lib'
[12.364s] Level 1:colcon.colcon_core.shell:create_environment_hook('trac_ik_lib', 'ld_library_path_lib')
[12.364s] INFO:colcon.colcon_core.shell:Creating environment hook '/home/om/ur5_gazebo/install/trac_ik_lib/share/trac_ik_lib/hook/ld_library_path_lib.ps1'
[12.364s] INFO:colcon.colcon_core.shell:Creating environment descriptor '/home/om/ur5_gazebo/install/trac_ik_lib/share/trac_ik_lib/hook/ld_library_path_lib.dsv'
[12.364s] INFO:colcon.colcon_core.shell:Creating environment hook '/home/om/ur5_gazebo/install/trac_ik_lib/share/trac_ik_lib/hook/ld_library_path_lib.sh'
[12.365s] Level 1:colcon.colcon_core.environment:checking '/home/om/ur5_gazebo/install/trac_ik_lib/bin'
[12.365s] Level 1:colcon.colcon_core.environment:checking '/home/om/ur5_gazebo/install/trac_ik_lib/lib/pkgconfig/trac_ik_lib.pc'
[12.365s] Level 1:colcon.colcon_core.environment:checking '/home/om/ur5_gazebo/install/trac_ik_lib/lib/python3.10/site-packages'
[12.365s] Level 1:colcon.colcon_core.environment:checking '/home/om/ur5_gazebo/install/trac_ik_lib/bin'
[12.365s] INFO:colcon.colcon_core.shell:Creating package script '/home/om/ur5_gazebo/install/trac_ik_lib/share/trac_ik_lib/package.ps1'
[12.366s] INFO:colcon.colcon_core.shell:Creating package descriptor '/home/om/ur5_gazebo/install/trac_ik_lib/share/trac_ik_lib/package.dsv'
[12.366s] INFO:colcon.colcon_core.shell:Creating package script '/home/om/ur5_gazebo/install/trac_ik_lib/share/trac_ik_lib/package.sh'
[12.366s] INFO:colcon.colcon_core.shell:Creating package script '/home/om/ur5_gazebo/install/trac_ik_lib/share/trac_ik_lib/package.bash'
[12.367s] INFO:colcon.colcon_core.shell:Creating package script '/home/om/ur5_gazebo/install/trac_ik_lib/share/trac_ik_lib/package.zsh'
[12.367s] Level 1:colcon.colcon_core.environment:create_file_with_runtime_dependencies(/home/om/ur5_gazebo/install/trac_ik_lib/share/colcon-core/packages/trac_ik_lib)
[12.396s] Level 1:colcon.colcon_core.environment:create_environment_scripts_only(trac_ik_lib)
[12.396s] Level 1:colcon.colcon_core.environment:checking '/home/om/ur5_gazebo/install/trac_ik_lib' for CMake module files
[12.396s] Level 1:colcon.colcon_core.environment:checking '/home/om/ur5_gazebo/install/trac_ik_lib' for CMake config files
[12.396s] Level 1:colcon.colcon_core.shell:create_environment_hook('trac_ik_lib', 'cmake_prefix_path')
[12.397s] INFO:colcon.colcon_core.shell:Creating environment hook '/home/om/ur5_gazebo/install/trac_ik_lib/share/trac_ik_lib/hook/cmake_prefix_path.ps1'
[12.397s] INFO:colcon.colcon_core.shell:Creating environment descriptor '/home/om/ur5_gazebo/install/trac_ik_lib/share/trac_ik_lib/hook/cmake_prefix_path.dsv'
[12.397s] INFO:colcon.colcon_core.shell:Creating environment hook '/home/om/ur5_gazebo/install/trac_ik_lib/share/trac_ik_lib/hook/cmake_prefix_path.sh'
[12.398s] Level 1:colcon.colcon_core.environment:checking '/home/om/ur5_gazebo/install/trac_ik_lib/lib'
[12.398s] Level 1:colcon.colcon_core.shell:create_environment_hook('trac_ik_lib', 'ld_library_path_lib')
[12.398s] INFO:colcon.colcon_core.shell:Creating environment hook '/home/om/ur5_gazebo/install/trac_ik_lib/share/trac_ik_lib/hook/ld_library_path_lib.ps1'
[12.398s] INFO:colcon.colcon_core.shell:Creating environment descriptor '/home/om/ur5_gazebo/install/trac_ik_lib/share/trac_ik_lib/hook/ld_library_path_lib.dsv'
[12.398s] INFO:colcon.colcon_core.shell:Creating environment hook '/home/om/ur5_gazebo/install/trac_ik_lib/share/trac_ik_lib/hook/ld_library_path_lib.sh'
[12.398s] Level 1:colcon.colcon_core.environment:checking '/home/om/ur5_gazebo/install/trac_ik_lib/bin'
[12.398s] Level 1:colcon.colcon_core.environment:checking '/home/om/ur5_gazebo/install/trac_ik_lib/lib/pkgconfig/trac_ik_lib.pc'
[12.399s] Level 1:colcon.colcon_core.environment:checking '/home/om/ur5_gazebo/install/trac_ik_lib/lib/python3.10/site-packages'
[12.399s] Level 1:colcon.colcon_core.environment:checking '/home/om/ur5_gazebo/install/trac_ik_lib/bin'
[12.399s] INFO:colcon.colcon_core.shell:Creating package script '/home/om/ur5_gazebo/install/trac_ik_lib/share/trac_ik_lib/package.ps1'
[12.399s] INFO:colcon.colcon_core.shell:Creating package descriptor '/home/om/ur5_gazebo/install/trac_ik_lib/share/trac_ik_lib/package.dsv'
[12.400s] INFO:colcon.colcon_core.shell:Creating package script '/home/om/ur5_gazebo/install/trac_ik_lib/share/trac_ik_lib/package.sh'
[12.400s] INFO:colcon.colcon_core.shell:Creating package script '/home/om/ur5_gazebo/install/trac_ik_lib/share/trac_ik_lib/package.bash'
[12.400s] INFO:colcon.colcon_core.shell:Creating package script '/home/om/ur5_gazebo/install/trac_ik_lib/share/trac_ik_lib/package.zsh'
[12.401s] Level 1:colcon.colcon_core.environment:create_file_with_runtime_dependencies(/home/om/ur5_gazebo/install/trac_ik_lib/share/colcon-core/packages/trac_ik_lib)
[12.401s] INFO:colcon.colcon_ros.task.ament_cmake.build:Building ROS package in '/home/om/ur5_gazebo/src/trac_ik/trac_ik_kinematics_plugin' with build type 'ament_cmake'
[12.401s] INFO:colcon.colcon_cmake.task.cmake.build:Building CMake package in '/home/om/ur5_gazebo/src/trac_ik/trac_ik_kinematics_plugin'
[12.401s] INFO:colcon.colcon_core.shell:Skip shell extension 'powershell' for command environment: Not usable outside of PowerShell
[12.401s] DEBUG:colcon.colcon_core.shell:Skip shell extension 'dsv' for command environment
[12.412s] DEBUG:colcon.colcon_core.event_handler.log_command:Invoking command in '/home/om/ur5_gazebo/build/trac_ik_kinematics_plugin': CMAKE_PREFIX_PATH=/home/om/ur5_gazebo/install/trac_ik_lib:/home/om/ur5_gazebo/install/ur_simulation_gazebo:/home/om/ur5_gazebo/install/ur_moveit_config:/home/om/ur5_gazebo/install/ur_description:/home/om/ur5_gazebo/install/trac_ik:/home/om/ur5_gazebo/install/trac_ik_kinematics_plugin:/home/om/ur5_gazebo/install/robot_controller:/opt/ros/humble LD_LIBRARY_PATH=/home/om/ur5_gazebo/install/trac_ik_lib/lib:/home/om/ur5_gazebo/install/trac_ik_kinematics_plugin/lib:/opt/ros/humble/opt/rviz_ogre_vendor/lib:/opt/ros/humble/lib/x86_64-linux-gnu:/opt/ros/humble/lib /usr/bin/cmake /home/om/ur5_gazebo/src/trac_ik/trac_ik_kinematics_plugin -DCMAKE_INSTALL_PREFIX=/home/om/ur5_gazebo/install/trac_ik_kinematics_plugin
[15.099s] DEBUG:colcon.colcon_core.event_handler.log_command:Invoked command in '/home/om/ur5_gazebo/build/trac_ik_kinematics_plugin' returned '0': CMAKE_PREFIX_PATH=/home/om/ur5_gazebo/install/trac_ik_lib:/home/om/ur5_gazebo/install/ur_simulation_gazebo:/home/om/ur5_gazebo/install/ur_moveit_config:/home/om/ur5_gazebo/install/ur_description:/home/om/ur5_gazebo/install/trac_ik:/home/om/ur5_gazebo/install/trac_ik_kinematics_plugin:/home/om/ur5_gazebo/install/robot_controller:/opt/ros/humble LD_LIBRARY_PATH=/home/om/ur5_gazebo/install/trac_ik_lib/lib:/home/om/ur5_gazebo/install/trac_ik_kinematics_plugin/lib:/opt/ros/humble/opt/rviz_ogre_vendor/lib:/opt/ros/humble/lib/x86_64-linux-gnu:/opt/ros/humble/lib /usr/bin/cmake /home/om/ur5_gazebo/src/trac_ik/trac_ik_kinematics_plugin -DCMAKE_INSTALL_PREFIX=/home/om/ur5_gazebo/install/trac_ik_kinematics_plugin
[15.100s] DEBUG:colcon.colcon_core.event_handler.log_command:Invoking command in '/home/om/ur5_gazebo/build/trac_ik_kinematics_plugin': CMAKE_PREFIX_PATH=/home/om/ur5_gazebo/install/trac_ik_lib:/home/om/ur5_gazebo/install/ur_simulation_gazebo:/home/om/ur5_gazebo/install/ur_moveit_config:/home/om/ur5_gazebo/install/ur_description:/home/om/ur5_gazebo/install/trac_ik:/home/om/ur5_gazebo/install/trac_ik_kinematics_plugin:/home/om/ur5_gazebo/install/robot_controller:/opt/ros/humble LD_LIBRARY_PATH=/home/om/ur5_gazebo/install/trac_ik_lib/lib:/home/om/ur5_gazebo/install/trac_ik_kinematics_plugin/lib:/opt/ros/humble/opt/rviz_ogre_vendor/lib:/opt/ros/humble/lib/x86_64-linux-gnu:/opt/ros/humble/lib /usr/bin/cmake --build /home/om/ur5_gazebo/build/trac_ik_kinematics_plugin -- -j8 -l8
[19.822s] DEBUG:colcon.colcon_core.event_handler.log_command:Invoked command in '/home/om/ur5_gazebo/build/robot_controller' returned '0': CMAKE_PREFIX_PATH=${CMAKE_PREFIX_PATH}:/opt/ros/humble /usr/bin/cmake --build /home/om/ur5_gazebo/build/robot_controller -- -j8 -l8
[19.849s] DEBUG:colcon.colcon_core.event_handler.log_command:Invoking command in '/home/om/ur5_gazebo/build/robot_controller': CMAKE_PREFIX_PATH=${CMAKE_PREFIX_PATH}:/opt/ros/humble /usr/bin/cmake --install /home/om/ur5_gazebo/build/robot_controller
[19.866s] Level 1:colcon.colcon_core.environment:create_environment_scripts_only(robot_controller)
[19.866s] Level 1:colcon.colcon_core.environment:checking '/home/om/ur5_gazebo/install/robot_controller' for CMake module files
[19.866s] DEBUG:colcon.colcon_core.event_handler.log_command:Invoked command in '/home/om/ur5_gazebo/build/robot_controller' returned '0': CMAKE_PREFIX_PATH=${CMAKE_PREFIX_PATH}:/opt/ros/humble /usr/bin/cmake --install /home/om/ur5_gazebo/build/robot_controller
[19.867s] Level 1:colcon.colcon_core.environment:checking '/home/om/ur5_gazebo/install/robot_controller' for CMake config files
[19.867s] Level 1:colcon.colcon_core.shell:create_environment_hook('robot_controller', 'cmake_prefix_path')
[19.867s] INFO:colcon.colcon_core.shell:Creating environment hook '/home/om/ur5_gazebo/install/robot_controller/share/robot_controller/hook/cmake_prefix_path.ps1'
[19.868s] INFO:colcon.colcon_core.shell:Creating environment descriptor '/home/om/ur5_gazebo/install/robot_controller/share/robot_controller/hook/cmake_prefix_path.dsv'
[19.868s] INFO:colcon.colcon_core.shell:Creating environment hook '/home/om/ur5_gazebo/install/robot_controller/share/robot_controller/hook/cmake_prefix_path.sh'
[19.868s] Level 1:colcon.colcon_core.environment:checking '/home/om/ur5_gazebo/install/robot_controller/lib'
[19.868s] Level 1:colcon.colcon_core.environment:checking '/home/om/ur5_gazebo/install/robot_controller/bin'
[19.868s] Level 1:colcon.colcon_core.environment:checking '/home/om/ur5_gazebo/install/robot_controller/lib/pkgconfig/robot_controller.pc'
[19.868s] Level 1:colcon.colcon_core.environment:checking '/home/om/ur5_gazebo/install/robot_controller/lib/python3.10/site-packages'
[19.869s] Level 1:colcon.colcon_core.environment:checking '/home/om/ur5_gazebo/install/robot_controller/bin'
[19.869s] INFO:colcon.colcon_core.shell:Creating package script '/home/om/ur5_gazebo/install/robot_controller/share/robot_controller/package.ps1'
[19.869s] INFO:colcon.colcon_core.shell:Creating package descriptor '/home/om/ur5_gazebo/install/robot_controller/share/robot_controller/package.dsv'
[19.870s] INFO:colcon.colcon_core.shell:Creating package script '/home/om/ur5_gazebo/install/robot_controller/share/robot_controller/package.sh'
[19.870s] INFO:colcon.colcon_core.shell:Creating package script '/home/om/ur5_gazebo/install/robot_controller/share/robot_controller/package.bash'
[19.871s] INFO:colcon.colcon_core.shell:Creating package script '/home/om/ur5_gazebo/install/robot_controller/share/robot_controller/package.zsh'
[19.871s] Level 1:colcon.colcon_core.environment:create_file_with_runtime_dependencies(/home/om/ur5_gazebo/install/robot_controller/share/colcon-core/packages/robot_controller)
[19.898s] Level 1:colcon.colcon_core.environment:create_environment_scripts_only(robot_controller)
[19.898s] Level 1:colcon.colcon_core.environment:checking '/home/om/ur5_gazebo/install/robot_controller' for CMake module files
[19.899s] Level 1:colcon.colcon_core.environment:checking '/home/om/ur5_gazebo/install/robot_controller' for CMake config files
[19.899s] Level 1:colcon.colcon_core.shell:create_environment_hook('robot_controller', 'cmake_prefix_path')
[19.899s] INFO:colcon.colcon_core.shell:Creating environment hook '/home/om/ur5_gazebo/install/robot_controller/share/robot_controller/hook/cmake_prefix_path.ps1'
[19.899s] INFO:colcon.colcon_core.shell:Creating environment descriptor '/home/om/ur5_gazebo/install/robot_controller/share/robot_controller/hook/cmake_prefix_path.dsv'
[19.900s] INFO:colcon.colcon_core.shell:Creating environment hook '/home/om/ur5_gazebo/install/robot_controller/share/robot_controller/hook/cmake_prefix_path.sh'
[19.900s] Level 1:colcon.colcon_core.environment:checking '/home/om/ur5_gazebo/install/robot_controller/lib'
[19.900s] Level 1:colcon.colcon_core.environment:checking '/home/om/ur5_gazebo/install/robot_controller/bin'
[19.900s] Level 1:colcon.colcon_core.environment:checking '/home/om/ur5_gazebo/install/robot_controller/lib/pkgconfig/robot_controller.pc'
[19.900s] Level 1:colcon.colcon_core.environment:checking '/home/om/ur5_gazebo/install/robot_controller/lib/python3.10/site-packages'
[19.901s] Level 1:colcon.colcon_core.environment:checking '/home/om/ur5_gazebo/install/robot_controller/bin'
[19.901s] INFO:colcon.colcon_core.shell:Creating package script '/home/om/ur5_gazebo/install/robot_controller/share/robot_controller/package.ps1'
[19.901s] INFO:colcon.colcon_core.shell:Creating package descriptor '/home/om/ur5_gazebo/install/robot_controller/share/robot_controller/package.dsv'
[19.902s] INFO:colcon.colcon_core.shell:Creating package script '/home/om/ur5_gazebo/install/robot_controller/share/robot_controller/package.sh'
[19.902s] INFO:colcon.colcon_core.shell:Creating package script '/home/om/ur5_gazebo/install/robot_controller/share/robot_controller/package.bash'
[19.903s] INFO:colcon.colcon_core.shell:Creating package script '/home/om/ur5_gazebo/install/robot_controller/share/robot_controller/package.zsh'
[19.903s] Level 1:colcon.colcon_core.environment:create_file_with_runtime_dependencies(/home/om/ur5_gazebo/install/robot_controller/share/colcon-core/packages/robot_controller)
[21.458s] DEBUG:colcon.colcon_core.event_handler.log_command:Invoked command in '/home/om/ur5_gazebo/build/trac_ik_kinematics_plugin' returned '0': CMAKE_PREFIX_PATH=/home/om/ur5_gazebo/install/trac_ik_lib:/home/om/ur5_gazebo/install/ur_simulation_gazebo:/home/om/ur5_gazebo/install/ur_moveit_config:/home/om/ur5_gazebo/install/ur_description:/home/om/ur5_gazebo/install/trac_ik:/home/om/ur5_gazebo/install/trac_ik_kinematics_plugin:/home/om/ur5_gazebo/install/robot_controller:/opt/ros/humble LD_LIBRARY_PATH=/home/om/ur5_gazebo/install/trac_ik_lib/lib:/home/om/ur5_gazebo/install/trac_ik_kinematics_plugin/lib:/opt/ros/humble/opt/rviz_ogre_vendor/lib:/opt/ros/humble/lib/x86_64-linux-gnu:/opt/ros/humble/lib /usr/bin/cmake --build /home/om/ur5_gazebo/build/trac_ik_kinematics_plugin -- -j8 -l8
[21.483s] DEBUG:colcon.colcon_core.event_handler.log_command:Invoking command in '/home/om/ur5_gazebo/build/trac_ik_kinematics_plugin': CMAKE_PREFIX_PATH=/home/om/ur5_gazebo/install/trac_ik_lib:/home/om/ur5_gazebo/install/ur_simulation_gazebo:/home/om/ur5_gazebo/install/ur_moveit_config:/home/om/ur5_gazebo/install/ur_description:/home/om/ur5_gazebo/install/trac_ik:/home/om/ur5_gazebo/install/trac_ik_kinematics_plugin:/home/om/ur5_gazebo/install/robot_controller:/opt/ros/humble LD_LIBRARY_PATH=/home/om/ur5_gazebo/install/trac_ik_lib/lib:/home/om/ur5_gazebo/install/trac_ik_kinematics_plugin/lib:/opt/ros/humble/opt/rviz_ogre_vendor/lib:/opt/ros/humble/lib/x86_64-linux-gnu:/opt/ros/humble/lib /usr/bin/cmake --install /home/om/ur5_gazebo/build/trac_ik_kinematics_plugin
[21.494s] Level 1:colcon.colcon_core.environment:create_environment_scripts_only(trac_ik_kinematics_plugin)
[21.494s] Level 1:colcon.colcon_core.environment:checking '/home/om/ur5_gazebo/install/trac_ik_kinematics_plugin' for CMake module files
[21.495s] DEBUG:colcon.colcon_core.event_handler.log_command:Invoked command in '/home/om/ur5_gazebo/build/trac_ik_kinematics_plugin' returned '0': CMAKE_PREFIX_PATH=/home/om/ur5_gazebo/install/trac_ik_lib:/home/om/ur5_gazebo/install/ur_simulation_gazebo:/home/om/ur5_gazebo/install/ur_moveit_config:/home/om/ur5_gazebo/install/ur_description:/home/om/ur5_gazebo/install/trac_ik:/home/om/ur5_gazebo/install/trac_ik_kinematics_plugin:/home/om/ur5_gazebo/install/robot_controller:/opt/ros/humble LD_LIBRARY_PATH=/home/om/ur5_gazebo/install/trac_ik_lib/lib:/home/om/ur5_gazebo/install/trac_ik_kinematics_plugin/lib:/opt/ros/humble/opt/rviz_ogre_vendor/lib:/opt/ros/humble/lib/x86_64-linux-gnu:/opt/ros/humble/lib /usr/bin/cmake --install /home/om/ur5_gazebo/build/trac_ik_kinematics_plugin
[21.495s] Level 1:colcon.colcon_core.environment:checking '/home/om/ur5_gazebo/install/trac_ik_kinematics_plugin' for CMake config files
[21.495s] Level 1:colcon.colcon_core.shell:create_environment_hook('trac_ik_kinematics_plugin', 'cmake_prefix_path')
[21.496s] INFO:colcon.colcon_core.shell:Creating environment hook '/home/om/ur5_gazebo/install/trac_ik_kinematics_plugin/share/trac_ik_kinematics_plugin/hook/cmake_prefix_path.ps1'
[21.496s] INFO:colcon.colcon_core.shell:Creating environment descriptor '/home/om/ur5_gazebo/install/trac_ik_kinematics_plugin/share/trac_ik_kinematics_plugin/hook/cmake_prefix_path.dsv'
[21.496s] INFO:colcon.colcon_core.shell:Creating environment hook '/home/om/ur5_gazebo/install/trac_ik_kinematics_plugin/share/trac_ik_kinematics_plugin/hook/cmake_prefix_path.sh'
[21.496s] Level 1:colcon.colcon_core.environment:checking '/home/om/ur5_gazebo/install/trac_ik_kinematics_plugin/lib'
[21.496s] Level 1:colcon.colcon_core.shell:create_environment_hook('trac_ik_kinematics_plugin', 'ld_library_path_lib')
[21.497s] INFO:colcon.colcon_core.shell:Creating environment hook '/home/om/ur5_gazebo/install/trac_ik_kinematics_plugin/share/trac_ik_kinematics_plugin/hook/ld_library_path_lib.ps1'
[21.497s] INFO:colcon.colcon_core.shell:Creating environment descriptor '/home/om/ur5_gazebo/install/trac_ik_kinematics_plugin/share/trac_ik_kinematics_plugin/hook/ld_library_path_lib.dsv'
[21.497s] INFO:colcon.colcon_core.shell:Creating environment hook '/home/om/ur5_gazebo/install/trac_ik_kinematics_plugin/share/trac_ik_kinematics_plugin/hook/ld_library_path_lib.sh'
[21.497s] Level 1:colcon.colcon_core.environment:checking '/home/om/ur5_gazebo/install/trac_ik_kinematics_plugin/bin'
[21.497s] Level 1:colcon.colcon_core.environment:checking '/home/om/ur5_gazebo/install/trac_ik_kinematics_plugin/lib/pkgconfig/trac_ik_kinematics_plugin.pc'
[21.497s] Level 1:colcon.colcon_core.environment:checking '/home/om/ur5_gazebo/install/trac_ik_kinematics_plugin/lib/python3.10/site-packages'
[21.498s] Level 1:colcon.colcon_core.environment:checking '/home/om/ur5_gazebo/install/trac_ik_kinematics_plugin/bin'
[21.498s] INFO:colcon.colcon_core.shell:Creating package script '/home/om/ur5_gazebo/install/trac_ik_kinematics_plugin/share/trac_ik_kinematics_plugin/package.ps1'
[21.498s] INFO:colcon.colcon_core.shell:Creating package descriptor '/home/om/ur5_gazebo/install/trac_ik_kinematics_plugin/share/trac_ik_kinematics_plugin/package.dsv'
[21.498s] INFO:colcon.colcon_core.shell:Creating package script '/home/om/ur5_gazebo/install/trac_ik_kinematics_plugin/share/trac_ik_kinematics_plugin/package.sh'
[21.499s] INFO:colcon.colcon_core.shell:Creating package script '/home/om/ur5_gazebo/install/trac_ik_kinematics_plugin/share/trac_ik_kinematics_plugin/package.bash'
[21.499s] INFO:colcon.colcon_core.shell:Creating package script '/home/om/ur5_gazebo/install/trac_ik_kinematics_plugin/share/trac_ik_kinematics_plugin/package.zsh'
[21.499s] Level 1:colcon.colcon_core.environment:create_file_with_runtime_dependencies(/home/om/ur5_gazebo/install/trac_ik_kinematics_plugin/share/colcon-core/packages/trac_ik_kinematics_plugin)
[21.523s] Level 1:colcon.colcon_core.environment:create_environment_scripts_only(trac_ik_kinematics_plugin)
[21.523s] Level 1:colcon.colcon_core.environment:checking '/home/om/ur5_gazebo/install/trac_ik_kinematics_plugin' for CMake module files
[21.524s] Level 1:colcon.colcon_core.environment:checking '/home/om/ur5_gazebo/install/trac_ik_kinematics_plugin' for CMake config files
[21.524s] Level 1:colcon.colcon_core.shell:create_environment_hook('trac_ik_kinematics_plugin', 'cmake_prefix_path')
[21.524s] INFO:colcon.colcon_core.shell:Creating environment hook '/home/om/ur5_gazebo/install/trac_ik_kinematics_plugin/share/trac_ik_kinematics_plugin/hook/cmake_prefix_path.ps1'
[21.525s] INFO:colcon.colcon_core.shell:Creating environment descriptor '/home/om/ur5_gazebo/install/trac_ik_kinematics_plugin/share/trac_ik_kinematics_plugin/hook/cmake_prefix_path.dsv'
[21.525s] INFO:colcon.colcon_core.shell:Creating environment hook '/home/om/ur5_gazebo/install/trac_ik_kinematics_plugin/share/trac_ik_kinematics_plugin/hook/cmake_prefix_path.sh'
[21.525s] Level 1:colcon.colcon_core.environment:checking '/home/om/ur5_gazebo/install/trac_ik_kinematics_plugin/lib'
[21.525s] Level 1:colcon.colcon_core.shell:create_environment_hook('trac_ik_kinematics_plugin', 'ld_library_path_lib')
[21.526s] INFO:colcon.colcon_core.shell:Creating environment hook '/home/om/ur5_gazebo/install/trac_ik_kinematics_plugin/share/trac_ik_kinematics_plugin/hook/ld_library_path_lib.ps1'
[21.526s] INFO:colcon.colcon_core.shell:Creating environment descriptor '/home/om/ur5_gazebo/install/trac_ik_kinematics_plugin/share/trac_ik_kinematics_plugin/hook/ld_library_path_lib.dsv'
[21.526s] INFO:colcon.colcon_core.shell:Creating environment hook '/home/om/ur5_gazebo/install/trac_ik_kinematics_plugin/share/trac_ik_kinematics_plugin/hook/ld_library_path_lib.sh'
[21.526s] Level 1:colcon.colcon_core.environment:checking '/home/om/ur5_gazebo/install/trac_ik_kinematics_plugin/bin'
[21.526s] Level 1:colcon.colcon_core.environment:checking '/home/om/ur5_gazebo/install/trac_ik_kinematics_plugin/lib/pkgconfig/trac_ik_kinematics_plugin.pc'
[21.526s] Level 1:colcon.colcon_core.environment:checking '/home/om/ur5_gazebo/install/trac_ik_kinematics_plugin/lib/python3.10/site-packages'
[21.527s] Level 1:colcon.colcon_core.environment:checking '/home/om/ur5_gazebo/install/trac_ik_kinematics_plugin/bin'
[21.527s] INFO:colcon.colcon_core.shell:Creating package script '/home/om/ur5_gazebo/install/trac_ik_kinematics_plugin/share/trac_ik_kinematics_plugin/package.ps1'
[21.527s] INFO:colcon.colcon_core.shell:Creating package descriptor '/home/om/ur5_gazebo/install/trac_ik_kinematics_plugin/share/trac_ik_kinematics_plugin/package.dsv'
[21.528s] INFO:colcon.colcon_core.shell:Creating package script '/home/om/ur5_gazebo/install/trac_ik_kinematics_plugin/share/trac_ik_kinematics_plugin/package.sh'
[21.528s] INFO:colcon.colcon_core.shell:Creating package script '/home/om/ur5_gazebo/install/trac_ik_kinematics_plugin/share/trac_ik_kinematics_plugin/package.bash'
[21.528s] INFO:colcon.colcon_core.shell:Creating package script '/home/om/ur5_gazebo/install/trac_ik_kinematics_plugin/share/trac_ik_kinematics_plugin/package.zsh'
[21.528s] Level 1:colcon.colcon_core.environment:create_file_with_runtime_dependencies(/home/om/ur5_gazebo/install/trac_ik_kinematics_plugin/share/colcon-core/packages/trac_ik_kinematics_plugin)
[21.529s] INFO:colcon.colcon_ros.task.ament_cmake.build:Building ROS package in '/home/om/ur5_gazebo/src/ur_moveit_config' with build type 'ament_cmake'
[21.529s] INFO:colcon.colcon_cmake.task.cmake.build:Building CMake package in '/home/om/ur5_gazebo/src/ur_moveit_config'
[21.529s] INFO:colcon.colcon_core.shell:Skip shell extension 'powershell' for command environment: Not usable outside of PowerShell
[21.529s] DEBUG:colcon.colcon_core.shell:Skip shell extension 'dsv' for command environment
[21.532s] INFO:colcon.colcon_ros.task.ament_cmake.build:Building ROS package in '/home/om/ur5_gazebo/src/trac_ik/trac_ik' with build type 'ament_cmake'
[21.532s] INFO:colcon.colcon_cmake.task.cmake.build:Building CMake package in '/home/om/ur5_gazebo/src/trac_ik/trac_ik'
[21.532s] INFO:colcon.colcon_core.shell:Skip shell extension 'powershell' for command environment: Not usable outside of PowerShell
[21.533s] DEBUG:colcon.colcon_core.shell:Skip shell extension 'dsv' for command environment
[21.542s] DEBUG:colcon.colcon_core.event_handler.log_command:Invoking command in '/home/om/ur5_gazebo/build/ur_moveit_config': CMAKE_PREFIX_PATH=/home/om/ur5_gazebo/install/trac_ik_kinematics_plugin:/home/om/ur5_gazebo/install/ur_description:/home/om/ur5_gazebo/install/trac_ik_lib:/home/om/ur5_gazebo/install/ur_simulation_gazebo:/home/om/ur5_gazebo/install/ur_moveit_config:/home/om/ur5_gazebo/install/trac_ik:/home/om/ur5_gazebo/install/robot_controller:/opt/ros/humble /usr/bin/cmake /home/om/ur5_gazebo/src/ur_moveit_config -DCMAKE_INSTALL_PREFIX=/home/om/ur5_gazebo/install/ur_moveit_config
[21.544s] DEBUG:colcon.colcon_core.event_handler.log_command:Invoking command in '/home/om/ur5_gazebo/build/trac_ik': CMAKE_PREFIX_PATH=/home/om/ur5_gazebo/install/trac_ik_kinematics_plugin:/home/om/ur5_gazebo/install/trac_ik_lib:/home/om/ur5_gazebo/install/ur_simulation_gazebo:/home/om/ur5_gazebo/install/ur_moveit_config:/home/om/ur5_gazebo/install/ur_description:/home/om/ur5_gazebo/install/trac_ik:/home/om/ur5_gazebo/install/robot_controller:/opt/ros/humble /usr/bin/cmake /home/om/ur5_gazebo/src/trac_ik/trac_ik -DCMAKE_INSTALL_PREFIX=/home/om/ur5_gazebo/install/trac_ik
[22.088s] DEBUG:colcon.colcon_core.event_handler.log_command:Invoked command in '/home/om/ur5_gazebo/build/trac_ik' returned '0': CMAKE_PREFIX_PATH=/home/om/ur5_gazebo/install/trac_ik_kinematics_plugin:/home/om/ur5_gazebo/install/trac_ik_lib:/home/om/ur5_gazebo/install/ur_simulation_gazebo:/home/om/ur5_gazebo/install/ur_moveit_config:/home/om/ur5_gazebo/install/ur_description:/home/om/ur5_gazebo/install/trac_ik:/home/om/ur5_gazebo/install/robot_controller:/opt/ros/humble /usr/bin/cmake /home/om/ur5_gazebo/src/trac_ik/trac_ik -DCMAKE_INSTALL_PREFIX=/home/om/ur5_gazebo/install/trac_ik
[22.089s] DEBUG:colcon.colcon_core.event_handler.log_command:Invoking command in '/home/om/ur5_gazebo/build/trac_ik': CMAKE_PREFIX_PATH=/home/om/ur5_gazebo/install/trac_ik_kinematics_plugin:/home/om/ur5_gazebo/install/trac_ik_lib:/home/om/ur5_gazebo/install/ur_simulation_gazebo:/home/om/ur5_gazebo/install/ur_moveit_config:/home/om/ur5_gazebo/install/ur_description:/home/om/ur5_gazebo/install/trac_ik:/home/om/ur5_gazebo/install/robot_controller:/opt/ros/humble /usr/bin/cmake --build /home/om/ur5_gazebo/build/trac_ik -- -j8 -l8
[22.090s] DEBUG:colcon.colcon_core.event_handler.log_command:Invoked command in '/home/om/ur5_gazebo/build/ur_moveit_config' returned '0': CMAKE_PREFIX_PATH=/home/om/ur5_gazebo/install/trac_ik_kinematics_plugin:/home/om/ur5_gazebo/install/ur_description:/home/om/ur5_gazebo/install/trac_ik_lib:/home/om/ur5_gazebo/install/ur_simulation_gazebo:/home/om/ur5_gazebo/install/ur_moveit_config:/home/om/ur5_gazebo/install/trac_ik:/home/om/ur5_gazebo/install/robot_controller:/opt/ros/humble /usr/bin/cmake /home/om/ur5_gazebo/src/ur_moveit_config -DCMAKE_INSTALL_PREFIX=/home/om/ur5_gazebo/install/ur_moveit_config
[22.091s] DEBUG:colcon.colcon_core.event_handler.log_command:Invoking command in '/home/om/ur5_gazebo/build/ur_moveit_config': CMAKE_PREFIX_PATH=/home/om/ur5_gazebo/install/trac_ik_kinematics_plugin:/home/om/ur5_gazebo/install/ur_description:/home/om/ur5_gazebo/install/trac_ik_lib:/home/om/ur5_gazebo/install/ur_simulation_gazebo:/home/om/ur5_gazebo/install/ur_moveit_config:/home/om/ur5_gazebo/install/trac_ik:/home/om/ur5_gazebo/install/robot_controller:/opt/ros/humble /usr/bin/cmake --build /home/om/ur5_gazebo/build/ur_moveit_config -- -j8 -l8
[22.121s] DEBUG:colcon.colcon_core.event_handler.log_command:Invoked command in '/home/om/ur5_gazebo/build/trac_ik' returned '0': CMAKE_PREFIX_PATH=/home/om/ur5_gazebo/install/trac_ik_kinematics_plugin:/home/om/ur5_gazebo/install/trac_ik_lib:/home/om/ur5_gazebo/install/ur_simulation_gazebo:/home/om/ur5_gazebo/install/ur_moveit_config:/home/om/ur5_gazebo/install/ur_description:/home/om/ur5_gazebo/install/trac_ik:/home/om/ur5_gazebo/install/robot_controller:/opt/ros/humble /usr/bin/cmake --build /home/om/ur5_gazebo/build/trac_ik -- -j8 -l8
[22.124s] DEBUG:colcon.colcon_core.event_handler.log_command:Invoked command in '/home/om/ur5_gazebo/build/ur_moveit_config' returned '0': CMAKE_PREFIX_PATH=/home/om/ur5_gazebo/install/trac_ik_kinematics_plugin:/home/om/ur5_gazebo/install/ur_description:/home/om/ur5_gazebo/install/trac_ik_lib:/home/om/ur5_gazebo/install/ur_simulation_gazebo:/home/om/ur5_gazebo/install/ur_moveit_config:/home/om/ur5_gazebo/install/trac_ik:/home/om/ur5_gazebo/install/robot_controller:/opt/ros/humble /usr/bin/cmake --build /home/om/ur5_gazebo/build/ur_moveit_config -- -j8 -l8
[22.142s] DEBUG:colcon.colcon_core.event_handler.log_command:Invoking command in '/home/om/ur5_gazebo/build/trac_ik': CMAKE_PREFIX_PATH=/home/om/ur5_gazebo/install/trac_ik_kinematics_plugin:/home/om/ur5_gazebo/install/trac_ik_lib:/home/om/ur5_gazebo/install/ur_simulation_gazebo:/home/om/ur5_gazebo/install/ur_moveit_config:/home/om/ur5_gazebo/install/ur_description:/home/om/ur5_gazebo/install/trac_ik:/home/om/ur5_gazebo/install/robot_controller:/opt/ros/humble /usr/bin/cmake --install /home/om/ur5_gazebo/build/trac_ik
[22.144s] DEBUG:colcon.colcon_core.event_handler.log_command:Invoking command in '/home/om/ur5_gazebo/build/ur_moveit_config': CMAKE_PREFIX_PATH=/home/om/ur5_gazebo/install/trac_ik_kinematics_plugin:/home/om/ur5_gazebo/install/ur_description:/home/om/ur5_gazebo/install/trac_ik_lib:/home/om/ur5_gazebo/install/ur_simulation_gazebo:/home/om/ur5_gazebo/install/ur_moveit_config:/home/om/ur5_gazebo/install/trac_ik:/home/om/ur5_gazebo/install/robot_controller:/opt/ros/humble /usr/bin/cmake --install /home/om/ur5_gazebo/build/ur_moveit_config
[22.150s] Level 1:colcon.colcon_core.environment:create_environment_scripts_only(trac_ik)
[22.151s] Level 1:colcon.colcon_core.environment:checking '/home/om/ur5_gazebo/install/trac_ik' for CMake module files
[22.152s] DEBUG:colcon.colcon_core.event_handler.log_command:Invoked command in '/home/om/ur5_gazebo/build/trac_ik' returned '0': CMAKE_PREFIX_PATH=/home/om/ur5_gazebo/install/trac_ik_kinematics_plugin:/home/om/ur5_gazebo/install/trac_ik_lib:/home/om/ur5_gazebo/install/ur_simulation_gazebo:/home/om/ur5_gazebo/install/ur_moveit_config:/home/om/ur5_gazebo/install/ur_description:/home/om/ur5_gazebo/install/trac_ik:/home/om/ur5_gazebo/install/robot_controller:/opt/ros/humble /usr/bin/cmake --install /home/om/ur5_gazebo/build/trac_ik
[22.153s] Level 1:colcon.colcon_core.environment:checking '/home/om/ur5_gazebo/install/trac_ik' for CMake config files
[22.153s] Level 1:colcon.colcon_core.shell:create_environment_hook('trac_ik', 'cmake_prefix_path')
[22.153s] INFO:colcon.colcon_core.shell:Creating environment hook '/home/om/ur5_gazebo/install/trac_ik/share/trac_ik/hook/cmake_prefix_path.ps1'
[22.153s] INFO:colcon.colcon_core.shell:Creating environment descriptor '/home/om/ur5_gazebo/install/trac_ik/share/trac_ik/hook/cmake_prefix_path.dsv'
[22.153s] INFO:colcon.colcon_core.shell:Creating environment hook '/home/om/ur5_gazebo/install/trac_ik/share/trac_ik/hook/cmake_prefix_path.sh'
[22.154s] Level 1:colcon.colcon_core.environment:checking '/home/om/ur5_gazebo/install/trac_ik/bin'
[22.154s] Level 1:colcon.colcon_core.environment:checking '/home/om/ur5_gazebo/install/trac_ik/lib/pkgconfig/trac_ik.pc'
[22.154s] Level 1:colcon.colcon_core.environment:checking '/home/om/ur5_gazebo/install/trac_ik/lib/python3.10/site-packages'
[22.154s] Level 1:colcon.colcon_core.environment:checking '/home/om/ur5_gazebo/install/trac_ik/bin'
[22.154s] INFO:colcon.colcon_core.shell:Creating package script '/home/om/ur5_gazebo/install/trac_ik/share/trac_ik/package.ps1'
[22.155s] INFO:colcon.colcon_core.shell:Creating package descriptor '/home/om/ur5_gazebo/install/trac_ik/share/trac_ik/package.dsv'
[22.155s] INFO:colcon.colcon_core.shell:Creating package script '/home/om/ur5_gazebo/install/trac_ik/share/trac_ik/package.sh'
[22.155s] INFO:colcon.colcon_core.shell:Creating package script '/home/om/ur5_gazebo/install/trac_ik/share/trac_ik/package.bash'
[22.155s] INFO:colcon.colcon_core.shell:Creating package script '/home/om/ur5_gazebo/install/trac_ik/share/trac_ik/package.zsh'
[22.156s] Level 1:colcon.colcon_core.environment:create_file_with_runtime_dependencies(/home/om/ur5_gazebo/install/trac_ik/share/colcon-core/packages/trac_ik)
[22.157s] Level 1:colcon.colcon_core.environment:create_environment_scripts_only(ur_moveit_config)
[22.157s] Level 1:colcon.colcon_core.environment:checking '/home/om/ur5_gazebo/install/ur_moveit_config' for CMake module files
[22.158s] DEBUG:colcon.colcon_core.event_handler.log_command:Invoked command in '/home/om/ur5_gazebo/build/ur_moveit_config' returned '0': CMAKE_PREFIX_PATH=/home/om/ur5_gazebo/install/trac_ik_kinematics_plugin:/home/om/ur5_gazebo/install/ur_description:/home/om/ur5_gazebo/install/trac_ik_lib:/home/om/ur5_gazebo/install/ur_simulation_gazebo:/home/om/ur5_gazebo/install/ur_moveit_config:/home/om/ur5_gazebo/install/trac_ik:/home/om/ur5_gazebo/install/robot_controller:/opt/ros/humble /usr/bin/cmake --install /home/om/ur5_gazebo/build/ur_moveit_config
[22.158s] Level 1:colcon.colcon_core.environment:checking '/home/om/ur5_gazebo/install/ur_moveit_config' for CMake config files
[22.159s] Level 1:colcon.colcon_core.shell:create_environment_hook('ur_moveit_config', 'cmake_prefix_path')
[22.159s] INFO:colcon.colcon_core.shell:Creating environment hook '/home/om/ur5_gazebo/install/ur_moveit_config/share/ur_moveit_config/hook/cmake_prefix_path.ps1'
[22.159s] INFO:colcon.colcon_core.shell:Creating environment descriptor '/home/om/ur5_gazebo/install/ur_moveit_config/share/ur_moveit_config/hook/cmake_prefix_path.dsv'
[22.159s] INFO:colcon.colcon_core.shell:Creating environment hook '/home/om/ur5_gazebo/install/ur_moveit_config/share/ur_moveit_config/hook/cmake_prefix_path.sh'
[22.160s] Level 1:colcon.colcon_core.environment:checking '/home/om/ur5_gazebo/install/ur_moveit_config/bin'
[22.160s] Level 1:colcon.colcon_core.environment:checking '/home/om/ur5_gazebo/install/ur_moveit_config/lib/pkgconfig/ur_moveit_config.pc'
[22.160s] Level 1:colcon.colcon_core.environment:checking '/home/om/ur5_gazebo/install/ur_moveit_config/lib/python3.10/site-packages'
[22.160s] Level 1:colcon.colcon_core.environment:checking '/home/om/ur5_gazebo/install/ur_moveit_config/bin'
[22.160s] INFO:colcon.colcon_core.shell:Creating package script '/home/om/ur5_gazebo/install/ur_moveit_config/share/ur_moveit_config/package.ps1'
[22.161s] INFO:colcon.colcon_core.shell:Creating package descriptor '/home/om/ur5_gazebo/install/ur_moveit_config/share/ur_moveit_config/package.dsv'
[22.161s] INFO:colcon.colcon_core.shell:Creating package script '/home/om/ur5_gazebo/install/ur_moveit_config/share/ur_moveit_config/package.sh'
[22.161s] INFO:colcon.colcon_core.shell:Creating package script '/home/om/ur5_gazebo/install/ur_moveit_config/share/ur_moveit_config/package.bash'
[22.161s] INFO:colcon.colcon_core.shell:Creating package script '/home/om/ur5_gazebo/install/ur_moveit_config/share/ur_moveit_config/package.zsh'
[22.161s] Level 1:colcon.colcon_core.environment:create_file_with_runtime_dependencies(/home/om/ur5_gazebo/install/ur_moveit_config/share/colcon-core/packages/ur_moveit_config)
[22.176s] Level 1:colcon.colcon_core.environment:create_environment_scripts_only(trac_ik)
[22.176s] Level 1:colcon.colcon_core.environment:checking '/home/om/ur5_gazebo/install/trac_ik' for CMake module files
[22.176s] Level 1:colcon.colcon_core.environment:checking '/home/om/ur5_gazebo/install/trac_ik' for CMake config files
[22.176s] Level 1:colcon.colcon_core.shell:create_environment_hook('trac_ik', 'cmake_prefix_path')
[22.176s] INFO:colcon.colcon_core.shell:Creating environment hook '/home/om/ur5_gazebo/install/trac_ik/share/trac_ik/hook/cmake_prefix_path.ps1'
[22.177s] INFO:colcon.colcon_core.shell:Creating environment descriptor '/home/om/ur5_gazebo/install/trac_ik/share/trac_ik/hook/cmake_prefix_path.dsv'
[22.177s] INFO:colcon.colcon_core.shell:Creating environment hook '/home/om/ur5_gazebo/install/trac_ik/share/trac_ik/hook/cmake_prefix_path.sh'
[22.177s] Level 1:colcon.colcon_core.environment:checking '/home/om/ur5_gazebo/install/trac_ik/bin'
[22.177s] Level 1:colcon.colcon_core.environment:checking '/home/om/ur5_gazebo/install/trac_ik/lib/pkgconfig/trac_ik.pc'
[22.177s] Level 1:colcon.colcon_core.environment:checking '/home/om/ur5_gazebo/install/trac_ik/lib/python3.10/site-packages'
[22.178s] Level 1:colcon.colcon_core.environment:checking '/home/om/ur5_gazebo/install/trac_ik/bin'
[22.178s] INFO:colcon.colcon_core.shell:Creating package script '/home/om/ur5_gazebo/install/trac_ik/share/trac_ik/package.ps1'
[22.178s] INFO:colcon.colcon_core.shell:Creating package descriptor '/home/om/ur5_gazebo/install/trac_ik/share/trac_ik/package.dsv'
[22.179s] INFO:colcon.colcon_core.shell:Creating package script '/home/om/ur5_gazebo/install/trac_ik/share/trac_ik/package.sh'
[22.179s] INFO:colcon.colcon_core.shell:Creating package script '/home/om/ur5_gazebo/install/trac_ik/share/trac_ik/package.bash'
[22.179s] INFO:colcon.colcon_core.shell:Creating package script '/home/om/ur5_gazebo/install/trac_ik/share/trac_ik/package.zsh'
[22.179s] Level 1:colcon.colcon_core.environment:create_file_with_runtime_dependencies(/home/om/ur5_gazebo/install/trac_ik/share/colcon-core/packages/trac_ik)
[22.180s] Level 1:colcon.colcon_core.environment:create_environment_scripts_only(ur_moveit_config)
[22.180s] Level 1:colcon.colcon_core.environment:checking '/home/om/ur5_gazebo/install/ur_moveit_config' for CMake module files
[22.181s] Level 1:colcon.colcon_core.environment:checking '/home/om/ur5_gazebo/install/ur_moveit_config' for CMake config files
[22.181s] Level 1:colcon.colcon_core.shell:create_environment_hook('ur_moveit_config', 'cmake_prefix_path')
[22.181s] INFO:colcon.colcon_core.shell:Creating environment hook '/home/om/ur5_gazebo/install/ur_moveit_config/share/ur_moveit_config/hook/cmake_prefix_path.ps1'
[22.181s] INFO:colcon.colcon_core.shell:Creating environment descriptor '/home/om/ur5_gazebo/install/ur_moveit_config/share/ur_moveit_config/hook/cmake_prefix_path.dsv'
[22.182s] INFO:colcon.colcon_core.shell:Creating environment hook '/home/om/ur5_gazebo/install/ur_moveit_config/share/ur_moveit_config/hook/cmake_prefix_path.sh'
[22.182s] Level 1:colcon.colcon_core.environment:checking '/home/om/ur5_gazebo/install/ur_moveit_config/bin'
[22.182s] Level 1:colcon.colcon_core.environment:checking '/home/om/ur5_gazebo/install/ur_moveit_config/lib/pkgconfig/ur_moveit_config.pc'
[22.182s] Level 1:colcon.colcon_core.environment:checking '/home/om/ur5_gazebo/install/ur_moveit_config/lib/python3.10/site-packages'
[22.182s] Level 1:colcon.colcon_core.environment:checking '/home/om/ur5_gazebo/install/ur_moveit_config/bin'
[22.183s] INFO:colcon.colcon_core.shell:Creating package script '/home/om/ur5_gazebo/install/ur_moveit_config/share/ur_moveit_config/package.ps1'
[22.183s] INFO:colcon.colcon_core.shell:Creating package descriptor '/home/om/ur5_gazebo/install/ur_moveit_config/share/ur_moveit_config/package.dsv'
[22.183s] INFO:colcon.colcon_core.shell:Creating package script '/home/om/ur5_gazebo/install/ur_moveit_config/share/ur_moveit_config/package.sh'
[22.183s] INFO:colcon.colcon_core.shell:Creating package script '/home/om/ur5_gazebo/install/ur_moveit_config/share/ur_moveit_config/package.bash'
[22.184s] INFO:colcon.colcon_core.shell:Creating package script '/home/om/ur5_gazebo/install/ur_moveit_config/share/ur_moveit_config/package.zsh'
[22.184s] Level 1:colcon.colcon_core.environment:create_file_with_runtime_dependencies(/home/om/ur5_gazebo/install/ur_moveit_config/share/colcon-core/packages/ur_moveit_config)
[22.184s] INFO:colcon.colcon_ros.task.ament_cmake.build:Building ROS package in '/home/om/ur5_gazebo/src/Universal_Robots_ROS2_Gazebo_Simulation/ur_simulation_gazebo' with build type 'ament_cmake'
[22.184s] INFO:colcon.colcon_cmake.task.cmake.build:Building CMake package in '/home/om/ur5_gazebo/src/Universal_Robots_ROS2_Gazebo_Simulation/ur_simulation_gazebo'
[22.184s] INFO:colcon.colcon_core.shell:Skip shell extension 'powershell' for command environment: Not usable outside of PowerShell
[22.184s] DEBUG:colcon.colcon_core.shell:Skip shell extension 'dsv' for command environment
[22.199s] DEBUG:colcon.colcon_core.event_handler.log_command:Invoking command in '/home/om/ur5_gazebo/build/ur_simulation_gazebo': CMAKE_PREFIX_PATH=/home/om/ur5_gazebo/install/ur_moveit_config:/home/om/ur5_gazebo/install/trac_ik_kinematics_plugin:/home/om/ur5_gazebo/install/ur_description:/home/om/ur5_gazebo/install/trac_ik_lib:/home/om/ur5_gazebo/install/ur_simulation_gazebo:/home/om/ur5_gazebo/install/trac_ik:/home/om/ur5_gazebo/install/robot_controller:/opt/ros/humble /usr/bin/cmake /home/om/ur5_gazebo/src/Universal_Robots_ROS2_Gazebo_Simulation/ur_simulation_gazebo -DCMAKE_INSTALL_PREFIX=/home/om/ur5_gazebo/install/ur_simulation_gazebo
[22.770s] DEBUG:colcon.colcon_core.event_handler.log_command:Invoked command in '/home/om/ur5_gazebo/build/ur_simulation_gazebo' returned '0': CMAKE_PREFIX_PATH=/home/om/ur5_gazebo/install/ur_moveit_config:/home/om/ur5_gazebo/install/trac_ik_kinematics_plugin:/home/om/ur5_gazebo/install/ur_description:/home/om/ur5_gazebo/install/trac_ik_lib:/home/om/ur5_gazebo/install/ur_simulation_gazebo:/home/om/ur5_gazebo/install/trac_ik:/home/om/ur5_gazebo/install/robot_controller:/opt/ros/humble /usr/bin/cmake /home/om/ur5_gazebo/src/Universal_Robots_ROS2_Gazebo_Simulation/ur_simulation_gazebo -DCMAKE_INSTALL_PREFIX=/home/om/ur5_gazebo/install/ur_simulation_gazebo
[22.772s] DEBUG:colcon.colcon_core.event_handler.log_command:Invoking command in '/home/om/ur5_gazebo/build/ur_simulation_gazebo': CMAKE_PREFIX_PATH=/home/om/ur5_gazebo/install/ur_moveit_config:/home/om/ur5_gazebo/install/trac_ik_kinematics_plugin:/home/om/ur5_gazebo/install/ur_description:/home/om/ur5_gazebo/install/trac_ik_lib:/home/om/ur5_gazebo/install/ur_simulation_gazebo:/home/om/ur5_gazebo/install/trac_ik:/home/om/ur5_gazebo/install/robot_controller:/opt/ros/humble /usr/bin/cmake --build /home/om/ur5_gazebo/build/ur_simulation_gazebo -- -j8 -l8
[22.807s] DEBUG:colcon.colcon_core.event_handler.log_command:Invoked command in '/home/om/ur5_gazebo/build/ur_simulation_gazebo' returned '0': CMAKE_PREFIX_PATH=/home/om/ur5_gazebo/install/ur_moveit_config:/home/om/ur5_gazebo/install/trac_ik_kinematics_plugin:/home/om/ur5_gazebo/install/ur_description:/home/om/ur5_gazebo/install/trac_ik_lib:/home/om/ur5_gazebo/install/ur_simulation_gazebo:/home/om/ur5_gazebo/install/trac_ik:/home/om/ur5_gazebo/install/robot_controller:/opt/ros/humble /usr/bin/cmake --build /home/om/ur5_gazebo/build/ur_simulation_gazebo -- -j8 -l8
[22.830s] DEBUG:colcon.colcon_core.event_handler.log_command:Invoking command in '/home/om/ur5_gazebo/build/ur_simulation_gazebo': CMAKE_PREFIX_PATH=/home/om/ur5_gazebo/install/ur_moveit_config:/home/om/ur5_gazebo/install/trac_ik_kinematics_plugin:/home/om/ur5_gazebo/install/ur_description:/home/om/ur5_gazebo/install/trac_ik_lib:/home/om/ur5_gazebo/install/ur_simulation_gazebo:/home/om/ur5_gazebo/install/trac_ik:/home/om/ur5_gazebo/install/robot_controller:/opt/ros/humble /usr/bin/cmake --install /home/om/ur5_gazebo/build/ur_simulation_gazebo
[22.842s] Level 1:colcon.colcon_core.environment:create_environment_scripts_only(ur_simulation_gazebo)
[22.842s] Level 1:colcon.colcon_core.environment:checking '/home/om/ur5_gazebo/install/ur_simulation_gazebo' for CMake module files
[22.843s] DEBUG:colcon.colcon_core.event_handler.log_command:Invoked command in '/home/om/ur5_gazebo/build/ur_simulation_gazebo' returned '0': CMAKE_PREFIX_PATH=/home/om/ur5_gazebo/install/ur_moveit_config:/home/om/ur5_gazebo/install/trac_ik_kinematics_plugin:/home/om/ur5_gazebo/install/ur_description:/home/om/ur5_gazebo/install/trac_ik_lib:/home/om/ur5_gazebo/install/ur_simulation_gazebo:/home/om/ur5_gazebo/install/trac_ik:/home/om/ur5_gazebo/install/robot_controller:/opt/ros/humble /usr/bin/cmake --install /home/om/ur5_gazebo/build/ur_simulation_gazebo
[22.843s] Level 1:colcon.colcon_core.environment:checking '/home/om/ur5_gazebo/install/ur_simulation_gazebo' for CMake config files
[22.844s] Level 1:colcon.colcon_core.shell:create_environment_hook('ur_simulation_gazebo', 'cmake_prefix_path')
[22.844s] INFO:colcon.colcon_core.shell:Creating environment hook '/home/om/ur5_gazebo/install/ur_simulation_gazebo/share/ur_simulation_gazebo/hook/cmake_prefix_path.ps1'
[22.844s] INFO:colcon.colcon_core.shell:Creating environment descriptor '/home/om/ur5_gazebo/install/ur_simulation_gazebo/share/ur_simulation_gazebo/hook/cmake_prefix_path.dsv'
[22.844s] INFO:colcon.colcon_core.shell:Creating environment hook '/home/om/ur5_gazebo/install/ur_simulation_gazebo/share/ur_simulation_gazebo/hook/cmake_prefix_path.sh'
[22.845s] Level 1:colcon.colcon_core.environment:checking '/home/om/ur5_gazebo/install/ur_simulation_gazebo/bin'
[22.845s] Level 1:colcon.colcon_core.environment:checking '/home/om/ur5_gazebo/install/ur_simulation_gazebo/lib/pkgconfig/ur_simulation_gazebo.pc'
[22.845s] Level 1:colcon.colcon_core.environment:checking '/home/om/ur5_gazebo/install/ur_simulation_gazebo/lib/python3.10/site-packages'
[22.845s] Level 1:colcon.colcon_core.environment:checking '/home/om/ur5_gazebo/install/ur_simulation_gazebo/bin'
[22.845s] INFO:colcon.colcon_core.shell:Creating package script '/home/om/ur5_gazebo/install/ur_simulation_gazebo/share/ur_simulation_gazebo/package.ps1'
[22.846s] INFO:colcon.colcon_core.shell:Creating package descriptor '/home/om/ur5_gazebo/install/ur_simulation_gazebo/share/ur_simulation_gazebo/package.dsv'
[22.846s] INFO:colcon.colcon_core.shell:Creating package script '/home/om/ur5_gazebo/install/ur_simulation_gazebo/share/ur_simulation_gazebo/package.sh'
[22.846s] INFO:colcon.colcon_core.shell:Creating package script '/home/om/ur5_gazebo/install/ur_simulation_gazebo/share/ur_simulation_gazebo/package.bash'
[22.846s] INFO:colcon.colcon_core.shell:Creating package script '/home/om/ur5_gazebo/install/ur_simulation_gazebo/share/ur_simulation_gazebo/package.zsh'
[22.846s] Level 1:colcon.colcon_core.environment:create_file_with_runtime_dependencies(/home/om/ur5_gazebo/install/ur_simulation_gazebo/share/colcon-core/packages/ur_simulation_gazebo)
[22.866s] Level 1:colcon.colcon_core.environment:create_environment_scripts_only(ur_simulation_gazebo)
[22.866s] Level 1:colcon.colcon_core.environment:checking '/home/om/ur5_gazebo/install/ur_simulation_gazebo' for CMake module files
[22.866s] Level 1:colcon.colcon_core.environment:checking '/home/om/ur5_gazebo/install/ur_simulation_gazebo' for CMake config files
[22.867s] Level 1:colcon.colcon_core.shell:create_environment_hook('ur_simulation_gazebo', 'cmake_prefix_path')
[22.867s] INFO:colcon.colcon_core.shell:Creating environment hook '/home/om/ur5_gazebo/install/ur_simulation_gazebo/share/ur_simulation_gazebo/hook/cmake_prefix_path.ps1'
[22.867s] INFO:colcon.colcon_core.shell:Creating environment descriptor '/home/om/ur5_gazebo/install/ur_simulation_gazebo/share/ur_simulation_gazebo/hook/cmake_prefix_path.dsv'
[22.868s] INFO:colcon.colcon_core.shell:Creating environment hook '/home/om/ur5_gazebo/install/ur_simulation_gazebo/share/ur_simulation_gazebo/hook/cmake_prefix_path.sh'
[22.868s] Level 1:colcon.colcon_core.environment:checking '/home/om/ur5_gazebo/install/ur_simulation_gazebo/bin'
[22.868s] Level 1:colcon.colcon_core.environment:checking '/home/om/ur5_gazebo/install/ur_simulation_gazebo/lib/pkgconfig/ur_simulation_gazebo.pc'
[22.868s] Level 1:colcon.colcon_core.environment:checking '/home/om/ur5_gazebo/install/ur_simulation_gazebo/lib/python3.10/site-packages'
[22.868s] Level 1:colcon.colcon_core.environment:checking '/home/om/ur5_gazebo/install/ur_simulation_gazebo/bin'
[22.869s] INFO:colcon.colcon_core.shell:Creating package script '/home/om/ur5_gazebo/install/ur_simulation_gazebo/share/ur_simulation_gazebo/package.ps1'
[22.869s] INFO:colcon.colcon_core.shell:Creating package descriptor '/home/om/ur5_gazebo/install/ur_simulation_gazebo/share/ur_simulation_gazebo/package.dsv'
[22.869s] INFO:colcon.colcon_core.shell:Creating package script '/home/om/ur5_gazebo/install/ur_simulation_gazebo/share/ur_simulation_gazebo/package.sh'
[22.870s] INFO:colcon.colcon_core.shell:Creating package script '/home/om/ur5_gazebo/install/ur_simulation_gazebo/share/ur_simulation_gazebo/package.bash'
[22.870s] INFO:colcon.colcon_core.shell:Creating package script '/home/om/ur5_gazebo/install/ur_simulation_gazebo/share/ur_simulation_gazebo/package.zsh'
[22.870s] Level 1:colcon.colcon_core.environment:create_file_with_runtime_dependencies(/home/om/ur5_gazebo/install/ur_simulation_gazebo/share/colcon-core/packages/ur_simulation_gazebo)
[22.870s] DEBUG:colcon.colcon_parallel_executor.executor.parallel:closing loop
[22.871s] DEBUG:colcon.colcon_parallel_executor.executor.parallel:loop closed
[22.871s] DEBUG:colcon.colcon_parallel_executor.executor.parallel:run_until_complete finished with '0'
[22.871s] DEBUG:colcon.colcon_core.event_reactor:joining thread
[22.877s] INFO:colcon.colcon_core.plugin_system:Skipping extension 'colcon_notification.desktop_notification.terminal_notifier': Not used on non-Darwin systems
[22.877s] INFO:colcon.colcon_core.plugin_system:Skipping extension 'colcon_notification.desktop_notification.win32': Not used on non-Windows systems
[22.877s] INFO:colcon.colcon_notification.desktop_notification:Sending desktop notification using 'notify2'
[22.888s] DEBUG:colcon.colcon_core.event_reactor:joined thread
[22.888s] INFO:colcon.colcon_core.shell:Creating prefix script '/home/om/ur5_gazebo/install/local_setup.ps1'
[22.889s] INFO:colcon.colcon_core.shell:Creating prefix util module '/home/om/ur5_gazebo/install/_local_setup_util_ps1.py'
[22.890s] INFO:colcon.colcon_core.shell:Creating prefix chain script '/home/om/ur5_gazebo/install/setup.ps1'
[22.891s] INFO:colcon.colcon_core.shell:Creating prefix script '/home/om/ur5_gazebo/install/local_setup.sh'
[22.892s] INFO:colcon.colcon_core.shell:Creating prefix util module '/home/om/ur5_gazebo/install/_local_setup_util_sh.py'
[22.892s] INFO:colcon.colcon_core.shell:Creating prefix chain script '/home/om/ur5_gazebo/install/setup.sh'
[22.893s] INFO:colcon.colcon_core.shell:Creating prefix script '/home/om/ur5_gazebo/install/local_setup.bash'
[22.893s] INFO:colcon.colcon_core.shell:Creating prefix chain script '/home/om/ur5_gazebo/install/setup.bash'
[22.894s] INFO:colcon.colcon_core.shell:Creating prefix script '/home/om/ur5_gazebo/install/local_setup.zsh'
[22.895s] INFO:colcon.colcon_core.shell:Creating prefix chain script '/home/om/ur5_gazebo/install/setup.zsh'
