[0.086s] DEBUG:colcon:Command line arguments: ['/usr/bin/colcon', 'build', '--allow-overriding', 'ur_description', 'ur_moveit_config']
[0.086s] DEBUG:colcon:Parsed command line arguments: Namespace(log_base=None, log_level=None, verb_name='build', build_base='build', install_base='install', merge_install=False, symlink_install=False, test_result_base=None, continue_on_error=False, executor='parallel', parallel_workers=12, event_handlers=None, ignore_user_meta=False, metas=['./colcon.meta'], base_paths=['.'], packages_ignore=None, packages_ignore_regex=None, paths=None, packages_up_to=None, packages_up_to_regex=None, packages_above=None, packages_above_and_dependencies=None, packages_above_depth=None, packages_select_by_dep=None, packages_skip_by_dep=None, packages_skip_up_to=None, packages_select_build_failed=False, packages_skip_build_finished=False, packages_select_test_failures=False, packages_skip_test_passed=False, packages_select=None, packages_skip=None, packages_select_regex=None, packages_skip_regex=None, packages_start=None, packages_end=None, allow_overriding=['ur_description', 'ur_moveit_config'], cmake_args=None, cmake_target=None, cmake_target_skip_unavailable=False, cmake_clean_cache=False, cmake_clean_first=False, cmake_force_configure=False, ament_cmake_args=None, catkin_cmake_args=None, catkin_skip_building_tests=False, verb_parser=<colcon_defaults.argument_parser.defaults.DefaultArgumentsDecorator object at 0x747ab8034c40>, verb_extension=<colcon_core.verb.build.BuildVerb object at 0x747ab81a2590>, main=<bound method BuildVerb.main of <colcon_core.verb.build.BuildVerb object at 0x747ab81a2590>>)
[0.234s] Level 1:colcon.colcon_core.package_discovery:discover_packages(colcon_meta) check parameters
[0.234s] Level 1:colcon.colcon_core.package_discovery:discover_packages(recursive) check parameters
[0.234s] Level 1:colcon.colcon_core.package_discovery:discover_packages(ignore) check parameters
[0.234s] Level 1:colcon.colcon_core.package_discovery:discover_packages(path) check parameters
[0.234s] Level 1:colcon.colcon_core.package_discovery:discover_packages(colcon_meta) discover
[0.234s] Level 1:colcon.colcon_core.package_discovery:discover_packages(recursive) discover
[0.234s] INFO:colcon.colcon_core.package_discovery:Crawling recursively for packages in '/home/om/gazebo_ur'
[0.234s] Level 1:colcon.colcon_core.package_identification:_identify(.) by extensions ['ignore', 'ignore_ament_install']
[0.234s] Level 1:colcon.colcon_core.package_identification:_identify(.) by extension 'ignore'
[0.234s] Level 1:colcon.colcon_core.package_identification:_identify(.) by extension 'ignore_ament_install'
[0.234s] Level 1:colcon.colcon_core.package_identification:_identify(.) by extensions ['colcon_pkg']
[0.234s] Level 1:colcon.colcon_core.package_identification:_identify(.) by extension 'colcon_pkg'
[0.234s] Level 1:colcon.colcon_core.package_identification:_identify(.) by extensions ['colcon_meta']
[0.234s] Level 1:colcon.colcon_core.package_identification:_identify(.) by extension 'colcon_meta'
[0.234s] Level 1:colcon.colcon_core.package_identification:_identify(.) by extensions ['ros']
[0.234s] Level 1:colcon.colcon_core.package_identification:_identify(.) by extension 'ros'
[0.244s] Level 1:colcon.colcon_core.package_identification:_identify(.) by extensions ['cmake', 'python']
[0.244s] Level 1:colcon.colcon_core.package_identification:_identify(.) by extension 'cmake'
[0.244s] Level 1:colcon.colcon_core.package_identification:_identify(.) by extension 'python'
[0.244s] Level 1:colcon.colcon_core.package_identification:_identify(.) by extensions ['python_setup_py']
[0.244s] Level 1:colcon.colcon_core.package_identification:_identify(.) by extension 'python_setup_py'
[0.244s] Level 1:colcon.colcon_core.package_identification:_identify(build) by extensions ['ignore', 'ignore_ament_install']
[0.244s] Level 1:colcon.colcon_core.package_identification:_identify(build) by extension 'ignore'
[0.244s] Level 1:colcon.colcon_core.package_identification:_identify(build) ignored
[0.244s] Level 1:colcon.colcon_core.package_identification:_identify(install) by extensions ['ignore', 'ignore_ament_install']
[0.244s] Level 1:colcon.colcon_core.package_identification:_identify(install) by extension 'ignore'
[0.244s] Level 1:colcon.colcon_core.package_identification:_identify(install) ignored
[0.244s] Level 1:colcon.colcon_core.package_identification:_identify(log) by extensions ['ignore', 'ignore_ament_install']
[0.245s] Level 1:colcon.colcon_core.package_identification:_identify(log) by extension 'ignore'
[0.245s] Level 1:colcon.colcon_core.package_identification:_identify(log) ignored
[0.245s] Level 1:colcon.colcon_core.package_identification:_identify(src) by extensions ['ignore', 'ignore_ament_install']
[0.245s] Level 1:colcon.colcon_core.package_identification:_identify(src) by extension 'ignore'
[0.245s] Level 1:colcon.colcon_core.package_identification:_identify(src) by extension 'ignore_ament_install'
[0.245s] Level 1:colcon.colcon_core.package_identification:_identify(src) by extensions ['colcon_pkg']
[0.245s] Level 1:colcon.colcon_core.package_identification:_identify(src) by extension 'colcon_pkg'
[0.245s] Level 1:colcon.colcon_core.package_identification:_identify(src) by extensions ['colcon_meta']
[0.245s] Level 1:colcon.colcon_core.package_identification:_identify(src) by extension 'colcon_meta'
[0.245s] Level 1:colcon.colcon_core.package_identification:_identify(src) by extensions ['ros']
[0.245s] Level 1:colcon.colcon_core.package_identification:_identify(src) by extension 'ros'
[0.245s] Level 1:colcon.colcon_core.package_identification:_identify(src) by extensions ['cmake', 'python']
[0.245s] Level 1:colcon.colcon_core.package_identification:_identify(src) by extension 'cmake'
[0.245s] Level 1:colcon.colcon_core.package_identification:_identify(src) by extension 'python'
[0.245s] Level 1:colcon.colcon_core.package_identification:_identify(src) by extensions ['python_setup_py']
[0.245s] Level 1:colcon.colcon_core.package_identification:_identify(src) by extension 'python_setup_py'
[0.245s] Level 1:colcon.colcon_core.package_identification:_identify(src/Universal_Robots_ROS2_Gazebo_Simulation) by extensions ['ignore', 'ignore_ament_install']
[0.245s] Level 1:colcon.colcon_core.package_identification:_identify(src/Universal_Robots_ROS2_Gazebo_Simulation) by extension 'ignore'
[0.245s] Level 1:colcon.colcon_core.package_identification:_identify(src/Universal_Robots_ROS2_Gazebo_Simulation) by extension 'ignore_ament_install'
[0.245s] Level 1:colcon.colcon_core.package_identification:_identify(src/Universal_Robots_ROS2_Gazebo_Simulation) by extensions ['colcon_pkg']
[0.245s] Level 1:colcon.colcon_core.package_identification:_identify(src/Universal_Robots_ROS2_Gazebo_Simulation) by extension 'colcon_pkg'
[0.246s] Level 1:colcon.colcon_core.package_identification:_identify(src/Universal_Robots_ROS2_Gazebo_Simulation) by extensions ['colcon_meta']
[0.246s] Level 1:colcon.colcon_core.package_identification:_identify(src/Universal_Robots_ROS2_Gazebo_Simulation) by extension 'colcon_meta'
[0.246s] Level 1:colcon.colcon_core.package_identification:_identify(src/Universal_Robots_ROS2_Gazebo_Simulation) by extensions ['ros']
[0.246s] Level 1:colcon.colcon_core.package_identification:_identify(src/Universal_Robots_ROS2_Gazebo_Simulation) by extension 'ros'
[0.246s] Level 1:colcon.colcon_core.package_identification:_identify(src/Universal_Robots_ROS2_Gazebo_Simulation) by extensions ['cmake', 'python']
[0.246s] Level 1:colcon.colcon_core.package_identification:_identify(src/Universal_Robots_ROS2_Gazebo_Simulation) by extension 'cmake'
[0.246s] Level 1:colcon.colcon_core.package_identification:_identify(src/Universal_Robots_ROS2_Gazebo_Simulation) by extension 'python'
[0.246s] Level 1:colcon.colcon_core.package_identification:_identify(src/Universal_Robots_ROS2_Gazebo_Simulation) by extensions ['python_setup_py']
[0.246s] Level 1:colcon.colcon_core.package_identification:_identify(src/Universal_Robots_ROS2_Gazebo_Simulation) by extension 'python_setup_py'
[0.246s] Level 1:colcon.colcon_core.package_identification:_identify(src/Universal_Robots_ROS2_Gazebo_Simulation/ur_simulation_gazebo) by extensions ['ignore', 'ignore_ament_install']
[0.246s] Level 1:colcon.colcon_core.package_identification:_identify(src/Universal_Robots_ROS2_Gazebo_Simulation/ur_simulation_gazebo) by extension 'ignore'
[0.246s] Level 1:colcon.colcon_core.package_identification:_identify(src/Universal_Robots_ROS2_Gazebo_Simulation/ur_simulation_gazebo) by extension 'ignore_ament_install'
[0.246s] Level 1:colcon.colcon_core.package_identification:_identify(src/Universal_Robots_ROS2_Gazebo_Simulation/ur_simulation_gazebo) by extensions ['colcon_pkg']
[0.246s] Level 1:colcon.colcon_core.package_identification:_identify(src/Universal_Robots_ROS2_Gazebo_Simulation/ur_simulation_gazebo) by extension 'colcon_pkg'
[0.246s] Level 1:colcon.colcon_core.package_identification:_identify(src/Universal_Robots_ROS2_Gazebo_Simulation/ur_simulation_gazebo) by extensions ['colcon_meta']
[0.246s] Level 1:colcon.colcon_core.package_identification:_identify(src/Universal_Robots_ROS2_Gazebo_Simulation/ur_simulation_gazebo) by extension 'colcon_meta'
[0.246s] Level 1:colcon.colcon_core.package_identification:_identify(src/Universal_Robots_ROS2_Gazebo_Simulation/ur_simulation_gazebo) by extensions ['ros']
[0.246s] Level 1:colcon.colcon_core.package_identification:_identify(src/Universal_Robots_ROS2_Gazebo_Simulation/ur_simulation_gazebo) by extension 'ros'
[0.248s] DEBUG:colcon.colcon_core.package_identification:Package 'src/Universal_Robots_ROS2_Gazebo_Simulation/ur_simulation_gazebo' with type 'ros.ament_cmake' and name 'ur_simulation_gazebo'
[0.248s] Level 1:colcon.colcon_core.package_identification:_identify(src/robot_controller) by extensions ['ignore', 'ignore_ament_install']
[0.248s] Level 1:colcon.colcon_core.package_identification:_identify(src/robot_controller) by extension 'ignore'
[0.248s] Level 1:colcon.colcon_core.package_identification:_identify(src/robot_controller) by extension 'ignore_ament_install'
[0.248s] Level 1:colcon.colcon_core.package_identification:_identify(src/robot_controller) by extensions ['colcon_pkg']
[0.248s] Level 1:colcon.colcon_core.package_identification:_identify(src/robot_controller) by extension 'colcon_pkg'
[0.249s] Level 1:colcon.colcon_core.package_identification:_identify(src/robot_controller) by extensions ['colcon_meta']
[0.249s] Level 1:colcon.colcon_core.package_identification:_identify(src/robot_controller) by extension 'colcon_meta'
[0.249s] Level 1:colcon.colcon_core.package_identification:_identify(src/robot_controller) by extensions ['ros']
[0.249s] Level 1:colcon.colcon_core.package_identification:_identify(src/robot_controller) by extension 'ros'
[0.249s] DEBUG:colcon.colcon_core.package_identification:Package 'src/robot_controller' with type 'ros.ament_cmake' and name 'robot_controller'
[0.249s] Level 1:colcon.colcon_core.package_identification:_identify(src/trac_ik) by extensions ['ignore', 'ignore_ament_install']
[0.249s] Level 1:colcon.colcon_core.package_identification:_identify(src/trac_ik) by extension 'ignore'
[0.249s] Level 1:colcon.colcon_core.package_identification:_identify(src/trac_ik) by extension 'ignore_ament_install'
[0.250s] Level 1:colcon.colcon_core.package_identification:_identify(src/trac_ik) by extensions ['colcon_pkg']
[0.250s] Level 1:colcon.colcon_core.package_identification:_identify(src/trac_ik) by extension 'colcon_pkg'
[0.250s] Level 1:colcon.colcon_core.package_identification:_identify(src/trac_ik) by extensions ['colcon_meta']
[0.250s] Level 1:colcon.colcon_core.package_identification:_identify(src/trac_ik) by extension 'colcon_meta'
[0.250s] Level 1:colcon.colcon_core.package_identification:_identify(src/trac_ik) by extensions ['ros']
[0.250s] Level 1:colcon.colcon_core.package_identification:_identify(src/trac_ik) by extension 'ros'
[0.250s] Level 1:colcon.colcon_core.package_identification:_identify(src/trac_ik) by extensions ['cmake', 'python']
[0.250s] Level 1:colcon.colcon_core.package_identification:_identify(src/trac_ik) by extension 'cmake'
[0.250s] Level 1:colcon.colcon_core.package_identification:_identify(src/trac_ik) by extension 'python'
[0.250s] Level 1:colcon.colcon_core.package_identification:_identify(src/trac_ik) by extensions ['python_setup_py']
[0.250s] Level 1:colcon.colcon_core.package_identification:_identify(src/trac_ik) by extension 'python_setup_py'
[0.250s] Level 1:colcon.colcon_core.package_identification:_identify(src/trac_ik/trac_ik) by extensions ['ignore', 'ignore_ament_install']
[0.250s] Level 1:colcon.colcon_core.package_identification:_identify(src/trac_ik/trac_ik) by extension 'ignore'
[0.250s] Level 1:colcon.colcon_core.package_identification:_identify(src/trac_ik/trac_ik) by extension 'ignore_ament_install'
[0.250s] Level 1:colcon.colcon_core.package_identification:_identify(src/trac_ik/trac_ik) by extensions ['colcon_pkg']
[0.250s] Level 1:colcon.colcon_core.package_identification:_identify(src/trac_ik/trac_ik) by extension 'colcon_pkg'
[0.250s] Level 1:colcon.colcon_core.package_identification:_identify(src/trac_ik/trac_ik) by extensions ['colcon_meta']
[0.250s] Level 1:colcon.colcon_core.package_identification:_identify(src/trac_ik/trac_ik) by extension 'colcon_meta'
[0.250s] Level 1:colcon.colcon_core.package_identification:_identify(src/trac_ik/trac_ik) by extensions ['ros']
[0.250s] Level 1:colcon.colcon_core.package_identification:_identify(src/trac_ik/trac_ik) by extension 'ros'
[0.251s] DEBUG:colcon.colcon_core.package_identification:Package 'src/trac_ik/trac_ik' with type 'ros.ament_cmake' and name 'trac_ik'
[0.251s] Level 1:colcon.colcon_core.package_identification:_identify(src/trac_ik/trac_ik_examples) by extensions ['ignore', 'ignore_ament_install']
[0.251s] Level 1:colcon.colcon_core.package_identification:_identify(src/trac_ik/trac_ik_examples) by extension 'ignore'
[0.251s] Level 1:colcon.colcon_core.package_identification:_identify(src/trac_ik/trac_ik_examples) ignored
[0.251s] Level 1:colcon.colcon_core.package_identification:_identify(src/trac_ik/trac_ik_kinematics_plugin) by extensions ['ignore', 'ignore_ament_install']
[0.251s] Level 1:colcon.colcon_core.package_identification:_identify(src/trac_ik/trac_ik_kinematics_plugin) by extension 'ignore'
[0.251s] Level 1:colcon.colcon_core.package_identification:_identify(src/trac_ik/trac_ik_kinematics_plugin) by extension 'ignore_ament_install'
[0.251s] Level 1:colcon.colcon_core.package_identification:_identify(src/trac_ik/trac_ik_kinematics_plugin) by extensions ['colcon_pkg']
[0.251s] Level 1:colcon.colcon_core.package_identification:_identify(src/trac_ik/trac_ik_kinematics_plugin) by extension 'colcon_pkg'
[0.251s] Level 1:colcon.colcon_core.package_identification:_identify(src/trac_ik/trac_ik_kinematics_plugin) by extensions ['colcon_meta']
[0.251s] Level 1:colcon.colcon_core.package_identification:_identify(src/trac_ik/trac_ik_kinematics_plugin) by extension 'colcon_meta'
[0.251s] Level 1:colcon.colcon_core.package_identification:_identify(src/trac_ik/trac_ik_kinematics_plugin) by extensions ['ros']
[0.251s] Level 1:colcon.colcon_core.package_identification:_identify(src/trac_ik/trac_ik_kinematics_plugin) by extension 'ros'
[0.252s] DEBUG:colcon.colcon_core.package_identification:Package 'src/trac_ik/trac_ik_kinematics_plugin' with type 'ros.ament_cmake' and name 'trac_ik_kinematics_plugin'
[0.252s] Level 1:colcon.colcon_core.package_identification:_identify(src/trac_ik/trac_ik_lib) by extensions ['ignore', 'ignore_ament_install']
[0.252s] Level 1:colcon.colcon_core.package_identification:_identify(src/trac_ik/trac_ik_lib) by extension 'ignore'
[0.252s] Level 1:colcon.colcon_core.package_identification:_identify(src/trac_ik/trac_ik_lib) by extension 'ignore_ament_install'
[0.252s] Level 1:colcon.colcon_core.package_identification:_identify(src/trac_ik/trac_ik_lib) by extensions ['colcon_pkg']
[0.252s] Level 1:colcon.colcon_core.package_identification:_identify(src/trac_ik/trac_ik_lib) by extension 'colcon_pkg'
[0.252s] Level 1:colcon.colcon_core.package_identification:_identify(src/trac_ik/trac_ik_lib) by extensions ['colcon_meta']
[0.253s] Level 1:colcon.colcon_core.package_identification:_identify(src/trac_ik/trac_ik_lib) by extension 'colcon_meta'
[0.253s] Level 1:colcon.colcon_core.package_identification:_identify(src/trac_ik/trac_ik_lib) by extensions ['ros']
[0.253s] Level 1:colcon.colcon_core.package_identification:_identify(src/trac_ik/trac_ik_lib) by extension 'ros'
[0.253s] DEBUG:colcon.colcon_core.package_identification:Package 'src/trac_ik/trac_ik_lib' with type 'ros.ament_cmake' and name 'trac_ik_lib'
[0.254s] Level 1:colcon.colcon_core.package_identification:_identify(src/trac_ik/trac_ik_python) by extensions ['ignore', 'ignore_ament_install']
[0.254s] Level 1:colcon.colcon_core.package_identification:_identify(src/trac_ik/trac_ik_python) by extension 'ignore'
[0.254s] Level 1:colcon.colcon_core.package_identification:_identify(src/trac_ik/trac_ik_python) ignored
[0.254s] Level 1:colcon.colcon_core.package_identification:_identify(src/ur_description) by extensions ['ignore', 'ignore_ament_install']
[0.254s] Level 1:colcon.colcon_core.package_identification:_identify(src/ur_description) by extension 'ignore'
[0.254s] Level 1:colcon.colcon_core.package_identification:_identify(src/ur_description) by extension 'ignore_ament_install'
[0.254s] Level 1:colcon.colcon_core.package_identification:_identify(src/ur_description) by extensions ['colcon_pkg']
[0.254s] Level 1:colcon.colcon_core.package_identification:_identify(src/ur_description) by extension 'colcon_pkg'
[0.254s] Level 1:colcon.colcon_core.package_identification:_identify(src/ur_description) by extensions ['colcon_meta']
[0.254s] Level 1:colcon.colcon_core.package_identification:_identify(src/ur_description) by extension 'colcon_meta'
[0.254s] Level 1:colcon.colcon_core.package_identification:_identify(src/ur_description) by extensions ['ros']
[0.254s] Level 1:colcon.colcon_core.package_identification:_identify(src/ur_description) by extension 'ros'
[0.255s] DEBUG:colcon.colcon_core.package_identification:Package 'src/ur_description' with type 'ros.ament_cmake' and name 'ur_description'
[0.255s] Level 1:colcon.colcon_core.package_identification:_identify(src/ur_moveit_config) by extensions ['ignore', 'ignore_ament_install']
[0.255s] Level 1:colcon.colcon_core.package_identification:_identify(src/ur_moveit_config) by extension 'ignore'
[0.255s] Level 1:colcon.colcon_core.package_identification:_identify(src/ur_moveit_config) by extension 'ignore_ament_install'
[0.255s] Level 1:colcon.colcon_core.package_identification:_identify(src/ur_moveit_config) by extensions ['colcon_pkg']
[0.255s] Level 1:colcon.colcon_core.package_identification:_identify(src/ur_moveit_config) by extension 'colcon_pkg'
[0.255s] Level 1:colcon.colcon_core.package_identification:_identify(src/ur_moveit_config) by extensions ['colcon_meta']
[0.255s] Level 1:colcon.colcon_core.package_identification:_identify(src/ur_moveit_config) by extension 'colcon_meta'
[0.255s] Level 1:colcon.colcon_core.package_identification:_identify(src/ur_moveit_config) by extensions ['ros']
[0.255s] Level 1:colcon.colcon_core.package_identification:_identify(src/ur_moveit_config) by extension 'ros'
[0.256s] DEBUG:colcon.colcon_core.package_identification:Package 'src/ur_moveit_config' with type 'ros.ament_cmake' and name 'ur_moveit_config'
[0.256s] Level 1:colcon.colcon_core.package_discovery:discover_packages(recursive) using defaults
[0.256s] Level 1:colcon.colcon_core.package_discovery:discover_packages(ignore) discover
[0.256s] Level 1:colcon.colcon_core.package_discovery:discover_packages(ignore) using defaults
[0.256s] Level 1:colcon.colcon_core.package_discovery:discover_packages(path) discover
[0.256s] Level 1:colcon.colcon_core.package_discovery:discover_packages(path) using defaults
[0.274s] Level 1:colcon.colcon_core.package_discovery:discover_packages(prefix_path) check parameters
[0.274s] Level 1:colcon.colcon_core.package_discovery:discover_packages(prefix_path) discover
[0.275s] DEBUG:colcon.colcon_installed_package_information.package_discovery:Found 8 installed packages in /home/om/gazebo_ur/install
[0.277s] DEBUG:colcon.colcon_installed_package_information.package_discovery:Found 366 installed packages in /opt/ros/humble
[0.287s] Level 1:colcon.colcon_core.package_discovery:discover_packages(prefix_path) using defaults
[0.329s] Level 5:colcon.colcon_core.verb:set package 'robot_controller' build argument 'cmake_args' from command line to 'None'
[0.329s] Level 5:colcon.colcon_core.verb:set package 'robot_controller' build argument 'cmake_target' from command line to 'None'
[0.329s] Level 5:colcon.colcon_core.verb:set package 'robot_controller' build argument 'cmake_target_skip_unavailable' from command line to 'False'
[0.329s] Level 5:colcon.colcon_core.verb:set package 'robot_controller' build argument 'cmake_clean_cache' from command line to 'False'
[0.329s] Level 5:colcon.colcon_core.verb:set package 'robot_controller' build argument 'cmake_clean_first' from command line to 'False'
[0.329s] Level 5:colcon.colcon_core.verb:set package 'robot_controller' build argument 'cmake_force_configure' from command line to 'False'
[0.329s] Level 5:colcon.colcon_core.verb:set package 'robot_controller' build argument 'ament_cmake_args' from command line to 'None'
[0.329s] Level 5:colcon.colcon_core.verb:set package 'robot_controller' build argument 'catkin_cmake_args' from command line to 'None'
[0.329s] Level 5:colcon.colcon_core.verb:set package 'robot_controller' build argument 'catkin_skip_building_tests' from command line to 'False'
[0.329s] DEBUG:colcon.colcon_core.verb:Building package 'robot_controller' with the following arguments: {'ament_cmake_args': None, 'build_base': '/home/om/gazebo_ur/build/robot_controller', 'catkin_cmake_args': None, 'catkin_skip_building_tests': False, 'cmake_args': None, 'cmake_clean_cache': False, 'cmake_clean_first': False, 'cmake_force_configure': False, 'cmake_target': None, 'cmake_target_skip_unavailable': False, 'install_base': '/home/om/gazebo_ur/install/robot_controller', 'merge_install': False, 'path': '/home/om/gazebo_ur/src/robot_controller', 'symlink_install': False, 'test_result_base': None}
[0.329s] Level 5:colcon.colcon_core.verb:set package 'trac_ik_lib' build argument 'cmake_args' from command line to 'None'
[0.329s] Level 5:colcon.colcon_core.verb:set package 'trac_ik_lib' build argument 'cmake_target' from command line to 'None'
[0.329s] Level 5:colcon.colcon_core.verb:set package 'trac_ik_lib' build argument 'cmake_target_skip_unavailable' from command line to 'False'
[0.329s] Level 5:colcon.colcon_core.verb:set package 'trac_ik_lib' build argument 'cmake_clean_cache' from command line to 'False'
[0.329s] Level 5:colcon.colcon_core.verb:set package 'trac_ik_lib' build argument 'cmake_clean_first' from command line to 'False'
[0.329s] Level 5:colcon.colcon_core.verb:set package 'trac_ik_lib' build argument 'cmake_force_configure' from command line to 'False'
[0.329s] Level 5:colcon.colcon_core.verb:set package 'trac_ik_lib' build argument 'ament_cmake_args' from command line to 'None'
[0.329s] Level 5:colcon.colcon_core.verb:set package 'trac_ik_lib' build argument 'catkin_cmake_args' from command line to 'None'
[0.329s] Level 5:colcon.colcon_core.verb:set package 'trac_ik_lib' build argument 'catkin_skip_building_tests' from command line to 'False'
[0.329s] DEBUG:colcon.colcon_core.verb:Building package 'trac_ik_lib' with the following arguments: {'ament_cmake_args': None, 'build_base': '/home/om/gazebo_ur/build/trac_ik_lib', 'catkin_cmake_args': None, 'catkin_skip_building_tests': False, 'cmake_args': None, 'cmake_clean_cache': False, 'cmake_clean_first': False, 'cmake_force_configure': False, 'cmake_target': None, 'cmake_target_skip_unavailable': False, 'install_base': '/home/om/gazebo_ur/install/trac_ik_lib', 'merge_install': False, 'path': '/home/om/gazebo_ur/src/trac_ik/trac_ik_lib', 'symlink_install': False, 'test_result_base': None}
[0.330s] Level 5:colcon.colcon_core.verb:set package 'ur_description' build argument 'cmake_args' from command line to 'None'
[0.330s] Level 5:colcon.colcon_core.verb:set package 'ur_description' build argument 'cmake_target' from command line to 'None'
[0.330s] Level 5:colcon.colcon_core.verb:set package 'ur_description' build argument 'cmake_target_skip_unavailable' from command line to 'False'
[0.330s] Level 5:colcon.colcon_core.verb:set package 'ur_description' build argument 'cmake_clean_cache' from command line to 'False'
[0.330s] Level 5:colcon.colcon_core.verb:set package 'ur_description' build argument 'cmake_clean_first' from command line to 'False'
[0.330s] Level 5:colcon.colcon_core.verb:set package 'ur_description' build argument 'cmake_force_configure' from command line to 'False'
[0.330s] Level 5:colcon.colcon_core.verb:set package 'ur_description' build argument 'ament_cmake_args' from command line to 'None'
[0.330s] Level 5:colcon.colcon_core.verb:set package 'ur_description' build argument 'catkin_cmake_args' from command line to 'None'
[0.330s] Level 5:colcon.colcon_core.verb:set package 'ur_description' build argument 'catkin_skip_building_tests' from command line to 'False'
[0.330s] DEBUG:colcon.colcon_core.verb:Building package 'ur_description' with the following arguments: {'ament_cmake_args': None, 'build_base': '/home/om/gazebo_ur/build/ur_description', 'catkin_cmake_args': None, 'catkin_skip_building_tests': False, 'cmake_args': None, 'cmake_clean_cache': False, 'cmake_clean_first': False, 'cmake_force_configure': False, 'cmake_target': None, 'cmake_target_skip_unavailable': False, 'install_base': '/home/om/gazebo_ur/install/ur_description', 'merge_install': False, 'path': '/home/om/gazebo_ur/src/ur_description', 'symlink_install': False, 'test_result_base': None}
[0.330s] Level 5:colcon.colcon_core.verb:set package 'trac_ik_kinematics_plugin' build argument 'cmake_args' from command line to 'None'
[0.330s] Level 5:colcon.colcon_core.verb:set package 'trac_ik_kinematics_plugin' build argument 'cmake_target' from command line to 'None'
[0.330s] Level 5:colcon.colcon_core.verb:set package 'trac_ik_kinematics_plugin' build argument 'cmake_target_skip_unavailable' from command line to 'False'
[0.330s] Level 5:colcon.colcon_core.verb:set package 'trac_ik_kinematics_plugin' build argument 'cmake_clean_cache' from command line to 'False'
[0.330s] Level 5:colcon.colcon_core.verb:set package 'trac_ik_kinematics_plugin' build argument 'cmake_clean_first' from command line to 'False'
[0.330s] Level 5:colcon.colcon_core.verb:set package 'trac_ik_kinematics_plugin' build argument 'cmake_force_configure' from command line to 'False'
[0.330s] Level 5:colcon.colcon_core.verb:set package 'trac_ik_kinematics_plugin' build argument 'ament_cmake_args' from command line to 'None'
[0.330s] Level 5:colcon.colcon_core.verb:set package 'trac_ik_kinematics_plugin' build argument 'catkin_cmake_args' from command line to 'None'
[0.330s] Level 5:colcon.colcon_core.verb:set package 'trac_ik_kinematics_plugin' build argument 'catkin_skip_building_tests' from command line to 'False'
[0.330s] DEBUG:colcon.colcon_core.verb:Building package 'trac_ik_kinematics_plugin' with the following arguments: {'ament_cmake_args': None, 'build_base': '/home/om/gazebo_ur/build/trac_ik_kinematics_plugin', 'catkin_cmake_args': None, 'catkin_skip_building_tests': False, 'cmake_args': None, 'cmake_clean_cache': False, 'cmake_clean_first': False, 'cmake_force_configure': False, 'cmake_target': None, 'cmake_target_skip_unavailable': False, 'install_base': '/home/om/gazebo_ur/install/trac_ik_kinematics_plugin', 'merge_install': False, 'path': '/home/om/gazebo_ur/src/trac_ik/trac_ik_kinematics_plugin', 'symlink_install': False, 'test_result_base': None}
[0.331s] Level 5:colcon.colcon_core.verb:set package 'trac_ik' build argument 'cmake_args' from command line to 'None'
[0.331s] Level 5:colcon.colcon_core.verb:set package 'trac_ik' build argument 'cmake_target' from command line to 'None'
[0.331s] Level 5:colcon.colcon_core.verb:set package 'trac_ik' build argument 'cmake_target_skip_unavailable' from command line to 'False'
[0.331s] Level 5:colcon.colcon_core.verb:set package 'trac_ik' build argument 'cmake_clean_cache' from command line to 'False'
[0.331s] Level 5:colcon.colcon_core.verb:set package 'trac_ik' build argument 'cmake_clean_first' from command line to 'False'
[0.331s] Level 5:colcon.colcon_core.verb:set package 'trac_ik' build argument 'cmake_force_configure' from command line to 'False'
[0.331s] Level 5:colcon.colcon_core.verb:set package 'trac_ik' build argument 'ament_cmake_args' from command line to 'None'
[0.331s] Level 5:colcon.colcon_core.verb:set package 'trac_ik' build argument 'catkin_cmake_args' from command line to 'None'
[0.331s] Level 5:colcon.colcon_core.verb:set package 'trac_ik' build argument 'catkin_skip_building_tests' from command line to 'False'
[0.331s] DEBUG:colcon.colcon_core.verb:Building package 'trac_ik' with the following arguments: {'ament_cmake_args': None, 'build_base': '/home/om/gazebo_ur/build/trac_ik', 'catkin_cmake_args': None, 'catkin_skip_building_tests': False, 'cmake_args': None, 'cmake_clean_cache': False, 'cmake_clean_first': False, 'cmake_force_configure': False, 'cmake_target': None, 'cmake_target_skip_unavailable': False, 'install_base': '/home/om/gazebo_ur/install/trac_ik', 'merge_install': False, 'path': '/home/om/gazebo_ur/src/trac_ik/trac_ik', 'symlink_install': False, 'test_result_base': None}
[0.331s] Level 5:colcon.colcon_core.verb:set package 'ur_moveit_config' build argument 'cmake_args' from command line to 'None'
[0.331s] Level 5:colcon.colcon_core.verb:set package 'ur_moveit_config' build argument 'cmake_target' from command line to 'None'
[0.331s] Level 5:colcon.colcon_core.verb:set package 'ur_moveit_config' build argument 'cmake_target_skip_unavailable' from command line to 'False'
[0.331s] Level 5:colcon.colcon_core.verb:set package 'ur_moveit_config' build argument 'cmake_clean_cache' from command line to 'False'
[0.331s] Level 5:colcon.colcon_core.verb:set package 'ur_moveit_config' build argument 'cmake_clean_first' from command line to 'False'
[0.331s] Level 5:colcon.colcon_core.verb:set package 'ur_moveit_config' build argument 'cmake_force_configure' from command line to 'False'
[0.331s] Level 5:colcon.colcon_core.verb:set package 'ur_moveit_config' build argument 'ament_cmake_args' from command line to 'None'
[0.331s] Level 5:colcon.colcon_core.verb:set package 'ur_moveit_config' build argument 'catkin_cmake_args' from command line to 'None'
[0.331s] Level 5:colcon.colcon_core.verb:set package 'ur_moveit_config' build argument 'catkin_skip_building_tests' from command line to 'False'
[0.331s] DEBUG:colcon.colcon_core.verb:Building package 'ur_moveit_config' with the following arguments: {'ament_cmake_args': None, 'build_base': '/home/om/gazebo_ur/build/ur_moveit_config', 'catkin_cmake_args': None, 'catkin_skip_building_tests': False, 'cmake_args': None, 'cmake_clean_cache': False, 'cmake_clean_first': False, 'cmake_force_configure': False, 'cmake_target': None, 'cmake_target_skip_unavailable': False, 'install_base': '/home/om/gazebo_ur/install/ur_moveit_config', 'merge_install': False, 'path': '/home/om/gazebo_ur/src/ur_moveit_config', 'symlink_install': False, 'test_result_base': None}
[0.332s] Level 5:colcon.colcon_core.verb:set package 'ur_simulation_gazebo' build argument 'cmake_args' from command line to 'None'
[0.332s] Level 5:colcon.colcon_core.verb:set package 'ur_simulation_gazebo' build argument 'cmake_target' from command line to 'None'
[0.332s] Level 5:colcon.colcon_core.verb:set package 'ur_simulation_gazebo' build argument 'cmake_target_skip_unavailable' from command line to 'False'
[0.332s] Level 5:colcon.colcon_core.verb:set package 'ur_simulation_gazebo' build argument 'cmake_clean_cache' from command line to 'False'
[0.332s] Level 5:colcon.colcon_core.verb:set package 'ur_simulation_gazebo' build argument 'cmake_clean_first' from command line to 'False'
[0.332s] Level 5:colcon.colcon_core.verb:set package 'ur_simulation_gazebo' build argument 'cmake_force_configure' from command line to 'False'
[0.332s] Level 5:colcon.colcon_core.verb:set package 'ur_simulation_gazebo' build argument 'ament_cmake_args' from command line to 'None'
[0.332s] Level 5:colcon.colcon_core.verb:set package 'ur_simulation_gazebo' build argument 'catkin_cmake_args' from command line to 'None'
[0.332s] Level 5:colcon.colcon_core.verb:set package 'ur_simulation_gazebo' build argument 'catkin_skip_building_tests' from command line to 'False'
[0.332s] DEBUG:colcon.colcon_core.verb:Building package 'ur_simulation_gazebo' with the following arguments: {'ament_cmake_args': None, 'build_base': '/home/om/gazebo_ur/build/ur_simulation_gazebo', 'catkin_cmake_args': None, 'catkin_skip_building_tests': False, 'cmake_args': None, 'cmake_clean_cache': False, 'cmake_clean_first': False, 'cmake_force_configure': False, 'cmake_target': None, 'cmake_target_skip_unavailable': False, 'install_base': '/home/om/gazebo_ur/install/ur_simulation_gazebo', 'merge_install': False, 'path': '/home/om/gazebo_ur/src/Universal_Robots_ROS2_Gazebo_Simulation/ur_simulation_gazebo', 'symlink_install': False, 'test_result_base': None}
[0.332s] INFO:colcon.colcon_core.executor:Executing jobs using 'parallel' executor
[0.333s] DEBUG:colcon.colcon_parallel_executor.executor.parallel:run_until_complete
[0.333s] INFO:colcon.colcon_ros.task.ament_cmake.build:Building ROS package in '/home/om/gazebo_ur/src/trac_ik/trac_ik_lib' with build type 'ament_cmake'
[0.333s] INFO:colcon.colcon_cmake.task.cmake.build:Building CMake package in '/home/om/gazebo_ur/src/trac_ik/trac_ik_lib'
[0.335s] INFO:colcon.colcon_core.plugin_system:Skipping extension 'colcon_core.shell.bat': Not used on non-Windows systems
[0.335s] INFO:colcon.colcon_core.shell:Skip shell extension 'powershell' for command environment: Not usable outside of PowerShell
[0.335s] DEBUG:colcon.colcon_core.shell:Skip shell extension 'dsv' for command environment
[0.339s] INFO:colcon.colcon_ros.task.ament_cmake.build:Building ROS package in '/home/om/gazebo_ur/src/ur_description' with build type 'ament_cmake'
[0.339s] INFO:colcon.colcon_cmake.task.cmake.build:Building CMake package in '/home/om/gazebo_ur/src/ur_description'
[0.339s] INFO:colcon.colcon_core.shell:Skip shell extension 'powershell' for command environment: Not usable outside of PowerShell
[0.339s] DEBUG:colcon.colcon_core.shell:Skip shell extension 'dsv' for command environment
[0.343s] INFO:colcon.colcon_ros.task.ament_cmake.build:Building ROS package in '/home/om/gazebo_ur/src/robot_controller' with build type 'ament_cmake'
[0.343s] INFO:colcon.colcon_cmake.task.cmake.build:Building CMake package in '/home/om/gazebo_ur/src/robot_controller'
[0.343s] INFO:colcon.colcon_core.shell:Skip shell extension 'powershell' for command environment: Not usable outside of PowerShell
[0.343s] DEBUG:colcon.colcon_core.shell:Skip shell extension 'dsv' for command environment
[0.351s] DEBUG:colcon.colcon_core.event_handler.log_command:Invoking command in '/home/om/gazebo_ur/build/trac_ik_lib': CMAKE_PREFIX_PATH=${CMAKE_PREFIX_PATH}:/home/om/gazebo_ur/install/robot_controller_py:/opt/ros/humble /usr/bin/cmake --build /home/om/gazebo_ur/build/trac_ik_lib -- -j12 -l12
[0.355s] DEBUG:colcon.colcon_core.event_handler.log_command:Invoking command in '/home/om/gazebo_ur/build/ur_description': CMAKE_PREFIX_PATH=${CMAKE_PREFIX_PATH}:/home/om/gazebo_ur/install/robot_controller_py:/opt/ros/humble /usr/bin/cmake --build /home/om/gazebo_ur/build/ur_description -- -j12 -l12
[0.358s] DEBUG:colcon.colcon_core.event_handler.log_command:Invoking command in '/home/om/gazebo_ur/build/robot_controller': CMAKE_PREFIX_PATH=${CMAKE_PREFIX_PATH}:/home/om/gazebo_ur/install/robot_controller_py:/opt/ros/humble /usr/bin/cmake --build /home/om/gazebo_ur/build/robot_controller -- -j12 -l12
[0.396s] DEBUG:colcon.colcon_core.event_handler.log_command:Invoked command in '/home/om/gazebo_ur/build/ur_description' returned '0': CMAKE_PREFIX_PATH=${CMAKE_PREFIX_PATH}:/home/om/gazebo_ur/install/robot_controller_py:/opt/ros/humble /usr/bin/cmake --build /home/om/gazebo_ur/build/ur_description -- -j12 -l12
[0.415s] WARNING:colcon.colcon_cmake.task.cmake.build:Could not run installation step for package 'ur_description' because it has no 'install' target
[0.415s] Level 1:colcon.colcon_core.environment:create_environment_scripts_only(ur_description)
[0.418s] Level 1:colcon.colcon_core.environment:checking '/home/om/gazebo_ur/install/ur_description' for CMake module files
[0.418s] Level 1:colcon.colcon_core.environment:checking '/home/om/gazebo_ur/install/ur_description' for CMake config files
[0.419s] Level 1:colcon.colcon_core.environment:checking '/home/om/gazebo_ur/install/ur_description/bin'
[0.419s] Level 1:colcon.colcon_core.environment:checking '/home/om/gazebo_ur/install/ur_description/lib/pkgconfig/ur_description.pc'
[0.419s] Level 1:colcon.colcon_core.environment:checking '/home/om/gazebo_ur/install/ur_description/lib/python3.10/site-packages'
[0.419s] Level 1:colcon.colcon_core.environment:checking '/home/om/gazebo_ur/install/ur_description/bin'
[0.420s] INFO:colcon.colcon_core.shell:Creating package script '/home/om/gazebo_ur/install/ur_description/share/ur_description/package.ps1'
[0.421s] INFO:colcon.colcon_core.shell:Creating package descriptor '/home/om/gazebo_ur/install/ur_description/share/ur_description/package.dsv'
[0.421s] INFO:colcon.colcon_core.shell:Creating package script '/home/om/gazebo_ur/install/ur_description/share/ur_description/package.sh'
[0.422s] INFO:colcon.colcon_core.shell:Creating package script '/home/om/gazebo_ur/install/ur_description/share/ur_description/package.bash'
[0.423s] INFO:colcon.colcon_core.shell:Creating package script '/home/om/gazebo_ur/install/ur_description/share/ur_description/package.zsh'
[0.423s] Level 1:colcon.colcon_core.environment:create_file_with_runtime_dependencies(/home/om/gazebo_ur/install/ur_description/share/colcon-core/packages/ur_description)
[0.438s] DEBUG:colcon.colcon_core.event_handler.log_command:Invoked command in '/home/om/gazebo_ur/build/trac_ik_lib' returned '0': CMAKE_PREFIX_PATH=${CMAKE_PREFIX_PATH}:/home/om/gazebo_ur/install/robot_controller_py:/opt/ros/humble /usr/bin/cmake --build /home/om/gazebo_ur/build/trac_ik_lib -- -j12 -l12
[0.443s] Level 1:colcon.colcon_core.environment:create_environment_scripts_only(ur_description)
[0.443s] Level 1:colcon.colcon_core.environment:checking '/home/om/gazebo_ur/install/ur_description' for CMake module files
[0.444s] Level 1:colcon.colcon_core.environment:checking '/home/om/gazebo_ur/install/ur_description' for CMake config files
[0.444s] Level 1:colcon.colcon_core.environment:checking '/home/om/gazebo_ur/install/ur_description/bin'
[0.444s] Level 1:colcon.colcon_core.environment:checking '/home/om/gazebo_ur/install/ur_description/lib/pkgconfig/ur_description.pc'
[0.444s] Level 1:colcon.colcon_core.environment:checking '/home/om/gazebo_ur/install/ur_description/lib/python3.10/site-packages'
[0.445s] Level 1:colcon.colcon_core.environment:checking '/home/om/gazebo_ur/install/ur_description/bin'
[0.445s] INFO:colcon.colcon_core.shell:Creating package script '/home/om/gazebo_ur/install/ur_description/share/ur_description/package.ps1'
[0.445s] INFO:colcon.colcon_core.shell:Creating package descriptor '/home/om/gazebo_ur/install/ur_description/share/ur_description/package.dsv'
[0.445s] INFO:colcon.colcon_core.shell:Creating package script '/home/om/gazebo_ur/install/ur_description/share/ur_description/package.sh'
[0.446s] INFO:colcon.colcon_core.shell:Creating package script '/home/om/gazebo_ur/install/ur_description/share/ur_description/package.bash'
[0.446s] INFO:colcon.colcon_core.shell:Creating package script '/home/om/gazebo_ur/install/ur_description/share/ur_description/package.zsh'
[0.446s] Level 1:colcon.colcon_core.environment:create_file_with_runtime_dependencies(/home/om/gazebo_ur/install/ur_description/share/colcon-core/packages/ur_description)
[0.486s] DEBUG:colcon.colcon_core.event_handler.log_command:Invoking command in '/home/om/gazebo_ur/build/trac_ik_lib': CMAKE_PREFIX_PATH=${CMAKE_PREFIX_PATH}:/home/om/gazebo_ur/install/robot_controller_py:/opt/ros/humble /usr/bin/cmake --install /home/om/gazebo_ur/build/trac_ik_lib
[0.500s] Level 1:colcon.colcon_core.environment:create_environment_scripts_only(trac_ik_lib)
[0.500s] Level 1:colcon.colcon_core.environment:checking '/home/om/gazebo_ur/install/trac_ik_lib' for CMake module files
[0.501s] DEBUG:colcon.colcon_core.event_handler.log_command:Invoked command in '/home/om/gazebo_ur/build/trac_ik_lib' returned '0': CMAKE_PREFIX_PATH=${CMAKE_PREFIX_PATH}:/home/om/gazebo_ur/install/robot_controller_py:/opt/ros/humble /usr/bin/cmake --install /home/om/gazebo_ur/build/trac_ik_lib
[0.501s] Level 1:colcon.colcon_core.environment:checking '/home/om/gazebo_ur/install/trac_ik_lib' for CMake config files
[0.502s] Level 1:colcon.colcon_core.shell:create_environment_hook('trac_ik_lib', 'cmake_prefix_path')
[0.502s] INFO:colcon.colcon_core.shell:Creating environment hook '/home/om/gazebo_ur/install/trac_ik_lib/share/trac_ik_lib/hook/cmake_prefix_path.ps1'
[0.503s] INFO:colcon.colcon_core.shell:Creating environment descriptor '/home/om/gazebo_ur/install/trac_ik_lib/share/trac_ik_lib/hook/cmake_prefix_path.dsv'
[0.503s] INFO:colcon.colcon_core.shell:Creating environment hook '/home/om/gazebo_ur/install/trac_ik_lib/share/trac_ik_lib/hook/cmake_prefix_path.sh'
[0.504s] Level 1:colcon.colcon_core.environment:checking '/home/om/gazebo_ur/install/trac_ik_lib/lib'
[0.504s] Level 1:colcon.colcon_core.shell:create_environment_hook('trac_ik_lib', 'ld_library_path_lib')
[0.504s] INFO:colcon.colcon_core.shell:Creating environment hook '/home/om/gazebo_ur/install/trac_ik_lib/share/trac_ik_lib/hook/ld_library_path_lib.ps1'
[0.505s] INFO:colcon.colcon_core.shell:Creating environment descriptor '/home/om/gazebo_ur/install/trac_ik_lib/share/trac_ik_lib/hook/ld_library_path_lib.dsv'
[0.505s] INFO:colcon.colcon_core.shell:Creating environment hook '/home/om/gazebo_ur/install/trac_ik_lib/share/trac_ik_lib/hook/ld_library_path_lib.sh'
[0.505s] Level 1:colcon.colcon_core.environment:checking '/home/om/gazebo_ur/install/trac_ik_lib/bin'
[0.505s] Level 1:colcon.colcon_core.environment:checking '/home/om/gazebo_ur/install/trac_ik_lib/lib/pkgconfig/trac_ik_lib.pc'
[0.506s] Level 1:colcon.colcon_core.environment:checking '/home/om/gazebo_ur/install/trac_ik_lib/lib/python3.10/site-packages'
[0.506s] Level 1:colcon.colcon_core.environment:checking '/home/om/gazebo_ur/install/trac_ik_lib/bin'
[0.506s] INFO:colcon.colcon_core.shell:Creating package script '/home/om/gazebo_ur/install/trac_ik_lib/share/trac_ik_lib/package.ps1'
[0.507s] INFO:colcon.colcon_core.shell:Creating package descriptor '/home/om/gazebo_ur/install/trac_ik_lib/share/trac_ik_lib/package.dsv'
[0.507s] INFO:colcon.colcon_core.shell:Creating package script '/home/om/gazebo_ur/install/trac_ik_lib/share/trac_ik_lib/package.sh'
[0.508s] INFO:colcon.colcon_core.shell:Creating package script '/home/om/gazebo_ur/install/trac_ik_lib/share/trac_ik_lib/package.bash'
[0.508s] INFO:colcon.colcon_core.shell:Creating package script '/home/om/gazebo_ur/install/trac_ik_lib/share/trac_ik_lib/package.zsh'
[0.508s] Level 1:colcon.colcon_core.environment:create_file_with_runtime_dependencies(/home/om/gazebo_ur/install/trac_ik_lib/share/colcon-core/packages/trac_ik_lib)
[0.544s] Level 1:colcon.colcon_core.environment:create_environment_scripts_only(trac_ik_lib)
[0.544s] Level 1:colcon.colcon_core.environment:checking '/home/om/gazebo_ur/install/trac_ik_lib' for CMake module files
[0.544s] Level 1:colcon.colcon_core.environment:checking '/home/om/gazebo_ur/install/trac_ik_lib' for CMake config files
[0.545s] Level 1:colcon.colcon_core.shell:create_environment_hook('trac_ik_lib', 'cmake_prefix_path')
[0.545s] INFO:colcon.colcon_core.shell:Creating environment hook '/home/om/gazebo_ur/install/trac_ik_lib/share/trac_ik_lib/hook/cmake_prefix_path.ps1'
[0.545s] INFO:colcon.colcon_core.shell:Creating environment descriptor '/home/om/gazebo_ur/install/trac_ik_lib/share/trac_ik_lib/hook/cmake_prefix_path.dsv'
[0.546s] INFO:colcon.colcon_core.shell:Creating environment hook '/home/om/gazebo_ur/install/trac_ik_lib/share/trac_ik_lib/hook/cmake_prefix_path.sh'
[0.546s] Level 1:colcon.colcon_core.environment:checking '/home/om/gazebo_ur/install/trac_ik_lib/lib'
[0.546s] Level 1:colcon.colcon_core.shell:create_environment_hook('trac_ik_lib', 'ld_library_path_lib')
[0.546s] INFO:colcon.colcon_core.shell:Creating environment hook '/home/om/gazebo_ur/install/trac_ik_lib/share/trac_ik_lib/hook/ld_library_path_lib.ps1'
[0.547s] INFO:colcon.colcon_core.shell:Creating environment descriptor '/home/om/gazebo_ur/install/trac_ik_lib/share/trac_ik_lib/hook/ld_library_path_lib.dsv'
[0.547s] INFO:colcon.colcon_core.shell:Creating environment hook '/home/om/gazebo_ur/install/trac_ik_lib/share/trac_ik_lib/hook/ld_library_path_lib.sh'
[0.547s] Level 1:colcon.colcon_core.environment:checking '/home/om/gazebo_ur/install/trac_ik_lib/bin'
[0.547s] Level 1:colcon.colcon_core.environment:checking '/home/om/gazebo_ur/install/trac_ik_lib/lib/pkgconfig/trac_ik_lib.pc'
[0.548s] Level 1:colcon.colcon_core.environment:checking '/home/om/gazebo_ur/install/trac_ik_lib/lib/python3.10/site-packages'
[0.548s] Level 1:colcon.colcon_core.environment:checking '/home/om/gazebo_ur/install/trac_ik_lib/bin'
[0.548s] INFO:colcon.colcon_core.shell:Creating package script '/home/om/gazebo_ur/install/trac_ik_lib/share/trac_ik_lib/package.ps1'
[0.549s] INFO:colcon.colcon_core.shell:Creating package descriptor '/home/om/gazebo_ur/install/trac_ik_lib/share/trac_ik_lib/package.dsv'
[0.549s] INFO:colcon.colcon_core.shell:Creating package script '/home/om/gazebo_ur/install/trac_ik_lib/share/trac_ik_lib/package.sh'
[0.549s] INFO:colcon.colcon_core.shell:Creating package script '/home/om/gazebo_ur/install/trac_ik_lib/share/trac_ik_lib/package.bash'
[0.550s] INFO:colcon.colcon_core.shell:Creating package script '/home/om/gazebo_ur/install/trac_ik_lib/share/trac_ik_lib/package.zsh'
[0.550s] Level 1:colcon.colcon_core.environment:create_file_with_runtime_dependencies(/home/om/gazebo_ur/install/trac_ik_lib/share/colcon-core/packages/trac_ik_lib)
[0.550s] INFO:colcon.colcon_ros.task.ament_cmake.build:Building ROS package in '/home/om/gazebo_ur/src/trac_ik/trac_ik_kinematics_plugin' with build type 'ament_cmake'
[0.551s] INFO:colcon.colcon_cmake.task.cmake.build:Building CMake package in '/home/om/gazebo_ur/src/trac_ik/trac_ik_kinematics_plugin'
[0.551s] INFO:colcon.colcon_core.shell:Skip shell extension 'powershell' for command environment: Not usable outside of PowerShell
[0.551s] DEBUG:colcon.colcon_core.shell:Skip shell extension 'dsv' for command environment
[0.609s] DEBUG:colcon.colcon_core.event_handler.log_command:Invoking command in '/home/om/gazebo_ur/build/trac_ik_kinematics_plugin': CMAKE_PREFIX_PATH=/home/om/gazebo_ur/install/trac_ik_lib:/home/om/gazebo_ur/install/ur_simulation_gazebo:/home/om/gazebo_ur/install/trac_ik:/home/om/gazebo_ur/install/trac_ik_kinematics_plugin:/home/om/gazebo_ur/install/robot_controller:/home/om/gazebo_ur/install/robot_controller_py:/opt/ros/humble LD_LIBRARY_PATH=/home/om/gazebo_ur/install/trac_ik_lib/lib:/home/om/gazebo_ur/install/trac_ik_kinematics_plugin/lib:/usr/lib/x86_64-linux-gnu/gazebo-11/plugins:/opt/ros/humble/opt/rviz_ogre_vendor/lib:/opt/ros/humble/lib/x86_64-linux-gnu:/opt/ros/humble/lib /usr/bin/cmake --build /home/om/gazebo_ur/build/trac_ik_kinematics_plugin -- -j12 -l12
[0.712s] DEBUG:colcon.colcon_core.event_handler.log_command:Invoked command in '/home/om/gazebo_ur/build/trac_ik_kinematics_plugin' returned '0': CMAKE_PREFIX_PATH=/home/om/gazebo_ur/install/trac_ik_lib:/home/om/gazebo_ur/install/ur_simulation_gazebo:/home/om/gazebo_ur/install/trac_ik:/home/om/gazebo_ur/install/trac_ik_kinematics_plugin:/home/om/gazebo_ur/install/robot_controller:/home/om/gazebo_ur/install/robot_controller_py:/opt/ros/humble LD_LIBRARY_PATH=/home/om/gazebo_ur/install/trac_ik_lib/lib:/home/om/gazebo_ur/install/trac_ik_kinematics_plugin/lib:/usr/lib/x86_64-linux-gnu/gazebo-11/plugins:/opt/ros/humble/opt/rviz_ogre_vendor/lib:/opt/ros/humble/lib/x86_64-linux-gnu:/opt/ros/humble/lib /usr/bin/cmake --build /home/om/gazebo_ur/build/trac_ik_kinematics_plugin -- -j12 -l12
[0.744s] DEBUG:colcon.colcon_core.event_handler.log_command:Invoking command in '/home/om/gazebo_ur/build/trac_ik_kinematics_plugin': CMAKE_PREFIX_PATH=/home/om/gazebo_ur/install/trac_ik_lib:/home/om/gazebo_ur/install/ur_simulation_gazebo:/home/om/gazebo_ur/install/trac_ik:/home/om/gazebo_ur/install/trac_ik_kinematics_plugin:/home/om/gazebo_ur/install/robot_controller:/home/om/gazebo_ur/install/robot_controller_py:/opt/ros/humble LD_LIBRARY_PATH=/home/om/gazebo_ur/install/trac_ik_lib/lib:/home/om/gazebo_ur/install/trac_ik_kinematics_plugin/lib:/usr/lib/x86_64-linux-gnu/gazebo-11/plugins:/opt/ros/humble/opt/rviz_ogre_vendor/lib:/opt/ros/humble/lib/x86_64-linux-gnu:/opt/ros/humble/lib /usr/bin/cmake --install /home/om/gazebo_ur/build/trac_ik_kinematics_plugin
[0.785s] Level 1:colcon.colcon_core.environment:create_environment_scripts_only(trac_ik_kinematics_plugin)
[0.786s] Level 1:colcon.colcon_core.environment:checking '/home/om/gazebo_ur/install/trac_ik_kinematics_plugin' for CMake module files
[0.786s] DEBUG:colcon.colcon_core.event_handler.log_command:Invoked command in '/home/om/gazebo_ur/build/trac_ik_kinematics_plugin' returned '0': CMAKE_PREFIX_PATH=/home/om/gazebo_ur/install/trac_ik_lib:/home/om/gazebo_ur/install/ur_simulation_gazebo:/home/om/gazebo_ur/install/trac_ik:/home/om/gazebo_ur/install/trac_ik_kinematics_plugin:/home/om/gazebo_ur/install/robot_controller:/home/om/gazebo_ur/install/robot_controller_py:/opt/ros/humble LD_LIBRARY_PATH=/home/om/gazebo_ur/install/trac_ik_lib/lib:/home/om/gazebo_ur/install/trac_ik_kinematics_plugin/lib:/usr/lib/x86_64-linux-gnu/gazebo-11/plugins:/opt/ros/humble/opt/rviz_ogre_vendor/lib:/opt/ros/humble/lib/x86_64-linux-gnu:/opt/ros/humble/lib /usr/bin/cmake --install /home/om/gazebo_ur/build/trac_ik_kinematics_plugin
[0.787s] Level 1:colcon.colcon_core.environment:checking '/home/om/gazebo_ur/install/trac_ik_kinematics_plugin' for CMake config files
[0.787s] Level 1:colcon.colcon_core.shell:create_environment_hook('trac_ik_kinematics_plugin', 'cmake_prefix_path')
[0.787s] INFO:colcon.colcon_core.shell:Creating environment hook '/home/om/gazebo_ur/install/trac_ik_kinematics_plugin/share/trac_ik_kinematics_plugin/hook/cmake_prefix_path.ps1'
[0.788s] INFO:colcon.colcon_core.shell:Creating environment descriptor '/home/om/gazebo_ur/install/trac_ik_kinematics_plugin/share/trac_ik_kinematics_plugin/hook/cmake_prefix_path.dsv'
[0.788s] INFO:colcon.colcon_core.shell:Creating environment hook '/home/om/gazebo_ur/install/trac_ik_kinematics_plugin/share/trac_ik_kinematics_plugin/hook/cmake_prefix_path.sh'
[0.789s] Level 1:colcon.colcon_core.environment:checking '/home/om/gazebo_ur/install/trac_ik_kinematics_plugin/lib'
[0.789s] Level 1:colcon.colcon_core.shell:create_environment_hook('trac_ik_kinematics_plugin', 'ld_library_path_lib')
[0.789s] INFO:colcon.colcon_core.shell:Creating environment hook '/home/om/gazebo_ur/install/trac_ik_kinematics_plugin/share/trac_ik_kinematics_plugin/hook/ld_library_path_lib.ps1'
[0.789s] INFO:colcon.colcon_core.shell:Creating environment descriptor '/home/om/gazebo_ur/install/trac_ik_kinematics_plugin/share/trac_ik_kinematics_plugin/hook/ld_library_path_lib.dsv'
[0.790s] INFO:colcon.colcon_core.shell:Creating environment hook '/home/om/gazebo_ur/install/trac_ik_kinematics_plugin/share/trac_ik_kinematics_plugin/hook/ld_library_path_lib.sh'
[0.790s] Level 1:colcon.colcon_core.environment:checking '/home/om/gazebo_ur/install/trac_ik_kinematics_plugin/bin'
[0.790s] Level 1:colcon.colcon_core.environment:checking '/home/om/gazebo_ur/install/trac_ik_kinematics_plugin/lib/pkgconfig/trac_ik_kinematics_plugin.pc'
[0.790s] Level 1:colcon.colcon_core.environment:checking '/home/om/gazebo_ur/install/trac_ik_kinematics_plugin/lib/python3.10/site-packages'
[0.791s] Level 1:colcon.colcon_core.environment:checking '/home/om/gazebo_ur/install/trac_ik_kinematics_plugin/bin'
[0.791s] INFO:colcon.colcon_core.shell:Creating package script '/home/om/gazebo_ur/install/trac_ik_kinematics_plugin/share/trac_ik_kinematics_plugin/package.ps1'
[0.791s] INFO:colcon.colcon_core.shell:Creating package descriptor '/home/om/gazebo_ur/install/trac_ik_kinematics_plugin/share/trac_ik_kinematics_plugin/package.dsv'
[0.792s] INFO:colcon.colcon_core.shell:Creating package script '/home/om/gazebo_ur/install/trac_ik_kinematics_plugin/share/trac_ik_kinematics_plugin/package.sh'
[0.792s] INFO:colcon.colcon_core.shell:Creating package script '/home/om/gazebo_ur/install/trac_ik_kinematics_plugin/share/trac_ik_kinematics_plugin/package.bash'
[0.793s] INFO:colcon.colcon_core.shell:Creating package script '/home/om/gazebo_ur/install/trac_ik_kinematics_plugin/share/trac_ik_kinematics_plugin/package.zsh'
[0.793s] Level 1:colcon.colcon_core.environment:create_file_with_runtime_dependencies(/home/om/gazebo_ur/install/trac_ik_kinematics_plugin/share/colcon-core/packages/trac_ik_kinematics_plugin)
[0.824s] Level 1:colcon.colcon_core.environment:create_environment_scripts_only(trac_ik_kinematics_plugin)
[0.824s] Level 1:colcon.colcon_core.environment:checking '/home/om/gazebo_ur/install/trac_ik_kinematics_plugin' for CMake module files
[0.825s] Level 1:colcon.colcon_core.environment:checking '/home/om/gazebo_ur/install/trac_ik_kinematics_plugin' for CMake config files
[0.825s] Level 1:colcon.colcon_core.shell:create_environment_hook('trac_ik_kinematics_plugin', 'cmake_prefix_path')
[0.825s] INFO:colcon.colcon_core.shell:Creating environment hook '/home/om/gazebo_ur/install/trac_ik_kinematics_plugin/share/trac_ik_kinematics_plugin/hook/cmake_prefix_path.ps1'
[0.852s] INFO:colcon.colcon_core.shell:Creating environment descriptor '/home/om/gazebo_ur/install/trac_ik_kinematics_plugin/share/trac_ik_kinematics_plugin/hook/cmake_prefix_path.dsv'
[0.852s] INFO:colcon.colcon_core.shell:Creating environment hook '/home/om/gazebo_ur/install/trac_ik_kinematics_plugin/share/trac_ik_kinematics_plugin/hook/cmake_prefix_path.sh'
[0.853s] Level 1:colcon.colcon_core.environment:checking '/home/om/gazebo_ur/install/trac_ik_kinematics_plugin/lib'
[0.853s] Level 1:colcon.colcon_core.shell:create_environment_hook('trac_ik_kinematics_plugin', 'ld_library_path_lib')
[0.853s] INFO:colcon.colcon_core.shell:Creating environment hook '/home/om/gazebo_ur/install/trac_ik_kinematics_plugin/share/trac_ik_kinematics_plugin/hook/ld_library_path_lib.ps1'
[0.854s] INFO:colcon.colcon_core.shell:Creating environment descriptor '/home/om/gazebo_ur/install/trac_ik_kinematics_plugin/share/trac_ik_kinematics_plugin/hook/ld_library_path_lib.dsv'
[0.854s] INFO:colcon.colcon_core.shell:Creating environment hook '/home/om/gazebo_ur/install/trac_ik_kinematics_plugin/share/trac_ik_kinematics_plugin/hook/ld_library_path_lib.sh'
[0.854s] Level 1:colcon.colcon_core.environment:checking '/home/om/gazebo_ur/install/trac_ik_kinematics_plugin/bin'
[0.854s] Level 1:colcon.colcon_core.environment:checking '/home/om/gazebo_ur/install/trac_ik_kinematics_plugin/lib/pkgconfig/trac_ik_kinematics_plugin.pc'
[0.854s] Level 1:colcon.colcon_core.environment:checking '/home/om/gazebo_ur/install/trac_ik_kinematics_plugin/lib/python3.10/site-packages'
[0.855s] Level 1:colcon.colcon_core.environment:checking '/home/om/gazebo_ur/install/trac_ik_kinematics_plugin/bin'
[0.855s] INFO:colcon.colcon_core.shell:Creating package script '/home/om/gazebo_ur/install/trac_ik_kinematics_plugin/share/trac_ik_kinematics_plugin/package.ps1'
[0.855s] INFO:colcon.colcon_core.shell:Creating package descriptor '/home/om/gazebo_ur/install/trac_ik_kinematics_plugin/share/trac_ik_kinematics_plugin/package.dsv'
[0.856s] INFO:colcon.colcon_core.shell:Creating package script '/home/om/gazebo_ur/install/trac_ik_kinematics_plugin/share/trac_ik_kinematics_plugin/package.sh'
[0.856s] INFO:colcon.colcon_core.shell:Creating package script '/home/om/gazebo_ur/install/trac_ik_kinematics_plugin/share/trac_ik_kinematics_plugin/package.bash'
[0.856s] INFO:colcon.colcon_core.shell:Creating package script '/home/om/gazebo_ur/install/trac_ik_kinematics_plugin/share/trac_ik_kinematics_plugin/package.zsh'
[0.856s] Level 1:colcon.colcon_core.environment:create_file_with_runtime_dependencies(/home/om/gazebo_ur/install/trac_ik_kinematics_plugin/share/colcon-core/packages/trac_ik_kinematics_plugin)
[0.857s] INFO:colcon.colcon_ros.task.ament_cmake.build:Building ROS package in '/home/om/gazebo_ur/src/ur_moveit_config' with build type 'ament_cmake'
[0.857s] INFO:colcon.colcon_cmake.task.cmake.build:Building CMake package in '/home/om/gazebo_ur/src/ur_moveit_config'
[0.857s] INFO:colcon.colcon_core.shell:Skip shell extension 'powershell' for command environment: Not usable outside of PowerShell
[0.857s] DEBUG:colcon.colcon_core.shell:Skip shell extension 'dsv' for command environment
[0.861s] INFO:colcon.colcon_ros.task.ament_cmake.build:Building ROS package in '/home/om/gazebo_ur/src/trac_ik/trac_ik' with build type 'ament_cmake'
[0.861s] INFO:colcon.colcon_cmake.task.cmake.build:Building CMake package in '/home/om/gazebo_ur/src/trac_ik/trac_ik'
[0.861s] INFO:colcon.colcon_core.shell:Skip shell extension 'powershell' for command environment: Not usable outside of PowerShell
[0.862s] DEBUG:colcon.colcon_core.shell:Skip shell extension 'dsv' for command environment
[0.871s] DEBUG:colcon.colcon_core.event_handler.log_command:Invoking command in '/home/om/gazebo_ur/build/ur_moveit_config': CMAKE_PREFIX_PATH=/home/om/gazebo_ur/install/trac_ik_kinematics_plugin:/home/om/gazebo_ur/install/trac_ik_lib:/home/om/gazebo_ur/install/ur_simulation_gazebo:/home/om/gazebo_ur/install/trac_ik:/home/om/gazebo_ur/install/robot_controller:/home/om/gazebo_ur/install/robot_controller_py:/opt/ros/humble /usr/bin/cmake --build /home/om/gazebo_ur/build/ur_moveit_config -- -j12 -l12
[0.875s] DEBUG:colcon.colcon_core.event_handler.log_command:Invoking command in '/home/om/gazebo_ur/build/trac_ik': CMAKE_PREFIX_PATH=/home/om/gazebo_ur/install/trac_ik_kinematics_plugin:/home/om/gazebo_ur/install/trac_ik_lib:/home/om/gazebo_ur/install/ur_simulation_gazebo:/home/om/gazebo_ur/install/trac_ik:/home/om/gazebo_ur/install/robot_controller:/home/om/gazebo_ur/install/robot_controller_py:/opt/ros/humble /usr/bin/cmake --build /home/om/gazebo_ur/build/trac_ik -- -j12 -l12
[0.912s] DEBUG:colcon.colcon_core.event_handler.log_command:Invoked command in '/home/om/gazebo_ur/build/ur_moveit_config' returned '0': CMAKE_PREFIX_PATH=/home/om/gazebo_ur/install/trac_ik_kinematics_plugin:/home/om/gazebo_ur/install/trac_ik_lib:/home/om/gazebo_ur/install/ur_simulation_gazebo:/home/om/gazebo_ur/install/trac_ik:/home/om/gazebo_ur/install/robot_controller:/home/om/gazebo_ur/install/robot_controller_py:/opt/ros/humble /usr/bin/cmake --build /home/om/gazebo_ur/build/ur_moveit_config -- -j12 -l12
[0.917s] DEBUG:colcon.colcon_core.event_handler.log_command:Invoked command in '/home/om/gazebo_ur/build/trac_ik' returned '0': CMAKE_PREFIX_PATH=/home/om/gazebo_ur/install/trac_ik_kinematics_plugin:/home/om/gazebo_ur/install/trac_ik_lib:/home/om/gazebo_ur/install/ur_simulation_gazebo:/home/om/gazebo_ur/install/trac_ik:/home/om/gazebo_ur/install/robot_controller:/home/om/gazebo_ur/install/robot_controller_py:/opt/ros/humble /usr/bin/cmake --build /home/om/gazebo_ur/build/trac_ik -- -j12 -l12
[0.931s] WARNING:colcon.colcon_cmake.task.cmake.build:Could not run installation step for package 'ur_moveit_config' because it has no 'install' target
[0.932s] Level 1:colcon.colcon_core.environment:create_environment_scripts_only(ur_moveit_config)
[0.932s] Level 1:colcon.colcon_core.environment:checking '/home/om/gazebo_ur/install/ur_moveit_config' for CMake module files
[0.932s] Level 1:colcon.colcon_core.environment:checking '/home/om/gazebo_ur/install/ur_moveit_config' for CMake config files
[0.933s] Level 1:colcon.colcon_core.environment:checking '/home/om/gazebo_ur/install/ur_moveit_config/bin'
[0.933s] Level 1:colcon.colcon_core.environment:checking '/home/om/gazebo_ur/install/ur_moveit_config/lib/pkgconfig/ur_moveit_config.pc'
[0.933s] Level 1:colcon.colcon_core.environment:checking '/home/om/gazebo_ur/install/ur_moveit_config/lib/python3.10/site-packages'
[0.933s] Level 1:colcon.colcon_core.environment:checking '/home/om/gazebo_ur/install/ur_moveit_config/bin'
[0.933s] INFO:colcon.colcon_core.shell:Creating package script '/home/om/gazebo_ur/install/ur_moveit_config/share/ur_moveit_config/package.ps1'
[0.934s] INFO:colcon.colcon_core.shell:Creating package descriptor '/home/om/gazebo_ur/install/ur_moveit_config/share/ur_moveit_config/package.dsv'
[0.934s] INFO:colcon.colcon_core.shell:Creating package script '/home/om/gazebo_ur/install/ur_moveit_config/share/ur_moveit_config/package.sh'
[0.934s] INFO:colcon.colcon_core.shell:Creating package script '/home/om/gazebo_ur/install/ur_moveit_config/share/ur_moveit_config/package.bash'
[0.935s] INFO:colcon.colcon_core.shell:Creating package script '/home/om/gazebo_ur/install/ur_moveit_config/share/ur_moveit_config/package.zsh'
[0.935s] Level 1:colcon.colcon_core.environment:create_file_with_runtime_dependencies(/home/om/gazebo_ur/install/ur_moveit_config/share/colcon-core/packages/ur_moveit_config)
[0.943s] DEBUG:colcon.colcon_core.event_handler.log_command:Invoking command in '/home/om/gazebo_ur/build/trac_ik': CMAKE_PREFIX_PATH=/home/om/gazebo_ur/install/trac_ik_kinematics_plugin:/home/om/gazebo_ur/install/trac_ik_lib:/home/om/gazebo_ur/install/ur_simulation_gazebo:/home/om/gazebo_ur/install/trac_ik:/home/om/gazebo_ur/install/robot_controller:/home/om/gazebo_ur/install/robot_controller_py:/opt/ros/humble /usr/bin/cmake --install /home/om/gazebo_ur/build/trac_ik
[0.953s] Level 1:colcon.colcon_core.environment:create_environment_scripts_only(ur_moveit_config)
[0.954s] Level 1:colcon.colcon_core.environment:checking '/home/om/gazebo_ur/install/ur_moveit_config' for CMake module files
[0.954s] Level 1:colcon.colcon_core.environment:checking '/home/om/gazebo_ur/install/ur_moveit_config' for CMake config files
[0.954s] Level 1:colcon.colcon_core.environment:checking '/home/om/gazebo_ur/install/ur_moveit_config/bin'
[0.955s] Level 1:colcon.colcon_core.environment:checking '/home/om/gazebo_ur/install/ur_moveit_config/lib/pkgconfig/ur_moveit_config.pc'
[0.955s] Level 1:colcon.colcon_core.environment:checking '/home/om/gazebo_ur/install/ur_moveit_config/lib/python3.10/site-packages'
[0.955s] Level 1:colcon.colcon_core.environment:checking '/home/om/gazebo_ur/install/ur_moveit_config/bin'
[0.955s] INFO:colcon.colcon_core.shell:Creating package script '/home/om/gazebo_ur/install/ur_moveit_config/share/ur_moveit_config/package.ps1'
[0.955s] INFO:colcon.colcon_core.shell:Creating package descriptor '/home/om/gazebo_ur/install/ur_moveit_config/share/ur_moveit_config/package.dsv'
[0.956s] INFO:colcon.colcon_core.shell:Creating package script '/home/om/gazebo_ur/install/ur_moveit_config/share/ur_moveit_config/package.sh'
[0.956s] INFO:colcon.colcon_core.shell:Creating package script '/home/om/gazebo_ur/install/ur_moveit_config/share/ur_moveit_config/package.bash'
[0.956s] INFO:colcon.colcon_core.shell:Creating package script '/home/om/gazebo_ur/install/ur_moveit_config/share/ur_moveit_config/package.zsh'
[0.956s] Level 1:colcon.colcon_core.environment:create_file_with_runtime_dependencies(/home/om/gazebo_ur/install/ur_moveit_config/share/colcon-core/packages/ur_moveit_config)
[0.957s] INFO:colcon.colcon_ros.task.ament_cmake.build:Building ROS package in '/home/om/gazebo_ur/src/Universal_Robots_ROS2_Gazebo_Simulation/ur_simulation_gazebo' with build type 'ament_cmake'
[0.957s] INFO:colcon.colcon_cmake.task.cmake.build:Building CMake package in '/home/om/gazebo_ur/src/Universal_Robots_ROS2_Gazebo_Simulation/ur_simulation_gazebo'
[0.957s] INFO:colcon.colcon_core.shell:Skip shell extension 'powershell' for command environment: Not usable outside of PowerShell
[0.957s] DEBUG:colcon.colcon_core.shell:Skip shell extension 'dsv' for command environment
[0.961s] Level 1:colcon.colcon_core.environment:create_environment_scripts_only(trac_ik)
[0.961s] Level 1:colcon.colcon_core.environment:checking '/home/om/gazebo_ur/install/trac_ik' for CMake module files
[0.962s] DEBUG:colcon.colcon_core.event_handler.log_command:Invoked command in '/home/om/gazebo_ur/build/trac_ik' returned '0': CMAKE_PREFIX_PATH=/home/om/gazebo_ur/install/trac_ik_kinematics_plugin:/home/om/gazebo_ur/install/trac_ik_lib:/home/om/gazebo_ur/install/ur_simulation_gazebo:/home/om/gazebo_ur/install/trac_ik:/home/om/gazebo_ur/install/robot_controller:/home/om/gazebo_ur/install/robot_controller_py:/opt/ros/humble /usr/bin/cmake --install /home/om/gazebo_ur/build/trac_ik
[0.962s] Level 1:colcon.colcon_core.environment:checking '/home/om/gazebo_ur/install/trac_ik' for CMake config files
[0.962s] Level 1:colcon.colcon_core.shell:create_environment_hook('trac_ik', 'cmake_prefix_path')
[0.963s] INFO:colcon.colcon_core.shell:Creating environment hook '/home/om/gazebo_ur/install/trac_ik/share/trac_ik/hook/cmake_prefix_path.ps1'
[0.963s] INFO:colcon.colcon_core.shell:Creating environment descriptor '/home/om/gazebo_ur/install/trac_ik/share/trac_ik/hook/cmake_prefix_path.dsv'
[0.963s] INFO:colcon.colcon_core.shell:Creating environment hook '/home/om/gazebo_ur/install/trac_ik/share/trac_ik/hook/cmake_prefix_path.sh'
[0.964s] Level 1:colcon.colcon_core.environment:checking '/home/om/gazebo_ur/install/trac_ik/bin'
[0.964s] Level 1:colcon.colcon_core.environment:checking '/home/om/gazebo_ur/install/trac_ik/lib/pkgconfig/trac_ik.pc'
[0.964s] Level 1:colcon.colcon_core.environment:checking '/home/om/gazebo_ur/install/trac_ik/lib/python3.10/site-packages'
[0.965s] Level 1:colcon.colcon_core.environment:checking '/home/om/gazebo_ur/install/trac_ik/bin'
[0.965s] INFO:colcon.colcon_core.shell:Creating package script '/home/om/gazebo_ur/install/trac_ik/share/trac_ik/package.ps1'
[0.965s] INFO:colcon.colcon_core.shell:Creating package descriptor '/home/om/gazebo_ur/install/trac_ik/share/trac_ik/package.dsv'
[0.965s] INFO:colcon.colcon_core.shell:Creating package script '/home/om/gazebo_ur/install/trac_ik/share/trac_ik/package.sh'
[0.966s] INFO:colcon.colcon_core.shell:Creating package script '/home/om/gazebo_ur/install/trac_ik/share/trac_ik/package.bash'
[0.966s] INFO:colcon.colcon_core.shell:Creating package script '/home/om/gazebo_ur/install/trac_ik/share/trac_ik/package.zsh'
[0.966s] Level 1:colcon.colcon_core.environment:create_file_with_runtime_dependencies(/home/om/gazebo_ur/install/trac_ik/share/colcon-core/packages/trac_ik)
[0.970s] DEBUG:colcon.colcon_core.event_handler.log_command:Invoking command in '/home/om/gazebo_ur/build/ur_simulation_gazebo': CMAKE_PREFIX_PATH=/home/om/gazebo_ur/install/trac_ik_kinematics_plugin:/home/om/gazebo_ur/install/trac_ik_lib:/home/om/gazebo_ur/install/ur_simulation_gazebo:/home/om/gazebo_ur/install/trac_ik:/home/om/gazebo_ur/install/robot_controller:/home/om/gazebo_ur/install/robot_controller_py:/opt/ros/humble /usr/bin/cmake --build /home/om/gazebo_ur/build/ur_simulation_gazebo -- -j12 -l12
[0.991s] Level 1:colcon.colcon_core.environment:create_environment_scripts_only(trac_ik)
[0.992s] Level 1:colcon.colcon_core.environment:checking '/home/om/gazebo_ur/install/trac_ik' for CMake module files
[0.992s] Level 1:colcon.colcon_core.environment:checking '/home/om/gazebo_ur/install/trac_ik' for CMake config files
[0.993s] Level 1:colcon.colcon_core.shell:create_environment_hook('trac_ik', 'cmake_prefix_path')
[0.993s] INFO:colcon.colcon_core.shell:Creating environment hook '/home/om/gazebo_ur/install/trac_ik/share/trac_ik/hook/cmake_prefix_path.ps1'
[0.993s] INFO:colcon.colcon_core.shell:Creating environment descriptor '/home/om/gazebo_ur/install/trac_ik/share/trac_ik/hook/cmake_prefix_path.dsv'
[0.993s] INFO:colcon.colcon_core.shell:Creating environment hook '/home/om/gazebo_ur/install/trac_ik/share/trac_ik/hook/cmake_prefix_path.sh'
[0.994s] Level 1:colcon.colcon_core.environment:checking '/home/om/gazebo_ur/install/trac_ik/bin'
[0.994s] Level 1:colcon.colcon_core.environment:checking '/home/om/gazebo_ur/install/trac_ik/lib/pkgconfig/trac_ik.pc'
[0.994s] Level 1:colcon.colcon_core.environment:checking '/home/om/gazebo_ur/install/trac_ik/lib/python3.10/site-packages'
[0.994s] Level 1:colcon.colcon_core.environment:checking '/home/om/gazebo_ur/install/trac_ik/bin'
[0.995s] INFO:colcon.colcon_core.shell:Creating package script '/home/om/gazebo_ur/install/trac_ik/share/trac_ik/package.ps1'
[0.995s] INFO:colcon.colcon_core.shell:Creating package descriptor '/home/om/gazebo_ur/install/trac_ik/share/trac_ik/package.dsv'
[0.995s] INFO:colcon.colcon_core.shell:Creating package script '/home/om/gazebo_ur/install/trac_ik/share/trac_ik/package.sh'
[0.996s] INFO:colcon.colcon_core.shell:Creating package script '/home/om/gazebo_ur/install/trac_ik/share/trac_ik/package.bash'
[0.996s] INFO:colcon.colcon_core.shell:Creating package script '/home/om/gazebo_ur/install/trac_ik/share/trac_ik/package.zsh'
[0.997s] Level 1:colcon.colcon_core.environment:create_file_with_runtime_dependencies(/home/om/gazebo_ur/install/trac_ik/share/colcon-core/packages/trac_ik)
[1.011s] DEBUG:colcon.colcon_core.event_handler.log_command:Invoked command in '/home/om/gazebo_ur/build/ur_simulation_gazebo' returned '0': CMAKE_PREFIX_PATH=/home/om/gazebo_ur/install/trac_ik_kinematics_plugin:/home/om/gazebo_ur/install/trac_ik_lib:/home/om/gazebo_ur/install/ur_simulation_gazebo:/home/om/gazebo_ur/install/trac_ik:/home/om/gazebo_ur/install/robot_controller:/home/om/gazebo_ur/install/robot_controller_py:/opt/ros/humble /usr/bin/cmake --build /home/om/gazebo_ur/build/ur_simulation_gazebo -- -j12 -l12
[1.036s] DEBUG:colcon.colcon_core.event_handler.log_command:Invoking command in '/home/om/gazebo_ur/build/ur_simulation_gazebo': CMAKE_PREFIX_PATH=/home/om/gazebo_ur/install/trac_ik_kinematics_plugin:/home/om/gazebo_ur/install/trac_ik_lib:/home/om/gazebo_ur/install/ur_simulation_gazebo:/home/om/gazebo_ur/install/trac_ik:/home/om/gazebo_ur/install/robot_controller:/home/om/gazebo_ur/install/robot_controller_py:/opt/ros/humble /usr/bin/cmake --install /home/om/gazebo_ur/build/ur_simulation_gazebo
[1.047s] Level 1:colcon.colcon_core.environment:create_environment_scripts_only(ur_simulation_gazebo)
[1.047s] Level 1:colcon.colcon_core.environment:checking '/home/om/gazebo_ur/install/ur_simulation_gazebo' for CMake module files
[1.048s] DEBUG:colcon.colcon_core.event_handler.log_command:Invoked command in '/home/om/gazebo_ur/build/ur_simulation_gazebo' returned '0': CMAKE_PREFIX_PATH=/home/om/gazebo_ur/install/trac_ik_kinematics_plugin:/home/om/gazebo_ur/install/trac_ik_lib:/home/om/gazebo_ur/install/ur_simulation_gazebo:/home/om/gazebo_ur/install/trac_ik:/home/om/gazebo_ur/install/robot_controller:/home/om/gazebo_ur/install/robot_controller_py:/opt/ros/humble /usr/bin/cmake --install /home/om/gazebo_ur/build/ur_simulation_gazebo
[1.048s] Level 1:colcon.colcon_core.environment:checking '/home/om/gazebo_ur/install/ur_simulation_gazebo' for CMake config files
[1.049s] Level 1:colcon.colcon_core.shell:create_environment_hook('ur_simulation_gazebo', 'cmake_prefix_path')
[1.049s] INFO:colcon.colcon_core.shell:Creating environment hook '/home/om/gazebo_ur/install/ur_simulation_gazebo/share/ur_simulation_gazebo/hook/cmake_prefix_path.ps1'
[1.049s] INFO:colcon.colcon_core.shell:Creating environment descriptor '/home/om/gazebo_ur/install/ur_simulation_gazebo/share/ur_simulation_gazebo/hook/cmake_prefix_path.dsv'
[1.050s] INFO:colcon.colcon_core.shell:Creating environment hook '/home/om/gazebo_ur/install/ur_simulation_gazebo/share/ur_simulation_gazebo/hook/cmake_prefix_path.sh'
[1.050s] Level 1:colcon.colcon_core.environment:checking '/home/om/gazebo_ur/install/ur_simulation_gazebo/bin'
[1.050s] Level 1:colcon.colcon_core.environment:checking '/home/om/gazebo_ur/install/ur_simulation_gazebo/lib/pkgconfig/ur_simulation_gazebo.pc'
[1.051s] Level 1:colcon.colcon_core.environment:checking '/home/om/gazebo_ur/install/ur_simulation_gazebo/lib/python3.10/site-packages'
[1.051s] Level 1:colcon.colcon_core.environment:checking '/home/om/gazebo_ur/install/ur_simulation_gazebo/bin'
[1.051s] INFO:colcon.colcon_core.shell:Creating package script '/home/om/gazebo_ur/install/ur_simulation_gazebo/share/ur_simulation_gazebo/package.ps1'
[1.051s] INFO:colcon.colcon_core.shell:Creating package descriptor '/home/om/gazebo_ur/install/ur_simulation_gazebo/share/ur_simulation_gazebo/package.dsv'
[1.052s] INFO:colcon.colcon_core.shell:Creating package script '/home/om/gazebo_ur/install/ur_simulation_gazebo/share/ur_simulation_gazebo/package.sh'
[1.052s] INFO:colcon.colcon_core.shell:Creating package script '/home/om/gazebo_ur/install/ur_simulation_gazebo/share/ur_simulation_gazebo/package.bash'
[1.053s] INFO:colcon.colcon_core.shell:Creating package script '/home/om/gazebo_ur/install/ur_simulation_gazebo/share/ur_simulation_gazebo/package.zsh'
[1.053s] Level 1:colcon.colcon_core.environment:create_file_with_runtime_dependencies(/home/om/gazebo_ur/install/ur_simulation_gazebo/share/colcon-core/packages/ur_simulation_gazebo)
[1.079s] Level 1:colcon.colcon_core.environment:create_environment_scripts_only(ur_simulation_gazebo)
[1.079s] Level 1:colcon.colcon_core.environment:checking '/home/om/gazebo_ur/install/ur_simulation_gazebo' for CMake module files
[1.080s] Level 1:colcon.colcon_core.environment:checking '/home/om/gazebo_ur/install/ur_simulation_gazebo' for CMake config files
[1.080s] Level 1:colcon.colcon_core.shell:create_environment_hook('ur_simulation_gazebo', 'cmake_prefix_path')
[1.080s] INFO:colcon.colcon_core.shell:Creating environment hook '/home/om/gazebo_ur/install/ur_simulation_gazebo/share/ur_simulation_gazebo/hook/cmake_prefix_path.ps1'
[1.081s] INFO:colcon.colcon_core.shell:Creating environment descriptor '/home/om/gazebo_ur/install/ur_simulation_gazebo/share/ur_simulation_gazebo/hook/cmake_prefix_path.dsv'
[1.081s] INFO:colcon.colcon_core.shell:Creating environment hook '/home/om/gazebo_ur/install/ur_simulation_gazebo/share/ur_simulation_gazebo/hook/cmake_prefix_path.sh'
[1.082s] Level 1:colcon.colcon_core.environment:checking '/home/om/gazebo_ur/install/ur_simulation_gazebo/bin'
[1.082s] Level 1:colcon.colcon_core.environment:checking '/home/om/gazebo_ur/install/ur_simulation_gazebo/lib/pkgconfig/ur_simulation_gazebo.pc'
[1.082s] Level 1:colcon.colcon_core.environment:checking '/home/om/gazebo_ur/install/ur_simulation_gazebo/lib/python3.10/site-packages'
[1.082s] Level 1:colcon.colcon_core.environment:checking '/home/om/gazebo_ur/install/ur_simulation_gazebo/bin'
[1.083s] INFO:colcon.colcon_core.shell:Creating package script '/home/om/gazebo_ur/install/ur_simulation_gazebo/share/ur_simulation_gazebo/package.ps1'
[1.083s] INFO:colcon.colcon_core.shell:Creating package descriptor '/home/om/gazebo_ur/install/ur_simulation_gazebo/share/ur_simulation_gazebo/package.dsv'
[1.084s] INFO:colcon.colcon_core.shell:Creating package script '/home/om/gazebo_ur/install/ur_simulation_gazebo/share/ur_simulation_gazebo/package.sh'
[1.084s] INFO:colcon.colcon_core.shell:Creating package script '/home/om/gazebo_ur/install/ur_simulation_gazebo/share/ur_simulation_gazebo/package.bash'
[1.085s] INFO:colcon.colcon_core.shell:Creating package script '/home/om/gazebo_ur/install/ur_simulation_gazebo/share/ur_simulation_gazebo/package.zsh'
[1.085s] Level 1:colcon.colcon_core.environment:create_file_with_runtime_dependencies(/home/om/gazebo_ur/install/ur_simulation_gazebo/share/colcon-core/packages/ur_simulation_gazebo)
[7.405s] DEBUG:colcon.colcon_core.event_handler.log_command:Invoked command in '/home/om/gazebo_ur/build/robot_controller' returned '0': CMAKE_PREFIX_PATH=${CMAKE_PREFIX_PATH}:/home/om/gazebo_ur/install/robot_controller_py:/opt/ros/humble /usr/bin/cmake --build /home/om/gazebo_ur/build/robot_controller -- -j12 -l12
[7.436s] DEBUG:colcon.colcon_core.event_handler.log_command:Invoking command in '/home/om/gazebo_ur/build/robot_controller': CMAKE_PREFIX_PATH=${CMAKE_PREFIX_PATH}:/home/om/gazebo_ur/install/robot_controller_py:/opt/ros/humble /usr/bin/cmake --install /home/om/gazebo_ur/build/robot_controller
[7.449s] Level 1:colcon.colcon_core.environment:create_environment_scripts_only(robot_controller)
[7.450s] Level 1:colcon.colcon_core.environment:checking '/home/om/gazebo_ur/install/robot_controller' for CMake module files
[7.450s] DEBUG:colcon.colcon_core.event_handler.log_command:Invoked command in '/home/om/gazebo_ur/build/robot_controller' returned '0': CMAKE_PREFIX_PATH=${CMAKE_PREFIX_PATH}:/home/om/gazebo_ur/install/robot_controller_py:/opt/ros/humble /usr/bin/cmake --install /home/om/gazebo_ur/build/robot_controller
[7.451s] Level 1:colcon.colcon_core.environment:checking '/home/om/gazebo_ur/install/robot_controller' for CMake config files
[7.451s] Level 1:colcon.colcon_core.shell:create_environment_hook('robot_controller', 'cmake_prefix_path')
[7.451s] INFO:colcon.colcon_core.shell:Creating environment hook '/home/om/gazebo_ur/install/robot_controller/share/robot_controller/hook/cmake_prefix_path.ps1'
[7.452s] INFO:colcon.colcon_core.shell:Creating environment descriptor '/home/om/gazebo_ur/install/robot_controller/share/robot_controller/hook/cmake_prefix_path.dsv'
[7.452s] INFO:colcon.colcon_core.shell:Creating environment hook '/home/om/gazebo_ur/install/robot_controller/share/robot_controller/hook/cmake_prefix_path.sh'
[7.453s] Level 1:colcon.colcon_core.environment:checking '/home/om/gazebo_ur/install/robot_controller/lib'
[7.453s] Level 1:colcon.colcon_core.environment:checking '/home/om/gazebo_ur/install/robot_controller/bin'
[7.453s] Level 1:colcon.colcon_core.environment:checking '/home/om/gazebo_ur/install/robot_controller/lib/pkgconfig/robot_controller.pc'
[7.453s] Level 1:colcon.colcon_core.environment:checking '/home/om/gazebo_ur/install/robot_controller/lib/python3.10/site-packages'
[7.453s] Level 1:colcon.colcon_core.environment:checking '/home/om/gazebo_ur/install/robot_controller/bin'
[7.453s] INFO:colcon.colcon_core.shell:Creating package script '/home/om/gazebo_ur/install/robot_controller/share/robot_controller/package.ps1'
[7.454s] INFO:colcon.colcon_core.shell:Creating package descriptor '/home/om/gazebo_ur/install/robot_controller/share/robot_controller/package.dsv'
[7.454s] INFO:colcon.colcon_core.shell:Creating package script '/home/om/gazebo_ur/install/robot_controller/share/robot_controller/package.sh'
[7.455s] INFO:colcon.colcon_core.shell:Creating package script '/home/om/gazebo_ur/install/robot_controller/share/robot_controller/package.bash'
[7.455s] INFO:colcon.colcon_core.shell:Creating package script '/home/om/gazebo_ur/install/robot_controller/share/robot_controller/package.zsh'
[7.455s] Level 1:colcon.colcon_core.environment:create_file_with_runtime_dependencies(/home/om/gazebo_ur/install/robot_controller/share/colcon-core/packages/robot_controller)
[7.485s] Level 1:colcon.colcon_core.environment:create_environment_scripts_only(robot_controller)
[7.485s] Level 1:colcon.colcon_core.environment:checking '/home/om/gazebo_ur/install/robot_controller' for CMake module files
[7.485s] Level 1:colcon.colcon_core.environment:checking '/home/om/gazebo_ur/install/robot_controller' for CMake config files
[7.485s] Level 1:colcon.colcon_core.shell:create_environment_hook('robot_controller', 'cmake_prefix_path')
[7.486s] INFO:colcon.colcon_core.shell:Creating environment hook '/home/om/gazebo_ur/install/robot_controller/share/robot_controller/hook/cmake_prefix_path.ps1'
[7.486s] INFO:colcon.colcon_core.shell:Creating environment descriptor '/home/om/gazebo_ur/install/robot_controller/share/robot_controller/hook/cmake_prefix_path.dsv'
[7.486s] INFO:colcon.colcon_core.shell:Creating environment hook '/home/om/gazebo_ur/install/robot_controller/share/robot_controller/hook/cmake_prefix_path.sh'
[7.487s] Level 1:colcon.colcon_core.environment:checking '/home/om/gazebo_ur/install/robot_controller/lib'
[7.487s] Level 1:colcon.colcon_core.environment:checking '/home/om/gazebo_ur/install/robot_controller/bin'
[7.487s] Level 1:colcon.colcon_core.environment:checking '/home/om/gazebo_ur/install/robot_controller/lib/pkgconfig/robot_controller.pc'
[7.487s] Level 1:colcon.colcon_core.environment:checking '/home/om/gazebo_ur/install/robot_controller/lib/python3.10/site-packages'
[7.487s] Level 1:colcon.colcon_core.environment:checking '/home/om/gazebo_ur/install/robot_controller/bin'
[7.487s] INFO:colcon.colcon_core.shell:Creating package script '/home/om/gazebo_ur/install/robot_controller/share/robot_controller/package.ps1'
[7.488s] INFO:colcon.colcon_core.shell:Creating package descriptor '/home/om/gazebo_ur/install/robot_controller/share/robot_controller/package.dsv'
[7.488s] INFO:colcon.colcon_core.shell:Creating package script '/home/om/gazebo_ur/install/robot_controller/share/robot_controller/package.sh'
[7.488s] INFO:colcon.colcon_core.shell:Creating package script '/home/om/gazebo_ur/install/robot_controller/share/robot_controller/package.bash'
[7.489s] INFO:colcon.colcon_core.shell:Creating package script '/home/om/gazebo_ur/install/robot_controller/share/robot_controller/package.zsh'
[7.489s] Level 1:colcon.colcon_core.environment:create_file_with_runtime_dependencies(/home/om/gazebo_ur/install/robot_controller/share/colcon-core/packages/robot_controller)
[7.490s] DEBUG:colcon.colcon_parallel_executor.executor.parallel:closing loop
[7.490s] DEBUG:colcon.colcon_parallel_executor.executor.parallel:loop closed
[7.490s] DEBUG:colcon.colcon_parallel_executor.executor.parallel:run_until_complete finished with '0'
[7.490s] DEBUG:colcon.colcon_core.event_reactor:joining thread
[7.495s] INFO:colcon.colcon_core.plugin_system:Skipping extension 'colcon_notification.desktop_notification.terminal_notifier': Not used on non-Darwin systems
[7.495s] INFO:colcon.colcon_core.plugin_system:Skipping extension 'colcon_notification.desktop_notification.win32': Not used on non-Windows systems
[7.495s] INFO:colcon.colcon_notification.desktop_notification:Sending desktop notification using 'notify2'
[7.511s] DEBUG:colcon.colcon_core.event_reactor:joined thread
[7.511s] INFO:colcon.colcon_core.shell:Creating prefix script '/home/om/gazebo_ur/install/local_setup.ps1'
[7.514s] INFO:colcon.colcon_core.shell:Creating prefix util module '/home/om/gazebo_ur/install/_local_setup_util_ps1.py'
[7.517s] INFO:colcon.colcon_core.shell:Creating prefix chain script '/home/om/gazebo_ur/install/setup.ps1'
[7.519s] INFO:colcon.colcon_core.shell:Creating prefix script '/home/om/gazebo_ur/install/local_setup.sh'
[7.520s] INFO:colcon.colcon_core.shell:Creating prefix util module '/home/om/gazebo_ur/install/_local_setup_util_sh.py'
[7.521s] INFO:colcon.colcon_core.shell:Creating prefix chain script '/home/om/gazebo_ur/install/setup.sh'
[7.523s] INFO:colcon.colcon_core.shell:Creating prefix script '/home/om/gazebo_ur/install/local_setup.bash'
[7.524s] INFO:colcon.colcon_core.shell:Creating prefix chain script '/home/om/gazebo_ur/install/setup.bash'
[7.526s] INFO:colcon.colcon_core.shell:Creating prefix script '/home/om/gazebo_ur/install/local_setup.zsh'
[7.527s] INFO:colcon.colcon_core.shell:Creating prefix chain script '/home/om/gazebo_ur/install/setup.zsh'
