[0.017s] Invoking command in '/home/om/gazebo_ur/build/robot_controller': CMAKE_PREFIX_PATH=${CMAKE_PREFIX_PATH}:/opt/ros/humble /usr/bin/cmake --build /home/om/gazebo_ur/build/robot_controller -- -j12 -l12
[0.045s] -- Found ament_cmake: 1.3.9 (/opt/ros/humble/share/ament_cmake/cmake)
[0.150s] -- Found rclcpp: 16.0.9 (/opt/ros/humble/share/rclcpp/cmake)
[0.177s] -- Found rosidl_generator_c: 3.1.5 (/opt/ros/humble/share/rosidl_generator_c/cmake)
[0.179s] -- Found rosidl_adapter: 3.1.5 (/opt/ros/humble/share/rosidl_adapter/cmake)
[0.184s] -- Found rosidl_generator_cpp: 3.1.5 (/opt/ros/humble/share/rosidl_generator_cpp/cmake)
[0.194s] -- Using all available rosidl_typesupport_c: rosidl_typesupport_fastrtps_c;rosidl_typesupport_introspection_c
[0.209s] -- Using all available rosidl_typesupport_cpp: rosidl_typesupport_fastrtps_cpp;rosidl_typesupport_introspection_cpp
[0.270s] -- Found rmw_implementation_cmake: 6.1.2 (/opt/ros/humble/share/rmw_implementation_cmake/cmake)
[0.273s] -- Found rmw_fastrtps_cpp: 6.2.6 (/opt/ros/humble/share/rmw_fastrtps_cpp/cmake)
[0.400s] -- Using RMW implementation 'rmw_fastrtps_cpp' as default
[0.549s] -- Found moveit_core: 2.5.5 (/opt/ros/humble/share/moveit_core/cmake)
[0.563s] -- Found Boost: /usr/lib/x86_64-linux-gnu/cmake/Boost-1.74.0/BoostConfig.cmake (found version "1.74.0") found components: chrono date_time filesystem iostreams program_options regex serialization system thread 
[0.570s] -- Found parameter_traits: 0.3.8 (/opt/ros/humble/share/parameter_traits/cmake)
[0.582s] -- Found rclcpp_lifecycle: 16.0.9 (/opt/ros/humble/share/rclcpp_lifecycle/cmake)
[0.634s] -- Found Boost: /usr/lib/x86_64-linux-gnu/cmake/Boost-1.74.0/BoostConfig.cmake (found version "1.74.0") found components: filesystem 
[0.720s] -- library: /usr/lib/x86_64-linux-gnu/libcurl.so
[1.008s] -- Ensuring Eigen3 include directory is part of orocos-kdl CMake target
[2.010s] -- Found moveit_ros_planning_interface: 2.5.5 (/opt/ros/humble/share/moveit_ros_planning_interface/cmake)
[2.014s] -- Found Boost: /usr/lib/x86_64-linux-gnu/cmake/Boost-1.74.0/BoostConfig.cmake (found version "1.74.0") found components: date_time filesystem program_options system thread 
[2.111s] -- Found Boost: /usr/lib/x86_64-linux-gnu/cmake/Boost-1.74.0/BoostConfig.cmake (found version "1.74.0") found components: system filesystem date_time program_options thread chrono 
[2.600s] -- Found Boost: /usr/lib/x86_64-linux-gnu/cmake/Boost-1.74.0/BoostConfig.cmake (found version "1.74.0") found components: thread system filesystem regex date_time program_options 
[2.825s] -- Found Boost: /usr/lib/x86_64-linux-gnu/cmake/Boost-1.74.0/BoostConfig.cmake (found version "1.74.0") found components: system filesystem date_time program_options thread 
[3.215s] -- Found ament_lint_auto: 0.12.11 (/opt/ros/humble/share/ament_lint_auto/cmake)
[3.274s] -- Added test 'cppcheck' to perform static code analysis on C / C++ code
[3.274s] -- Configured cppcheck include dirs: 
[3.274s] -- Configured cppcheck exclude dirs and/or files: 
[3.274s] -- Added test 'lint_cmake' to check CMake code style
[3.275s] -- Added test 'uncrustify' to check C / C++ code style
[3.275s] -- Configured uncrustify additional arguments: 
[3.275s] -- Added test 'xmllint' to check XML markup files
[3.276s] -- Configuring done
[3.302s] -- Generating done
[3.304s] -- Build files have been written to: /home/om/gazebo_ur/build/robot_controller
[3.336s] [35m[1mConsolidate compiler generated dependencies of target move_robot[0m
[3.369s] [ 50%] [32mBuilding CXX object CMakeFiles/move_robot.dir/src/move_robot.cpp.o[0m
[7.340s] [01m[K/home/om/gazebo_ur/src/robot_controller/src/move_robot.cpp:[m[K In constructor ‘[01m[Kmove_robot::move_robot()[m[K’:
[7.340s] [01m[K/home/om/gazebo_ur/src/robot_controller/src/move_robot.cpp:29:99:[m[K [01;35m[Kwarning: [m[K‘[01m[Kusing MoveItErrorCode = class moveit::core::MoveItErrorCode[m[K’ is deprecated: Use moveit::core::MoveItErrorCode [[01;35m[K]8;;https://gcc.gnu.org/onlinedocs/gcc/Warning-Options.html#index-Wdeprecated-declarations-Wdeprecated-declarations]8;;[m[K]
[7.340s]    29 | ove_group_.plan(my_plan) == moveit::planning_interface::MoveItErrorCode::[01;35m[KSUCCESS[m[K);
[7.340s]       |                                                                          [01;35m[K^~~~~~~[m[K
[7.340s] 
[7.340s] In file included from [01m[K/home/om/gazebo_ur/src/robot_controller/src/move_robot.cpp:2[m[K:
[7.340s] [01m[K/opt/ros/humble/include/moveit/move_group_interface/move_group_interface.h:71:7:[m[K [01;36m[Knote: [m[Kdeclared here
[7.341s]    71 | using [01;36m[KMoveItErrorCode[m[K [[deprecated("Use moveit::core::MoveItErrorCode")]] = moveit::core::MoveItErrorCode;
[7.341s]       |       [01;36m[K^~~~~~~~~~~~~~~[m[K
[9.521s] [100%] [32m[1mLinking CXX executable move_robot[0m
[9.788s] [100%] Built target move_robot
[9.799s] Invoked command in '/home/om/gazebo_ur/build/robot_controller' returned '0': CMAKE_PREFIX_PATH=${CMAKE_PREFIX_PATH}:/opt/ros/humble /usr/bin/cmake --build /home/om/gazebo_ur/build/robot_controller -- -j12 -l12
[9.827s] Invoking command in '/home/om/gazebo_ur/build/robot_controller': CMAKE_PREFIX_PATH=${CMAKE_PREFIX_PATH}:/opt/ros/humble /usr/bin/cmake --install /home/om/gazebo_ur/build/robot_controller
[9.834s] -- Install configuration: ""
[9.834s] -- Installing: /home/om/gazebo_ur/install/robot_controller/lib/robot_controller/move_robot
[9.835s] -- Set runtime path of "/home/om/gazebo_ur/install/robot_controller/lib/robot_controller/move_robot" to ""
[9.835s] -- Installing: /home/om/gazebo_ur/install/robot_controller/share/ament_index/resource_index/package_run_dependencies/robot_controller
[9.835s] -- Installing: /home/om/gazebo_ur/install/robot_controller/share/ament_index/resource_index/parent_prefix_path/robot_controller
[9.835s] -- Up-to-date: /home/om/gazebo_ur/install/robot_controller/share/robot_controller/environment/ament_prefix_path.sh
[9.835s] -- Installing: /home/om/gazebo_ur/install/robot_controller/share/robot_controller/environment/ament_prefix_path.dsv
[9.836s] -- Up-to-date: /home/om/gazebo_ur/install/robot_controller/share/robot_controller/environment/path.sh
[9.836s] -- Installing: /home/om/gazebo_ur/install/robot_controller/share/robot_controller/environment/path.dsv
[9.836s] -- Up-to-date: /home/om/gazebo_ur/install/robot_controller/share/robot_controller/local_setup.bash
[9.836s] -- Up-to-date: /home/om/gazebo_ur/install/robot_controller/share/robot_controller/local_setup.sh
[9.836s] -- Up-to-date: /home/om/gazebo_ur/install/robot_controller/share/robot_controller/local_setup.zsh
[9.836s] -- Installing: /home/om/gazebo_ur/install/robot_controller/share/robot_controller/local_setup.dsv
[9.836s] -- Installing: /home/om/gazebo_ur/install/robot_controller/share/robot_controller/package.dsv
[9.836s] -- Up-to-date: /home/om/gazebo_ur/install/robot_controller/share/ament_index/resource_index/packages/robot_controller
[9.836s] -- Up-to-date: /home/om/gazebo_ur/install/robot_controller/share/robot_controller/cmake/robot_controllerConfig.cmake
[9.837s] -- Up-to-date: /home/om/gazebo_ur/install/robot_controller/share/robot_controller/cmake/robot_controllerConfig-version.cmake
[9.837s] -- Installing: /home/om/gazebo_ur/install/robot_controller/share/robot_controller/package.xml
[9.839s] Invoked command in '/home/om/gazebo_ur/build/robot_controller' returned '0': CMAKE_PREFIX_PATH=${CMAKE_PREFIX_PATH}:/opt/ros/humble /usr/bin/cmake --install /home/om/gazebo_ur/build/robot_controller
