[0.010s] Invoking command in '/home/om/gazebo_ur/build/trac_ik_lib': CMAKE_PREFIX_PATH=/opt/ros/humble /usr/bin/cmake /home/om/gazebo_ur/src/trac_ik/trac_ik_lib -DCMAKE_INSTALL_PREFIX=/home/om/gazebo_ur/install/trac_ik_lib
[0.066s] -- The C compiler identification is GNU 11.4.0
[0.116s] -- The CXX compiler identification is GNU 11.4.0
[0.123s] -- Detecting C compiler ABI info
[0.189s] -- Detecting C compiler ABI info - done
[0.195s] -- Check for working C compiler: /usr/bin/cc - skipped
[0.196s] -- Detecting C compile features
[0.196s] -- Detecting C compile features - done
[0.199s] -- Detecting CXX compiler ABI info
[0.273s] -- Detecting CXX compiler ABI info - done
[0.280s] -- Check for working CXX compiler: /usr/bin/c++ - skipped
[0.280s] -- Detecting CXX compile features
[0.280s] -- Detecting CXX compile features - done
[0.283s] -- Found ament_cmake: 1.3.9 (/opt/ros/humble/share/ament_cmake/cmake)
[0.410s] -- Found Python3: /usr/bin/python3 (found version "3.10.12") found components: Interpreter 
[0.494s] -- Found eigen3_cmake_module: 0.1.1 (/opt/ros/humble/share/eigen3_cmake_module/cmake)
[0.502s] -- Found Eigen3: TRUE (found version "3.4.0") 
[0.505s] -- Found kdl_parser: 2.6.4 (/opt/ros/humble/share/kdl_parser/cmake)
[0.519s] -- Ensuring Eigen3 include directory is part of orocos-kdl CMake target
[0.539s] [31mCMake Error at CMakeLists.txt:22 (find_package):
[0.539s]   By not providing "FindNLopt.cmake" in CMAKE_MODULE_PATH this project has
[0.540s]   asked CMake to find a package configuration file provided by "NLopt", but
[0.540s]   CMake did not find one.
[0.540s] 
[0.540s]   Could not find a package configuration file provided by "NLopt" with any of
[0.540s]   the following names:
[0.540s] 
[0.540s]     NLoptConfig.cmake
[0.540s]     nlopt-config.cmake
[0.540s] 
[0.540s]   Add the installation prefix of "NLopt" to CMAKE_PREFIX_PATH or set
[0.541s]   "NLopt_DIR" to a directory containing one of the above files.  If "NLopt"
[0.541s]   provides a separate development package or SDK, be sure it has been
[0.541s]   installed.
[0.541s] 
[0.541s] [0m
[0.541s] -- Configuring incomplete, errors occurred!
[0.541s] See also "/home/om/gazebo_ur/build/trac_ik_lib/CMakeFiles/CMakeOutput.log".
[0.545s] Invoked command in '/home/om/gazebo_ur/build/trac_ik_lib' returned '1': CMAKE_PREFIX_PATH=/opt/ros/humble /usr/bin/cmake /home/om/gazebo_ur/src/trac_ik/trac_ik_lib -DCMAKE_INSTALL_PREFIX=/home/om/gazebo_ur/install/trac_ik_lib
