[0.009s] Invoking command in '/home/om/gazebo_ur/build/ur_simulation_gazebo': CMAKE_PREFIX_PATH=/opt/ros/humble /usr/bin/cmake /home/om/gazebo_ur/src/Universal_Robots_ROS2_Gazebo_Simulation/ur_simulation_gazebo -DCMAKE_INSTALL_PREFIX=/home/om/gazebo_ur/install/ur_simulation_gazebo
[0.021s] -- Found ament_cmake: 1.3.9 (/opt/ros/humble/share/ament_cmake/cmake)
[0.117s] -- Override CMake install command with custom implementation using symlinks instead of copying resources
[0.129s] -- Found launch_testing_ament_cmake: 1.0.6 (/opt/ros/humble/share/launch_testing_ament_cmake/cmake)
[0.129s] -- Found python_cmake_module: 0.10.0 (/opt/ros/humble/share/python_cmake_module/cmake)
[0.152s] -- Using PYTHON_EXECUTABLE: /usr/bin/python3
[0.152s] -- Using PYTHON_INCLUDE_DIRS: /usr/include/python3.10
[0.152s] -- Using PYTHON_LIBRARIES: /usr/lib/x86_64-linux-gnu/libpython3.10.so
[0.153s] -- Found ament_cmake_pytest: 1.3.9 (/opt/ros/humble/share/ament_cmake_pytest/cmake)
[0.208s] -- Configuring done
[0.212s] -- Generating done
[0.214s] -- Build files have been written to: /home/om/gazebo_ur/build/ur_simulation_gazebo
[0.218s] Invoked command in '/home/om/gazebo_ur/build/ur_simulation_gazebo' returned '0': CMAKE_PREFIX_PATH=/opt/ros/humble /usr/bin/cmake /home/om/gazebo_ur/src/Universal_Robots_ROS2_Gazebo_Simulation/ur_simulation_gazebo -DCMAKE_INSTALL_PREFIX=/home/om/gazebo_ur/install/ur_simulation_gazebo
[0.220s] Invoking command in '/home/om/gazebo_ur/build/ur_simulation_gazebo': CMAKE_PREFIX_PATH=/opt/ros/humble /usr/bin/cmake --build /home/om/gazebo_ur/build/ur_simulation_gazebo -- -j12 -l12
[0.260s] Invoked command in '/home/om/gazebo_ur/build/ur_simulation_gazebo' returned '0': CMAKE_PREFIX_PATH=/opt/ros/humble /usr/bin/cmake --build /home/om/gazebo_ur/build/ur_simulation_gazebo -- -j12 -l12
[0.293s] Invoking command in '/home/om/gazebo_ur/build/ur_simulation_gazebo': CMAKE_PREFIX_PATH=/opt/ros/humble /usr/bin/cmake --install /home/om/gazebo_ur/build/ur_simulation_gazebo
[0.301s] -- Install configuration: ""
[0.302s] -- Execute custom install script
[0.302s] -- Up-to-date symlink: /home/om/gazebo_ur/install/ur_simulation_gazebo/share/ur_simulation_gazebo/config/ur_controllers.yaml
[0.302s] -- Up-to-date symlink: /home/om/gazebo_ur/install/ur_simulation_gazebo/share/ur_simulation_gazebo/launch/ur_sim_control.launch.py
[0.302s] -- Up-to-date symlink: /home/om/gazebo_ur/install/ur_simulation_gazebo/share/ur_simulation_gazebo/launch/ur_sim_moveit.launch.py
[0.303s] -- Up-to-date symlink: /home/om/gazebo_ur/install/ur_simulation_gazebo/share/ament_index/resource_index/package_run_dependencies/ur_simulation_gazebo
[0.303s] -- Up-to-date symlink: /home/om/gazebo_ur/install/ur_simulation_gazebo/share/ament_index/resource_index/parent_prefix_path/ur_simulation_gazebo
[0.303s] -- Up-to-date symlink: /home/om/gazebo_ur/install/ur_simulation_gazebo/share/ur_simulation_gazebo/environment/ament_prefix_path.sh
[0.303s] -- Up-to-date symlink: /home/om/gazebo_ur/install/ur_simulation_gazebo/share/ur_simulation_gazebo/environment/ament_prefix_path.dsv
[0.303s] -- Up-to-date symlink: /home/om/gazebo_ur/install/ur_simulation_gazebo/share/ur_simulation_gazebo/environment/path.sh
[0.303s] -- Up-to-date symlink: /home/om/gazebo_ur/install/ur_simulation_gazebo/share/ur_simulation_gazebo/environment/path.dsv
[0.304s] -- Up-to-date symlink: /home/om/gazebo_ur/install/ur_simulation_gazebo/share/ur_simulation_gazebo/local_setup.bash
[0.304s] -- Up-to-date symlink: /home/om/gazebo_ur/install/ur_simulation_gazebo/share/ur_simulation_gazebo/local_setup.sh
[0.304s] -- Up-to-date symlink: /home/om/gazebo_ur/install/ur_simulation_gazebo/share/ur_simulation_gazebo/local_setup.zsh
[0.304s] -- Up-to-date symlink: /home/om/gazebo_ur/install/ur_simulation_gazebo/share/ur_simulation_gazebo/local_setup.dsv
[0.304s] -- Symlinking: /home/om/gazebo_ur/install/ur_simulation_gazebo/share/ur_simulation_gazebo/package.dsv
[0.312s] -- Up-to-date symlink: /home/om/gazebo_ur/install/ur_simulation_gazebo/share/ament_index/resource_index/packages/ur_simulation_gazebo
[0.313s] -- Up-to-date symlink: /home/om/gazebo_ur/install/ur_simulation_gazebo/share/ur_simulation_gazebo/cmake/ur_simulation_gazeboConfig.cmake
[0.313s] -- Up-to-date symlink: /home/om/gazebo_ur/install/ur_simulation_gazebo/share/ur_simulation_gazebo/cmake/ur_simulation_gazeboConfig-version.cmake
[0.313s] -- Up-to-date symlink: /home/om/gazebo_ur/install/ur_simulation_gazebo/share/ur_simulation_gazebo/package.xml
[0.315s] Invoked command in '/home/om/gazebo_ur/build/ur_simulation_gazebo' returned '0': CMAKE_PREFIX_PATH=/opt/ros/humble /usr/bin/cmake --install /home/om/gazebo_ur/build/ur_simulation_gazebo
