[0.011s] Invoking command in '/home/om/gazebo_ur/build/trac_ik_lib': CMAKE_PREFIX_PATH=/opt/ros/humble /usr/bin/cmake /home/om/gazebo_ur/src/trac_ik/trac_ik_lib -DCMAKE_INSTALL_PREFIX=/home/om/gazebo_ur/install/trac_ik_lib
[0.095s] -- The C compiler identification is GNU 11.4.0
[0.170s] -- The CXX compiler identification is GNU 11.4.0
[0.180s] -- Detecting C compiler ABI info
[0.246s] -- Detecting C compiler ABI info - done
[0.252s] -- Check for working C compiler: /usr/bin/cc - skipped
[0.253s] -- Detecting C compile features
[0.253s] -- Detecting C compile features - done
[0.257s] -- Detecting CXX compiler ABI info
[0.333s] -- Detecting CXX compiler ABI info - done
[0.340s] -- Check for working CXX compiler: /usr/bin/c++ - skipped
[0.340s] -- Detecting CXX compile features
[0.341s] -- Detecting CXX compile features - done
[0.344s] -- Found ament_cmake: 1.3.9 (/opt/ros/humble/share/ament_cmake/cmake)
[0.471s] -- Found Python3: /usr/bin/python3 (found version "3.10.12") found components: Interpreter 
[0.557s] -- Found rclcpp: 16.0.9 (/opt/ros/humble/share/rclcpp/cmake)
[0.607s] -- Found rosidl_generator_c: 3.1.5 (/opt/ros/humble/share/rosidl_generator_c/cmake)
[0.613s] -- Found rosidl_adapter: 3.1.5 (/opt/ros/humble/share/rosidl_adapter/cmake)
[0.623s] -- Found rosidl_generator_cpp: 3.1.5 (/opt/ros/humble/share/rosidl_generator_cpp/cmake)
[0.638s] -- Using all available rosidl_typesupport_c: rosidl_typesupport_fastrtps_c;rosidl_typesupport_introspection_c
[0.661s] -- Using all available rosidl_typesupport_cpp: rosidl_typesupport_fastrtps_cpp;rosidl_typesupport_introspection_cpp
[0.736s] -- Found rmw_implementation_cmake: 6.1.2 (/opt/ros/humble/share/rmw_implementation_cmake/cmake)
[0.739s] -- Found rmw_fastrtps_cpp: 6.2.6 (/opt/ros/humble/share/rmw_fastrtps_cpp/cmake)
[0.849s] -- Found OpenSSL: /usr/lib/x86_64-linux-gnu/libcrypto.so (found version "3.0.2")  
[0.877s] -- Found FastRTPS: /opt/ros/humble/include  
[0.925s] -- Using RMW implementation 'rmw_fastrtps_cpp' as default
[0.938s] -- Looking for pthread.h
[1.012s] -- Looking for pthread.h - found
[1.013s] -- Performing Test CMAKE_HAVE_LIBC_PTHREAD
[1.081s] -- Performing Test CMAKE_HAVE_LIBC_PTHREAD - Success
[1.082s] -- Found Threads: TRUE  
[1.241s] -- Found geometry_msgs: 4.2.4 (/opt/ros/humble/share/geometry_msgs/cmake)
[1.284s] -- Found kdl_parser: 2.6.4 (/opt/ros/humble/share/kdl_parser/cmake)
[1.299s] -- Found eigen3_cmake_module: 0.1.1 (/opt/ros/humble/share/eigen3_cmake_module/cmake)
[1.300s] -- Found Eigen3: TRUE (found version "3.4.0") 
[1.300s] -- Ensuring Eigen3 include directory is part of orocos-kdl CMake target
[1.306s] -- Found urdf: 2.6.0 (/opt/ros/humble/share/urdf/cmake)
[1.352s] -- Found PkgConfig: /usr/bin/pkg-config (found version "0.29.2") 
[1.353s] -- Checking for module 'eigen3'
[1.370s] --   Found eigen3, version 3.4.0
[1.407s] -- Checking for module 'nlopt'
[1.421s] --   Found nlopt, version 2.7.1
[1.512s] -- Configuring done
[1.522s] -- Generating done
[1.524s] -- Build files have been written to: /home/om/gazebo_ur/build/trac_ik_lib
[1.533s] Invoked command in '/home/om/gazebo_ur/build/trac_ik_lib' returned '0': CMAKE_PREFIX_PATH=/opt/ros/humble /usr/bin/cmake /home/om/gazebo_ur/src/trac_ik/trac_ik_lib -DCMAKE_INSTALL_PREFIX=/home/om/gazebo_ur/install/trac_ik_lib
[1.534s] Invoking command in '/home/om/gazebo_ur/build/trac_ik_lib': CMAKE_PREFIX_PATH=/opt/ros/humble /usr/bin/cmake --build /home/om/gazebo_ur/build/trac_ik_lib -- -j12 -l12
[1.581s] [ 50%] [32mBuilding CXX object CMakeFiles/trac_ik.dir/src/nlopt_ik.cpp.o[0m
[1.581s] [ 50%] [32mBuilding CXX object CMakeFiles/trac_ik.dir/src/kdl_tl.cpp.o[0m
[1.582s] [ 75%] [32mBuilding CXX object CMakeFiles/trac_ik.dir/src/trac_ik.cpp.o[0m
[8.728s] [100%] [32m[1mLinking CXX shared library libtrac_ik.so[0m
[8.986s] [100%] Built target trac_ik
[8.997s] Invoked command in '/home/om/gazebo_ur/build/trac_ik_lib' returned '0': CMAKE_PREFIX_PATH=/opt/ros/humble /usr/bin/cmake --build /home/om/gazebo_ur/build/trac_ik_lib -- -j12 -l12
[9.027s] Invoking command in '/home/om/gazebo_ur/build/trac_ik_lib': CMAKE_PREFIX_PATH=/opt/ros/humble /usr/bin/cmake --install /home/om/gazebo_ur/build/trac_ik_lib
[9.034s] -- Install configuration: ""
[9.034s] -- Installing: /home/om/gazebo_ur/install/trac_ik_lib/include
[9.034s] -- Installing: /home/om/gazebo_ur/install/trac_ik_lib/include/trac_ik
[9.034s] -- Installing: /home/om/gazebo_ur/install/trac_ik_lib/include/trac_ik/math3d.h
[9.034s] -- Installing: /home/om/gazebo_ur/install/trac_ik_lib/include/trac_ik/nlopt_ik.hpp
[9.035s] -- Installing: /home/om/gazebo_ur/install/trac_ik_lib/include/trac_ik/trac_ik.hpp
[9.035s] -- Installing: /home/om/gazebo_ur/install/trac_ik_lib/include/trac_ik/kdl_tl.hpp
[9.035s] -- Installing: /home/om/gazebo_ur/install/trac_ik_lib/include/trac_ik/dual_quaternion.h
[9.035s] -- Installing: /home/om/gazebo_ur/install/trac_ik_lib/lib/libtrac_ik.so
[9.041s] -- Set runtime path of "/home/om/gazebo_ur/install/trac_ik_lib/lib/libtrac_ik.so" to ""
[9.041s] -- Installing: /home/om/gazebo_ur/install/trac_ik_lib/share/trac_ik_lib/environment/library_path.sh
[9.041s] -- Installing: /home/om/gazebo_ur/install/trac_ik_lib/share/trac_ik_lib/environment/library_path.dsv
[9.041s] -- Installing: /home/om/gazebo_ur/install/trac_ik_lib/share/ament_index/resource_index/package_run_dependencies/trac_ik_lib
[9.041s] -- Installing: /home/om/gazebo_ur/install/trac_ik_lib/share/ament_index/resource_index/parent_prefix_path/trac_ik_lib
[9.041s] -- Installing: /home/om/gazebo_ur/install/trac_ik_lib/share/trac_ik_lib/environment/ament_prefix_path.sh
[9.042s] -- Installing: /home/om/gazebo_ur/install/trac_ik_lib/share/trac_ik_lib/environment/ament_prefix_path.dsv
[9.042s] -- Installing: /home/om/gazebo_ur/install/trac_ik_lib/share/trac_ik_lib/environment/path.sh
[9.042s] -- Installing: /home/om/gazebo_ur/install/trac_ik_lib/share/trac_ik_lib/environment/path.dsv
[9.042s] -- Installing: /home/om/gazebo_ur/install/trac_ik_lib/share/trac_ik_lib/local_setup.bash
[9.042s] -- Installing: /home/om/gazebo_ur/install/trac_ik_lib/share/trac_ik_lib/local_setup.sh
[9.042s] -- Installing: /home/om/gazebo_ur/install/trac_ik_lib/share/trac_ik_lib/local_setup.zsh
[9.042s] -- Installing: /home/om/gazebo_ur/install/trac_ik_lib/share/trac_ik_lib/local_setup.dsv
[9.043s] -- Installing: /home/om/gazebo_ur/install/trac_ik_lib/share/trac_ik_lib/package.dsv
[9.043s] -- Installing: /home/om/gazebo_ur/install/trac_ik_lib/share/ament_index/resource_index/packages/trac_ik_lib
[9.043s] -- Installing: /home/om/gazebo_ur/install/trac_ik_lib/share/trac_ik_lib/cmake/export_trac_ik_libExport.cmake
[9.043s] -- Installing: /home/om/gazebo_ur/install/trac_ik_lib/share/trac_ik_lib/cmake/export_trac_ik_libExport-noconfig.cmake
[9.043s] -- Installing: /home/om/gazebo_ur/install/trac_ik_lib/share/trac_ik_lib/cmake/ament_cmake_export_libraries-extras.cmake
[9.043s] -- Installing: /home/om/gazebo_ur/install/trac_ik_lib/share/trac_ik_lib/cmake/ament_cmake_export_targets-extras.cmake
[9.044s] -- Installing: /home/om/gazebo_ur/install/trac_ik_lib/share/trac_ik_lib/cmake/ament_cmake_export_dependencies-extras.cmake
[9.044s] -- Installing: /home/om/gazebo_ur/install/trac_ik_lib/share/trac_ik_lib/cmake/ament_cmake_export_include_directories-extras.cmake
[9.044s] -- Installing: /home/om/gazebo_ur/install/trac_ik_lib/share/trac_ik_lib/cmake/trac_ik_libConfig.cmake
[9.044s] -- Installing: /home/om/gazebo_ur/install/trac_ik_lib/share/trac_ik_lib/cmake/trac_ik_libConfig-version.cmake
[9.044s] -- Installing: /home/om/gazebo_ur/install/trac_ik_lib/share/trac_ik_lib/package.xml
[9.046s] Invoked command in '/home/om/gazebo_ur/build/trac_ik_lib' returned '0': CMAKE_PREFIX_PATH=/opt/ros/humble /usr/bin/cmake --install /home/om/gazebo_ur/build/trac_ik_lib
