[0.014s] Invoking command in '/home/om/gazebo_ur/build/robot_controller': /usr/bin/cmake /home/om/gazebo_ur/src/robot_controller -DCMAKE_INSTALL_PREFIX=/home/om/gazebo_ur/install/robot_controller
[0.107s] -- The C compiler identification is GNU 11.4.0
[0.189s] -- The CXX compiler identification is GNU 11.4.0
[0.198s] -- Detecting C compiler ABI info
[0.271s] -- Detecting C compiler ABI info - done
[0.277s] -- Check for working C compiler: /usr/bin/cc - skipped
[0.278s] -- Detecting C compile features
[0.278s] -- Detecting C compile features - done
[0.282s] -- Detecting CXX compiler ABI info
[0.363s] -- Detecting CXX compiler ABI info - done
[0.370s] -- Check for working CXX compiler: /usr/bin/c++ - skipped
[0.370s] -- Detecting CXX compile features
[0.371s] -- Detecting CXX compile features - done
[0.374s] -- Found ament_cmake: 1.3.9 (/opt/ros/humble/share/ament_cmake/cmake)
[0.512s] -- Found Python3: /usr/bin/python3 (found version "3.10.12") found components: Interpreter 
[0.610s] -- Found rclcpp: 16.0.9 (/opt/ros/humble/share/rclcpp/cmake)
[0.667s] -- Found rosidl_generator_c: 3.1.5 (/opt/ros/humble/share/rosidl_generator_c/cmake)
[0.674s] -- Found rosidl_adapter: 3.1.5 (/opt/ros/humble/share/rosidl_adapter/cmake)
[0.686s] -- Found rosidl_generator_cpp: 3.1.5 (/opt/ros/humble/share/rosidl_generator_cpp/cmake)
[0.702s] -- Using all available rosidl_typesupport_c: rosidl_typesupport_fastrtps_c;rosidl_typesupport_introspection_c
[0.727s] -- Using all available rosidl_typesupport_cpp: rosidl_typesupport_fastrtps_cpp;rosidl_typesupport_introspection_cpp
[0.811s] -- Found rmw_implementation_cmake: 6.1.2 (/opt/ros/humble/share/rmw_implementation_cmake/cmake)
[0.815s] -- Found rmw_fastrtps_cpp: 6.2.6 (/opt/ros/humble/share/rmw_fastrtps_cpp/cmake)
[0.932s] -- Found OpenSSL: /usr/lib/x86_64-linux-gnu/libcrypto.so (found version "3.0.2")  
[0.962s] -- Found FastRTPS: /opt/ros/humble/include  
[1.015s] -- Using RMW implementation 'rmw_fastrtps_cpp' as default
[1.030s] -- Looking for pthread.h
[1.102s] -- Looking for pthread.h - found
[1.103s] -- Performing Test CMAKE_HAVE_LIBC_PTHREAD
[1.177s] -- Performing Test CMAKE_HAVE_LIBC_PTHREAD - Success
[1.178s] -- Found Threads: TRUE  
[1.353s] -- Found geometry_msgs: 4.2.4 (/opt/ros/humble/share/geometry_msgs/cmake)
[1.396s] -- Found moveit_ros_planning_interface: 2.5.5 (/opt/ros/humble/share/moveit_ros_planning_interface/cmake)
[1.420s] -- Found Boost: /usr/lib/x86_64-linux-gnu/cmake/Boost-1.74.0/BoostConfig.cmake (found version "1.74.0") found components: date_time filesystem program_options system thread 
[2.188s] -- Found Boost: /usr/lib/x86_64-linux-gnu/cmake/Boost-1.74.0/BoostConfig.cmake (found version "1.74.0") found components: chrono date_time filesystem iostreams program_options regex serialization system thread 
[2.205s] -- Found parameter_traits: 0.3.8 (/opt/ros/humble/share/parameter_traits/cmake)
[2.234s] -- Found rclcpp_lifecycle: 16.0.9 (/opt/ros/humble/share/rclcpp_lifecycle/cmake)
[2.285s] -- Found Boost: /usr/lib/x86_64-linux-gnu/cmake/Boost-1.74.0/BoostConfig.cmake (found version "1.74.0") found components: filesystem 
[2.403s] -- library: /usr/lib/x86_64-linux-gnu/libcurl.so
[2.559s] -- Found Eigen3: TRUE (found version "3.4.0") 
[2.559s] -- Ensuring Eigen3 include directory is part of orocos-kdl CMake target
[3.087s] -- Found Boost: /usr/lib/x86_64-linux-gnu/cmake/Boost-1.74.0/BoostConfig.cmake (found version "1.74.0") found components: system filesystem date_time program_options thread chrono 
[3.583s] -- Found Boost: /usr/lib/x86_64-linux-gnu/cmake/Boost-1.74.0/BoostConfig.cmake (found version "1.74.0") found components: thread system filesystem regex date_time program_options 
[3.813s] -- Found Boost: /usr/lib/x86_64-linux-gnu/cmake/Boost-1.74.0/BoostConfig.cmake (found version "1.74.0") found components: system filesystem date_time program_options thread 
[4.214s] -- Found ament_lint_auto: 0.12.11 (/opt/ros/humble/share/ament_lint_auto/cmake)
[4.259s] Error parsing '/home/om/gazebo_ur/src/robot_controller/package.xml':
[4.293s] Traceback (most recent call last):
[4.294s]   File "/opt/ros/humble/share/ament_cmake_core/cmake/core/package_xml_2_cmake.py", line 150, in <module>
[4.294s]     main()
[4.294s]   File "/opt/ros/humble/share/ament_cmake_core/cmake/core/package_xml_2_cmake.py", line 53, in main
[4.294s]     raise e
[4.294s]   File "/opt/ros/humble/share/ament_cmake_core/cmake/core/package_xml_2_cmake.py", line 49, in main
[4.294s]     package = parse_package_string(
[4.294s]   File "/usr/lib/python3/dist-packages/catkin_pkg/package.py", line 786, in parse_package_string
[4.294s]     raise InvalidPackage('Error(s):%s' % (''.join(['\n- %s' % e for e in errors])), filename)
[4.294s] catkin_pkg.package.InvalidPackage: Error(s) in package '/home/om/gazebo_ur/src/robot_controller/package.xml':
[4.295s] Error(s):
[4.295s] - The generic dependency on 'rclcpp' is redundant with: build_depend, build_export_depend, exec_depend
[4.295s] - The generic dependency on 'moveit_ros_planning_interface' is redundant with: build_depend, build_export_depend, exec_depend
[4.305s] [31mCMake Error at /opt/ros/humble/share/ament_cmake_core/cmake/core/ament_package_xml.cmake:95 (message):
[4.305s]   execute_process(/usr/bin/python3
[4.305s]   /opt/ros/humble/share/ament_cmake_core/cmake/core/package_xml_2_cmake.py
[4.305s]   /home/om/gazebo_ur/src/robot_controller/package.xml
[4.306s]   /home/om/gazebo_ur/build/robot_controller/ament_cmake_core/package.cmake)
[4.306s]   returned error code 1
[4.306s] Call Stack (most recent call first):
[4.306s]   /opt/ros/humble/share/ament_cmake_core/cmake/core/ament_package_xml.cmake:49 (_ament_package_xml)
[4.306s]   /opt/ros/humble/share/ament_lint_auto/cmake/ament_lint_auto_find_test_dependencies.cmake:31 (ament_package_xml)
[4.306s]   CMakeLists.txt:30 (ament_lint_auto_find_test_dependencies)
[4.306s] 
[4.306s] [0m
[4.306s] -- Configuring incomplete, errors occurred!
[4.306s] See also "/home/om/gazebo_ur/build/robot_controller/CMakeFiles/CMakeOutput.log".
[4.319s] Invoked command in '/home/om/gazebo_ur/build/robot_controller' returned '1': /usr/bin/cmake /home/om/gazebo_ur/src/robot_controller -DCMAKE_INSTALL_PREFIX=/home/om/gazebo_ur/install/robot_controller
