[0.014s] Invoking command in '/home/om/gazebo_ur/build/trac_ik': CMAKE_PREFIX_PATH=/home/om/gazebo_ur/install/trac_ik_kinematics_plugin:/home/om/gazebo_ur/install/trac_ik_lib:/home/om/gazebo_ur/install/ur_simulation_gazebo:/home/om/gazebo_ur/install/trac_ik:/home/om/gazebo_ur/install/robot_controller:/home/om/gazebo_ur/install/robot_controller_py:/opt/ros/humble /usr/bin/cmake --build /home/om/gazebo_ur/build/trac_ik -- -j12 -l12
[0.057s] Invoked command in '/home/om/gazebo_ur/build/trac_ik' returned '0': CMAKE_PREFIX_PATH=/home/om/gazebo_ur/install/trac_ik_kinematics_plugin:/home/om/gazebo_ur/install/trac_ik_lib:/home/om/gazebo_ur/install/ur_simulation_gazebo:/home/om/gazebo_ur/install/trac_ik:/home/om/gazebo_ur/install/robot_controller:/home/om/gazebo_ur/install/robot_controller_py:/opt/ros/humble /usr/bin/cmake --build /home/om/gazebo_ur/build/trac_ik -- -j12 -l12
[0.083s] Invoking command in '/home/om/gazebo_ur/build/trac_ik': CMAKE_PREFIX_PATH=/home/om/gazebo_ur/install/trac_ik_kinematics_plugin:/home/om/gazebo_ur/install/trac_ik_lib:/home/om/gazebo_ur/install/ur_simulation_gazebo:/home/om/gazebo_ur/install/trac_ik:/home/om/gazebo_ur/install/robot_controller:/home/om/gazebo_ur/install/robot_controller_py:/opt/ros/humble /usr/bin/cmake --install /home/om/gazebo_ur/build/trac_ik
[0.092s] -- Install configuration: ""
[0.092s] -- Up-to-date: /home/om/gazebo_ur/install/trac_ik/share/ament_index/resource_index/package_run_dependencies/trac_ik
[0.092s] -- Up-to-date: /home/om/gazebo_ur/install/trac_ik/share/ament_index/resource_index/parent_prefix_path/trac_ik
[0.092s] -- Up-to-date: /home/om/gazebo_ur/install/trac_ik/share/trac_ik/environment/ament_prefix_path.sh
[0.092s] -- Up-to-date: /home/om/gazebo_ur/install/trac_ik/share/trac_ik/environment/ament_prefix_path.dsv
[0.092s] -- Up-to-date: /home/om/gazebo_ur/install/trac_ik/share/trac_ik/environment/path.sh
[0.092s] -- Up-to-date: /home/om/gazebo_ur/install/trac_ik/share/trac_ik/environment/path.dsv
[0.093s] -- Up-to-date: /home/om/gazebo_ur/install/trac_ik/share/trac_ik/local_setup.bash
[0.093s] -- Up-to-date: /home/om/gazebo_ur/install/trac_ik/share/trac_ik/local_setup.sh
[0.093s] -- Up-to-date: /home/om/gazebo_ur/install/trac_ik/share/trac_ik/local_setup.zsh
[0.093s] -- Up-to-date: /home/om/gazebo_ur/install/trac_ik/share/trac_ik/local_setup.dsv
[0.093s] -- Installing: /home/om/gazebo_ur/install/trac_ik/share/trac_ik/package.dsv
[0.093s] -- Up-to-date: /home/om/gazebo_ur/install/trac_ik/share/ament_index/resource_index/packages/trac_ik
[0.093s] -- Up-to-date: /home/om/gazebo_ur/install/trac_ik/share/trac_ik/cmake/trac_ikConfig.cmake
[0.093s] -- Up-to-date: /home/om/gazebo_ur/install/trac_ik/share/trac_ik/cmake/trac_ikConfig-version.cmake
[0.093s] -- Up-to-date: /home/om/gazebo_ur/install/trac_ik/share/trac_ik/package.xml
[0.095s] Invoked command in '/home/om/gazebo_ur/build/trac_ik' returned '0': CMAKE_PREFIX_PATH=/home/om/gazebo_ur/install/trac_ik_kinematics_plugin:/home/om/gazebo_ur/install/trac_ik_lib:/home/om/gazebo_ur/install/ur_simulation_gazebo:/home/om/gazebo_ur/install/trac_ik:/home/om/gazebo_ur/install/robot_controller:/home/om/gazebo_ur/install/robot_controller_py:/opt/ros/humble /usr/bin/cmake --install /home/om/gazebo_ur/build/trac_ik
