[0.082s] DEBUG:colcon:Command line arguments: ['/usr/bin/colcon', 'build']
[0.082s] DEBUG:colcon:Parsed command line arguments: Namespace(log_base=None, log_level=None, verb_name='build', build_base='build', install_base='install', merge_install=False, symlink_install=False, test_result_base=None, continue_on_error=False, executor='parallel', parallel_workers=12, event_handlers=None, ignore_user_meta=False, metas=['./colcon.meta'], base_paths=['.'], packages_ignore=None, packages_ignore_regex=None, paths=None, packages_up_to=None, packages_up_to_regex=None, packages_above=None, packages_above_and_dependencies=None, packages_above_depth=None, packages_select_by_dep=None, packages_skip_by_dep=None, packages_skip_up_to=None, packages_select_build_failed=False, packages_skip_build_finished=False, packages_select_test_failures=False, packages_skip_test_passed=False, packages_select=None, packages_skip=None, packages_select_regex=None, packages_skip_regex=None, packages_start=None, packages_end=None, allow_overriding=[], cmake_args=None, cmake_target=None, cmake_target_skip_unavailable=False, cmake_clean_cache=False, cmake_clean_first=False, cmake_force_configure=False, ament_cmake_args=None, catkin_cmake_args=None, catkin_skip_building_tests=False, verb_parser=<colcon_defaults.argument_parser.defaults.DefaultArgumentsDecorator object at 0x7fbbb9844940>, verb_extension=<colcon_core.verb.build.BuildVerb object at 0x7fbbb99b6290>, main=<bound method BuildVerb.main of <colcon_core.verb.build.BuildVerb object at 0x7fbbb99b6290>>)
[0.218s] Level 1:colcon.colcon_core.package_discovery:discover_packages(colcon_meta) check parameters
[0.218s] Level 1:colcon.colcon_core.package_discovery:discover_packages(recursive) check parameters
[0.219s] Level 1:colcon.colcon_core.package_discovery:discover_packages(ignore) check parameters
[0.219s] Level 1:colcon.colcon_core.package_discovery:discover_packages(path) check parameters
[0.219s] Level 1:colcon.colcon_core.package_discovery:discover_packages(colcon_meta) discover
[0.219s] Level 1:colcon.colcon_core.package_discovery:discover_packages(recursive) discover
[0.219s] INFO:colcon.colcon_core.package_discovery:Crawling recursively for packages in '/home/om/gazebo_ur'
[0.219s] Level 1:colcon.colcon_core.package_identification:_identify(.) by extensions ['ignore', 'ignore_ament_install']
[0.219s] Level 1:colcon.colcon_core.package_identification:_identify(.) by extension 'ignore'
[0.219s] Level 1:colcon.colcon_core.package_identification:_identify(.) by extension 'ignore_ament_install'
[0.219s] Level 1:colcon.colcon_core.package_identification:_identify(.) by extensions ['colcon_pkg']
[0.219s] Level 1:colcon.colcon_core.package_identification:_identify(.) by extension 'colcon_pkg'
[0.219s] Level 1:colcon.colcon_core.package_identification:_identify(.) by extensions ['colcon_meta']
[0.219s] Level 1:colcon.colcon_core.package_identification:_identify(.) by extension 'colcon_meta'
[0.219s] Level 1:colcon.colcon_core.package_identification:_identify(.) by extensions ['ros']
[0.219s] Level 1:colcon.colcon_core.package_identification:_identify(.) by extension 'ros'
[0.229s] Level 1:colcon.colcon_core.package_identification:_identify(.) by extensions ['cmake', 'python']
[0.229s] Level 1:colcon.colcon_core.package_identification:_identify(.) by extension 'cmake'
[0.229s] Level 1:colcon.colcon_core.package_identification:_identify(.) by extension 'python'
[0.229s] Level 1:colcon.colcon_core.package_identification:_identify(.) by extensions ['python_setup_py']
[0.229s] Level 1:colcon.colcon_core.package_identification:_identify(.) by extension 'python_setup_py'
[0.229s] Level 1:colcon.colcon_core.package_identification:_identify(build) by extensions ['ignore', 'ignore_ament_install']
[0.229s] Level 1:colcon.colcon_core.package_identification:_identify(build) by extension 'ignore'
[0.229s] Level 1:colcon.colcon_core.package_identification:_identify(build) ignored
[0.229s] Level 1:colcon.colcon_core.package_identification:_identify(install) by extensions ['ignore', 'ignore_ament_install']
[0.229s] Level 1:colcon.colcon_core.package_identification:_identify(install) by extension 'ignore'
[0.229s] Level 1:colcon.colcon_core.package_identification:_identify(install) ignored
[0.230s] Level 1:colcon.colcon_core.package_identification:_identify(log) by extensions ['ignore', 'ignore_ament_install']
[0.230s] Level 1:colcon.colcon_core.package_identification:_identify(log) by extension 'ignore'
[0.230s] Level 1:colcon.colcon_core.package_identification:_identify(log) ignored
[0.230s] Level 1:colcon.colcon_core.package_identification:_identify(src) by extensions ['ignore', 'ignore_ament_install']
[0.230s] Level 1:colcon.colcon_core.package_identification:_identify(src) by extension 'ignore'
[0.230s] Level 1:colcon.colcon_core.package_identification:_identify(src) by extension 'ignore_ament_install'
[0.230s] Level 1:colcon.colcon_core.package_identification:_identify(src) by extensions ['colcon_pkg']
[0.230s] Level 1:colcon.colcon_core.package_identification:_identify(src) by extension 'colcon_pkg'
[0.230s] Level 1:colcon.colcon_core.package_identification:_identify(src) by extensions ['colcon_meta']
[0.230s] Level 1:colcon.colcon_core.package_identification:_identify(src) by extension 'colcon_meta'
[0.230s] Level 1:colcon.colcon_core.package_identification:_identify(src) by extensions ['ros']
[0.230s] Level 1:colcon.colcon_core.package_identification:_identify(src) by extension 'ros'
[0.230s] Level 1:colcon.colcon_core.package_identification:_identify(src) by extensions ['cmake', 'python']
[0.230s] Level 1:colcon.colcon_core.package_identification:_identify(src) by extension 'cmake'
[0.230s] Level 1:colcon.colcon_core.package_identification:_identify(src) by extension 'python'
[0.230s] Level 1:colcon.colcon_core.package_identification:_identify(src) by extensions ['python_setup_py']
[0.230s] Level 1:colcon.colcon_core.package_identification:_identify(src) by extension 'python_setup_py'
[0.230s] Level 1:colcon.colcon_core.package_identification:_identify(src/Universal_Robots_ROS2_Gazebo_Simulation) by extensions ['ignore', 'ignore_ament_install']
[0.231s] Level 1:colcon.colcon_core.package_identification:_identify(src/Universal_Robots_ROS2_Gazebo_Simulation) by extension 'ignore'
[0.231s] Level 1:colcon.colcon_core.package_identification:_identify(src/Universal_Robots_ROS2_Gazebo_Simulation) by extension 'ignore_ament_install'
[0.231s] Level 1:colcon.colcon_core.package_identification:_identify(src/Universal_Robots_ROS2_Gazebo_Simulation) by extensions ['colcon_pkg']
[0.231s] Level 1:colcon.colcon_core.package_identification:_identify(src/Universal_Robots_ROS2_Gazebo_Simulation) by extension 'colcon_pkg'
[0.231s] Level 1:colcon.colcon_core.package_identification:_identify(src/Universal_Robots_ROS2_Gazebo_Simulation) by extensions ['colcon_meta']
[0.231s] Level 1:colcon.colcon_core.package_identification:_identify(src/Universal_Robots_ROS2_Gazebo_Simulation) by extension 'colcon_meta'
[0.231s] Level 1:colcon.colcon_core.package_identification:_identify(src/Universal_Robots_ROS2_Gazebo_Simulation) by extensions ['ros']
[0.231s] Level 1:colcon.colcon_core.package_identification:_identify(src/Universal_Robots_ROS2_Gazebo_Simulation) by extension 'ros'
[0.231s] Level 1:colcon.colcon_core.package_identification:_identify(src/Universal_Robots_ROS2_Gazebo_Simulation) by extensions ['cmake', 'python']
[0.231s] Level 1:colcon.colcon_core.package_identification:_identify(src/Universal_Robots_ROS2_Gazebo_Simulation) by extension 'cmake'
[0.231s] Level 1:colcon.colcon_core.package_identification:_identify(src/Universal_Robots_ROS2_Gazebo_Simulation) by extension 'python'
[0.231s] Level 1:colcon.colcon_core.package_identification:_identify(src/Universal_Robots_ROS2_Gazebo_Simulation) by extensions ['python_setup_py']
[0.231s] Level 1:colcon.colcon_core.package_identification:_identify(src/Universal_Robots_ROS2_Gazebo_Simulation) by extension 'python_setup_py'
[0.231s] Level 1:colcon.colcon_core.package_identification:_identify(src/Universal_Robots_ROS2_Gazebo_Simulation/ur_simulation_gazebo) by extensions ['ignore', 'ignore_ament_install']
[0.231s] Level 1:colcon.colcon_core.package_identification:_identify(src/Universal_Robots_ROS2_Gazebo_Simulation/ur_simulation_gazebo) by extension 'ignore'
[0.231s] Level 1:colcon.colcon_core.package_identification:_identify(src/Universal_Robots_ROS2_Gazebo_Simulation/ur_simulation_gazebo) by extension 'ignore_ament_install'
[0.231s] Level 1:colcon.colcon_core.package_identification:_identify(src/Universal_Robots_ROS2_Gazebo_Simulation/ur_simulation_gazebo) by extensions ['colcon_pkg']
[0.231s] Level 1:colcon.colcon_core.package_identification:_identify(src/Universal_Robots_ROS2_Gazebo_Simulation/ur_simulation_gazebo) by extension 'colcon_pkg'
[0.232s] Level 1:colcon.colcon_core.package_identification:_identify(src/Universal_Robots_ROS2_Gazebo_Simulation/ur_simulation_gazebo) by extensions ['colcon_meta']
[0.232s] Level 1:colcon.colcon_core.package_identification:_identify(src/Universal_Robots_ROS2_Gazebo_Simulation/ur_simulation_gazebo) by extension 'colcon_meta'
[0.232s] Level 1:colcon.colcon_core.package_identification:_identify(src/Universal_Robots_ROS2_Gazebo_Simulation/ur_simulation_gazebo) by extensions ['ros']
[0.232s] Level 1:colcon.colcon_core.package_identification:_identify(src/Universal_Robots_ROS2_Gazebo_Simulation/ur_simulation_gazebo) by extension 'ros'
[0.234s] DEBUG:colcon.colcon_core.package_identification:Package 'src/Universal_Robots_ROS2_Gazebo_Simulation/ur_simulation_gazebo' with type 'ros.ament_cmake' and name 'ur_simulation_gazebo'
[0.234s] Level 1:colcon.colcon_core.package_identification:_identify(src/trac_ik) by extensions ['ignore', 'ignore_ament_install']
[0.234s] Level 1:colcon.colcon_core.package_identification:_identify(src/trac_ik) by extension 'ignore'
[0.234s] Level 1:colcon.colcon_core.package_identification:_identify(src/trac_ik) by extension 'ignore_ament_install'
[0.234s] Level 1:colcon.colcon_core.package_identification:_identify(src/trac_ik) by extensions ['colcon_pkg']
[0.234s] Level 1:colcon.colcon_core.package_identification:_identify(src/trac_ik) by extension 'colcon_pkg'
[0.234s] Level 1:colcon.colcon_core.package_identification:_identify(src/trac_ik) by extensions ['colcon_meta']
[0.234s] Level 1:colcon.colcon_core.package_identification:_identify(src/trac_ik) by extension 'colcon_meta'
[0.234s] Level 1:colcon.colcon_core.package_identification:_identify(src/trac_ik) by extensions ['ros']
[0.234s] Level 1:colcon.colcon_core.package_identification:_identify(src/trac_ik) by extension 'ros'
[0.234s] Level 1:colcon.colcon_core.package_identification:_identify(src/trac_ik) by extensions ['cmake', 'python']
[0.234s] Level 1:colcon.colcon_core.package_identification:_identify(src/trac_ik) by extension 'cmake'
[0.234s] Level 1:colcon.colcon_core.package_identification:_identify(src/trac_ik) by extension 'python'
[0.234s] Level 1:colcon.colcon_core.package_identification:_identify(src/trac_ik) by extensions ['python_setup_py']
[0.234s] Level 1:colcon.colcon_core.package_identification:_identify(src/trac_ik) by extension 'python_setup_py'
[0.234s] Level 1:colcon.colcon_core.package_identification:_identify(src/trac_ik/trac_ik) by extensions ['ignore', 'ignore_ament_install']
[0.235s] Level 1:colcon.colcon_core.package_identification:_identify(src/trac_ik/trac_ik) by extension 'ignore'
[0.235s] Level 1:colcon.colcon_core.package_identification:_identify(src/trac_ik/trac_ik) by extension 'ignore_ament_install'
[0.235s] Level 1:colcon.colcon_core.package_identification:_identify(src/trac_ik/trac_ik) by extensions ['colcon_pkg']
[0.235s] Level 1:colcon.colcon_core.package_identification:_identify(src/trac_ik/trac_ik) by extension 'colcon_pkg'
[0.235s] Level 1:colcon.colcon_core.package_identification:_identify(src/trac_ik/trac_ik) by extensions ['colcon_meta']
[0.235s] Level 1:colcon.colcon_core.package_identification:_identify(src/trac_ik/trac_ik) by extension 'colcon_meta'
[0.235s] Level 1:colcon.colcon_core.package_identification:_identify(src/trac_ik/trac_ik) by extensions ['ros']
[0.235s] Level 1:colcon.colcon_core.package_identification:_identify(src/trac_ik/trac_ik) by extension 'ros'
[0.235s] DEBUG:colcon.colcon_core.package_identification:Package 'src/trac_ik/trac_ik' with type 'ros.ament_cmake' and name 'trac_ik'
[0.236s] Level 1:colcon.colcon_core.package_identification:_identify(src/trac_ik/trac_ik_examples) by extensions ['ignore', 'ignore_ament_install']
[0.236s] Level 1:colcon.colcon_core.package_identification:_identify(src/trac_ik/trac_ik_examples) by extension 'ignore'
[0.236s] Level 1:colcon.colcon_core.package_identification:_identify(src/trac_ik/trac_ik_examples) by extension 'ignore_ament_install'
[0.236s] Level 1:colcon.colcon_core.package_identification:_identify(src/trac_ik/trac_ik_examples) by extensions ['colcon_pkg']
[0.236s] Level 1:colcon.colcon_core.package_identification:_identify(src/trac_ik/trac_ik_examples) by extension 'colcon_pkg'
[0.236s] Level 1:colcon.colcon_core.package_identification:_identify(src/trac_ik/trac_ik_examples) by extensions ['colcon_meta']
[0.236s] Level 1:colcon.colcon_core.package_identification:_identify(src/trac_ik/trac_ik_examples) by extension 'colcon_meta'
[0.236s] Level 1:colcon.colcon_core.package_identification:_identify(src/trac_ik/trac_ik_examples) by extensions ['ros']
[0.236s] Level 1:colcon.colcon_core.package_identification:_identify(src/trac_ik/trac_ik_examples) by extension 'ros'
[0.236s] DEBUG:colcon.colcon_core.package_identification:Package 'src/trac_ik/trac_ik_examples' with type 'ros.ament_cmake' and name 'trac_ik_examples'
[0.237s] Level 1:colcon.colcon_core.package_identification:_identify(src/trac_ik/trac_ik_kinematics_plugin) by extensions ['ignore', 'ignore_ament_install']
[0.237s] Level 1:colcon.colcon_core.package_identification:_identify(src/trac_ik/trac_ik_kinematics_plugin) by extension 'ignore'
[0.237s] Level 1:colcon.colcon_core.package_identification:_identify(src/trac_ik/trac_ik_kinematics_plugin) ignored
[0.237s] Level 1:colcon.colcon_core.package_identification:_identify(src/trac_ik/trac_ik_lib) by extensions ['ignore', 'ignore_ament_install']
[0.237s] Level 1:colcon.colcon_core.package_identification:_identify(src/trac_ik/trac_ik_lib) by extension 'ignore'
[0.237s] Level 1:colcon.colcon_core.package_identification:_identify(src/trac_ik/trac_ik_lib) by extension 'ignore_ament_install'
[0.237s] Level 1:colcon.colcon_core.package_identification:_identify(src/trac_ik/trac_ik_lib) by extensions ['colcon_pkg']
[0.237s] Level 1:colcon.colcon_core.package_identification:_identify(src/trac_ik/trac_ik_lib) by extension 'colcon_pkg'
[0.237s] Level 1:colcon.colcon_core.package_identification:_identify(src/trac_ik/trac_ik_lib) by extensions ['colcon_meta']
[0.237s] Level 1:colcon.colcon_core.package_identification:_identify(src/trac_ik/trac_ik_lib) by extension 'colcon_meta'
[0.237s] Level 1:colcon.colcon_core.package_identification:_identify(src/trac_ik/trac_ik_lib) by extensions ['ros']
[0.237s] Level 1:colcon.colcon_core.package_identification:_identify(src/trac_ik/trac_ik_lib) by extension 'ros'
[0.238s] DEBUG:colcon.colcon_core.package_identification:Package 'src/trac_ik/trac_ik_lib' with type 'ros.ament_cmake' and name 'trac_ik_lib'
[0.238s] Level 1:colcon.colcon_core.package_identification:_identify(src/trac_ik/trac_ik_python) by extensions ['ignore', 'ignore_ament_install']
[0.238s] Level 1:colcon.colcon_core.package_identification:_identify(src/trac_ik/trac_ik_python) by extension 'ignore'
[0.238s] Level 1:colcon.colcon_core.package_identification:_identify(src/trac_ik/trac_ik_python) ignored
[0.238s] Level 1:colcon.colcon_core.package_discovery:discover_packages(recursive) using defaults
[0.238s] Level 1:colcon.colcon_core.package_discovery:discover_packages(ignore) discover
[0.238s] Level 1:colcon.colcon_core.package_discovery:discover_packages(ignore) using defaults
[0.238s] Level 1:colcon.colcon_core.package_discovery:discover_packages(path) discover
[0.238s] Level 1:colcon.colcon_core.package_discovery:discover_packages(path) using defaults
[0.254s] Level 1:colcon.colcon_core.package_discovery:discover_packages(prefix_path) check parameters
[0.254s] Level 1:colcon.colcon_core.package_discovery:discover_packages(prefix_path) discover
[0.256s] DEBUG:colcon.colcon_installed_package_information.package_discovery:Found 366 installed packages in /opt/ros/humble
[0.266s] Level 1:colcon.colcon_core.package_discovery:discover_packages(prefix_path) using defaults
[0.304s] Level 5:colcon.colcon_core.verb:set package 'trac_ik_lib' build argument 'cmake_args' from command line to 'None'
[0.304s] Level 5:colcon.colcon_core.verb:set package 'trac_ik_lib' build argument 'cmake_target' from command line to 'None'
[0.304s] Level 5:colcon.colcon_core.verb:set package 'trac_ik_lib' build argument 'cmake_target_skip_unavailable' from command line to 'False'
[0.304s] Level 5:colcon.colcon_core.verb:set package 'trac_ik_lib' build argument 'cmake_clean_cache' from command line to 'False'
[0.304s] Level 5:colcon.colcon_core.verb:set package 'trac_ik_lib' build argument 'cmake_clean_first' from command line to 'False'
[0.304s] Level 5:colcon.colcon_core.verb:set package 'trac_ik_lib' build argument 'cmake_force_configure' from command line to 'False'
[0.304s] Level 5:colcon.colcon_core.verb:set package 'trac_ik_lib' build argument 'ament_cmake_args' from command line to 'None'
[0.304s] Level 5:colcon.colcon_core.verb:set package 'trac_ik_lib' build argument 'catkin_cmake_args' from command line to 'None'
[0.304s] Level 5:colcon.colcon_core.verb:set package 'trac_ik_lib' build argument 'catkin_skip_building_tests' from command line to 'False'
[0.304s] DEBUG:colcon.colcon_core.verb:Building package 'trac_ik_lib' with the following arguments: {'ament_cmake_args': None, 'build_base': '/home/om/gazebo_ur/build/trac_ik_lib', 'catkin_cmake_args': None, 'catkin_skip_building_tests': False, 'cmake_args': None, 'cmake_clean_cache': False, 'cmake_clean_first': False, 'cmake_force_configure': False, 'cmake_target': None, 'cmake_target_skip_unavailable': False, 'install_base': '/home/om/gazebo_ur/install/trac_ik_lib', 'merge_install': False, 'path': '/home/om/gazebo_ur/src/trac_ik/trac_ik_lib', 'symlink_install': False, 'test_result_base': None}
[0.305s] Level 5:colcon.colcon_core.verb:set package 'ur_simulation_gazebo' build argument 'cmake_args' from command line to 'None'
[0.305s] Level 5:colcon.colcon_core.verb:set package 'ur_simulation_gazebo' build argument 'cmake_target' from command line to 'None'
[0.305s] Level 5:colcon.colcon_core.verb:set package 'ur_simulation_gazebo' build argument 'cmake_target_skip_unavailable' from command line to 'False'
[0.305s] Level 5:colcon.colcon_core.verb:set package 'ur_simulation_gazebo' build argument 'cmake_clean_cache' from command line to 'False'
[0.305s] Level 5:colcon.colcon_core.verb:set package 'ur_simulation_gazebo' build argument 'cmake_clean_first' from command line to 'False'
[0.305s] Level 5:colcon.colcon_core.verb:set package 'ur_simulation_gazebo' build argument 'cmake_force_configure' from command line to 'False'
[0.305s] Level 5:colcon.colcon_core.verb:set package 'ur_simulation_gazebo' build argument 'ament_cmake_args' from command line to 'None'
[0.305s] Level 5:colcon.colcon_core.verb:set package 'ur_simulation_gazebo' build argument 'catkin_cmake_args' from command line to 'None'
[0.305s] Level 5:colcon.colcon_core.verb:set package 'ur_simulation_gazebo' build argument 'catkin_skip_building_tests' from command line to 'False'
[0.305s] DEBUG:colcon.colcon_core.verb:Building package 'ur_simulation_gazebo' with the following arguments: {'ament_cmake_args': None, 'build_base': '/home/om/gazebo_ur/build/ur_simulation_gazebo', 'catkin_cmake_args': None, 'catkin_skip_building_tests': False, 'cmake_args': None, 'cmake_clean_cache': False, 'cmake_clean_first': False, 'cmake_force_configure': False, 'cmake_target': None, 'cmake_target_skip_unavailable': False, 'install_base': '/home/om/gazebo_ur/install/ur_simulation_gazebo', 'merge_install': False, 'path': '/home/om/gazebo_ur/src/Universal_Robots_ROS2_Gazebo_Simulation/ur_simulation_gazebo', 'symlink_install': False, 'test_result_base': None}
[0.305s] Level 5:colcon.colcon_core.verb:set package 'trac_ik_examples' build argument 'cmake_args' from command line to 'None'
[0.305s] Level 5:colcon.colcon_core.verb:set package 'trac_ik_examples' build argument 'cmake_target' from command line to 'None'
[0.305s] Level 5:colcon.colcon_core.verb:set package 'trac_ik_examples' build argument 'cmake_target_skip_unavailable' from command line to 'False'
[0.305s] Level 5:colcon.colcon_core.verb:set package 'trac_ik_examples' build argument 'cmake_clean_cache' from command line to 'False'
[0.305s] Level 5:colcon.colcon_core.verb:set package 'trac_ik_examples' build argument 'cmake_clean_first' from command line to 'False'
[0.305s] Level 5:colcon.colcon_core.verb:set package 'trac_ik_examples' build argument 'cmake_force_configure' from command line to 'False'
[0.305s] Level 5:colcon.colcon_core.verb:set package 'trac_ik_examples' build argument 'ament_cmake_args' from command line to 'None'
[0.305s] Level 5:colcon.colcon_core.verb:set package 'trac_ik_examples' build argument 'catkin_cmake_args' from command line to 'None'
[0.305s] Level 5:colcon.colcon_core.verb:set package 'trac_ik_examples' build argument 'catkin_skip_building_tests' from command line to 'False'
[0.305s] DEBUG:colcon.colcon_core.verb:Building package 'trac_ik_examples' with the following arguments: {'ament_cmake_args': None, 'build_base': '/home/om/gazebo_ur/build/trac_ik_examples', 'catkin_cmake_args': None, 'catkin_skip_building_tests': False, 'cmake_args': None, 'cmake_clean_cache': False, 'cmake_clean_first': False, 'cmake_force_configure': False, 'cmake_target': None, 'cmake_target_skip_unavailable': False, 'install_base': '/home/om/gazebo_ur/install/trac_ik_examples', 'merge_install': False, 'path': '/home/om/gazebo_ur/src/trac_ik/trac_ik_examples', 'symlink_install': False, 'test_result_base': None}
[0.306s] Level 5:colcon.colcon_core.verb:set package 'trac_ik' build argument 'cmake_args' from command line to 'None'
[0.306s] Level 5:colcon.colcon_core.verb:set package 'trac_ik' build argument 'cmake_target' from command line to 'None'
[0.306s] Level 5:colcon.colcon_core.verb:set package 'trac_ik' build argument 'cmake_target_skip_unavailable' from command line to 'False'
[0.306s] Level 5:colcon.colcon_core.verb:set package 'trac_ik' build argument 'cmake_clean_cache' from command line to 'False'
[0.306s] Level 5:colcon.colcon_core.verb:set package 'trac_ik' build argument 'cmake_clean_first' from command line to 'False'
[0.306s] Level 5:colcon.colcon_core.verb:set package 'trac_ik' build argument 'cmake_force_configure' from command line to 'False'
[0.306s] Level 5:colcon.colcon_core.verb:set package 'trac_ik' build argument 'ament_cmake_args' from command line to 'None'
[0.306s] Level 5:colcon.colcon_core.verb:set package 'trac_ik' build argument 'catkin_cmake_args' from command line to 'None'
[0.306s] Level 5:colcon.colcon_core.verb:set package 'trac_ik' build argument 'catkin_skip_building_tests' from command line to 'False'
[0.306s] DEBUG:colcon.colcon_core.verb:Building package 'trac_ik' with the following arguments: {'ament_cmake_args': None, 'build_base': '/home/om/gazebo_ur/build/trac_ik', 'catkin_cmake_args': None, 'catkin_skip_building_tests': False, 'cmake_args': None, 'cmake_clean_cache': False, 'cmake_clean_first': False, 'cmake_force_configure': False, 'cmake_target': None, 'cmake_target_skip_unavailable': False, 'install_base': '/home/om/gazebo_ur/install/trac_ik', 'merge_install': False, 'path': '/home/om/gazebo_ur/src/trac_ik/trac_ik', 'symlink_install': False, 'test_result_base': None}
[0.306s] INFO:colcon.colcon_core.executor:Executing jobs using 'parallel' executor
[0.307s] DEBUG:colcon.colcon_parallel_executor.executor.parallel:run_until_complete
[0.308s] INFO:colcon.colcon_ros.task.ament_cmake.build:Building ROS package in '/home/om/gazebo_ur/src/trac_ik/trac_ik_lib' with build type 'ament_cmake'
[0.308s] INFO:colcon.colcon_cmake.task.cmake.build:Building CMake package in '/home/om/gazebo_ur/src/trac_ik/trac_ik_lib'
[0.309s] INFO:colcon.colcon_core.plugin_system:Skipping extension 'colcon_core.shell.bat': Not used on non-Windows systems
[0.309s] INFO:colcon.colcon_core.shell:Skip shell extension 'powershell' for command environment: Not usable outside of PowerShell
[0.309s] DEBUG:colcon.colcon_core.shell:Skip shell extension 'dsv' for command environment
[0.312s] INFO:colcon.colcon_ros.task.ament_cmake.build:Building ROS package in '/home/om/gazebo_ur/src/Universal_Robots_ROS2_Gazebo_Simulation/ur_simulation_gazebo' with build type 'ament_cmake'
[0.313s] INFO:colcon.colcon_cmake.task.cmake.build:Building CMake package in '/home/om/gazebo_ur/src/Universal_Robots_ROS2_Gazebo_Simulation/ur_simulation_gazebo'
[0.313s] INFO:colcon.colcon_core.shell:Skip shell extension 'powershell' for command environment: Not usable outside of PowerShell
[0.313s] DEBUG:colcon.colcon_core.shell:Skip shell extension 'dsv' for command environment
[0.320s] DEBUG:colcon.colcon_core.event_handler.log_command:Invoking command in '/home/om/gazebo_ur/build/trac_ik_lib': CMAKE_PREFIX_PATH=/opt/ros/humble /usr/bin/cmake --build /home/om/gazebo_ur/build/trac_ik_lib -- -j12 -l12
[0.323s] DEBUG:colcon.colcon_core.event_handler.log_command:Invoking command in '/home/om/gazebo_ur/build/ur_simulation_gazebo': CMAKE_PREFIX_PATH=/opt/ros/humble /usr/bin/cmake --build /home/om/gazebo_ur/build/ur_simulation_gazebo -- -j12 -l12
[0.361s] DEBUG:colcon.colcon_core.event_handler.log_command:Invoked command in '/home/om/gazebo_ur/build/ur_simulation_gazebo' returned '0': CMAKE_PREFIX_PATH=/opt/ros/humble /usr/bin/cmake --build /home/om/gazebo_ur/build/ur_simulation_gazebo -- -j12 -l12
[0.394s] DEBUG:colcon.colcon_core.event_handler.log_command:Invoking command in '/home/om/gazebo_ur/build/ur_simulation_gazebo': CMAKE_PREFIX_PATH=/opt/ros/humble /usr/bin/cmake --install /home/om/gazebo_ur/build/ur_simulation_gazebo
[0.418s] Level 1:colcon.colcon_core.environment:create_environment_scripts_only(ur_simulation_gazebo)
[0.419s] DEBUG:colcon.colcon_core.event_handler.log_command:Invoked command in '/home/om/gazebo_ur/build/ur_simulation_gazebo' returned '0': CMAKE_PREFIX_PATH=/opt/ros/humble /usr/bin/cmake --install /home/om/gazebo_ur/build/ur_simulation_gazebo
[0.421s] Level 1:colcon.colcon_core.environment:checking '/home/om/gazebo_ur/install/ur_simulation_gazebo' for CMake module files
[0.422s] Level 1:colcon.colcon_core.environment:checking '/home/om/gazebo_ur/install/ur_simulation_gazebo' for CMake config files
[0.422s] Level 1:colcon.colcon_core.shell:create_environment_hook('ur_simulation_gazebo', 'cmake_prefix_path')
[0.422s] INFO:colcon.colcon_core.shell:Creating environment hook '/home/om/gazebo_ur/install/ur_simulation_gazebo/share/ur_simulation_gazebo/hook/cmake_prefix_path.ps1'
[0.423s] INFO:colcon.colcon_core.shell:Creating environment descriptor '/home/om/gazebo_ur/install/ur_simulation_gazebo/share/ur_simulation_gazebo/hook/cmake_prefix_path.dsv'
[0.424s] INFO:colcon.colcon_core.shell:Creating environment hook '/home/om/gazebo_ur/install/ur_simulation_gazebo/share/ur_simulation_gazebo/hook/cmake_prefix_path.sh'
[0.425s] Level 1:colcon.colcon_core.environment:checking '/home/om/gazebo_ur/install/ur_simulation_gazebo/bin'
[0.425s] Level 1:colcon.colcon_core.environment:checking '/home/om/gazebo_ur/install/ur_simulation_gazebo/lib/pkgconfig/ur_simulation_gazebo.pc'
[0.425s] Level 1:colcon.colcon_core.environment:checking '/home/om/gazebo_ur/install/ur_simulation_gazebo/lib/python3.10/site-packages'
[0.425s] Level 1:colcon.colcon_core.environment:checking '/home/om/gazebo_ur/install/ur_simulation_gazebo/bin'
[0.425s] INFO:colcon.colcon_core.shell:Creating package script '/home/om/gazebo_ur/install/ur_simulation_gazebo/share/ur_simulation_gazebo/package.ps1'
[0.426s] INFO:colcon.colcon_core.shell:Creating package descriptor '/home/om/gazebo_ur/install/ur_simulation_gazebo/share/ur_simulation_gazebo/package.dsv'
[0.427s] INFO:colcon.colcon_core.shell:Creating package script '/home/om/gazebo_ur/install/ur_simulation_gazebo/share/ur_simulation_gazebo/package.sh'
[0.427s] INFO:colcon.colcon_core.shell:Creating package script '/home/om/gazebo_ur/install/ur_simulation_gazebo/share/ur_simulation_gazebo/package.bash'
[0.428s] INFO:colcon.colcon_core.shell:Creating package script '/home/om/gazebo_ur/install/ur_simulation_gazebo/share/ur_simulation_gazebo/package.zsh'
[0.429s] Level 1:colcon.colcon_core.environment:create_file_with_runtime_dependencies(/home/om/gazebo_ur/install/ur_simulation_gazebo/share/colcon-core/packages/ur_simulation_gazebo)
[0.452s] Level 1:colcon.colcon_core.environment:create_environment_scripts_only(ur_simulation_gazebo)
[0.452s] Level 1:colcon.colcon_core.environment:checking '/home/om/gazebo_ur/install/ur_simulation_gazebo' for CMake module files
[0.453s] Level 1:colcon.colcon_core.environment:checking '/home/om/gazebo_ur/install/ur_simulation_gazebo' for CMake config files
[0.453s] Level 1:colcon.colcon_core.shell:create_environment_hook('ur_simulation_gazebo', 'cmake_prefix_path')
[0.454s] INFO:colcon.colcon_core.shell:Creating environment hook '/home/om/gazebo_ur/install/ur_simulation_gazebo/share/ur_simulation_gazebo/hook/cmake_prefix_path.ps1'
[0.454s] INFO:colcon.colcon_core.shell:Creating environment descriptor '/home/om/gazebo_ur/install/ur_simulation_gazebo/share/ur_simulation_gazebo/hook/cmake_prefix_path.dsv'
[0.454s] INFO:colcon.colcon_core.shell:Creating environment hook '/home/om/gazebo_ur/install/ur_simulation_gazebo/share/ur_simulation_gazebo/hook/cmake_prefix_path.sh'
[0.455s] Level 1:colcon.colcon_core.environment:checking '/home/om/gazebo_ur/install/ur_simulation_gazebo/bin'
[0.455s] Level 1:colcon.colcon_core.environment:checking '/home/om/gazebo_ur/install/ur_simulation_gazebo/lib/pkgconfig/ur_simulation_gazebo.pc'
[0.455s] Level 1:colcon.colcon_core.environment:checking '/home/om/gazebo_ur/install/ur_simulation_gazebo/lib/python3.10/site-packages'
[0.455s] Level 1:colcon.colcon_core.environment:checking '/home/om/gazebo_ur/install/ur_simulation_gazebo/bin'
[0.456s] INFO:colcon.colcon_core.shell:Creating package script '/home/om/gazebo_ur/install/ur_simulation_gazebo/share/ur_simulation_gazebo/package.ps1'
[0.456s] INFO:colcon.colcon_core.shell:Creating package descriptor '/home/om/gazebo_ur/install/ur_simulation_gazebo/share/ur_simulation_gazebo/package.dsv'
[0.456s] INFO:colcon.colcon_core.shell:Creating package script '/home/om/gazebo_ur/install/ur_simulation_gazebo/share/ur_simulation_gazebo/package.sh'
[0.457s] INFO:colcon.colcon_core.shell:Creating package script '/home/om/gazebo_ur/install/ur_simulation_gazebo/share/ur_simulation_gazebo/package.bash'
[0.457s] INFO:colcon.colcon_core.shell:Creating package script '/home/om/gazebo_ur/install/ur_simulation_gazebo/share/ur_simulation_gazebo/package.zsh'
[0.458s] Level 1:colcon.colcon_core.environment:create_file_with_runtime_dependencies(/home/om/gazebo_ur/install/ur_simulation_gazebo/share/colcon-core/packages/ur_simulation_gazebo)
[8.702s] DEBUG:colcon.colcon_core.event_handler.log_command:Invoked command in '/home/om/gazebo_ur/build/trac_ik_lib' returned '0': CMAKE_PREFIX_PATH=/opt/ros/humble /usr/bin/cmake --build /home/om/gazebo_ur/build/trac_ik_lib -- -j12 -l12
[8.733s] DEBUG:colcon.colcon_core.event_handler.log_command:Invoking command in '/home/om/gazebo_ur/build/trac_ik_lib': CMAKE_PREFIX_PATH=/opt/ros/humble /usr/bin/cmake --install /home/om/gazebo_ur/build/trac_ik_lib
[8.753s] Level 1:colcon.colcon_core.environment:create_environment_scripts_only(trac_ik_lib)
[8.754s] Level 1:colcon.colcon_core.environment:checking '/home/om/gazebo_ur/install/trac_ik_lib' for CMake module files
[8.754s] DEBUG:colcon.colcon_core.event_handler.log_command:Invoked command in '/home/om/gazebo_ur/build/trac_ik_lib' returned '0': CMAKE_PREFIX_PATH=/opt/ros/humble /usr/bin/cmake --install /home/om/gazebo_ur/build/trac_ik_lib
[8.754s] Level 1:colcon.colcon_core.environment:checking '/home/om/gazebo_ur/install/trac_ik_lib' for CMake config files
[8.755s] Level 1:colcon.colcon_core.shell:create_environment_hook('trac_ik_lib', 'cmake_prefix_path')
[8.755s] INFO:colcon.colcon_core.shell:Creating environment hook '/home/om/gazebo_ur/install/trac_ik_lib/share/trac_ik_lib/hook/cmake_prefix_path.ps1'
[8.755s] INFO:colcon.colcon_core.shell:Creating environment descriptor '/home/om/gazebo_ur/install/trac_ik_lib/share/trac_ik_lib/hook/cmake_prefix_path.dsv'
[8.756s] INFO:colcon.colcon_core.shell:Creating environment hook '/home/om/gazebo_ur/install/trac_ik_lib/share/trac_ik_lib/hook/cmake_prefix_path.sh'
[8.756s] Level 1:colcon.colcon_core.environment:checking '/home/om/gazebo_ur/install/trac_ik_lib/lib'
[8.756s] Level 1:colcon.colcon_core.shell:create_environment_hook('trac_ik_lib', 'ld_library_path_lib')
[8.756s] INFO:colcon.colcon_core.shell:Creating environment hook '/home/om/gazebo_ur/install/trac_ik_lib/share/trac_ik_lib/hook/ld_library_path_lib.ps1'
[8.757s] INFO:colcon.colcon_core.shell:Creating environment descriptor '/home/om/gazebo_ur/install/trac_ik_lib/share/trac_ik_lib/hook/ld_library_path_lib.dsv'
[8.757s] INFO:colcon.colcon_core.shell:Creating environment hook '/home/om/gazebo_ur/install/trac_ik_lib/share/trac_ik_lib/hook/ld_library_path_lib.sh'
[8.757s] Level 1:colcon.colcon_core.environment:checking '/home/om/gazebo_ur/install/trac_ik_lib/bin'
[8.757s] Level 1:colcon.colcon_core.environment:checking '/home/om/gazebo_ur/install/trac_ik_lib/lib/pkgconfig/trac_ik_lib.pc'
[8.758s] Level 1:colcon.colcon_core.environment:checking '/home/om/gazebo_ur/install/trac_ik_lib/lib/python3.10/site-packages'
[8.758s] Level 1:colcon.colcon_core.environment:checking '/home/om/gazebo_ur/install/trac_ik_lib/bin'
[8.758s] INFO:colcon.colcon_core.shell:Creating package script '/home/om/gazebo_ur/install/trac_ik_lib/share/trac_ik_lib/package.ps1'
[8.759s] INFO:colcon.colcon_core.shell:Creating package descriptor '/home/om/gazebo_ur/install/trac_ik_lib/share/trac_ik_lib/package.dsv'
[8.759s] INFO:colcon.colcon_core.shell:Creating package script '/home/om/gazebo_ur/install/trac_ik_lib/share/trac_ik_lib/package.sh'
[8.759s] INFO:colcon.colcon_core.shell:Creating package script '/home/om/gazebo_ur/install/trac_ik_lib/share/trac_ik_lib/package.bash'
[8.760s] INFO:colcon.colcon_core.shell:Creating package script '/home/om/gazebo_ur/install/trac_ik_lib/share/trac_ik_lib/package.zsh'
[8.760s] Level 1:colcon.colcon_core.environment:create_file_with_runtime_dependencies(/home/om/gazebo_ur/install/trac_ik_lib/share/colcon-core/packages/trac_ik_lib)
[8.790s] Level 1:colcon.colcon_core.environment:create_environment_scripts_only(trac_ik_lib)
[8.790s] Level 1:colcon.colcon_core.environment:checking '/home/om/gazebo_ur/install/trac_ik_lib' for CMake module files
[8.791s] Level 1:colcon.colcon_core.environment:checking '/home/om/gazebo_ur/install/trac_ik_lib' for CMake config files
[8.791s] Level 1:colcon.colcon_core.shell:create_environment_hook('trac_ik_lib', 'cmake_prefix_path')
[8.791s] INFO:colcon.colcon_core.shell:Creating environment hook '/home/om/gazebo_ur/install/trac_ik_lib/share/trac_ik_lib/hook/cmake_prefix_path.ps1'
[8.791s] INFO:colcon.colcon_core.shell:Creating environment descriptor '/home/om/gazebo_ur/install/trac_ik_lib/share/trac_ik_lib/hook/cmake_prefix_path.dsv'
[8.792s] INFO:colcon.colcon_core.shell:Creating environment hook '/home/om/gazebo_ur/install/trac_ik_lib/share/trac_ik_lib/hook/cmake_prefix_path.sh'
[8.792s] Level 1:colcon.colcon_core.environment:checking '/home/om/gazebo_ur/install/trac_ik_lib/lib'
[8.792s] Level 1:colcon.colcon_core.shell:create_environment_hook('trac_ik_lib', 'ld_library_path_lib')
[8.792s] INFO:colcon.colcon_core.shell:Creating environment hook '/home/om/gazebo_ur/install/trac_ik_lib/share/trac_ik_lib/hook/ld_library_path_lib.ps1'
[8.793s] INFO:colcon.colcon_core.shell:Creating environment descriptor '/home/om/gazebo_ur/install/trac_ik_lib/share/trac_ik_lib/hook/ld_library_path_lib.dsv'
[8.793s] INFO:colcon.colcon_core.shell:Creating environment hook '/home/om/gazebo_ur/install/trac_ik_lib/share/trac_ik_lib/hook/ld_library_path_lib.sh'
[8.793s] Level 1:colcon.colcon_core.environment:checking '/home/om/gazebo_ur/install/trac_ik_lib/bin'
[8.793s] Level 1:colcon.colcon_core.environment:checking '/home/om/gazebo_ur/install/trac_ik_lib/lib/pkgconfig/trac_ik_lib.pc'
[8.794s] Level 1:colcon.colcon_core.environment:checking '/home/om/gazebo_ur/install/trac_ik_lib/lib/python3.10/site-packages'
[8.794s] Level 1:colcon.colcon_core.environment:checking '/home/om/gazebo_ur/install/trac_ik_lib/bin'
[8.794s] INFO:colcon.colcon_core.shell:Creating package script '/home/om/gazebo_ur/install/trac_ik_lib/share/trac_ik_lib/package.ps1'
[8.794s] INFO:colcon.colcon_core.shell:Creating package descriptor '/home/om/gazebo_ur/install/trac_ik_lib/share/trac_ik_lib/package.dsv'
[8.795s] INFO:colcon.colcon_core.shell:Creating package script '/home/om/gazebo_ur/install/trac_ik_lib/share/trac_ik_lib/package.sh'
[8.795s] INFO:colcon.colcon_core.shell:Creating package script '/home/om/gazebo_ur/install/trac_ik_lib/share/trac_ik_lib/package.bash'
[8.796s] INFO:colcon.colcon_core.shell:Creating package script '/home/om/gazebo_ur/install/trac_ik_lib/share/trac_ik_lib/package.zsh'
[8.796s] Level 1:colcon.colcon_core.environment:create_file_with_runtime_dependencies(/home/om/gazebo_ur/install/trac_ik_lib/share/colcon-core/packages/trac_ik_lib)
[8.796s] INFO:colcon.colcon_ros.task.ament_cmake.build:Building ROS package in '/home/om/gazebo_ur/src/trac_ik/trac_ik_examples' with build type 'ament_cmake'
[8.796s] INFO:colcon.colcon_cmake.task.cmake.build:Building CMake package in '/home/om/gazebo_ur/src/trac_ik/trac_ik_examples'
[8.797s] INFO:colcon.colcon_core.shell:Skip shell extension 'powershell' for command environment: Not usable outside of PowerShell
[8.797s] DEBUG:colcon.colcon_core.shell:Skip shell extension 'dsv' for command environment
[8.806s] DEBUG:colcon.colcon_core.event_handler.log_command:Invoking command in '/home/om/gazebo_ur/build/trac_ik_examples': AMENT_PREFIX_PATH=/home/om/gazebo_ur/install/trac_ik_lib:${AMENT_PREFIX_PATH} CMAKE_PREFIX_PATH=/home/om/gazebo_ur/install/trac_ik_lib:/opt/ros/humble LD_LIBRARY_PATH=/home/om/gazebo_ur/install/trac_ik_lib/lib:${LD_LIBRARY_PATH} /usr/bin/cmake /home/om/gazebo_ur/src/trac_ik/trac_ik_examples -DCMAKE_INSTALL_PREFIX=/home/om/gazebo_ur/install/trac_ik_examples
[10.139s] DEBUG:colcon.colcon_core.event_handler.log_command:Invoked command in '/home/om/gazebo_ur/build/trac_ik_examples' returned '1': AMENT_PREFIX_PATH=/home/om/gazebo_ur/install/trac_ik_lib:${AMENT_PREFIX_PATH} CMAKE_PREFIX_PATH=/home/om/gazebo_ur/install/trac_ik_lib:/opt/ros/humble LD_LIBRARY_PATH=/home/om/gazebo_ur/install/trac_ik_lib/lib:${LD_LIBRARY_PATH} /usr/bin/cmake /home/om/gazebo_ur/src/trac_ik/trac_ik_examples -DCMAKE_INSTALL_PREFIX=/home/om/gazebo_ur/install/trac_ik_examples
[10.153s] Level 1:colcon.colcon_core.environment:create_environment_scripts_only(trac_ik_examples)
[10.154s] Level 1:colcon.colcon_core.environment:checking '/home/om/gazebo_ur/install/trac_ik_examples' for CMake module files
[10.154s] Level 1:colcon.colcon_core.environment:checking '/home/om/gazebo_ur/install/trac_ik_examples' for CMake config files
[10.154s] Level 1:colcon.colcon_core.environment:checking '/home/om/gazebo_ur/install/trac_ik_examples/bin'
[10.154s] Level 1:colcon.colcon_core.environment:checking '/home/om/gazebo_ur/install/trac_ik_examples/lib/pkgconfig/trac_ik_examples.pc'
[10.154s] Level 1:colcon.colcon_core.environment:checking '/home/om/gazebo_ur/install/trac_ik_examples/lib/python3.10/site-packages'
[10.155s] Level 1:colcon.colcon_core.environment:checking '/home/om/gazebo_ur/install/trac_ik_examples/bin'
[10.155s] INFO:colcon.colcon_core.shell:Creating package script '/home/om/gazebo_ur/install/trac_ik_examples/share/trac_ik_examples/package.ps1'
[10.155s] INFO:colcon.colcon_core.shell:Creating package descriptor '/home/om/gazebo_ur/install/trac_ik_examples/share/trac_ik_examples/package.dsv'
[10.156s] INFO:colcon.colcon_core.shell:Creating package script '/home/om/gazebo_ur/install/trac_ik_examples/share/trac_ik_examples/package.sh'
[10.156s] INFO:colcon.colcon_core.shell:Creating package script '/home/om/gazebo_ur/install/trac_ik_examples/share/trac_ik_examples/package.bash'
[10.156s] INFO:colcon.colcon_core.shell:Creating package script '/home/om/gazebo_ur/install/trac_ik_examples/share/trac_ik_examples/package.zsh'
[10.157s] Level 1:colcon.colcon_core.environment:create_file_with_runtime_dependencies(/home/om/gazebo_ur/install/trac_ik_examples/share/colcon-core/packages/trac_ik_examples)
[10.167s] DEBUG:colcon.colcon_parallel_executor.executor.parallel:closing loop
[10.167s] DEBUG:colcon.colcon_parallel_executor.executor.parallel:loop closed
[10.168s] DEBUG:colcon.colcon_parallel_executor.executor.parallel:run_until_complete finished with '1'
[10.168s] DEBUG:colcon.colcon_core.event_reactor:joining thread
[10.174s] INFO:colcon.colcon_core.plugin_system:Skipping extension 'colcon_notification.desktop_notification.terminal_notifier': Not used on non-Darwin systems
[10.174s] INFO:colcon.colcon_core.plugin_system:Skipping extension 'colcon_notification.desktop_notification.win32': Not used on non-Windows systems
[10.174s] INFO:colcon.colcon_notification.desktop_notification:Sending desktop notification using 'notify2'
[10.188s] DEBUG:colcon.colcon_core.event_reactor:joined thread
[10.189s] INFO:colcon.colcon_core.shell:Creating prefix script '/home/om/gazebo_ur/install/local_setup.ps1'
[10.190s] INFO:colcon.colcon_core.shell:Creating prefix util module '/home/om/gazebo_ur/install/_local_setup_util_ps1.py'
[10.192s] INFO:colcon.colcon_core.shell:Creating prefix chain script '/home/om/gazebo_ur/install/setup.ps1'
[10.193s] INFO:colcon.colcon_core.shell:Creating prefix script '/home/om/gazebo_ur/install/local_setup.sh'
[10.193s] INFO:colcon.colcon_core.shell:Creating prefix util module '/home/om/gazebo_ur/install/_local_setup_util_sh.py'
[10.194s] INFO:colcon.colcon_core.shell:Creating prefix chain script '/home/om/gazebo_ur/install/setup.sh'
[10.195s] INFO:colcon.colcon_core.shell:Creating prefix script '/home/om/gazebo_ur/install/local_setup.bash'
[10.195s] INFO:colcon.colcon_core.shell:Creating prefix chain script '/home/om/gazebo_ur/install/setup.bash'
[10.196s] INFO:colcon.colcon_core.shell:Creating prefix script '/home/om/gazebo_ur/install/local_setup.zsh'
[10.197s] INFO:colcon.colcon_core.shell:Creating prefix chain script '/home/om/gazebo_ur/install/setup.zsh'
