[0.012s] Invoking command in '/home/om/gazebo_ur/build/robot_controller': CMAKE_PREFIX_PATH=/opt/ros/humble /usr/bin/cmake --build /home/om/gazebo_ur/build/robot_controller -- -j12 -l12
[0.040s] -- Found ament_cmake: 1.3.9 (/opt/ros/humble/share/ament_cmake/cmake)
[0.156s] -- Found rclcpp: 16.0.9 (/opt/ros/humble/share/rclcpp/cmake)
[0.184s] -- Found rosidl_generator_c: 3.1.5 (/opt/ros/humble/share/rosidl_generator_c/cmake)
[0.187s] -- Found rosidl_adapter: 3.1.5 (/opt/ros/humble/share/rosidl_adapter/cmake)
[0.192s] -- Found rosidl_generator_cpp: 3.1.5 (/opt/ros/humble/share/rosidl_generator_cpp/cmake)
[0.202s] -- Using all available rosidl_typesupport_c: rosidl_typesupport_fastrtps_c;rosidl_typesupport_introspection_c
[0.217s] -- Using all available rosidl_typesupport_cpp: rosidl_typesupport_fastrtps_cpp;rosidl_typesupport_introspection_cpp
[0.270s] -- Found rmw_implementation_cmake: 6.1.2 (/opt/ros/humble/share/rmw_implementation_cmake/cmake)
[0.271s] -- Found rmw_fastrtps_cpp: 6.2.6 (/opt/ros/humble/share/rmw_fastrtps_cpp/cmake)
[0.398s] -- Using RMW implementation 'rmw_fastrtps_cpp' as default
[0.559s] -- Found geometry_msgs: 4.2.4 (/opt/ros/humble/share/geometry_msgs/cmake)
[0.600s] -- Found moveit_ros_planning_interface: 2.5.5 (/opt/ros/humble/share/moveit_ros_planning_interface/cmake)
[0.609s] -- Found Boost: /usr/lib/x86_64-linux-gnu/cmake/Boost-1.74.0/BoostConfig.cmake (found version "1.74.0") found components: date_time filesystem program_options system thread 
[1.345s] -- Found Boost: /usr/lib/x86_64-linux-gnu/cmake/Boost-1.74.0/BoostConfig.cmake (found version "1.74.0") found components: chrono date_time filesystem iostreams program_options regex serialization system thread 
[1.351s] -- Found parameter_traits: 0.3.8 (/opt/ros/humble/share/parameter_traits/cmake)
[1.363s] -- Found rclcpp_lifecycle: 16.0.9 (/opt/ros/humble/share/rclcpp_lifecycle/cmake)
[1.403s] -- Found Boost: /usr/lib/x86_64-linux-gnu/cmake/Boost-1.74.0/BoostConfig.cmake (found version "1.74.0") found components: filesystem 
[1.443s] -- library: /usr/lib/x86_64-linux-gnu/libcurl.so
[1.587s] -- Ensuring Eigen3 include directory is part of orocos-kdl CMake target
[2.068s] -- Found Boost: /usr/lib/x86_64-linux-gnu/cmake/Boost-1.74.0/BoostConfig.cmake (found version "1.74.0") found components: system filesystem date_time program_options thread chrono 
[2.566s] -- Found Boost: /usr/lib/x86_64-linux-gnu/cmake/Boost-1.74.0/BoostConfig.cmake (found version "1.74.0") found components: thread system filesystem regex date_time program_options 
[2.793s] -- Found Boost: /usr/lib/x86_64-linux-gnu/cmake/Boost-1.74.0/BoostConfig.cmake (found version "1.74.0") found components: system filesystem date_time program_options thread 
[3.188s] -- Found ament_lint_auto: 0.12.11 (/opt/ros/humble/share/ament_lint_auto/cmake)
[3.247s] -- Added test 'cppcheck' to perform static code analysis on C / C++ code
[3.247s] -- Configured cppcheck include dirs: 
[3.247s] -- Configured cppcheck exclude dirs and/or files: 
[3.247s] -- Added test 'lint_cmake' to check CMake code style
[3.248s] -- Added test 'uncrustify' to check C / C++ code style
[3.248s] -- Configured uncrustify additional arguments: 
[3.248s] -- Added test 'xmllint' to check XML markup files
[3.249s] -- Configuring done
[3.277s] -- Generating done
[3.279s] -- Build files have been written to: /home/om/gazebo_ur/build/robot_controller
[3.308s] [35m[1mConsolidate compiler generated dependencies of target move_robot[0m
[3.339s] [ 50%] [32mBuilding CXX object CMakeFiles/move_robot.dir/src/move_robot.cpp.o[0m
[9.410s] [100%] [32m[1mLinking CXX executable move_robot[0m
[9.681s] [100%] Built target move_robot
[9.695s] Invoked command in '/home/om/gazebo_ur/build/robot_controller' returned '0': CMAKE_PREFIX_PATH=/opt/ros/humble /usr/bin/cmake --build /home/om/gazebo_ur/build/robot_controller -- -j12 -l12
[9.725s] Invoking command in '/home/om/gazebo_ur/build/robot_controller': CMAKE_PREFIX_PATH=/opt/ros/humble /usr/bin/cmake --install /home/om/gazebo_ur/build/robot_controller
[9.732s] -- Install configuration: ""
[9.732s] -- Installing: /home/om/gazebo_ur/install/robot_controller/lib/robot_controller/move_robot
[9.733s] -- Set runtime path of "/home/om/gazebo_ur/install/robot_controller/lib/robot_controller/move_robot" to ""
[9.734s] -- Installing: /home/om/gazebo_ur/install/robot_controller/share/ament_index/resource_index/package_run_dependencies/robot_controller
[9.734s] -- Up-to-date: /home/om/gazebo_ur/install/robot_controller/share/ament_index/resource_index/parent_prefix_path/robot_controller
[9.734s] -- Up-to-date: /home/om/gazebo_ur/install/robot_controller/share/robot_controller/environment/ament_prefix_path.sh
[9.734s] -- Installing: /home/om/gazebo_ur/install/robot_controller/share/robot_controller/environment/ament_prefix_path.dsv
[9.734s] -- Up-to-date: /home/om/gazebo_ur/install/robot_controller/share/robot_controller/environment/path.sh
[9.734s] -- Installing: /home/om/gazebo_ur/install/robot_controller/share/robot_controller/environment/path.dsv
[9.734s] -- Up-to-date: /home/om/gazebo_ur/install/robot_controller/share/robot_controller/local_setup.bash
[9.734s] -- Up-to-date: /home/om/gazebo_ur/install/robot_controller/share/robot_controller/local_setup.sh
[9.734s] -- Up-to-date: /home/om/gazebo_ur/install/robot_controller/share/robot_controller/local_setup.zsh
[9.735s] -- Installing: /home/om/gazebo_ur/install/robot_controller/share/robot_controller/local_setup.dsv
[9.735s] -- Installing: /home/om/gazebo_ur/install/robot_controller/share/robot_controller/package.dsv
[9.735s] -- Up-to-date: /home/om/gazebo_ur/install/robot_controller/share/ament_index/resource_index/packages/robot_controller
[9.735s] -- Up-to-date: /home/om/gazebo_ur/install/robot_controller/share/robot_controller/cmake/robot_controllerConfig.cmake
[9.735s] -- Up-to-date: /home/om/gazebo_ur/install/robot_controller/share/robot_controller/cmake/robot_controllerConfig-version.cmake
[9.735s] -- Installing: /home/om/gazebo_ur/install/robot_controller/share/robot_controller/package.xml
[9.737s] Invoked command in '/home/om/gazebo_ur/build/robot_controller' returned '0': CMAKE_PREFIX_PATH=/opt/ros/humble /usr/bin/cmake --install /home/om/gazebo_ur/build/robot_controller
