[0.014s] Invoking command in '/home/om/ur5_gazebo/build/ur_description': CMAKE_PREFIX_PATH=${CMAKE_PREFIX_PATH}:/opt/ros/humble /usr/bin/cmake /home/om/ur5_gazebo/src/ur_description -DCMAKE_INSTALL_PREFIX=/home/om/ur5_gazebo/install/ur_description
[0.076s] -- The C compiler identification is GNU 11.4.0
[0.140s] -- The CXX compiler identification is GNU 11.4.0
[0.148s] -- Detecting C compiler ABI info
[0.222s] -- Detecting C compiler ABI info - done
[0.231s] -- Check for working C compiler: /usr/bin/cc - skipped
[0.231s] -- Detecting C compile features
[0.232s] -- Detecting C compile features - done
[0.235s] -- Detecting CXX compiler ABI info
[0.325s] -- Detecting CXX compiler ABI info - done
[0.334s] -- Check for working CXX compiler: /usr/bin/c++ - skipped
[0.334s] -- Detecting CXX compile features
[0.335s] -- Detecting CXX compile features - done
[0.337s] -- Found ament_cmake: 1.3.9 (/opt/ros/humble/share/ament_cmake/cmake)
[0.506s] -- Found Python3: /usr/bin/python3 (found version "3.10.12") found components: Interpreter 
[0.604s] -- Found ament_lint_auto: 0.12.11 (/opt/ros/humble/share/ament_lint_auto/cmake)
[0.681s] -- Found python_cmake_module: 0.10.0 (/opt/ros/humble/share/python_cmake_module/cmake)
[0.703s] -- Found PythonInterp: /usr/bin/python3 (found suitable version "3.10.12", minimum required is "3.6") 
[0.716s] -- Found PythonLibs: /usr/lib/x86_64-linux-gnu/libpython3.10.so (found suitable version "3.10.12", minimum required is "3.5") 
[0.716s] -- Using PYTHON_EXECUTABLE: /usr/bin/python3
[0.716s] -- Using PYTHON_INCLUDE_DIRS: /usr/include/python3.10
[0.716s] -- Using PYTHON_LIBRARIES: /usr/lib/x86_64-linux-gnu/libpython3.10.so
[0.739s] -- Found PythonExtra: .so  
[0.765s] -- Configuring done
[0.768s] -- Generating done
[0.769s] -- Build files have been written to: /home/om/ur5_gazebo/build/ur_description
[0.775s] Invoked command in '/home/om/ur5_gazebo/build/ur_description' returned '0': CMAKE_PREFIX_PATH=${CMAKE_PREFIX_PATH}:/opt/ros/humble /usr/bin/cmake /home/om/ur5_gazebo/src/ur_description -DCMAKE_INSTALL_PREFIX=/home/om/ur5_gazebo/install/ur_description
[0.777s] Invoking command in '/home/om/ur5_gazebo/build/ur_description': CMAKE_PREFIX_PATH=${CMAKE_PREFIX_PATH}:/opt/ros/humble /usr/bin/cmake --build /home/om/ur5_gazebo/build/ur_description -- -j8 -l8
[0.820s] Invoked command in '/home/om/ur5_gazebo/build/ur_description' returned '0': CMAKE_PREFIX_PATH=${CMAKE_PREFIX_PATH}:/opt/ros/humble /usr/bin/cmake --build /home/om/ur5_gazebo/build/ur_description -- -j8 -l8
[0.856s] Invoking command in '/home/om/ur5_gazebo/build/ur_description': CMAKE_PREFIX_PATH=${CMAKE_PREFIX_PATH}:/opt/ros/humble /usr/bin/cmake --install /home/om/ur5_gazebo/build/ur_description
[0.863s] -- Install configuration: ""
[0.863s] -- Installing: /home/om/ur5_gazebo/install/ur_description/share/ur_description/launch
[0.863s] -- Installing: /home/om/ur5_gazebo/install/ur_description/share/ur_description/launch/view_ur.launch.py
[0.863s] -- Installing: /home/om/ur5_gazebo/install/ur_description/share/ur_description/meshes
[0.863s] -- Installing: /home/om/ur5_gazebo/install/ur_description/share/ur_description/meshes/ur3e
[0.863s] -- Installing: /home/om/ur5_gazebo/install/ur_description/share/ur_description/meshes/ur3e/visual
[0.864s] -- Installing: /home/om/ur5_gazebo/install/ur_description/share/ur_description/meshes/ur3e/visual/wrist2.dae
[0.865s] -- Installing: /home/om/ur5_gazebo/install/ur_description/share/ur_description/meshes/ur3e/visual/wrist1.dae
[0.867s] -- Installing: /home/om/ur5_gazebo/install/ur_description/share/ur_description/meshes/ur3e/visual/forearm.dae
[0.868s] -- Installing: /home/om/ur5_gazebo/install/ur_description/share/ur_description/meshes/ur3e/visual/wrist3.dae
[0.869s] -- Installing: /home/om/ur5_gazebo/install/ur_description/share/ur_description/meshes/ur3e/visual/base.dae
[0.869s] -- Installing: /home/om/ur5_gazebo/install/ur_description/share/ur_description/meshes/ur3e/visual/upperarm.dae
[0.873s] -- Installing: /home/om/ur5_gazebo/install/ur_description/share/ur_description/meshes/ur3e/visual/shoulder.dae
[0.875s] -- Installing: /home/om/ur5_gazebo/install/ur_description/share/ur_description/meshes/ur3e/collision
[0.876s] -- Installing: /home/om/ur5_gazebo/install/ur_description/share/ur_description/meshes/ur3e/collision/wrist3.stl
[0.876s] -- Installing: /home/om/ur5_gazebo/install/ur_description/share/ur_description/meshes/ur3e/collision/wrist2.stl
[0.876s] -- Installing: /home/om/ur5_gazebo/install/ur_description/share/ur_description/meshes/ur3e/collision/forearm.stl
[0.876s] -- Installing: /home/om/ur5_gazebo/install/ur_description/share/ur_description/meshes/ur3e/collision/wrist1.stl
[0.876s] -- Installing: /home/om/ur5_gazebo/install/ur_description/share/ur_description/meshes/ur3e/collision/base.stl
[0.877s] -- Installing: /home/om/ur5_gazebo/install/ur_description/share/ur_description/meshes/ur3e/collision/shoulder.stl
[0.877s] -- Installing: /home/om/ur5_gazebo/install/ur_description/share/ur_description/meshes/ur3e/collision/upperarm.stl
[0.877s] -- Installing: /home/om/ur5_gazebo/install/ur_description/share/ur_description/meshes/ur5e
[0.877s] -- Installing: /home/om/ur5_gazebo/install/ur_description/share/ur_description/meshes/ur5e/visual
[0.877s] -- Installing: /home/om/ur5_gazebo/install/ur_description/share/ur_description/meshes/ur5e/visual/wrist2.dae
[0.878s] -- Installing: /home/om/ur5_gazebo/install/ur_description/share/ur_description/meshes/ur5e/visual/wrist1.dae
[0.880s] -- Installing: /home/om/ur5_gazebo/install/ur_description/share/ur_description/meshes/ur5e/visual/forearm.dae
[0.881s] -- Installing: /home/om/ur5_gazebo/install/ur_description/share/ur_description/meshes/ur5e/visual/wrist3.dae
[0.881s] -- Installing: /home/om/ur5_gazebo/install/ur_description/share/ur_description/meshes/ur5e/visual/base.dae
[0.882s] -- Installing: /home/om/ur5_gazebo/install/ur_description/share/ur_description/meshes/ur5e/visual/upperarm.dae
[0.885s] -- Installing: /home/om/ur5_gazebo/install/ur_description/share/ur_description/meshes/ur5e/visual/shoulder.dae
[0.887s] -- Installing: /home/om/ur5_gazebo/install/ur_description/share/ur_description/meshes/ur5e/collision
[0.887s] -- Installing: /home/om/ur5_gazebo/install/ur_description/share/ur_description/meshes/ur5e/collision/wrist3.stl
[0.888s] -- Installing: /home/om/ur5_gazebo/install/ur_description/share/ur_description/meshes/ur5e/collision/wrist2.stl
[0.888s] -- Installing: /home/om/ur5_gazebo/install/ur_description/share/ur_description/meshes/ur5e/collision/forearm.stl
[0.888s] -- Installing: /home/om/ur5_gazebo/install/ur_description/share/ur_description/meshes/ur5e/collision/wrist1.stl
[0.888s] -- Installing: /home/om/ur5_gazebo/install/ur_description/share/ur_description/meshes/ur5e/collision/base.stl
[0.888s] -- Installing: /home/om/ur5_gazebo/install/ur_description/share/ur_description/meshes/ur5e/collision/shoulder.stl
[0.888s] -- Installing: /home/om/ur5_gazebo/install/ur_description/share/ur_description/meshes/ur5e/collision/upperarm.stl
[0.888s] -- Installing: /home/om/ur5_gazebo/install/ur_description/share/ur_description/meshes/ur10
[0.889s] -- Installing: /home/om/ur5_gazebo/install/ur_description/share/ur_description/meshes/ur10/visual
[0.889s] -- Installing: /home/om/ur5_gazebo/install/ur_description/share/ur_description/meshes/ur10/visual/wrist2.dae
[0.893s] -- Installing: /home/om/ur5_gazebo/install/ur_description/share/ur_description/meshes/ur10/visual/wrist1.dae
[0.897s] -- Installing: /home/om/ur5_gazebo/install/ur_description/share/ur_description/meshes/ur10/visual/forearm.dae
[0.901s] -- Installing: /home/om/ur5_gazebo/install/ur_description/share/ur_description/meshes/ur10/visual/wrist3.dae
[0.902s] -- Installing: /home/om/ur5_gazebo/install/ur_description/share/ur_description/meshes/ur10/visual/base.dae
[0.902s] -- Installing: /home/om/ur5_gazebo/install/ur_description/share/ur_description/meshes/ur10/visual/upperarm.dae
[0.907s] -- Installing: /home/om/ur5_gazebo/install/ur_description/share/ur_description/meshes/ur10/visual/shoulder.dae
[0.909s] -- Installing: /home/om/ur5_gazebo/install/ur_description/share/ur_description/meshes/ur10/collision
[0.910s] -- Installing: /home/om/ur5_gazebo/install/ur_description/share/ur_description/meshes/ur10/collision/wrist3.stl
[0.910s] -- Installing: /home/om/ur5_gazebo/install/ur_description/share/ur_description/meshes/ur10/collision/wrist2.stl
[0.910s] -- Installing: /home/om/ur5_gazebo/install/ur_description/share/ur_description/meshes/ur10/collision/forearm.stl
[0.911s] -- Installing: /home/om/ur5_gazebo/install/ur_description/share/ur_description/meshes/ur10/collision/wrist1.stl
[0.911s] -- Installing: /home/om/ur5_gazebo/install/ur_description/share/ur_description/meshes/ur10/collision/base.stl
[0.912s] -- Installing: /home/om/ur5_gazebo/install/ur_description/share/ur_description/meshes/ur10/collision/shoulder.stl
[0.912s] -- Installing: /home/om/ur5_gazebo/install/ur_description/share/ur_description/meshes/ur10/collision/upperarm.stl
[0.913s] -- Installing: /home/om/ur5_gazebo/install/ur_description/share/ur_description/meshes/ur20
[0.913s] -- Installing: /home/om/ur5_gazebo/install/ur_description/share/ur_description/meshes/ur20/visual
[0.913s] -- Installing: /home/om/ur5_gazebo/install/ur_description/share/ur_description/meshes/ur20/visual/wrist2.dae
[0.913s] -- Installing: /home/om/ur5_gazebo/install/ur_description/share/ur_description/meshes/ur20/visual/wrist1.dae
[0.914s] -- Installing: /home/om/ur5_gazebo/install/ur_description/share/ur_description/meshes/ur20/visual/forearm.dae
[0.915s] -- Installing: /home/om/ur5_gazebo/install/ur_description/share/ur_description/meshes/ur20/visual/wrist3.dae
[0.915s] -- Installing: /home/om/ur5_gazebo/install/ur_description/share/ur_description/meshes/ur20/visual/base.dae
[0.916s] -- Installing: /home/om/ur5_gazebo/install/ur_description/share/ur_description/meshes/ur20/visual/upperarm.dae
[0.917s] -- Installing: /home/om/ur5_gazebo/install/ur_description/share/ur_description/meshes/ur20/visual/UR20_DIFF_8bit_2K.png
[0.919s] -- Installing: /home/om/ur5_gazebo/install/ur_description/share/ur_description/meshes/ur20/visual/shoulder.dae
[0.919s] -- Installing: /home/om/ur5_gazebo/install/ur_description/share/ur_description/meshes/ur20/collision
[0.919s] -- Installing: /home/om/ur5_gazebo/install/ur_description/share/ur_description/meshes/ur20/collision/wrist3.stl
[0.919s] -- Installing: /home/om/ur5_gazebo/install/ur_description/share/ur_description/meshes/ur20/collision/wrist2.stl
[0.919s] -- Installing: /home/om/ur5_gazebo/install/ur_description/share/ur_description/meshes/ur20/collision/forearm.stl
[0.920s] -- Installing: /home/om/ur5_gazebo/install/ur_description/share/ur_description/meshes/ur20/collision/wrist1.stl
[0.920s] -- Installing: /home/om/ur5_gazebo/install/ur_description/share/ur_description/meshes/ur20/collision/base.stl
[0.920s] -- Installing: /home/om/ur5_gazebo/install/ur_description/share/ur_description/meshes/ur20/collision/shoulder.stl
[0.920s] -- Installing: /home/om/ur5_gazebo/install/ur_description/share/ur_description/meshes/ur20/collision/upperarm.stl
[0.920s] -- Installing: /home/om/ur5_gazebo/install/ur_description/share/ur_description/meshes/ur20/LICENSE.txt
[0.920s] -- Installing: /home/om/ur5_gazebo/install/ur_description/share/ur_description/meshes/ur5
[0.920s] -- Installing: /home/om/ur5_gazebo/install/ur_description/share/ur_description/meshes/ur5/visual
[0.920s] -- Installing: /home/om/ur5_gazebo/install/ur_description/share/ur_description/meshes/ur5/visual/wrist2.dae
[0.921s] -- Installing: /home/om/ur5_gazebo/install/ur_description/share/ur_description/meshes/ur5/visual/wrist1.dae
[0.922s] -- Installing: /home/om/ur5_gazebo/install/ur_description/share/ur_description/meshes/ur5/visual/forearm.dae
[0.924s] -- Installing: /home/om/ur5_gazebo/install/ur_description/share/ur_description/meshes/ur5/visual/wrist3.dae
[0.924s] -- Installing: /home/om/ur5_gazebo/install/ur_description/share/ur_description/meshes/ur5/visual/base.dae
[0.925s] -- Installing: /home/om/ur5_gazebo/install/ur_description/share/ur_description/meshes/ur5/visual/upperarm.dae
[0.927s] -- Installing: /home/om/ur5_gazebo/install/ur_description/share/ur_description/meshes/ur5/visual/shoulder.dae
[0.928s] -- Installing: /home/om/ur5_gazebo/install/ur_description/share/ur_description/meshes/ur5/collision
[0.928s] -- Installing: /home/om/ur5_gazebo/install/ur_description/share/ur_description/meshes/ur5/collision/wrist3.stl
[0.928s] -- Installing: /home/om/ur5_gazebo/install/ur_description/share/ur_description/meshes/ur5/collision/wrist2.stl
[0.928s] -- Installing: /home/om/ur5_gazebo/install/ur_description/share/ur_description/meshes/ur5/collision/forearm.stl
[0.929s] -- Installing: /home/om/ur5_gazebo/install/ur_description/share/ur_description/meshes/ur5/collision/wrist1.stl
[0.929s] -- Installing: /home/om/ur5_gazebo/install/ur_description/share/ur_description/meshes/ur5/collision/base.stl
[0.929s] -- Installing: /home/om/ur5_gazebo/install/ur_description/share/ur_description/meshes/ur5/collision/shoulder.stl
[0.929s] -- Installing: /home/om/ur5_gazebo/install/ur_description/share/ur_description/meshes/ur5/collision/upperarm.stl
[0.929s] -- Installing: /home/om/ur5_gazebo/install/ur_description/share/ur_description/meshes/ur3
[0.929s] -- Installing: /home/om/ur5_gazebo/install/ur_description/share/ur_description/meshes/ur3/visual
[0.929s] -- Installing: /home/om/ur5_gazebo/install/ur_description/share/ur_description/meshes/ur3/visual/wrist2.dae
[0.930s] -- Installing: /home/om/ur5_gazebo/install/ur_description/share/ur_description/meshes/ur3/visual/wrist1.dae
[0.931s] -- Installing: /home/om/ur5_gazebo/install/ur_description/share/ur_description/meshes/ur3/visual/forearm.dae
[0.932s] -- Installing: /home/om/ur5_gazebo/install/ur_description/share/ur_description/meshes/ur3/visual/wrist3.dae
[0.932s] -- Installing: /home/om/ur5_gazebo/install/ur_description/share/ur_description/meshes/ur3/visual/base.dae
[0.933s] -- Installing: /home/om/ur5_gazebo/install/ur_description/share/ur_description/meshes/ur3/visual/upperarm.dae
[0.936s] -- Installing: /home/om/ur5_gazebo/install/ur_description/share/ur_description/meshes/ur3/visual/shoulder.dae
[0.938s] -- Installing: /home/om/ur5_gazebo/install/ur_description/share/ur_description/meshes/ur3/collision
[0.938s] -- Installing: /home/om/ur5_gazebo/install/ur_description/share/ur_description/meshes/ur3/collision/wrist3.stl
[0.938s] -- Installing: /home/om/ur5_gazebo/install/ur_description/share/ur_description/meshes/ur3/collision/wrist2.stl
[0.938s] -- Installing: /home/om/ur5_gazebo/install/ur_description/share/ur_description/meshes/ur3/collision/forearm.stl
[0.938s] -- Installing: /home/om/ur5_gazebo/install/ur_description/share/ur_description/meshes/ur3/collision/wrist1.stl
[0.939s] -- Installing: /home/om/ur5_gazebo/install/ur_description/share/ur_description/meshes/ur3/collision/base.stl
[0.939s] -- Installing: /home/om/ur5_gazebo/install/ur_description/share/ur_description/meshes/ur3/collision/shoulder.stl
[0.940s] -- Installing: /home/om/ur5_gazebo/install/ur_description/share/ur_description/meshes/ur3/collision/upperarm.stl
[0.940s] -- Installing: /home/om/ur5_gazebo/install/ur_description/share/ur_description/meshes/ur16e
[0.940s] -- Installing: /home/om/ur5_gazebo/install/ur_description/share/ur_description/meshes/ur16e/visual
[0.940s] -- Installing: /home/om/ur5_gazebo/install/ur_description/share/ur_description/meshes/ur16e/visual/forearm.dae
[0.942s] -- Installing: /home/om/ur5_gazebo/install/ur_description/share/ur_description/meshes/ur16e/visual/upperarm.dae
[0.946s] -- Installing: /home/om/ur5_gazebo/install/ur_description/share/ur_description/meshes/ur16e/collision
[0.946s] -- Installing: /home/om/ur5_gazebo/install/ur_description/share/ur_description/meshes/ur16e/collision/forearm.stl
[0.946s] -- Installing: /home/om/ur5_gazebo/install/ur_description/share/ur_description/meshes/ur16e/collision/upperarm.stl
[0.946s] -- Installing: /home/om/ur5_gazebo/install/ur_description/share/ur_description/meshes/ur10e
[0.946s] -- Installing: /home/om/ur5_gazebo/install/ur_description/share/ur_description/meshes/ur10e/visual
[0.946s] -- Installing: /home/om/ur5_gazebo/install/ur_description/share/ur_description/meshes/ur10e/visual/wrist2.dae
[0.948s] -- Installing: /home/om/ur5_gazebo/install/ur_description/share/ur_description/meshes/ur10e/visual/wrist1.dae
[0.949s] -- Installing: /home/om/ur5_gazebo/install/ur_description/share/ur_description/meshes/ur10e/visual/forearm.dae
[0.952s] -- Installing: /home/om/ur5_gazebo/install/ur_description/share/ur_description/meshes/ur10e/visual/wrist3.dae
[0.952s] -- Installing: /home/om/ur5_gazebo/install/ur_description/share/ur_description/meshes/ur10e/visual/base.dae
[0.953s] -- Installing: /home/om/ur5_gazebo/install/ur_description/share/ur_description/meshes/ur10e/visual/upperarm.dae
[0.959s] -- Installing: /home/om/ur5_gazebo/install/ur_description/share/ur_description/meshes/ur10e/visual/shoulder.dae
[0.963s] -- Installing: /home/om/ur5_gazebo/install/ur_description/share/ur_description/meshes/ur10e/collision
[0.964s] -- Installing: /home/om/ur5_gazebo/install/ur_description/share/ur_description/meshes/ur10e/collision/wrist3.stl
[0.964s] -- Installing: /home/om/ur5_gazebo/install/ur_description/share/ur_description/meshes/ur10e/collision/wrist2.stl
[0.964s] -- Installing: /home/om/ur5_gazebo/install/ur_description/share/ur_description/meshes/ur10e/collision/forearm.stl
[0.965s] -- Installing: /home/om/ur5_gazebo/install/ur_description/share/ur_description/meshes/ur10e/collision/wrist1.stl
[0.965s] -- Installing: /home/om/ur5_gazebo/install/ur_description/share/ur_description/meshes/ur10e/collision/base.stl
[0.966s] -- Installing: /home/om/ur5_gazebo/install/ur_description/share/ur_description/meshes/ur10e/collision/shoulder.stl
[0.966s] -- Installing: /home/om/ur5_gazebo/install/ur_description/share/ur_description/meshes/ur10e/collision/upperarm.stl
[0.967s] -- Installing: /home/om/ur5_gazebo/install/ur_description/share/ur_description/meshes/ur30
[0.967s] -- Installing: /home/om/ur5_gazebo/install/ur_description/share/ur_description/meshes/ur30/visual
[0.967s] -- Installing: /home/om/ur5_gazebo/install/ur_description/share/ur_description/meshes/ur30/visual/forearm.dae
[0.968s] -- Installing: /home/om/ur5_gazebo/install/ur_description/share/ur_description/meshes/ur30/visual/UR30_DIFF_8bit_2K.png
[0.970s] -- Installing: /home/om/ur5_gazebo/install/ur_description/share/ur_description/meshes/ur30/visual/upperarm.dae
[0.971s] -- Installing: /home/om/ur5_gazebo/install/ur_description/share/ur_description/meshes/ur30/collision
[0.971s] -- Installing: /home/om/ur5_gazebo/install/ur_description/share/ur_description/meshes/ur30/collision/forearm.stl
[0.971s] -- Installing: /home/om/ur5_gazebo/install/ur_description/share/ur_description/meshes/ur30/collision/upperarm.stl
[0.971s] -- Installing: /home/om/ur5_gazebo/install/ur_description/share/ur_description/meshes/ur30/LICENSE.txt
[0.971s] -- Installing: /home/om/ur5_gazebo/install/ur_description/share/ur_description/urdf
[0.972s] -- Installing: /home/om/ur5_gazebo/install/ur_description/share/ur_description/urdf/ur.ros2_control.xacro
[0.972s] -- Installing: /home/om/ur5_gazebo/install/ur_description/share/ur_description/urdf/ur_macro.xacro
[0.972s] -- Installing: /home/om/ur5_gazebo/install/ur_description/share/ur_description/urdf/ur.urdf.xacro
[0.972s] -- Installing: /home/om/ur5_gazebo/install/ur_description/share/ur_description/urdf/inc
[0.972s] -- Installing: /home/om/ur5_gazebo/install/ur_description/share/ur_description/urdf/inc/ur_common.xacro
[0.972s] -- Installing: /home/om/ur5_gazebo/install/ur_description/share/ur_description/urdf/inc/ur_transmissions.xacro
[0.972s] -- Installing: /home/om/ur5_gazebo/install/ur_description/share/ur_description/config
[0.972s] -- Installing: /home/om/ur5_gazebo/install/ur_description/share/ur_description/config/ur3e
[0.972s] -- Installing: /home/om/ur5_gazebo/install/ur_description/share/ur_description/config/ur3e/physical_parameters.yaml
[0.973s] -- Installing: /home/om/ur5_gazebo/install/ur_description/share/ur_description/config/ur3e/joint_limits.yaml
[0.973s] -- Installing: /home/om/ur5_gazebo/install/ur_description/share/ur_description/config/ur3e/visual_parameters.yaml
[0.973s] -- Installing: /home/om/ur5_gazebo/install/ur_description/share/ur_description/config/ur3e/default_kinematics.yaml
[0.973s] -- Installing: /home/om/ur5_gazebo/install/ur_description/share/ur_description/config/ur5e
[0.973s] -- Installing: /home/om/ur5_gazebo/install/ur_description/share/ur_description/config/ur5e/physical_parameters.yaml
[0.973s] -- Installing: /home/om/ur5_gazebo/install/ur_description/share/ur_description/config/ur5e/joint_limits.yaml
[0.973s] -- Installing: /home/om/ur5_gazebo/install/ur_description/share/ur_description/config/ur5e/visual_parameters.yaml
[0.974s] -- Installing: /home/om/ur5_gazebo/install/ur_description/share/ur_description/config/ur5e/default_kinematics.yaml
[0.974s] -- Installing: /home/om/ur5_gazebo/install/ur_description/share/ur_description/config/ur10
[0.974s] -- Installing: /home/om/ur5_gazebo/install/ur_description/share/ur_description/config/ur10/physical_parameters.yaml
[0.974s] -- Installing: /home/om/ur5_gazebo/install/ur_description/share/ur_description/config/ur10/joint_limits.yaml
[0.974s] -- Installing: /home/om/ur5_gazebo/install/ur_description/share/ur_description/config/ur10/visual_parameters.yaml
[0.974s] -- Installing: /home/om/ur5_gazebo/install/ur_description/share/ur_description/config/ur10/default_kinematics.yaml
[0.975s] -- Installing: /home/om/ur5_gazebo/install/ur_description/share/ur_description/config/ur20
[0.975s] -- Installing: /home/om/ur5_gazebo/install/ur_description/share/ur_description/config/ur20/physical_parameters.yaml
[0.975s] -- Installing: /home/om/ur5_gazebo/install/ur_description/share/ur_description/config/ur20/joint_limits.yaml
[0.975s] -- Installing: /home/om/ur5_gazebo/install/ur_description/share/ur_description/config/ur20/visual_parameters.yaml
[0.975s] -- Installing: /home/om/ur5_gazebo/install/ur_description/share/ur_description/config/ur20/default_kinematics.yaml
[0.976s] -- Installing: /home/om/ur5_gazebo/install/ur_description/share/ur_description/config/initial_positions.yaml
[0.976s] -- Installing: /home/om/ur5_gazebo/install/ur_description/share/ur_description/config/ur5
[0.976s] -- Installing: /home/om/ur5_gazebo/install/ur_description/share/ur_description/config/ur5/physical_parameters.yaml
[0.976s] -- Installing: /home/om/ur5_gazebo/install/ur_description/share/ur_description/config/ur5/joint_limits.yaml
[0.976s] -- Installing: /home/om/ur5_gazebo/install/ur_description/share/ur_description/config/ur5/visual_parameters.yaml
[0.976s] -- Installing: /home/om/ur5_gazebo/install/ur_description/share/ur_description/config/ur5/default_kinematics.yaml
[0.976s] -- Installing: /home/om/ur5_gazebo/install/ur_description/share/ur_description/config/ur3
[0.976s] -- Installing: /home/om/ur5_gazebo/install/ur_description/share/ur_description/config/ur3/physical_parameters.yaml
[0.976s] -- Installing: /home/om/ur5_gazebo/install/ur_description/share/ur_description/config/ur3/joint_limits.yaml
[0.976s] -- Installing: /home/om/ur5_gazebo/install/ur_description/share/ur_description/config/ur3/visual_parameters.yaml
[0.977s] -- Installing: /home/om/ur5_gazebo/install/ur_description/share/ur_description/config/ur3/default_kinematics.yaml
[0.977s] -- Installing: /home/om/ur5_gazebo/install/ur_description/share/ur_description/config/ur16e
[0.977s] -- Installing: /home/om/ur5_gazebo/install/ur_description/share/ur_description/config/ur16e/physical_parameters.yaml
[0.977s] -- Installing: /home/om/ur5_gazebo/install/ur_description/share/ur_description/config/ur16e/joint_limits.yaml
[0.977s] -- Installing: /home/om/ur5_gazebo/install/ur_description/share/ur_description/config/ur16e/visual_parameters.yaml
[0.978s] -- Installing: /home/om/ur5_gazebo/install/ur_description/share/ur_description/config/ur16e/default_kinematics.yaml
[0.978s] -- Installing: /home/om/ur5_gazebo/install/ur_description/share/ur_description/config/ur10e
[0.978s] -- Installing: /home/om/ur5_gazebo/install/ur_description/share/ur_description/config/ur10e/physical_parameters.yaml
[0.978s] -- Installing: /home/om/ur5_gazebo/install/ur_description/share/ur_description/config/ur10e/joint_limits.yaml
[0.978s] -- Installing: /home/om/ur5_gazebo/install/ur_description/share/ur_description/config/ur10e/visual_parameters.yaml
[0.978s] -- Installing: /home/om/ur5_gazebo/install/ur_description/share/ur_description/config/ur10e/default_kinematics.yaml
[0.979s] -- Installing: /home/om/ur5_gazebo/install/ur_description/share/ur_description/config/ur30
[0.979s] -- Installing: /home/om/ur5_gazebo/install/ur_description/share/ur_description/config/ur30/physical_parameters.yaml
[0.979s] -- Installing: /home/om/ur5_gazebo/install/ur_description/share/ur_description/config/ur30/joint_limits.yaml
[0.979s] -- Installing: /home/om/ur5_gazebo/install/ur_description/share/ur_description/config/ur30/visual_parameters.yaml
[0.979s] -- Installing: /home/om/ur5_gazebo/install/ur_description/share/ur_description/config/ur30/default_kinematics.yaml
[0.979s] -- Installing: /home/om/ur5_gazebo/install/ur_description/share/ur_description/rviz
[0.980s] -- Installing: /home/om/ur5_gazebo/install/ur_description/share/ur_description/rviz/view_robot.rviz
[0.980s] -- Installing: /home/om/ur5_gazebo/install/ur_description/share/ur_description/test
[0.980s] -- Installing: /home/om/ur5_gazebo/install/ur_description/share/ur_description/test/test_ur_urdf_xacro.py
[0.980s] -- Installing: /home/om/ur5_gazebo/install/ur_description/share/ur_description/test/test_view_ur_launch.py
[0.980s] -- Installing: /home/om/ur5_gazebo/install/ur_description/share/ur_description/test/__pycache__
[0.980s] -- Installing: /home/om/ur5_gazebo/install/ur_description/share/ur_description/test/__pycache__/test_ur_urdf_xacro.cpython-310-pytest-6.2.5.pyc
[0.980s] -- Installing: /home/om/ur5_gazebo/install/ur_description/share/ur_description/test/__pycache__/test_view_ur_launch.cpython-310-pytest-6.2.5.pyc
[0.980s] -- Installing: /home/om/ur5_gazebo/install/ur_description/share/ament_index/resource_index/package_run_dependencies/ur_description
[0.980s] -- Installing: /home/om/ur5_gazebo/install/ur_description/share/ament_index/resource_index/parent_prefix_path/ur_description
[0.980s] -- Installing: /home/om/ur5_gazebo/install/ur_description/share/ur_description/environment/ament_prefix_path.sh
[0.981s] -- Installing: /home/om/ur5_gazebo/install/ur_description/share/ur_description/environment/ament_prefix_path.dsv
[0.981s] -- Installing: /home/om/ur5_gazebo/install/ur_description/share/ur_description/environment/path.sh
[0.981s] -- Installing: /home/om/ur5_gazebo/install/ur_description/share/ur_description/environment/path.dsv
[0.981s] -- Installing: /home/om/ur5_gazebo/install/ur_description/share/ur_description/local_setup.bash
[0.981s] -- Installing: /home/om/ur5_gazebo/install/ur_description/share/ur_description/local_setup.sh
[0.981s] -- Installing: /home/om/ur5_gazebo/install/ur_description/share/ur_description/local_setup.zsh
[0.982s] -- Installing: /home/om/ur5_gazebo/install/ur_description/share/ur_description/local_setup.dsv
[0.982s] -- Installing: /home/om/ur5_gazebo/install/ur_description/share/ur_description/package.dsv
[0.982s] -- Installing: /home/om/ur5_gazebo/install/ur_description/share/ament_index/resource_index/packages/ur_description
[0.982s] -- Installing: /home/om/ur5_gazebo/install/ur_description/share/ur_description/cmake/ur_descriptionConfig.cmake
[0.982s] -- Installing: /home/om/ur5_gazebo/install/ur_description/share/ur_description/cmake/ur_descriptionConfig-version.cmake
[0.982s] -- Installing: /home/om/ur5_gazebo/install/ur_description/share/ur_description/package.xml
[0.984s] Invoked command in '/home/om/ur5_gazebo/build/ur_description' returned '0': CMAKE_PREFIX_PATH=${CMAKE_PREFIX_PATH}:/opt/ros/humble /usr/bin/cmake --install /home/om/ur5_gazebo/build/ur_description
